Loaded module: cuda/11.6
/zhome/d2/4/167803/miniforge3/envs/MBML/lib/python3.12/site-packages/torch/optim/lr_scheduler.py:60: UserWarning: The verbose parameter is deprecated. Please use get_last_lr() to access the learning rate.
  warnings.warn(
Exception ignored in: <function _MultiProcessingDataLoaderIter.__del__ at 0x7f2d467afc40>
Traceback (most recent call last):
  File "/zhome/d2/4/167803/miniforge3/envs/MBML/lib/python3.12/site-packages/torch/utils/data/dataloader.py", line 1477, in __del__
    self._shutdown_workers()
  File "/zhome/d2/4/167803/miniforge3/envs/MBML/lib/python3.12/site-packages/torch/utils/data/dataloader.py", line 1441, in _shutdown_workers
    w.join(timeout=_utils.MP_STATUS_CHECK_INTERVAL)
  File "/zhome/d2/4/167803/miniforge3/envs/MBML/lib/python3.12/multiprocessing/process.py", line 149, in join
    res = self._popen.wait(timeout)
          ^^^^^^^^^^^^^^^^^^^^^^^^^
  File "/zhome/d2/4/167803/miniforge3/envs/MBML/lib/python3.12/multiprocessing/popen_fork.py", line 40, in wait
    if not wait([self.sentinel], timeout):
           ^^^^^^^^^^^^^^^^^^^^^^^^^^^^^^
  File "/zhome/d2/4/167803/miniforge3/envs/MBML/lib/python3.12/multiprocessing/connection.py", line 1136, in wait
    ready = selector.select(timeout)
            ^^^^^^^^^^^^^^^^^^^^^^^^
  File "/zhome/d2/4/167803/miniforge3/envs/MBML/lib/python3.12/selectors.py", line 415, in select
    fd_event_list = self._selector.poll(timeout)
                    ^^^^^^^^^^^^^^^^^^^^^^^^^^^^
KeyboardInterrupt: 
Terminated
