Loading CUDA module...
Loading Conda...
Environment 'MBML' activated.
Starting Python script...
Using device: cuda
Using device: cuda
/zhome/d2/4/167803/Desktop/Deep_project/02456-final-project/Task03_Liver_rs
/zhome/d2/4/167803/Desktop/Deep_project/02456-final-project/Task03_Liver_rs
Found 28 image/label pairs.
--- success ---
Found 119 unlabeled images.
--- success ---
--- Starting Training with Staged Loss ---
Stage 1 (Region)    : Epochs 1-249
Stage 2 (Boundary)  : Epochs 250-onward

--- Epoch 1/300 ---
Batch 0/14 | Total Loss: 1.1659 | Recon Loss: 0.2172 | Seg Loss: 0.9921

--- Epoch 2/300 ---
Batch 0/14 | Total Loss: 0.9276 | Recon Loss: 0.1373 | Seg Loss: 0.8178

--- Epoch 3/300 ---
Batch 0/14 | Total Loss: 0.8346 | Recon Loss: 0.0666 | Seg Loss: 0.7813

--- Epoch 4/300 ---
Batch 0/14 | Total Loss: 0.7588 | Recon Loss: 0.0565 | Seg Loss: 0.7136

--- Epoch 5/300 ---
Batch 0/14 | Total Loss: 0.7128 | Recon Loss: 0.0278 | Seg Loss: 0.6905

--- Epoch 6/300 ---
Batch 0/14 | Total Loss: 0.6529 | Recon Loss: 0.0291 | Seg Loss: 0.6296

--- Epoch 7/300 ---
Batch 0/14 | Total Loss: 0.5768 | Recon Loss: 0.0175 | Seg Loss: 0.5628

--- Epoch 8/300 ---
Batch 0/14 | Total Loss: 0.5658 | Recon Loss: 0.0102 | Seg Loss: 0.5577

--- Epoch 9/300 ---
Batch 0/14 | Total Loss: 0.5887 | Recon Loss: 0.0207 | Seg Loss: 0.5721

--- Epoch 10/300 ---
Batch 0/14 | Total Loss: 0.5586 | Recon Loss: 0.0122 | Seg Loss: 0.5489

--- Epoch 11/300 ---
Batch 0/14 | Total Loss: 0.5331 | Recon Loss: 0.0105 | Seg Loss: 0.5247

--- Epoch 12/300 ---
Batch 0/14 | Total Loss: 0.5023 | Recon Loss: 0.0065 | Seg Loss: 0.4971

--- Epoch 13/300 ---
Batch 0/14 | Total Loss: 0.5324 | Recon Loss: 0.0129 | Seg Loss: 0.5221

--- Epoch 14/300 ---
Batch 0/14 | Total Loss: 0.5432 | Recon Loss: 0.0100 | Seg Loss: 0.5352

--- Epoch 15/300 ---
Batch 0/14 | Total Loss: 0.4649 | Recon Loss: 0.0107 | Seg Loss: 0.4563

--- Epoch 16/300 ---
Batch 0/14 | Total Loss: 0.5330 | Recon Loss: 0.0179 | Seg Loss: 0.5187

--- Epoch 17/300 ---
Batch 0/14 | Total Loss: 0.5050 | Recon Loss: 0.0045 | Seg Loss: 0.5014

--- Epoch 18/300 ---
Batch 0/14 | Total Loss: 0.4584 | Recon Loss: 0.0141 | Seg Loss: 0.4471

--- Epoch 19/300 ---
Batch 0/14 | Total Loss: 0.5152 | Recon Loss: 0.0138 | Seg Loss: 0.5042

--- Epoch 20/300 ---
Batch 0/14 | Total Loss: 0.4445 | Recon Loss: 0.0059 | Seg Loss: 0.4398

--- Epoch 21/300 ---
Batch 0/14 | Total Loss: 0.5259 | Recon Loss: 0.0055 | Seg Loss: 0.5216

--- Epoch 22/300 ---
Batch 0/14 | Total Loss: 0.4237 | Recon Loss: 0.0086 | Seg Loss: 0.4168

--- Epoch 23/300 ---
Batch 0/14 | Total Loss: 0.5428 | Recon Loss: 0.0069 | Seg Loss: 0.5373

--- Epoch 24/300 ---
Batch 0/14 | Total Loss: 0.4525 | Recon Loss: 0.0026 | Seg Loss: 0.4504

--- Epoch 25/300 ---
Batch 0/14 | Total Loss: 0.4414 | Recon Loss: 0.0245 | Seg Loss: 0.4218

--- Epoch 26/300 ---
Batch 0/14 | Total Loss: 0.4385 | Recon Loss: 0.0073 | Seg Loss: 0.4326

--- Epoch 27/300 ---
Batch 0/14 | Total Loss: 0.4488 | Recon Loss: 0.0104 | Seg Loss: 0.4405

--- Epoch 28/300 ---
Batch 0/14 | Total Loss: 0.4721 | Recon Loss: 0.0077 | Seg Loss: 0.4659

--- Epoch 29/300 ---
Batch 0/14 | Total Loss: 0.4828 | Recon Loss: 0.0024 | Seg Loss: 0.4809

--- Epoch 30/300 ---
Batch 0/14 | Total Loss: 0.4058 | Recon Loss: 0.0023 | Seg Loss: 0.4039

--- Epoch 31/300 ---
Batch 0/14 | Total Loss: 0.4359 | Recon Loss: 0.0066 | Seg Loss: 0.4306

--- Epoch 32/300 ---
Batch 0/14 | Total Loss: 0.4077 | Recon Loss: 0.0069 | Seg Loss: 0.4021

--- Epoch 33/300 ---
Batch 0/14 | Total Loss: 0.4461 | Recon Loss: 0.0043 | Seg Loss: 0.4427

--- Epoch 34/300 ---
Batch 0/14 | Total Loss: 0.5208 | Recon Loss: 0.0349 | Seg Loss: 0.4929

--- Epoch 35/300 ---
Batch 0/14 | Total Loss: 0.4241 | Recon Loss: 0.0040 | Seg Loss: 0.4210

--- Epoch 36/300 ---
Batch 0/14 | Total Loss: 0.4786 | Recon Loss: 0.0090 | Seg Loss: 0.4714

--- Epoch 37/300 ---
Batch 0/14 | Total Loss: 0.4488 | Recon Loss: 0.0076 | Seg Loss: 0.4428

--- Epoch 38/300 ---
Batch 0/14 | Total Loss: 0.4237 | Recon Loss: 0.0076 | Seg Loss: 0.4176

--- Epoch 39/300 ---
Batch 0/14 | Total Loss: 0.4915 | Recon Loss: 0.0042 | Seg Loss: 0.4881

--- Epoch 40/300 ---
Batch 0/14 | Total Loss: 0.4141 | Recon Loss: 0.0026 | Seg Loss: 0.4120

--- Epoch 41/300 ---
Batch 0/14 | Total Loss: 0.4928 | Recon Loss: 0.0085 | Seg Loss: 0.4861

--- Epoch 42/300 ---
Batch 0/14 | Total Loss: 0.4450 | Recon Loss: 0.0049 | Seg Loss: 0.4411

--- Epoch 43/300 ---
Batch 0/14 | Total Loss: 0.4756 | Recon Loss: 0.0210 | Seg Loss: 0.4588

--- Epoch 44/300 ---
Batch 0/14 | Total Loss: 0.4491 | Recon Loss: 0.0141 | Seg Loss: 0.4378

--- Epoch 45/300 ---
Batch 0/14 | Total Loss: 0.4610 | Recon Loss: 0.0054 | Seg Loss: 0.4567

--- Epoch 46/300 ---
Batch 0/14 | Total Loss: 0.3949 | Recon Loss: 0.0101 | Seg Loss: 0.3867

--- Epoch 47/300 ---
Batch 0/14 | Total Loss: 0.3986 | Recon Loss: 0.0080 | Seg Loss: 0.3922

--- Epoch 48/300 ---
Batch 0/14 | Total Loss: 0.4061 | Recon Loss: 0.0035 | Seg Loss: 0.4033

--- Epoch 49/300 ---
Batch 0/14 | Total Loss: 0.3961 | Recon Loss: 0.0033 | Seg Loss: 0.3935

--- Epoch 50/300 ---
Batch 0/14 | Total Loss: 0.4574 | Recon Loss: 0.0024 | Seg Loss: 0.4555

--- Epoch 51/300 ---
Batch 0/14 | Total Loss: 0.4231 | Recon Loss: 0.0024 | Seg Loss: 0.4211

--- Epoch 52/300 ---
Batch 0/14 | Total Loss: 0.4000 | Recon Loss: 0.0054 | Seg Loss: 0.3957

--- Epoch 53/300 ---
Batch 0/14 | Total Loss: 0.3881 | Recon Loss: 0.0047 | Seg Loss: 0.3843

--- Epoch 54/300 ---
Batch 0/14 | Total Loss: 0.4381 | Recon Loss: 0.0073 | Seg Loss: 0.4322

--- Epoch 55/300 ---
Batch 0/14 | Total Loss: 0.3758 | Recon Loss: 0.0078 | Seg Loss: 0.3695

--- Epoch 56/300 ---
Batch 0/14 | Total Loss: 0.4119 | Recon Loss: 0.0030 | Seg Loss: 0.4095

--- Epoch 57/300 ---
Batch 0/14 | Total Loss: 0.4521 | Recon Loss: 0.0043 | Seg Loss: 0.4486

--- Epoch 58/300 ---
Batch 0/14 | Total Loss: 0.3914 | Recon Loss: 0.0020 | Seg Loss: 0.3898

--- Epoch 59/300 ---
Batch 0/14 | Total Loss: 0.4315 | Recon Loss: 0.0033 | Seg Loss: 0.4289

--- Epoch 60/300 ---
Batch 0/14 | Total Loss: 0.4228 | Recon Loss: 0.0047 | Seg Loss: 0.4190

--- Epoch 61/300 ---
Batch 0/14 | Total Loss: 0.4483 | Recon Loss: 0.0031 | Seg Loss: 0.4458

--- Epoch 62/300 ---
Batch 0/14 | Total Loss: 0.4157 | Recon Loss: 0.0132 | Seg Loss: 0.4051

--- Epoch 63/300 ---
Batch 0/14 | Total Loss: 0.3968 | Recon Loss: 0.0035 | Seg Loss: 0.3939

--- Epoch 64/300 ---
Batch 0/14 | Total Loss: 0.4311 | Recon Loss: 0.0036 | Seg Loss: 0.4282

--- Epoch 65/300 ---
Batch 0/14 | Total Loss: 0.4176 | Recon Loss: 0.0063 | Seg Loss: 0.4126

--- Epoch 66/300 ---
Batch 0/14 | Total Loss: 0.3841 | Recon Loss: 0.0044 | Seg Loss: 0.3805

--- Epoch 67/300 ---
Batch 0/14 | Total Loss: 0.4065 | Recon Loss: 0.0082 | Seg Loss: 0.3999

--- Epoch 68/300 ---
Batch 0/14 | Total Loss: 0.4182 | Recon Loss: 0.0043 | Seg Loss: 0.4148

--- Epoch 69/300 ---
Batch 0/14 | Total Loss: 0.3806 | Recon Loss: 0.0014 | Seg Loss: 0.3796

--- Epoch 70/300 ---
Batch 0/14 | Total Loss: 0.3886 | Recon Loss: 0.0020 | Seg Loss: 0.3869

--- Epoch 71/300 ---
Batch 0/14 | Total Loss: 0.4394 | Recon Loss: 0.0072 | Seg Loss: 0.4336

--- Epoch 72/300 ---
Batch 0/14 | Total Loss: 0.3826 | Recon Loss: 0.0019 | Seg Loss: 0.3811

--- Epoch 73/300 ---
Batch 0/14 | Total Loss: 0.3975 | Recon Loss: 0.0043 | Seg Loss: 0.3941

--- Epoch 74/300 ---
Batch 0/14 | Total Loss: 0.3665 | Recon Loss: 0.0047 | Seg Loss: 0.3628

--- Epoch 75/300 ---
Batch 0/14 | Total Loss: 0.3962 | Recon Loss: 0.0048 | Seg Loss: 0.3923

--- Epoch 76/300 ---
Batch 0/14 | Total Loss: 0.3811 | Recon Loss: 0.0064 | Seg Loss: 0.3759

--- Epoch 77/300 ---
Batch 0/14 | Total Loss: 0.3702 | Recon Loss: 0.0028 | Seg Loss: 0.3680

--- Epoch 78/300 ---
Batch 0/14 | Total Loss: 0.4022 | Recon Loss: 0.0021 | Seg Loss: 0.4005

--- Epoch 79/300 ---
Batch 0/14 | Total Loss: 0.3655 | Recon Loss: 0.0033 | Seg Loss: 0.3629

--- Epoch 80/300 ---
Batch 0/14 | Total Loss: 0.3775 | Recon Loss: 0.0024 | Seg Loss: 0.3755

--- Epoch 81/300 ---
Batch 0/14 | Total Loss: 0.3667 | Recon Loss: 0.0076 | Seg Loss: 0.3606

--- Epoch 82/300 ---
Batch 0/14 | Total Loss: 0.3661 | Recon Loss: 0.0034 | Seg Loss: 0.3634

--- Epoch 83/300 ---
Batch 0/14 | Total Loss: 0.3484 | Recon Loss: 0.0023 | Seg Loss: 0.3465

--- Epoch 84/300 ---
Batch 0/14 | Total Loss: 0.4317 | Recon Loss: 0.0100 | Seg Loss: 0.4237

--- Epoch 85/300 ---
Batch 0/14 | Total Loss: 0.3865 | Recon Loss: 0.0040 | Seg Loss: 0.3833

--- Epoch 86/300 ---
Batch 0/14 | Total Loss: 0.4069 | Recon Loss: 0.0104 | Seg Loss: 0.3985

--- Epoch 87/300 ---
Batch 0/14 | Total Loss: 0.3608 | Recon Loss: 0.0028 | Seg Loss: 0.3586

--- Epoch 88/300 ---
Batch 0/14 | Total Loss: 0.4322 | Recon Loss: 0.0155 | Seg Loss: 0.4198

--- Epoch 89/300 ---
Batch 0/14 | Total Loss: 0.4208 | Recon Loss: 0.0059 | Seg Loss: 0.4161

--- Epoch 90/300 ---
Batch 0/14 | Total Loss: 0.3621 | Recon Loss: 0.0137 | Seg Loss: 0.3512

--- Epoch 91/300 ---
Batch 0/14 | Total Loss: 0.4124 | Recon Loss: 0.0087 | Seg Loss: 0.4055

--- Epoch 92/300 ---
Batch 0/14 | Total Loss: 0.3507 | Recon Loss: 0.0015 | Seg Loss: 0.3496

--- Epoch 93/300 ---
Batch 0/14 | Total Loss: 0.3765 | Recon Loss: 0.0103 | Seg Loss: 0.3683

--- Epoch 94/300 ---
Batch 0/14 | Total Loss: 0.3858 | Recon Loss: 0.0023 | Seg Loss: 0.3840

--- Epoch 95/300 ---
Batch 0/14 | Total Loss: 0.4129 | Recon Loss: 0.0082 | Seg Loss: 0.4063

--- Epoch 96/300 ---
Batch 0/14 | Total Loss: 0.3966 | Recon Loss: 0.0047 | Seg Loss: 0.3928

--- Epoch 97/300 ---
Batch 0/14 | Total Loss: 0.4114 | Recon Loss: 0.0017 | Seg Loss: 0.4100

--- Epoch 98/300 ---
Batch 0/14 | Total Loss: 0.4090 | Recon Loss: 0.0048 | Seg Loss: 0.4051

--- Epoch 99/300 ---
Batch 0/14 | Total Loss: 0.3564 | Recon Loss: 0.0136 | Seg Loss: 0.3455

--- Epoch 100/300 ---
Batch 0/14 | Total Loss: 0.4074 | Recon Loss: 0.0034 | Seg Loss: 0.4047

--- Epoch 101/300 ---
Batch 0/14 | Total Loss: 0.3419 | Recon Loss: 0.0122 | Seg Loss: 0.3321

--- Epoch 102/300 ---
Batch 0/14 | Total Loss: 0.3907 | Recon Loss: 0.0034 | Seg Loss: 0.3880

--- Epoch 103/300 ---
Batch 0/14 | Total Loss: 0.3664 | Recon Loss: 0.0018 | Seg Loss: 0.3650

--- Epoch 104/300 ---
Batch 0/14 | Total Loss: 0.4029 | Recon Loss: 0.0018 | Seg Loss: 0.4014

--- Epoch 105/300 ---
Batch 0/14 | Total Loss: 0.3659 | Recon Loss: 0.0064 | Seg Loss: 0.3608

--- Epoch 106/300 ---
Batch 0/14 | Total Loss: 0.4391 | Recon Loss: 0.0026 | Seg Loss: 0.4371

--- Epoch 107/300 ---
Batch 0/14 | Total Loss: 0.3738 | Recon Loss: 0.0030 | Seg Loss: 0.3713

--- Epoch 108/300 ---
Batch 0/14 | Total Loss: 0.4107 | Recon Loss: 0.0025 | Seg Loss: 0.4087

--- Epoch 109/300 ---
Batch 0/14 | Total Loss: 0.3890 | Recon Loss: 0.0037 | Seg Loss: 0.3860

--- Epoch 110/300 ---
Batch 0/14 | Total Loss: 0.3581 | Recon Loss: 0.0068 | Seg Loss: 0.3526

--- Epoch 111/300 ---
Batch 0/14 | Total Loss: 0.3348 | Recon Loss: 0.0034 | Seg Loss: 0.3321

--- Epoch 112/300 ---
Batch 0/14 | Total Loss: 0.4349 | Recon Loss: 0.0093 | Seg Loss: 0.4274

--- Epoch 113/300 ---
Batch 0/14 | Total Loss: 0.3573 | Recon Loss: 0.0016 | Seg Loss: 0.3560

--- Epoch 114/300 ---
Batch 0/14 | Total Loss: 0.3311 | Recon Loss: 0.0023 | Seg Loss: 0.3293

--- Epoch 115/300 ---
Batch 0/14 | Total Loss: 0.3938 | Recon Loss: 0.0057 | Seg Loss: 0.3892

--- Epoch 116/300 ---
Batch 0/14 | Total Loss: 0.3391 | Recon Loss: 0.0035 | Seg Loss: 0.3362

--- Epoch 117/300 ---
Batch 0/14 | Total Loss: 0.3793 | Recon Loss: 0.0073 | Seg Loss: 0.3735

--- Epoch 118/300 ---
Batch 0/14 | Total Loss: 0.3956 | Recon Loss: 0.0015 | Seg Loss: 0.3943

--- Epoch 119/300 ---
Batch 0/14 | Total Loss: 0.3923 | Recon Loss: 0.0037 | Seg Loss: 0.3894

--- Epoch 120/300 ---
Batch 0/14 | Total Loss: 0.4069 | Recon Loss: 0.0045 | Seg Loss: 0.4033

--- Epoch 121/300 ---
Batch 0/14 | Total Loss: 0.3676 | Recon Loss: 0.0106 | Seg Loss: 0.3591

--- Epoch 122/300 ---
Batch 0/14 | Total Loss: 0.3662 | Recon Loss: 0.0113 | Seg Loss: 0.3572

--- Epoch 123/300 ---
Batch 0/14 | Total Loss: 0.3988 | Recon Loss: 0.0027 | Seg Loss: 0.3967

--- Epoch 124/300 ---
Batch 0/14 | Total Loss: 0.3897 | Recon Loss: 0.0059 | Seg Loss: 0.3850

--- Epoch 125/300 ---
Batch 0/14 | Total Loss: 0.3925 | Recon Loss: 0.0028 | Seg Loss: 0.3903

--- Epoch 126/300 ---
Batch 0/14 | Total Loss: 0.3370 | Recon Loss: 0.0020 | Seg Loss: 0.3354

--- Epoch 127/300 ---
Batch 0/14 | Total Loss: 0.3792 | Recon Loss: 0.0091 | Seg Loss: 0.3719

--- Epoch 128/300 ---
Batch 0/14 | Total Loss: 0.3431 | Recon Loss: 0.0102 | Seg Loss: 0.3349

--- Epoch 129/300 ---
Batch 0/14 | Total Loss: 0.4278 | Recon Loss: 0.0040 | Seg Loss: 0.4246

--- Epoch 130/300 ---
Batch 0/14 | Total Loss: 0.4052 | Recon Loss: 0.0017 | Seg Loss: 0.4038

--- Epoch 131/300 ---
Batch 0/14 | Total Loss: 0.3409 | Recon Loss: 0.0030 | Seg Loss: 0.3385

--- Epoch 132/300 ---
Batch 0/14 | Total Loss: 0.3641 | Recon Loss: 0.0038 | Seg Loss: 0.3610

--- Epoch 133/300 ---
Batch 0/14 | Total Loss: 0.3684 | Recon Loss: 0.0047 | Seg Loss: 0.3647

--- Epoch 134/300 ---
Batch 0/14 | Total Loss: 0.3864 | Recon Loss: 0.0051 | Seg Loss: 0.3823

--- Epoch 135/300 ---
Batch 0/14 | Total Loss: 0.3641 | Recon Loss: 0.0017 | Seg Loss: 0.3628

--- Epoch 136/300 ---
Batch 0/14 | Total Loss: 0.3743 | Recon Loss: 0.0077 | Seg Loss: 0.3681

--- Epoch 137/300 ---
Batch 0/14 | Total Loss: 0.3536 | Recon Loss: 0.0086 | Seg Loss: 0.3468

--- Epoch 138/300 ---
Batch 0/14 | Total Loss: 0.3289 | Recon Loss: 0.0016 | Seg Loss: 0.3276

--- Epoch 139/300 ---
Batch 0/14 | Total Loss: 0.3984 | Recon Loss: 0.0022 | Seg Loss: 0.3967

--- Epoch 140/300 ---
Batch 0/14 | Total Loss: 0.3634 | Recon Loss: 0.0016 | Seg Loss: 0.3622

--- Epoch 141/300 ---
Batch 0/14 | Total Loss: 0.3255 | Recon Loss: 0.0030 | Seg Loss: 0.3231

--- Epoch 142/300 ---
Batch 0/14 | Total Loss: 0.3637 | Recon Loss: 0.0028 | Seg Loss: 0.3615

--- Epoch 143/300 ---
Batch 0/14 | Total Loss: 0.3296 | Recon Loss: 0.0025 | Seg Loss: 0.3276

--- Epoch 144/300 ---
Batch 0/14 | Total Loss: 0.3506 | Recon Loss: 0.0028 | Seg Loss: 0.3484

--- Epoch 145/300 ---
Batch 0/14 | Total Loss: 0.4026 | Recon Loss: 0.0021 | Seg Loss: 0.4010

--- Epoch 146/300 ---
Batch 0/14 | Total Loss: 0.3511 | Recon Loss: 0.0028 | Seg Loss: 0.3489

--- Epoch 147/300 ---
Batch 0/14 | Total Loss: 0.3627 | Recon Loss: 0.0040 | Seg Loss: 0.3595

--- Epoch 148/300 ---
Batch 0/14 | Total Loss: 0.3452 | Recon Loss: 0.0029 | Seg Loss: 0.3429

--- Epoch 149/300 ---
Batch 0/14 | Total Loss: 0.3408 | Recon Loss: 0.0038 | Seg Loss: 0.3378

--- Epoch 150/300 ---
Batch 0/14 | Total Loss: 0.3504 | Recon Loss: 0.0030 | Seg Loss: 0.3480

--- Epoch 151/300 ---
Batch 0/14 | Total Loss: 0.3924 | Recon Loss: 0.0112 | Seg Loss: 0.3834

--- Epoch 152/300 ---
Batch 0/14 | Total Loss: 0.3401 | Recon Loss: 0.0045 | Seg Loss: 0.3365

--- Epoch 153/300 ---
Batch 0/14 | Total Loss: 0.4656 | Recon Loss: 0.0109 | Seg Loss: 0.4569

--- Epoch 154/300 ---
Batch 0/14 | Total Loss: 0.3333 | Recon Loss: 0.0010 | Seg Loss: 0.3325

--- Epoch 155/300 ---
Batch 0/14 | Total Loss: 0.3361 | Recon Loss: 0.0029 | Seg Loss: 0.3338

--- Epoch 156/300 ---
Batch 0/14 | Total Loss: 0.3311 | Recon Loss: 0.0023 | Seg Loss: 0.3292

--- Epoch 157/300 ---
Batch 0/14 | Total Loss: 0.3873 | Recon Loss: 0.0081 | Seg Loss: 0.3808

--- Epoch 158/300 ---
Batch 0/14 | Total Loss: 0.3697 | Recon Loss: 0.0030 | Seg Loss: 0.3673

--- Epoch 159/300 ---
Batch 0/14 | Total Loss: 0.3363 | Recon Loss: 0.0017 | Seg Loss: 0.3349

--- Epoch 160/300 ---
Batch 0/14 | Total Loss: 0.3783 | Recon Loss: 0.0194 | Seg Loss: 0.3628

--- Epoch 161/300 ---
Batch 0/14 | Total Loss: 0.3261 | Recon Loss: 0.0018 | Seg Loss: 0.3247

--- Epoch 162/300 ---
Batch 0/14 | Total Loss: 0.3270 | Recon Loss: 0.0018 | Seg Loss: 0.3255

--- Epoch 163/300 ---
Batch 0/14 | Total Loss: 0.3710 | Recon Loss: 0.0017 | Seg Loss: 0.3696

--- Epoch 164/300 ---
Batch 0/14 | Total Loss: 0.3670 | Recon Loss: 0.0028 | Seg Loss: 0.3648

--- Epoch 165/300 ---
Batch 0/14 | Total Loss: 0.3293 | Recon Loss: 0.0023 | Seg Loss: 0.3275

--- Epoch 166/300 ---
Batch 0/14 | Total Loss: 0.3250 | Recon Loss: 0.0064 | Seg Loss: 0.3199

--- Epoch 167/300 ---
Batch 0/14 | Total Loss: 0.3229 | Recon Loss: 0.0024 | Seg Loss: 0.3209

--- Epoch 168/300 ---
Batch 0/14 | Total Loss: 0.3825 | Recon Loss: 0.0034 | Seg Loss: 0.3798

--- Epoch 169/300 ---
Batch 0/14 | Total Loss: 0.3492 | Recon Loss: 0.0049 | Seg Loss: 0.3453

--- Epoch 170/300 ---
Batch 0/14 | Total Loss: 0.3380 | Recon Loss: 0.0038 | Seg Loss: 0.3349

--- Epoch 171/300 ---
Batch 0/14 | Total Loss: 0.3457 | Recon Loss: 0.0024 | Seg Loss: 0.3438

--- Epoch 172/300 ---
Batch 0/14 | Total Loss: 0.3167 | Recon Loss: 0.0026 | Seg Loss: 0.3147

--- Epoch 173/300 ---
Batch 0/14 | Total Loss: 0.4142 | Recon Loss: 0.0022 | Seg Loss: 0.4124

--- Epoch 174/300 ---
Batch 0/14 | Total Loss: 0.3444 | Recon Loss: 0.0042 | Seg Loss: 0.3410

--- Epoch 175/300 ---
Batch 0/14 | Total Loss: 0.3261 | Recon Loss: 0.0021 | Seg Loss: 0.3244

--- Epoch 176/300 ---
Batch 0/14 | Total Loss: 0.3818 | Recon Loss: 0.0017 | Seg Loss: 0.3805

--- Epoch 177/300 ---
Batch 0/14 | Total Loss: 0.3385 | Recon Loss: 0.0101 | Seg Loss: 0.3305

--- Epoch 178/300 ---
Batch 0/14 | Total Loss: 0.3924 | Recon Loss: 0.0085 | Seg Loss: 0.3856

--- Epoch 179/300 ---
Batch 0/14 | Total Loss: 0.3395 | Recon Loss: 0.0048 | Seg Loss: 0.3356

--- Epoch 180/300 ---
Batch 0/14 | Total Loss: 0.3150 | Recon Loss: 0.0042 | Seg Loss: 0.3117

--- Epoch 181/300 ---
Batch 0/14 | Total Loss: 0.4020 | Recon Loss: 0.0011 | Seg Loss: 0.4011

--- Epoch 182/300 ---
Batch 0/14 | Total Loss: 0.3428 | Recon Loss: 0.0019 | Seg Loss: 0.3413

--- Epoch 183/300 ---
Batch 0/14 | Total Loss: 0.3380 | Recon Loss: 0.0015 | Seg Loss: 0.3367

--- Epoch 184/300 ---
Batch 0/14 | Total Loss: 0.3253 | Recon Loss: 0.0022 | Seg Loss: 0.3235

--- Epoch 185/300 ---
Batch 0/14 | Total Loss: 0.3344 | Recon Loss: 0.0113 | Seg Loss: 0.3254

--- Epoch 186/300 ---
Batch 0/14 | Total Loss: 0.3473 | Recon Loss: 0.0014 | Seg Loss: 0.3461

--- Epoch 187/300 ---
Batch 0/14 | Total Loss: 0.3388 | Recon Loss: 0.0027 | Seg Loss: 0.3367

--- Epoch 188/300 ---
Batch 0/14 | Total Loss: 0.3369 | Recon Loss: 0.0031 | Seg Loss: 0.3344

--- Epoch 189/300 ---
Batch 0/14 | Total Loss: 0.3700 | Recon Loss: 0.0027 | Seg Loss: 0.3678

--- Epoch 190/300 ---
Batch 0/14 | Total Loss: 0.3291 | Recon Loss: 0.0015 | Seg Loss: 0.3279

--- Epoch 191/300 ---
Batch 0/14 | Total Loss: 0.3476 | Recon Loss: 0.0011 | Seg Loss: 0.3468

--- Epoch 192/300 ---
Batch 0/14 | Total Loss: 0.3213 | Recon Loss: 0.0013 | Seg Loss: 0.3202

--- Epoch 193/300 ---
Batch 0/14 | Total Loss: 0.3718 | Recon Loss: 0.0042 | Seg Loss: 0.3684

--- Epoch 194/300 ---
Batch 0/14 | Total Loss: 0.3420 | Recon Loss: 0.0097 | Seg Loss: 0.3343

--- Epoch 195/300 ---
Batch 0/14 | Total Loss: 0.3616 | Recon Loss: 0.0043 | Seg Loss: 0.3582

--- Epoch 196/300 ---
Batch 0/14 | Total Loss: 0.3639 | Recon Loss: 0.0013 | Seg Loss: 0.3628

--- Epoch 197/300 ---
Batch 0/14 | Total Loss: 0.3659 | Recon Loss: 0.0023 | Seg Loss: 0.3641

--- Epoch 198/300 ---
Batch 0/14 | Total Loss: 0.3200 | Recon Loss: 0.0031 | Seg Loss: 0.3175

--- Epoch 199/300 ---
Batch 0/14 | Total Loss: 0.3250 | Recon Loss: 0.0053 | Seg Loss: 0.3208

--- Epoch 200/300 ---
Batch 0/14 | Total Loss: 0.3358 | Recon Loss: 0.0017 | Seg Loss: 0.3344

--- Epoch 201/300 ---
Batch 0/14 | Total Loss: 0.3516 | Recon Loss: 0.0021 | Seg Loss: 0.3500

--- Epoch 202/300 ---
Batch 0/14 | Total Loss: 0.3213 | Recon Loss: 0.0040 | Seg Loss: 0.3181

--- Epoch 203/300 ---
Batch 0/14 | Total Loss: 0.3298 | Recon Loss: 0.0026 | Seg Loss: 0.3277

--- Epoch 204/300 ---
Batch 0/14 | Total Loss: 0.3012 | Recon Loss: 0.0022 | Seg Loss: 0.2994

--- Epoch 205/300 ---
Batch 0/14 | Total Loss: 0.3141 | Recon Loss: 0.0030 | Seg Loss: 0.3118

--- Epoch 206/300 ---
Batch 0/14 | Total Loss: 0.3454 | Recon Loss: 0.0038 | Seg Loss: 0.3424

--- Epoch 207/300 ---
Batch 0/14 | Total Loss: 0.3603 | Recon Loss: 0.0025 | Seg Loss: 0.3583

--- Epoch 208/300 ---
Batch 0/14 | Total Loss: 0.4189 | Recon Loss: 0.0057 | Seg Loss: 0.4144

--- Epoch 209/300 ---
Batch 0/14 | Total Loss: 0.3106 | Recon Loss: 0.0016 | Seg Loss: 0.3093

--- Epoch 210/300 ---
Batch 0/14 | Total Loss: 0.3069 | Recon Loss: 0.0031 | Seg Loss: 0.3045

--- Epoch 211/300 ---
Batch 0/14 | Total Loss: 0.3570 | Recon Loss: 0.0019 | Seg Loss: 0.3555

--- Epoch 212/300 ---
Batch 0/14 | Total Loss: 0.3150 | Recon Loss: 0.0029 | Seg Loss: 0.3127

--- Epoch 213/300 ---
Batch 0/14 | Total Loss: 0.3216 | Recon Loss: 0.0075 | Seg Loss: 0.3155

--- Epoch 214/300 ---
Batch 0/14 | Total Loss: 0.3177 | Recon Loss: 0.0029 | Seg Loss: 0.3154

--- Epoch 215/300 ---
Batch 0/14 | Total Loss: 0.3545 | Recon Loss: 0.0023 | Seg Loss: 0.3527

--- Epoch 216/300 ---
Batch 0/14 | Total Loss: 0.3328 | Recon Loss: 0.0033 | Seg Loss: 0.3302

--- Epoch 217/300 ---
Batch 0/14 | Total Loss: 0.3596 | Recon Loss: 0.0028 | Seg Loss: 0.3573

--- Epoch 218/300 ---
Batch 0/14 | Total Loss: 0.3103 | Recon Loss: 0.0031 | Seg Loss: 0.3078

--- Epoch 219/300 ---
Batch 0/14 | Total Loss: 0.3832 | Recon Loss: 0.0029 | Seg Loss: 0.3809

--- Epoch 220/300 ---
Batch 0/14 | Total Loss: 0.3315 | Recon Loss: 0.0024 | Seg Loss: 0.3296

--- Epoch 221/300 ---
Batch 0/14 | Total Loss: 0.3269 | Recon Loss: 0.0041 | Seg Loss: 0.3236

--- Epoch 222/300 ---
Batch 0/14 | Total Loss: 0.3088 | Recon Loss: 0.0022 | Seg Loss: 0.3070

--- Epoch 223/300 ---
Batch 0/14 | Total Loss: 0.3122 | Recon Loss: 0.0026 | Seg Loss: 0.3101

--- Epoch 224/300 ---
Batch 0/14 | Total Loss: 0.3308 | Recon Loss: 0.0031 | Seg Loss: 0.3283

--- Epoch 225/300 ---
Batch 0/14 | Total Loss: 0.2970 | Recon Loss: 0.0032 | Seg Loss: 0.2945

--- Epoch 226/300 ---
Batch 0/14 | Total Loss: 0.3034 | Recon Loss: 0.0011 | Seg Loss: 0.3025

--- Epoch 227/300 ---
Batch 0/14 | Total Loss: 0.3673 | Recon Loss: 0.0012 | Seg Loss: 0.3663

--- Epoch 228/300 ---
Batch 0/14 | Total Loss: 0.3201 | Recon Loss: 0.0018 | Seg Loss: 0.3186

--- Epoch 229/300 ---
Batch 0/14 | Total Loss: 0.2954 | Recon Loss: 0.0016 | Seg Loss: 0.2941

--- Epoch 230/300 ---
Batch 0/14 | Total Loss: 0.3138 | Recon Loss: 0.0037 | Seg Loss: 0.3108

--- Epoch 231/300 ---
Batch 0/14 | Total Loss: 0.3244 | Recon Loss: 0.0029 | Seg Loss: 0.3220

--- Epoch 232/300 ---
Batch 0/14 | Total Loss: 0.3070 | Recon Loss: 0.0035 | Seg Loss: 0.3042

--- Epoch 233/300 ---
Batch 0/14 | Total Loss: 0.2984 | Recon Loss: 0.0014 | Seg Loss: 0.2973

--- Epoch 234/300 ---
Batch 0/14 | Total Loss: 0.3055 | Recon Loss: 0.0024 | Seg Loss: 0.3036

--- Epoch 235/300 ---
Batch 0/14 | Total Loss: 0.3275 | Recon Loss: 0.0011 | Seg Loss: 0.3267

--- Epoch 236/300 ---
Batch 0/14 | Total Loss: 0.3131 | Recon Loss: 0.0041 | Seg Loss: 0.3099

--- Epoch 237/300 ---
Batch 0/14 | Total Loss: 0.3206 | Recon Loss: 0.0020 | Seg Loss: 0.3190

--- Epoch 238/300 ---
Batch 0/14 | Total Loss: 0.3091 | Recon Loss: 0.0026 | Seg Loss: 0.3071

--- Epoch 239/300 ---
Batch 0/14 | Total Loss: 0.3031 | Recon Loss: 0.0023 | Seg Loss: 0.3013

--- Epoch 240/300 ---
Batch 0/14 | Total Loss: 0.3530 | Recon Loss: 0.0023 | Seg Loss: 0.3511

--- Epoch 241/300 ---
Batch 0/14 | Total Loss: 0.3181 | Recon Loss: 0.0048 | Seg Loss: 0.3143

--- Epoch 242/300 ---
Batch 0/14 | Total Loss: 0.3368 | Recon Loss: 0.0019 | Seg Loss: 0.3352

--- Epoch 243/300 ---
Batch 0/14 | Total Loss: 0.3102 | Recon Loss: 0.0017 | Seg Loss: 0.3089

--- Epoch 244/300 ---
Batch 0/14 | Total Loss: 0.3281 | Recon Loss: 0.0122 | Seg Loss: 0.3183

--- Epoch 245/300 ---
Batch 0/14 | Total Loss: 0.2947 | Recon Loss: 0.0028 | Seg Loss: 0.2924

--- Epoch 246/300 ---
Batch 0/14 | Total Loss: 0.3261 | Recon Loss: 0.0063 | Seg Loss: 0.3211

--- Epoch 247/300 ---
Batch 0/14 | Total Loss: 0.3216 | Recon Loss: 0.0016 | Seg Loss: 0.3203

--- Epoch 248/300 ---
Batch 0/14 | Total Loss: 0.3384 | Recon Loss: 0.0025 | Seg Loss: 0.3364

--- Epoch 249/300 ---
Batch 0/14 | Total Loss: 0.2907 | Recon Loss: 0.0017 | Seg Loss: 0.2894

--- Epoch 250/300 ---
Batch 0/14 | Total Loss: 0.3385 | Recon Loss: 0.0058 | Seg Loss: 0.3339

--- Epoch 251/300 ---
Batch 0/14 | Total Loss: 0.3370 | Recon Loss: 0.0121 | Seg Loss: 0.3273

--- Epoch 252/300 ---
Batch 0/14 | Total Loss: 0.3170 | Recon Loss: 0.0040 | Seg Loss: 0.3138

--- Epoch 253/300 ---
Batch 0/14 | Total Loss: 0.3156 | Recon Loss: 0.0014 | Seg Loss: 0.3145

--- Epoch 254/300 ---
Batch 0/14 | Total Loss: 0.3281 | Recon Loss: 0.0017 | Seg Loss: 0.3267

--- Epoch 255/300 ---
Batch 0/14 | Total Loss: 0.3270 | Recon Loss: 0.0022 | Seg Loss: 0.3252

--- Epoch 256/300 ---
Batch 0/14 | Total Loss: 0.2976 | Recon Loss: 0.0015 | Seg Loss: 0.2964

--- Epoch 257/300 ---
Batch 0/14 | Total Loss: 0.3332 | Recon Loss: 0.0018 | Seg Loss: 0.3317

--- Epoch 258/300 ---
Batch 0/14 | Total Loss: 0.3303 | Recon Loss: 0.0030 | Seg Loss: 0.3278

--- Epoch 259/300 ---
Batch 0/14 | Total Loss: 0.3203 | Recon Loss: 0.0040 | Seg Loss: 0.3171

--- Epoch 260/300 ---
Batch 0/14 | Total Loss: 0.3006 | Recon Loss: 0.0019 | Seg Loss: 0.2991

--- Epoch 261/300 ---
Batch 0/14 | Total Loss: 0.3084 | Recon Loss: 0.0021 | Seg Loss: 0.3067

--- Epoch 262/300 ---
Batch 0/14 | Total Loss: 0.3242 | Recon Loss: 0.0041 | Seg Loss: 0.3209

--- Epoch 263/300 ---
Batch 0/14 | Total Loss: 0.2978 | Recon Loss: 0.0034 | Seg Loss: 0.2952

--- Epoch 264/300 ---
Batch 0/14 | Total Loss: 0.3168 | Recon Loss: 0.0081 | Seg Loss: 0.3103

--- Epoch 265/300 ---
Batch 0/14 | Total Loss: 0.3235 | Recon Loss: 0.0068 | Seg Loss: 0.3181

--- Epoch 266/300 ---
Batch 0/14 | Total Loss: 0.3387 | Recon Loss: 0.0038 | Seg Loss: 0.3357

--- Epoch 267/300 ---
Batch 0/14 | Total Loss: 0.3219 | Recon Loss: 0.0040 | Seg Loss: 0.3186

--- Epoch 268/300 ---
Batch 0/14 | Total Loss: 0.3193 | Recon Loss: 0.0017 | Seg Loss: 0.3179

--- Epoch 269/300 ---
Batch 0/14 | Total Loss: 0.3141 | Recon Loss: 0.0021 | Seg Loss: 0.3124

--- Epoch 270/300 ---
Batch 0/14 | Total Loss: 0.3353 | Recon Loss: 0.0026 | Seg Loss: 0.3332

--- Epoch 271/300 ---
Batch 0/14 | Total Loss: 0.3322 | Recon Loss: 0.0065 | Seg Loss: 0.3271

--- Epoch 272/300 ---
Batch 0/14 | Total Loss: 0.3966 | Recon Loss: 0.0080 | Seg Loss: 0.3902

--- Epoch 273/300 ---
Batch 0/14 | Total Loss: 0.3898 | Recon Loss: 0.0022 | Seg Loss: 0.3880

--- Epoch 274/300 ---
Batch 0/14 | Total Loss: 0.3435 | Recon Loss: 0.0087 | Seg Loss: 0.3365

--- Epoch 275/300 ---
Batch 0/14 | Total Loss: 0.3716 | Recon Loss: 0.0020 | Seg Loss: 0.3700

--- Epoch 276/300 ---
Batch 0/14 | Total Loss: 0.3195 | Recon Loss: 0.0084 | Seg Loss: 0.3128

--- Epoch 277/300 ---
Batch 0/14 | Total Loss: 0.3035 | Recon Loss: 0.0075 | Seg Loss: 0.2975

--- Epoch 278/300 ---
Batch 0/14 | Total Loss: 0.3312 | Recon Loss: 0.0062 | Seg Loss: 0.3262

--- Epoch 279/300 ---
Batch 0/14 | Total Loss: 0.3118 | Recon Loss: 0.0018 | Seg Loss: 0.3103

--- Epoch 280/300 ---
Batch 0/14 | Total Loss: 0.3687 | Recon Loss: 0.0045 | Seg Loss: 0.3651

--- Epoch 281/300 ---
Batch 0/14 | Total Loss: 0.3183 | Recon Loss: 0.0056 | Seg Loss: 0.3138

--- Epoch 282/300 ---
Batch 0/14 | Total Loss: 0.3076 | Recon Loss: 0.0015 | Seg Loss: 0.3063

--- Epoch 283/300 ---
Batch 0/14 | Total Loss: 0.3181 | Recon Loss: 0.0016 | Seg Loss: 0.3168

--- Epoch 284/300 ---
Batch 0/14 | Total Loss: 0.3190 | Recon Loss: 0.0012 | Seg Loss: 0.3180

--- Epoch 285/300 ---
Batch 0/14 | Total Loss: 0.3115 | Recon Loss: 0.0019 | Seg Loss: 0.3100

--- Epoch 286/300 ---
Batch 0/14 | Total Loss: 0.3093 | Recon Loss: 0.0051 | Seg Loss: 0.3053

--- Epoch 287/300 ---
Batch 0/14 | Total Loss: 0.3101 | Recon Loss: 0.0013 | Seg Loss: 0.3090

--- Epoch 288/300 ---
Batch 0/14 | Total Loss: 0.3108 | Recon Loss: 0.0049 | Seg Loss: 0.3069

--- Epoch 289/300 ---
Batch 0/14 | Total Loss: 0.3260 | Recon Loss: 0.0013 | Seg Loss: 0.3250

--- Epoch 290/300 ---
Batch 0/14 | Total Loss: 0.3316 | Recon Loss: 0.0019 | Seg Loss: 0.3301

--- Epoch 291/300 ---
Batch 0/14 | Total Loss: 0.3020 | Recon Loss: 0.0018 | Seg Loss: 0.3005

--- Epoch 292/300 ---
Batch 0/14 | Total Loss: 0.3265 | Recon Loss: 0.0010 | Seg Loss: 0.3257

--- Epoch 293/300 ---
Batch 0/14 | Total Loss: 0.3069 | Recon Loss: 0.0014 | Seg Loss: 0.3058

--- Epoch 294/300 ---
Batch 0/14 | Total Loss: 0.3650 | Recon Loss: 0.0136 | Seg Loss: 0.3542

--- Epoch 295/300 ---
Batch 0/14 | Total Loss: 0.3007 | Recon Loss: 0.0011 | Seg Loss: 0.2998

--- Epoch 296/300 ---
Batch 0/14 | Total Loss: 0.3422 | Recon Loss: 0.0022 | Seg Loss: 0.3404

--- Epoch 297/300 ---
Batch 0/14 | Total Loss: 0.3035 | Recon Loss: 0.0061 | Seg Loss: 0.2986

--- Epoch 298/300 ---
Batch 0/14 | Total Loss: 0.3165 | Recon Loss: 0.0057 | Seg Loss: 0.3120

--- Epoch 299/300 ---
Batch 0/14 | Total Loss: 0.3020 | Recon Loss: 0.0015 | Seg Loss: 0.3008

--- Epoch 300/300 ---
Batch 0/14 | Total Loss: 0.3193 | Recon Loss: 0.0044 | Seg Loss: 0.3158
--- Training Finished ---
Model saved to /zhome/d2/4/167803/Desktop/Deep_project/02456-final-project/Trained_models/AG.pth
Job Finished.

------------------------------------------------------------
Sender: LSF System <lsfadmin@hpc.dtu.dk>
Subject: Job 27044760: <AG_job> in cluster <dcc> Done

Job <AG_job> was submitted from host <gbarlogin1> by user <s214776> in cluster <dcc> at Sun Nov 16 15:36:03 2025
Job was executed on host(s) <4*n-62-13-14>, in queue <gpul40s>, as user <s214776> in cluster <dcc> at Sun Nov 16 15:36:04 2025
</zhome/d2/4/167803> was used as the home directory.
</zhome/d2/4/167803/Desktop/Deep_project/02456-final-project> was used as the working directory.
Started at Sun Nov 16 15:36:04 2025
Terminated at Sun Nov 16 16:18:43 2025
Results reported at Sun Nov 16 16:18:43 2025

Your job looked like:

------------------------------------------------------------
# LSBATCH: User input
#!/bin/sh
### --- Job Name ---
#BSUB -J AG_job

### --- Log files ---
#BSUB -o /zhome/d2/4/167803/Desktop/Deep_project/02456-final-project/logs/AG_job_%J.out
#BSUB -e /zhome/d2/4/167803/Desktop/Deep_project/02456-final-project/logs/AG_err_%J.err

### --- Resource Requests ---
#BSUB -q gpul40s           # Request GPU queue
#BSUB -gpu "num=1:mode=exclusive_process" # Request 1 GPU, all to myself
#BSUB -n 4                    # Request 4 CPU cores
#BSUB -R "rusage[mem=8GB]"   # Request 16GB memory
#BSUB -W 04:00                # 4 hour runtime limit

### --- Setup Environment ---
echo "Loading CUDA module..."
module load cuda/11.6         # Load CUDA module

echo "Loading Conda..."

source /zhome/d2/4/167803/miniforge3/bin/activate MBML
echo "Environment 'MBML' activated."

echo "Starting Python script..."
python /zhome/d2/4/167803/Desktop/Deep_project/02456-final-project/Model/AG.py

echo "Job Finished."
------------------------------------------------------------

Successfully completed.

Resource usage summary:

    CPU time :                                   2869.00 sec.
    Max Memory :                                 1690 MB
    Average Memory :                             1317.37 MB
    Total Requested Memory :                     32768.00 MB
    Delta Memory :                               31078.00 MB
    Max Swap :                                   -
    Max Processes :                              4
    Max Threads :                                10
    Run time :                                   2563 sec.
    Turnaround time :                            2560 sec.

The output (if any) is above this job summary.



PS:

Read file </zhome/d2/4/167803/Desktop/Deep_project/02456-final-project/logs/AG_err_27044760.err> for stderr output of this job.

