Loading CUDA module...
Loading Conda...
Environment 'MBML' activated.
Starting Python script...
Using device: cuda
Using device: cuda
/zhome/d2/4/167803/Desktop/Deep_project/02456-final-project/Task03_Liver_rs
/zhome/d2/4/167803/Desktop/Deep_project/02456-final-project/Task03_Liver_rs
Found 28 image/label pairs.
--- success ---
Found 119 unlabeled images.
--- success ---

--- Epoch 1/300 ---
Batch 0/14 | Total Loss: 1.2208 | Recon Loss: 0.2939 | Seg Loss: 1.0151

--- Epoch 2/300 ---
Batch 0/14 | Total Loss: 0.9651 | Recon Loss: 0.1034 | Seg Loss: 0.8927

--- Epoch 3/300 ---
Batch 0/14 | Total Loss: 0.9084 | Recon Loss: 0.0860 | Seg Loss: 0.8482

--- Epoch 4/300 ---
Batch 0/14 | Total Loss: 0.8130 | Recon Loss: 0.0348 | Seg Loss: 0.7887

--- Epoch 5/300 ---
Batch 0/14 | Total Loss: 0.7700 | Recon Loss: 0.0246 | Seg Loss: 0.7528

--- Epoch 6/300 ---
Batch 0/14 | Total Loss: 0.7055 | Recon Loss: 0.0183 | Seg Loss: 0.6927

--- Epoch 7/300 ---
Batch 0/14 | Total Loss: 0.7027 | Recon Loss: 0.0085 | Seg Loss: 0.6967

--- Epoch 8/300 ---
Batch 0/14 | Total Loss: 0.7278 | Recon Loss: 0.0405 | Seg Loss: 0.6995

--- Epoch 9/300 ---
Batch 0/14 | Total Loss: 0.6671 | Recon Loss: 0.0156 | Seg Loss: 0.6561

--- Epoch 10/300 ---
Batch 0/14 | Total Loss: 0.6353 | Recon Loss: 0.0105 | Seg Loss: 0.6279

--- Epoch 11/300 ---
Batch 0/14 | Total Loss: 0.6340 | Recon Loss: 0.0088 | Seg Loss: 0.6278

--- Epoch 12/300 ---
Batch 0/14 | Total Loss: 0.6072 | Recon Loss: 0.0175 | Seg Loss: 0.5950

--- Epoch 13/300 ---
Batch 0/14 | Total Loss: 0.5994 | Recon Loss: 0.0088 | Seg Loss: 0.5932

--- Epoch 14/300 ---
Batch 0/14 | Total Loss: 0.6304 | Recon Loss: 0.0081 | Seg Loss: 0.6247

--- Epoch 15/300 ---
Batch 0/14 | Total Loss: 0.5259 | Recon Loss: 0.0084 | Seg Loss: 0.5201

--- Epoch 16/300 ---
Batch 0/14 | Total Loss: 0.5468 | Recon Loss: 0.0100 | Seg Loss: 0.5398

--- Epoch 17/300 ---
Batch 0/14 | Total Loss: 0.5705 | Recon Loss: 0.0054 | Seg Loss: 0.5667

--- Epoch 18/300 ---
Batch 0/14 | Total Loss: 0.5300 | Recon Loss: 0.0071 | Seg Loss: 0.5250

--- Epoch 19/300 ---
Batch 0/14 | Total Loss: 0.6199 | Recon Loss: 0.0270 | Seg Loss: 0.6010

--- Epoch 20/300 ---
Batch 0/14 | Total Loss: 0.5812 | Recon Loss: 0.0081 | Seg Loss: 0.5755

--- Epoch 21/300 ---
Batch 0/14 | Total Loss: 0.4693 | Recon Loss: 0.0049 | Seg Loss: 0.4658

--- Epoch 22/300 ---
Batch 0/14 | Total Loss: 0.5000 | Recon Loss: 0.0092 | Seg Loss: 0.4935

--- Epoch 23/300 ---
Batch 0/14 | Total Loss: 0.4820 | Recon Loss: 0.0035 | Seg Loss: 0.4796

--- Epoch 24/300 ---
Batch 0/14 | Total Loss: 0.4983 | Recon Loss: 0.0058 | Seg Loss: 0.4942

--- Epoch 25/300 ---
Batch 0/14 | Total Loss: 0.5059 | Recon Loss: 0.0157 | Seg Loss: 0.4949

--- Epoch 26/300 ---
Batch 0/14 | Total Loss: 0.4927 | Recon Loss: 0.0085 | Seg Loss: 0.4868

--- Epoch 27/300 ---
Batch 0/14 | Total Loss: 0.4718 | Recon Loss: 0.0085 | Seg Loss: 0.4658

--- Epoch 28/300 ---
Batch 0/14 | Total Loss: 0.4884 | Recon Loss: 0.0050 | Seg Loss: 0.4849

--- Epoch 29/300 ---
Batch 0/14 | Total Loss: 0.5246 | Recon Loss: 0.0056 | Seg Loss: 0.5207

--- Epoch 30/300 ---
Batch 0/14 | Total Loss: 0.5046 | Recon Loss: 0.0055 | Seg Loss: 0.5007

--- Epoch 31/300 ---
Batch 0/14 | Total Loss: 0.5692 | Recon Loss: 0.0386 | Seg Loss: 0.5422

--- Epoch 32/300 ---
Batch 0/14 | Total Loss: 0.4750 | Recon Loss: 0.0112 | Seg Loss: 0.4671

--- Epoch 33/300 ---
Batch 0/14 | Total Loss: 0.4804 | Recon Loss: 0.0046 | Seg Loss: 0.4772

--- Epoch 34/300 ---
Batch 0/14 | Total Loss: 0.4663 | Recon Loss: 0.0083 | Seg Loss: 0.4605

--- Epoch 35/300 ---
Batch 0/14 | Total Loss: 0.4299 | Recon Loss: 0.0047 | Seg Loss: 0.4266

--- Epoch 36/300 ---
Batch 0/14 | Total Loss: 0.4796 | Recon Loss: 0.0109 | Seg Loss: 0.4720

--- Epoch 37/300 ---
Batch 0/14 | Total Loss: 0.5043 | Recon Loss: 0.0070 | Seg Loss: 0.4994

--- Epoch 38/300 ---
Batch 0/14 | Total Loss: 0.5426 | Recon Loss: 0.0115 | Seg Loss: 0.5346

--- Epoch 39/300 ---
Batch 0/14 | Total Loss: 0.5282 | Recon Loss: 0.0046 | Seg Loss: 0.5250

--- Epoch 40/300 ---
Batch 0/14 | Total Loss: 0.5603 | Recon Loss: 0.0027 | Seg Loss: 0.5584

--- Epoch 41/300 ---
Batch 0/14 | Total Loss: 0.4534 | Recon Loss: 0.0028 | Seg Loss: 0.4514

--- Epoch 42/300 ---
Batch 0/14 | Total Loss: 0.5242 | Recon Loss: 0.0045 | Seg Loss: 0.5211

--- Epoch 43/300 ---
Batch 0/14 | Total Loss: 0.5118 | Recon Loss: 0.0039 | Seg Loss: 0.5090

--- Epoch 44/300 ---
Batch 0/14 | Total Loss: 0.5420 | Recon Loss: 0.0059 | Seg Loss: 0.5378

--- Epoch 45/300 ---
Batch 0/14 | Total Loss: 0.4842 | Recon Loss: 0.0062 | Seg Loss: 0.4799

--- Epoch 46/300 ---
Batch 0/14 | Total Loss: 0.4569 | Recon Loss: 0.0033 | Seg Loss: 0.4546

--- Epoch 47/300 ---
Batch 0/14 | Total Loss: 0.4729 | Recon Loss: 0.0049 | Seg Loss: 0.4695

--- Epoch 48/300 ---
Batch 0/14 | Total Loss: 0.4982 | Recon Loss: 0.0067 | Seg Loss: 0.4935

--- Epoch 49/300 ---
Batch 0/14 | Total Loss: 0.4472 | Recon Loss: 0.0180 | Seg Loss: 0.4347

--- Epoch 50/300 ---
Batch 0/14 | Total Loss: 0.5011 | Recon Loss: 0.0059 | Seg Loss: 0.4970

--- Epoch 51/300 ---
Batch 0/14 | Total Loss: 0.4491 | Recon Loss: 0.0040 | Seg Loss: 0.4464

--- Epoch 52/300 ---
Batch 0/14 | Total Loss: 0.5439 | Recon Loss: 0.0060 | Seg Loss: 0.5397

--- Epoch 53/300 ---
Batch 0/14 | Total Loss: 0.5019 | Recon Loss: 0.0040 | Seg Loss: 0.4992

--- Epoch 54/300 ---
Batch 0/14 | Total Loss: 0.5080 | Recon Loss: 0.0045 | Seg Loss: 0.5049

--- Epoch 55/300 ---
Batch 0/14 | Total Loss: 0.5008 | Recon Loss: 0.0068 | Seg Loss: 0.4960

--- Epoch 56/300 ---
Batch 0/14 | Total Loss: 0.4866 | Recon Loss: 0.0047 | Seg Loss: 0.4833

--- Epoch 57/300 ---
Batch 0/14 | Total Loss: 0.4529 | Recon Loss: 0.0040 | Seg Loss: 0.4501

--- Epoch 58/300 ---
Batch 0/14 | Total Loss: 0.4775 | Recon Loss: 0.0026 | Seg Loss: 0.4757

--- Epoch 59/300 ---
Batch 0/14 | Total Loss: 0.4132 | Recon Loss: 0.0032 | Seg Loss: 0.4110

--- Epoch 60/300 ---
Batch 0/14 | Total Loss: 0.4688 | Recon Loss: 0.0060 | Seg Loss: 0.4646

--- Epoch 61/300 ---
Batch 0/14 | Total Loss: 0.4457 | Recon Loss: 0.0103 | Seg Loss: 0.4385

--- Epoch 62/300 ---
Batch 0/14 | Total Loss: 0.5224 | Recon Loss: 0.0061 | Seg Loss: 0.5181

--- Epoch 63/300 ---
Batch 0/14 | Total Loss: 0.5041 | Recon Loss: 0.0041 | Seg Loss: 0.5012

--- Epoch 64/300 ---
Batch 0/14 | Total Loss: 0.4333 | Recon Loss: 0.0029 | Seg Loss: 0.4313

--- Epoch 65/300 ---
Batch 0/14 | Total Loss: 0.5150 | Recon Loss: 0.0038 | Seg Loss: 0.5123

--- Epoch 66/300 ---
Batch 0/14 | Total Loss: 0.4853 | Recon Loss: 0.0063 | Seg Loss: 0.4809

--- Epoch 67/300 ---
Batch 0/14 | Total Loss: 0.4343 | Recon Loss: 0.0091 | Seg Loss: 0.4279

--- Epoch 68/300 ---
Batch 0/14 | Total Loss: 0.4554 | Recon Loss: 0.0096 | Seg Loss: 0.4487

--- Epoch 69/300 ---
Batch 0/14 | Total Loss: 0.4602 | Recon Loss: 0.0043 | Seg Loss: 0.4572

--- Epoch 70/300 ---
Batch 0/14 | Total Loss: 0.4882 | Recon Loss: 0.0065 | Seg Loss: 0.4836

--- Epoch 71/300 ---
Batch 0/14 | Total Loss: 0.4648 | Recon Loss: 0.0029 | Seg Loss: 0.4627

--- Epoch 72/300 ---
Batch 0/14 | Total Loss: 0.4383 | Recon Loss: 0.0077 | Seg Loss: 0.4329

--- Epoch 73/300 ---
Batch 0/14 | Total Loss: 0.4447 | Recon Loss: 0.0028 | Seg Loss: 0.4427

--- Epoch 74/300 ---
Batch 0/14 | Total Loss: 0.4285 | Recon Loss: 0.0041 | Seg Loss: 0.4257

--- Epoch 75/300 ---
Batch 0/14 | Total Loss: 0.4734 | Recon Loss: 0.0134 | Seg Loss: 0.4640

--- Epoch 76/300 ---
Batch 0/14 | Total Loss: 0.4642 | Recon Loss: 0.0056 | Seg Loss: 0.4603

--- Epoch 77/300 ---
Batch 0/14 | Total Loss: 0.4863 | Recon Loss: 0.0097 | Seg Loss: 0.4796

--- Epoch 78/300 ---
Batch 0/14 | Total Loss: 0.4643 | Recon Loss: 0.0031 | Seg Loss: 0.4621

--- Epoch 79/300 ---
Batch 0/14 | Total Loss: 0.4098 | Recon Loss: 0.0045 | Seg Loss: 0.4067

--- Epoch 80/300 ---
Batch 0/14 | Total Loss: 0.5011 | Recon Loss: 0.0049 | Seg Loss: 0.4977

--- Epoch 81/300 ---
Batch 0/14 | Total Loss: 0.4758 | Recon Loss: 0.0053 | Seg Loss: 0.4721

--- Epoch 82/300 ---
Batch 0/14 | Total Loss: 0.4342 | Recon Loss: 0.0088 | Seg Loss: 0.4281

--- Epoch 83/300 ---
Batch 0/14 | Total Loss: 0.4279 | Recon Loss: 0.0036 | Seg Loss: 0.4254

--- Epoch 84/300 ---
Batch 0/14 | Total Loss: 0.5238 | Recon Loss: 0.0047 | Seg Loss: 0.5205

--- Epoch 85/300 ---
Batch 0/14 | Total Loss: 0.4467 | Recon Loss: 0.0070 | Seg Loss: 0.4418

--- Epoch 86/300 ---
Batch 0/14 | Total Loss: 0.4013 | Recon Loss: 0.0033 | Seg Loss: 0.3990

--- Epoch 87/300 ---
Batch 0/14 | Total Loss: 0.4279 | Recon Loss: 0.0047 | Seg Loss: 0.4246

--- Epoch 88/300 ---
Batch 0/14 | Total Loss: 0.4202 | Recon Loss: 0.0037 | Seg Loss: 0.4176

--- Epoch 89/300 ---
Batch 0/14 | Total Loss: 0.4533 | Recon Loss: 0.0031 | Seg Loss: 0.4512

--- Epoch 90/300 ---
Batch 0/14 | Total Loss: 0.4384 | Recon Loss: 0.0062 | Seg Loss: 0.4341

--- Epoch 91/300 ---
Batch 0/14 | Total Loss: 0.4044 | Recon Loss: 0.0036 | Seg Loss: 0.4018

--- Epoch 92/300 ---
Batch 0/14 | Total Loss: 0.3933 | Recon Loss: 0.0036 | Seg Loss: 0.3908

--- Epoch 93/300 ---
Batch 0/14 | Total Loss: 0.4611 | Recon Loss: 0.0085 | Seg Loss: 0.4551

--- Epoch 94/300 ---
Batch 0/14 | Total Loss: 0.4513 | Recon Loss: 0.0024 | Seg Loss: 0.4496

--- Epoch 95/300 ---
Batch 0/14 | Total Loss: 0.4019 | Recon Loss: 0.0063 | Seg Loss: 0.3975

--- Epoch 96/300 ---
Batch 0/14 | Total Loss: 0.3971 | Recon Loss: 0.0024 | Seg Loss: 0.3954

--- Epoch 97/300 ---
Batch 0/14 | Total Loss: 0.4193 | Recon Loss: 0.0045 | Seg Loss: 0.4162

--- Epoch 98/300 ---
Batch 0/14 | Total Loss: 0.4580 | Recon Loss: 0.0036 | Seg Loss: 0.4555

--- Epoch 99/300 ---
Batch 0/14 | Total Loss: 0.4678 | Recon Loss: 0.0055 | Seg Loss: 0.4640

--- Epoch 100/300 ---
Batch 0/14 | Total Loss: 0.4294 | Recon Loss: 0.0097 | Seg Loss: 0.4226

--- Epoch 101/300 ---
Batch 0/14 | Total Loss: 0.4349 | Recon Loss: 0.0055 | Seg Loss: 0.4310

--- Epoch 102/300 ---
Batch 0/14 | Total Loss: 0.4211 | Recon Loss: 0.0036 | Seg Loss: 0.4186

--- Epoch 103/300 ---
Batch 0/14 | Total Loss: 0.4082 | Recon Loss: 0.0031 | Seg Loss: 0.4060

--- Epoch 104/300 ---
Batch 0/14 | Total Loss: 0.4543 | Recon Loss: 0.0031 | Seg Loss: 0.4521

--- Epoch 105/300 ---
Batch 0/14 | Total Loss: 0.4806 | Recon Loss: 0.0058 | Seg Loss: 0.4765

--- Epoch 106/300 ---
Batch 0/14 | Total Loss: 0.4555 | Recon Loss: 0.0043 | Seg Loss: 0.4525

--- Epoch 107/300 ---
Batch 0/14 | Total Loss: 0.4298 | Recon Loss: 0.0094 | Seg Loss: 0.4232

--- Epoch 108/300 ---
Batch 0/14 | Total Loss: 0.4119 | Recon Loss: 0.0033 | Seg Loss: 0.4095

--- Epoch 109/300 ---
Batch 0/14 | Total Loss: 0.4384 | Recon Loss: 0.0051 | Seg Loss: 0.4348

--- Epoch 110/300 ---
Batch 0/14 | Total Loss: 0.4533 | Recon Loss: 0.0160 | Seg Loss: 0.4421

--- Epoch 111/300 ---
Batch 0/14 | Total Loss: 0.4398 | Recon Loss: 0.0110 | Seg Loss: 0.4321

--- Epoch 112/300 ---
Batch 0/14 | Total Loss: 0.3992 | Recon Loss: 0.0037 | Seg Loss: 0.3966

--- Epoch 113/300 ---
Batch 0/14 | Total Loss: 0.4024 | Recon Loss: 0.0031 | Seg Loss: 0.4002

--- Epoch 114/300 ---
Batch 0/14 | Total Loss: 0.4072 | Recon Loss: 0.0049 | Seg Loss: 0.4038

--- Epoch 115/300 ---
Batch 0/14 | Total Loss: 0.4548 | Recon Loss: 0.0029 | Seg Loss: 0.4528

--- Epoch 116/300 ---
Batch 0/14 | Total Loss: 0.3901 | Recon Loss: 0.0040 | Seg Loss: 0.3873

--- Epoch 117/300 ---
Batch 0/14 | Total Loss: 0.4135 | Recon Loss: 0.0085 | Seg Loss: 0.4076

--- Epoch 118/300 ---
Batch 0/14 | Total Loss: 0.4270 | Recon Loss: 0.0068 | Seg Loss: 0.4223

--- Epoch 119/300 ---
Batch 0/14 | Total Loss: 0.3996 | Recon Loss: 0.0031 | Seg Loss: 0.3974

--- Epoch 120/300 ---
Batch 0/14 | Total Loss: 0.4313 | Recon Loss: 0.0104 | Seg Loss: 0.4241

--- Epoch 121/300 ---
Batch 0/14 | Total Loss: 0.4511 | Recon Loss: 0.0029 | Seg Loss: 0.4491

--- Epoch 122/300 ---
Batch 0/14 | Total Loss: 0.4198 | Recon Loss: 0.0098 | Seg Loss: 0.4129

--- Epoch 123/300 ---
Batch 0/14 | Total Loss: 0.4189 | Recon Loss: 0.0135 | Seg Loss: 0.4094

--- Epoch 124/300 ---
Batch 0/14 | Total Loss: 0.4744 | Recon Loss: 0.0040 | Seg Loss: 0.4716

--- Epoch 125/300 ---
Batch 0/14 | Total Loss: 0.4133 | Recon Loss: 0.0052 | Seg Loss: 0.4096

--- Epoch 126/300 ---
Batch 0/14 | Total Loss: 0.4599 | Recon Loss: 0.0101 | Seg Loss: 0.4528

--- Epoch 127/300 ---
Batch 0/14 | Total Loss: 0.4242 | Recon Loss: 0.0073 | Seg Loss: 0.4192

--- Epoch 128/300 ---
Batch 0/14 | Total Loss: 0.4398 | Recon Loss: 0.0019 | Seg Loss: 0.4385

--- Epoch 129/300 ---
Batch 0/14 | Total Loss: 0.5007 | Recon Loss: 0.0059 | Seg Loss: 0.4966

--- Epoch 130/300 ---
Batch 0/14 | Total Loss: 0.4152 | Recon Loss: 0.0206 | Seg Loss: 0.4008

--- Epoch 131/300 ---
Batch 0/14 | Total Loss: 0.5674 | Recon Loss: 0.0130 | Seg Loss: 0.5582

--- Epoch 132/300 ---
Batch 0/14 | Total Loss: 0.4166 | Recon Loss: 0.0031 | Seg Loss: 0.4144

--- Epoch 133/300 ---
Batch 0/14 | Total Loss: 0.4218 | Recon Loss: 0.0022 | Seg Loss: 0.4203

--- Epoch 134/300 ---
Batch 0/14 | Total Loss: 0.4443 | Recon Loss: 0.0050 | Seg Loss: 0.4408

--- Epoch 135/300 ---
Batch 0/14 | Total Loss: 0.3918 | Recon Loss: 0.0045 | Seg Loss: 0.3886

--- Epoch 136/300 ---
Batch 0/14 | Total Loss: 0.3764 | Recon Loss: 0.0068 | Seg Loss: 0.3717

--- Epoch 137/300 ---
Batch 0/14 | Total Loss: 0.4117 | Recon Loss: 0.0061 | Seg Loss: 0.4074

--- Epoch 138/300 ---
Batch 0/14 | Total Loss: 0.4731 | Recon Loss: 0.0027 | Seg Loss: 0.4712

--- Epoch 139/300 ---
Batch 0/14 | Total Loss: 0.4216 | Recon Loss: 0.0038 | Seg Loss: 0.4189

--- Epoch 140/300 ---
Batch 0/14 | Total Loss: 0.5799 | Recon Loss: 0.0057 | Seg Loss: 0.5759

--- Epoch 141/300 ---
Batch 0/14 | Total Loss: 0.4238 | Recon Loss: 0.0060 | Seg Loss: 0.4196

--- Epoch 142/300 ---
Batch 0/14 | Total Loss: 0.4523 | Recon Loss: 0.0058 | Seg Loss: 0.4483

--- Epoch 143/300 ---
Batch 0/14 | Total Loss: 0.4732 | Recon Loss: 0.0034 | Seg Loss: 0.4708

--- Epoch 144/300 ---
Batch 0/14 | Total Loss: 0.4290 | Recon Loss: 0.0037 | Seg Loss: 0.4264

--- Epoch 145/300 ---
Batch 0/14 | Total Loss: 0.3986 | Recon Loss: 0.0086 | Seg Loss: 0.3926

--- Epoch 146/300 ---
Batch 0/14 | Total Loss: 0.4157 | Recon Loss: 0.0056 | Seg Loss: 0.4118

--- Epoch 147/300 ---
Batch 0/14 | Total Loss: 0.4131 | Recon Loss: 0.0021 | Seg Loss: 0.4116

--- Epoch 148/300 ---
Batch 0/14 | Total Loss: 0.3857 | Recon Loss: 0.0020 | Seg Loss: 0.3842

--- Epoch 149/300 ---
Batch 0/14 | Total Loss: 0.3995 | Recon Loss: 0.0044 | Seg Loss: 0.3964

--- Epoch 150/300 ---
Batch 0/14 | Total Loss: 0.3757 | Recon Loss: 0.0070 | Seg Loss: 0.3708

--- Epoch 151/300 ---
Batch 0/14 | Total Loss: 0.3822 | Recon Loss: 0.0037 | Seg Loss: 0.3796

--- Epoch 152/300 ---
Batch 0/14 | Total Loss: 0.4006 | Recon Loss: 0.0095 | Seg Loss: 0.3939

--- Epoch 153/300 ---
Batch 0/14 | Total Loss: 0.4003 | Recon Loss: 0.0029 | Seg Loss: 0.3982

--- Epoch 154/300 ---
Batch 0/14 | Total Loss: 0.4175 | Recon Loss: 0.0093 | Seg Loss: 0.4110

--- Epoch 155/300 ---
Batch 0/14 | Total Loss: 0.4189 | Recon Loss: 0.0076 | Seg Loss: 0.4136

--- Epoch 156/300 ---
Batch 0/14 | Total Loss: 0.4048 | Recon Loss: 0.0078 | Seg Loss: 0.3993

--- Epoch 157/300 ---
Batch 0/14 | Total Loss: 0.3781 | Recon Loss: 0.0021 | Seg Loss: 0.3766

--- Epoch 158/300 ---
Batch 0/14 | Total Loss: 0.4169 | Recon Loss: 0.0037 | Seg Loss: 0.4143

--- Epoch 159/300 ---
Batch 0/14 | Total Loss: 0.3975 | Recon Loss: 0.0041 | Seg Loss: 0.3947

--- Epoch 160/300 ---
Batch 0/14 | Total Loss: 0.3907 | Recon Loss: 0.0023 | Seg Loss: 0.3891

--- Epoch 161/300 ---
Batch 0/14 | Total Loss: 0.3946 | Recon Loss: 0.0044 | Seg Loss: 0.3916

--- Epoch 162/300 ---
Batch 0/14 | Total Loss: 0.3900 | Recon Loss: 0.0026 | Seg Loss: 0.3881

--- Epoch 163/300 ---
Batch 0/14 | Total Loss: 0.3807 | Recon Loss: 0.0036 | Seg Loss: 0.3781

--- Epoch 164/300 ---
Batch 0/14 | Total Loss: 0.4021 | Recon Loss: 0.0071 | Seg Loss: 0.3971

--- Epoch 165/300 ---
Batch 0/14 | Total Loss: 0.3791 | Recon Loss: 0.0032 | Seg Loss: 0.3768

--- Epoch 166/300 ---
Batch 0/14 | Total Loss: 0.3954 | Recon Loss: 0.0051 | Seg Loss: 0.3918

--- Epoch 167/300 ---
Batch 0/14 | Total Loss: 0.4750 | Recon Loss: 0.0087 | Seg Loss: 0.4689

--- Epoch 168/300 ---
Batch 0/14 | Total Loss: 0.4117 | Recon Loss: 0.0045 | Seg Loss: 0.4086

--- Epoch 169/300 ---
Batch 0/14 | Total Loss: 0.3959 | Recon Loss: 0.0051 | Seg Loss: 0.3923

--- Epoch 170/300 ---
Batch 0/14 | Total Loss: 0.4055 | Recon Loss: 0.0042 | Seg Loss: 0.4026

--- Epoch 171/300 ---
Batch 0/14 | Total Loss: 0.4046 | Recon Loss: 0.0044 | Seg Loss: 0.4015

--- Epoch 172/300 ---
Batch 0/14 | Total Loss: 0.4352 | Recon Loss: 0.0032 | Seg Loss: 0.4330

--- Epoch 173/300 ---
Batch 0/14 | Total Loss: 0.4396 | Recon Loss: 0.0179 | Seg Loss: 0.4270

--- Epoch 174/300 ---
Batch 0/14 | Total Loss: 0.3833 | Recon Loss: 0.0033 | Seg Loss: 0.3809

--- Epoch 175/300 ---
Batch 0/14 | Total Loss: 0.3789 | Recon Loss: 0.0027 | Seg Loss: 0.3770

--- Epoch 176/300 ---
Batch 0/14 | Total Loss: 0.4116 | Recon Loss: 0.0141 | Seg Loss: 0.4017

--- Epoch 177/300 ---
Batch 0/14 | Total Loss: 0.4157 | Recon Loss: 0.0061 | Seg Loss: 0.4114

--- Epoch 178/300 ---
Batch 0/14 | Total Loss: 0.3730 | Recon Loss: 0.0022 | Seg Loss: 0.3714

--- Epoch 179/300 ---
Batch 0/14 | Total Loss: 0.3775 | Recon Loss: 0.0024 | Seg Loss: 0.3758

--- Epoch 180/300 ---
Batch 0/14 | Total Loss: 0.4195 | Recon Loss: 0.0035 | Seg Loss: 0.4171

--- Epoch 181/300 ---
Batch 0/14 | Total Loss: 0.4097 | Recon Loss: 0.0037 | Seg Loss: 0.4071

--- Epoch 182/300 ---
Batch 0/14 | Total Loss: 0.3943 | Recon Loss: 0.0046 | Seg Loss: 0.3911

--- Epoch 183/300 ---
Batch 0/14 | Total Loss: 0.4381 | Recon Loss: 0.0036 | Seg Loss: 0.4356

--- Epoch 184/300 ---
Batch 0/14 | Total Loss: 0.3821 | Recon Loss: 0.0093 | Seg Loss: 0.3756

--- Epoch 185/300 ---
Batch 0/14 | Total Loss: 0.3812 | Recon Loss: 0.0042 | Seg Loss: 0.3782

--- Epoch 186/300 ---
Batch 0/14 | Total Loss: 0.4296 | Recon Loss: 0.0023 | Seg Loss: 0.4280

--- Epoch 187/300 ---
Batch 0/14 | Total Loss: 0.4238 | Recon Loss: 0.0099 | Seg Loss: 0.4168

--- Epoch 188/300 ---
Batch 0/14 | Total Loss: 0.4094 | Recon Loss: 0.0045 | Seg Loss: 0.4062

--- Epoch 189/300 ---
Batch 0/14 | Total Loss: 0.3993 | Recon Loss: 0.0087 | Seg Loss: 0.3932

--- Epoch 190/300 ---
Batch 0/14 | Total Loss: 0.3704 | Recon Loss: 0.0032 | Seg Loss: 0.3682

--- Epoch 191/300 ---
Batch 0/14 | Total Loss: 0.3651 | Recon Loss: 0.0028 | Seg Loss: 0.3631

--- Epoch 192/300 ---
Batch 0/14 | Total Loss: 0.3834 | Recon Loss: 0.0041 | Seg Loss: 0.3806

--- Epoch 193/300 ---
Batch 0/14 | Total Loss: 0.3738 | Recon Loss: 0.0039 | Seg Loss: 0.3711

--- Epoch 194/300 ---
Batch 0/14 | Total Loss: 0.4146 | Recon Loss: 0.0019 | Seg Loss: 0.4133

--- Epoch 195/300 ---
Batch 0/14 | Total Loss: 0.3927 | Recon Loss: 0.0022 | Seg Loss: 0.3912

--- Epoch 196/300 ---
Batch 0/14 | Total Loss: 0.4791 | Recon Loss: 0.0028 | Seg Loss: 0.4772

--- Epoch 197/300 ---
Batch 0/14 | Total Loss: 0.3755 | Recon Loss: 0.0030 | Seg Loss: 0.3734

--- Epoch 198/300 ---
Batch 0/14 | Total Loss: 0.4855 | Recon Loss: 0.0014 | Seg Loss: 0.4845

--- Epoch 199/300 ---
Batch 0/14 | Total Loss: 0.3846 | Recon Loss: 0.0071 | Seg Loss: 0.3797

--- Epoch 200/300 ---
Batch 0/14 | Total Loss: 0.3878 | Recon Loss: 0.0035 | Seg Loss: 0.3853

--- Epoch 201/300 ---
Batch 0/14 | Total Loss: 0.3735 | Recon Loss: 0.0094 | Seg Loss: 0.3669

--- Epoch 202/300 ---
Batch 0/14 | Total Loss: 0.3966 | Recon Loss: 0.0032 | Seg Loss: 0.3943

--- Epoch 203/300 ---
Batch 0/14 | Total Loss: 0.3803 | Recon Loss: 0.0109 | Seg Loss: 0.3727

--- Epoch 204/300 ---
Batch 0/14 | Total Loss: 0.3957 | Recon Loss: 0.0044 | Seg Loss: 0.3927

--- Epoch 205/300 ---
Batch 0/14 | Total Loss: 0.3796 | Recon Loss: 0.0030 | Seg Loss: 0.3775

--- Epoch 206/300 ---
Batch 0/14 | Total Loss: 0.3918 | Recon Loss: 0.0075 | Seg Loss: 0.3865

--- Epoch 207/300 ---
Batch 0/14 | Total Loss: 0.3842 | Recon Loss: 0.0166 | Seg Loss: 0.3725

--- Epoch 208/300 ---
Batch 0/14 | Total Loss: 0.3829 | Recon Loss: 0.0026 | Seg Loss: 0.3811

--- Epoch 209/300 ---
Batch 0/14 | Total Loss: 0.3838 | Recon Loss: 0.0021 | Seg Loss: 0.3823

--- Epoch 210/300 ---
Batch 0/14 | Total Loss: 0.3928 | Recon Loss: 0.0058 | Seg Loss: 0.3888

--- Epoch 211/300 ---
Batch 0/14 | Total Loss: 0.3659 | Recon Loss: 0.0082 | Seg Loss: 0.3602

--- Epoch 212/300 ---
Batch 0/14 | Total Loss: 0.3655 | Recon Loss: 0.0031 | Seg Loss: 0.3633

--- Epoch 213/300 ---
Batch 0/14 | Total Loss: 0.3945 | Recon Loss: 0.0029 | Seg Loss: 0.3925

--- Epoch 214/300 ---
Batch 0/14 | Total Loss: 0.3754 | Recon Loss: 0.0018 | Seg Loss: 0.3742

--- Epoch 215/300 ---
Batch 0/14 | Total Loss: 0.3927 | Recon Loss: 0.0024 | Seg Loss: 0.3911

--- Epoch 216/300 ---
Batch 0/14 | Total Loss: 0.3811 | Recon Loss: 0.0080 | Seg Loss: 0.3755

--- Epoch 217/300 ---
Batch 0/14 | Total Loss: 0.4378 | Recon Loss: 0.0045 | Seg Loss: 0.4346

--- Epoch 218/300 ---
Batch 0/14 | Total Loss: 0.3674 | Recon Loss: 0.0052 | Seg Loss: 0.3637

--- Epoch 219/300 ---
Batch 0/14 | Total Loss: 0.3773 | Recon Loss: 0.0048 | Seg Loss: 0.3739

--- Epoch 220/300 ---
Batch 0/14 | Total Loss: 0.3898 | Recon Loss: 0.0023 | Seg Loss: 0.3882

--- Epoch 221/300 ---
Batch 0/14 | Total Loss: 0.3885 | Recon Loss: 0.0047 | Seg Loss: 0.3852

--- Epoch 222/300 ---
Batch 0/14 | Total Loss: 0.3978 | Recon Loss: 0.0027 | Seg Loss: 0.3959

--- Epoch 223/300 ---
Batch 0/14 | Total Loss: 0.3945 | Recon Loss: 0.0029 | Seg Loss: 0.3925

--- Epoch 224/300 ---
Batch 0/14 | Total Loss: 0.3873 | Recon Loss: 0.0027 | Seg Loss: 0.3855

--- Epoch 225/300 ---
Batch 0/14 | Total Loss: 0.4222 | Recon Loss: 0.0044 | Seg Loss: 0.4191

--- Epoch 226/300 ---
Batch 0/14 | Total Loss: 0.3841 | Recon Loss: 0.0030 | Seg Loss: 0.3820

--- Epoch 227/300 ---
Batch 0/14 | Total Loss: 0.3665 | Recon Loss: 0.0115 | Seg Loss: 0.3584

--- Epoch 228/300 ---
Batch 0/14 | Total Loss: 0.4669 | Recon Loss: 0.0049 | Seg Loss: 0.4635

--- Epoch 229/300 ---
Batch 0/14 | Total Loss: 0.3914 | Recon Loss: 0.0022 | Seg Loss: 0.3899

--- Epoch 230/300 ---
Batch 0/14 | Total Loss: 0.4359 | Recon Loss: 0.0035 | Seg Loss: 0.4335

--- Epoch 231/300 ---
Batch 0/14 | Total Loss: 0.3631 | Recon Loss: 0.0064 | Seg Loss: 0.3586

--- Epoch 232/300 ---
Batch 0/14 | Total Loss: 0.3634 | Recon Loss: 0.0023 | Seg Loss: 0.3618

--- Epoch 233/300 ---
Batch 0/14 | Total Loss: 0.3953 | Recon Loss: 0.0066 | Seg Loss: 0.3907

--- Epoch 234/300 ---
Batch 0/14 | Total Loss: 0.3775 | Recon Loss: 0.0036 | Seg Loss: 0.3750

--- Epoch 235/300 ---
Batch 0/14 | Total Loss: 0.4152 | Recon Loss: 0.0026 | Seg Loss: 0.4134

--- Epoch 236/300 ---
Batch 0/14 | Total Loss: 0.3839 | Recon Loss: 0.0019 | Seg Loss: 0.3826

--- Epoch 237/300 ---
Batch 0/14 | Total Loss: 0.3935 | Recon Loss: 0.0028 | Seg Loss: 0.3916

--- Epoch 238/300 ---
Batch 0/14 | Total Loss: 0.4263 | Recon Loss: 0.0031 | Seg Loss: 0.4241

--- Epoch 239/300 ---
Batch 0/14 | Total Loss: 0.3607 | Recon Loss: 0.0019 | Seg Loss: 0.3593

--- Epoch 240/300 ---
Batch 0/14 | Total Loss: 0.4154 | Recon Loss: 0.0027 | Seg Loss: 0.4135

--- Epoch 241/300 ---
Batch 0/14 | Total Loss: 0.4352 | Recon Loss: 0.0040 | Seg Loss: 0.4324

--- Epoch 242/300 ---
Batch 0/14 | Total Loss: 0.4011 | Recon Loss: 0.0039 | Seg Loss: 0.3983

--- Epoch 243/300 ---
Batch 0/14 | Total Loss: 0.3735 | Recon Loss: 0.0014 | Seg Loss: 0.3725

--- Epoch 244/300 ---
Batch 0/14 | Total Loss: 0.3541 | Recon Loss: 0.0022 | Seg Loss: 0.3526

--- Epoch 245/300 ---
Batch 0/14 | Total Loss: 0.3841 | Recon Loss: 0.0040 | Seg Loss: 0.3813

--- Epoch 246/300 ---
Batch 0/14 | Total Loss: 0.3523 | Recon Loss: 0.0019 | Seg Loss: 0.3510

--- Epoch 247/300 ---
Batch 0/14 | Total Loss: 0.4036 | Recon Loss: 0.0136 | Seg Loss: 0.3941

--- Epoch 248/300 ---
Batch 0/14 | Total Loss: 0.3673 | Recon Loss: 0.0023 | Seg Loss: 0.3656

--- Epoch 249/300 ---
Batch 0/14 | Total Loss: 0.3759 | Recon Loss: 0.0104 | Seg Loss: 0.3687

--- Epoch 250/300 ---
Batch 0/14 | Total Loss: 0.4021 | Recon Loss: 0.0061 | Seg Loss: 0.3978

--- Epoch 251/300 ---
Batch 0/14 | Total Loss: 0.4121 | Recon Loss: 0.0023 | Seg Loss: 0.4105

--- Epoch 252/300 ---
Batch 0/14 | Total Loss: 0.3614 | Recon Loss: 0.0047 | Seg Loss: 0.3581

--- Epoch 253/300 ---
Batch 0/14 | Total Loss: 0.3535 | Recon Loss: 0.0018 | Seg Loss: 0.3522

--- Epoch 254/300 ---
Batch 0/14 | Total Loss: 0.3570 | Recon Loss: 0.0023 | Seg Loss: 0.3554

--- Epoch 255/300 ---
Batch 0/14 | Total Loss: 0.3847 | Recon Loss: 0.0022 | Seg Loss: 0.3832

--- Epoch 256/300 ---
Batch 0/14 | Total Loss: 0.3549 | Recon Loss: 0.0025 | Seg Loss: 0.3531

--- Epoch 257/300 ---
Batch 0/14 | Total Loss: 0.3495 | Recon Loss: 0.0030 | Seg Loss: 0.3474

--- Epoch 258/300 ---
Batch 0/14 | Total Loss: 0.3768 | Recon Loss: 0.0060 | Seg Loss: 0.3726

--- Epoch 259/300 ---
Batch 0/14 | Total Loss: 0.3495 | Recon Loss: 0.0055 | Seg Loss: 0.3457

--- Epoch 260/300 ---
Batch 0/14 | Total Loss: 0.3719 | Recon Loss: 0.0029 | Seg Loss: 0.3699

--- Epoch 261/300 ---
Batch 0/14 | Total Loss: 0.3481 | Recon Loss: 0.0054 | Seg Loss: 0.3443

--- Epoch 262/300 ---
Batch 0/14 | Total Loss: 0.4199 | Recon Loss: 0.0030 | Seg Loss: 0.4178

--- Epoch 263/300 ---
Batch 0/14 | Total Loss: 0.3486 | Recon Loss: 0.0081 | Seg Loss: 0.3429

--- Epoch 264/300 ---
Batch 0/14 | Total Loss: 0.4256 | Recon Loss: 0.0039 | Seg Loss: 0.4229

--- Epoch 265/300 ---
Batch 0/14 | Total Loss: 0.3821 | Recon Loss: 0.0022 | Seg Loss: 0.3805

--- Epoch 266/300 ---
Batch 0/14 | Total Loss: 0.3945 | Recon Loss: 0.0024 | Seg Loss: 0.3928

--- Epoch 267/300 ---
Batch 0/14 | Total Loss: 0.3543 | Recon Loss: 0.0120 | Seg Loss: 0.3459

--- Epoch 268/300 ---
Batch 0/14 | Total Loss: 0.3911 | Recon Loss: 0.0022 | Seg Loss: 0.3895

--- Epoch 269/300 ---
Batch 0/14 | Total Loss: 0.3669 | Recon Loss: 0.0047 | Seg Loss: 0.3636

--- Epoch 270/300 ---
Batch 0/14 | Total Loss: 0.3848 | Recon Loss: 0.0118 | Seg Loss: 0.3765

--- Epoch 271/300 ---
Batch 0/14 | Total Loss: 0.3582 | Recon Loss: 0.0030 | Seg Loss: 0.3560

--- Epoch 272/300 ---
Batch 0/14 | Total Loss: 0.3860 | Recon Loss: 0.0024 | Seg Loss: 0.3843

--- Epoch 273/300 ---
Batch 0/14 | Total Loss: 0.3591 | Recon Loss: 0.0037 | Seg Loss: 0.3565

--- Epoch 274/300 ---
Batch 0/14 | Total Loss: 0.3784 | Recon Loss: 0.0058 | Seg Loss: 0.3743

--- Epoch 275/300 ---
Batch 0/14 | Total Loss: 0.3818 | Recon Loss: 0.0038 | Seg Loss: 0.3792

--- Epoch 276/300 ---
Batch 0/14 | Total Loss: 0.3633 | Recon Loss: 0.0023 | Seg Loss: 0.3617

--- Epoch 277/300 ---
Batch 0/14 | Total Loss: 0.3671 | Recon Loss: 0.0021 | Seg Loss: 0.3656

--- Epoch 278/300 ---
Batch 0/14 | Total Loss: 0.3478 | Recon Loss: 0.0057 | Seg Loss: 0.3438

--- Epoch 279/300 ---
Batch 0/14 | Total Loss: 0.3917 | Recon Loss: 0.0024 | Seg Loss: 0.3900

--- Epoch 280/300 ---
Batch 0/14 | Total Loss: 0.3808 | Recon Loss: 0.0122 | Seg Loss: 0.3723

--- Epoch 281/300 ---
Batch 0/14 | Total Loss: 0.3670 | Recon Loss: 0.0125 | Seg Loss: 0.3583

--- Epoch 282/300 ---
Batch 0/14 | Total Loss: 0.3848 | Recon Loss: 0.0054 | Seg Loss: 0.3810

--- Epoch 283/300 ---
Batch 0/14 | Total Loss: 0.3799 | Recon Loss: 0.0020 | Seg Loss: 0.3785

--- Epoch 284/300 ---
Batch 0/14 | Total Loss: 0.3609 | Recon Loss: 0.0129 | Seg Loss: 0.3519

--- Epoch 285/300 ---
Batch 0/14 | Total Loss: 0.3963 | Recon Loss: 0.0027 | Seg Loss: 0.3945

--- Epoch 286/300 ---
Batch 0/14 | Total Loss: 0.3421 | Recon Loss: 0.0047 | Seg Loss: 0.3389

--- Epoch 287/300 ---
Batch 0/14 | Total Loss: 0.4250 | Recon Loss: 0.0067 | Seg Loss: 0.4204

--- Epoch 288/300 ---
Batch 0/14 | Total Loss: 0.3523 | Recon Loss: 0.0029 | Seg Loss: 0.3502

--- Epoch 289/300 ---
Batch 0/14 | Total Loss: 0.3661 | Recon Loss: 0.0022 | Seg Loss: 0.3646

--- Epoch 290/300 ---
Batch 0/14 | Total Loss: 0.4235 | Recon Loss: 0.0047 | Seg Loss: 0.4202

--- Epoch 291/300 ---
Batch 0/14 | Total Loss: 0.3859 | Recon Loss: 0.0014 | Seg Loss: 0.3849

--- Epoch 292/300 ---
Batch 0/14 | Total Loss: 0.4128 | Recon Loss: 0.0020 | Seg Loss: 0.4114

--- Epoch 293/300 ---
Batch 0/14 | Total Loss: 0.3844 | Recon Loss: 0.0072 | Seg Loss: 0.3794

--- Epoch 294/300 ---
Batch 0/14 | Total Loss: 0.3555 | Recon Loss: 0.0022 | Seg Loss: 0.3539

--- Epoch 295/300 ---
Batch 0/14 | Total Loss: 0.3609 | Recon Loss: 0.0018 | Seg Loss: 0.3596

--- Epoch 296/300 ---
Batch 0/14 | Total Loss: 0.3635 | Recon Loss: 0.0018 | Seg Loss: 0.3622

--- Epoch 297/300 ---
Batch 0/14 | Total Loss: 0.3393 | Recon Loss: 0.0043 | Seg Loss: 0.3363

--- Epoch 298/300 ---
Batch 0/14 | Total Loss: 0.3996 | Recon Loss: 0.0126 | Seg Loss: 0.3908

--- Epoch 299/300 ---
Batch 0/14 | Total Loss: 0.3828 | Recon Loss: 0.0028 | Seg Loss: 0.3809

--- Epoch 300/300 ---
Batch 0/14 | Total Loss: 0.3587 | Recon Loss: 0.0035 | Seg Loss: 0.3562
--- Training Finished ---
Model saved to /zhome/d2/4/167803/Desktop/Deep_project/02456-final-project/Trained_models/AG.pth
Job Finished.

------------------------------------------------------------
Sender: LSF System <lsfadmin@hpc.dtu.dk>
Subject: Job 27044919: <AG_job> in cluster <dcc> Done

Job <AG_job> was submitted from host <gbarlogin1> by user <s214776> in cluster <dcc> at Sun Nov 16 16:27:44 2025
Job was executed on host(s) <4*n-62-13-14>, in queue <gpul40s>, as user <s214776> in cluster <dcc> at Sun Nov 16 18:24:21 2025
</zhome/d2/4/167803> was used as the home directory.
</zhome/d2/4/167803/Desktop/Deep_project/02456-final-project> was used as the working directory.
Started at Sun Nov 16 18:24:21 2025
Terminated at Sun Nov 16 19:07:03 2025
Results reported at Sun Nov 16 19:07:03 2025

Your job looked like:

------------------------------------------------------------
# LSBATCH: User input
#!/bin/sh
### --- Job Name ---
#BSUB -J AG_job

### --- Log files ---
#BSUB -o /zhome/d2/4/167803/Desktop/Deep_project/02456-final-project/logs/AG_job_%J.out
#BSUB -e /zhome/d2/4/167803/Desktop/Deep_project/02456-final-project/logs/AG_err_%J.err

### --- Resource Requests ---
#BSUB -q gpul40s           # Request GPU queue
#BSUB -gpu "num=1:mode=exclusive_process" # Request 1 GPU, all to myself
#BSUB -n 4                    # Request 4 CPU cores
#BSUB -R "rusage[mem=8GB]"   # Request 16GB memory
#BSUB -W 04:00                # 4 hour runtime limit

### --- Setup Environment ---
echo "Loading CUDA module..."
module load cuda/11.6         # Load CUDA module

echo "Loading Conda..."

source /zhome/d2/4/167803/miniforge3/bin/activate MBML
echo "Environment 'MBML' activated."

echo "Starting Python script..."
python /zhome/d2/4/167803/Desktop/Deep_project/02456-final-project/Model/AG.py

echo "Job Finished."
------------------------------------------------------------

Successfully completed.

Resource usage summary:

    CPU time :                                   2876.00 sec.
    Max Memory :                                 1492 MB
    Average Memory :                             1318.48 MB
    Total Requested Memory :                     32768.00 MB
    Delta Memory :                               31276.00 MB
    Max Swap :                                   -
    Max Processes :                              4
    Max Threads :                                10
    Run time :                                   2563 sec.
    Turnaround time :                            9559 sec.

The output (if any) is above this job summary.



PS:

Read file </zhome/d2/4/167803/Desktop/Deep_project/02456-final-project/logs/AG_err_27044919.err> for stderr output of this job.

