Loading CUDA module...
Loading Conda...
Environment 'MBML' activated.
Starting Python script...
Using device: cuda
Using device: cuda
Found 28 image/label pairs.
--- Data Split ---
Total labeled samples: 28
Training samples: 23
Validation samples: 5
Found 119 unlabeled images.
--- Unlabeled data success ---
--- Starting Training ---

--- Epoch 1/300 ---
  Batch 0/23 | Total Loss: 4.7316 | Recon Loss: 0.2868 | Seg Loss: 1.1112
TRAIN Avg Loss: 4.4903 | Avg Seg Loss: 1.0629 | Avg Recon Loss: 0.2386
VALIDATION | Epoch Mean IoU (mIoU): 0.0528

--- Epoch 2/300 ---
  Batch 0/23 | Total Loss: 4.3943 | Recon Loss: 0.2194 | Seg Loss: 1.0437
TRAIN Avg Loss: 4.1187 | Avg Seg Loss: 0.9852 | Avg Recon Loss: 0.1781
VALIDATION | Epoch Mean IoU (mIoU): 0.0641

--- Epoch 3/300 ---
  Batch 0/23 | Total Loss: 4.1546 | Recon Loss: 0.1214 | Seg Loss: 1.0083
TRAIN Avg Loss: 3.9236 | Avg Seg Loss: 0.9401 | Avg Recon Loss: 0.1633
VALIDATION | Epoch Mean IoU (mIoU): 0.0479

--- Epoch 4/300 ---
  Batch 0/23 | Total Loss: 4.0309 | Recon Loss: 0.3086 | Seg Loss: 0.9306
TRAIN Avg Loss: 3.7638 | Avg Seg Loss: 0.9057 | Avg Recon Loss: 0.1409
VALIDATION | Epoch Mean IoU (mIoU): 0.0720

--- Epoch 5/300 ---
  Batch 0/23 | Total Loss: 3.4769 | Recon Loss: 0.1616 | Seg Loss: 0.8288
TRAIN Avg Loss: 3.6018 | Avg Seg Loss: 0.8666 | Avg Recon Loss: 0.1355
VALIDATION | Epoch Mean IoU (mIoU): 0.0957

--- Epoch 6/300 ---
  Batch 0/23 | Total Loss: 3.5019 | Recon Loss: 0.1445 | Seg Loss: 0.8393
TRAIN Avg Loss: 3.5285 | Avg Seg Loss: 0.8514 | Avg Recon Loss: 0.1230
VALIDATION | Epoch Mean IoU (mIoU): 0.1017

--- Epoch 7/300 ---
  Batch 0/23 | Total Loss: 3.5084 | Recon Loss: 0.1179 | Seg Loss: 0.8476
TRAIN Avg Loss: 3.3693 | Avg Seg Loss: 0.8151 | Avg Recon Loss: 0.1090
VALIDATION | Epoch Mean IoU (mIoU): 0.0846

--- Epoch 8/300 ---
  Batch 0/23 | Total Loss: 3.2112 | Recon Loss: 0.0727 | Seg Loss: 0.7846
TRAIN Avg Loss: 3.3402 | Avg Seg Loss: 0.8091 | Avg Recon Loss: 0.1039
VALIDATION | Epoch Mean IoU (mIoU): 0.1004

--- Epoch 9/300 ---
  Batch 0/23 | Total Loss: 3.3930 | Recon Loss: 0.1612 | Seg Loss: 0.8080
TRAIN Avg Loss: 3.3047 | Avg Seg Loss: 0.7977 | Avg Recon Loss: 0.1138
VALIDATION | Epoch Mean IoU (mIoU): 0.0981

--- Epoch 10/300 ---
  Batch 0/23 | Total Loss: 3.3428 | Recon Loss: 0.1100 | Seg Loss: 0.8082
TRAIN Avg Loss: 3.2925 | Avg Seg Loss: 0.7961 | Avg Recon Loss: 0.1079
VALIDATION | Epoch Mean IoU (mIoU): 0.1211

--- Epoch 11/300 ---
  Batch 0/23 | Total Loss: 3.1463 | Recon Loss: 0.0672 | Seg Loss: 0.7698
TRAIN Avg Loss: 3.1678 | Avg Seg Loss: 0.7666 | Avg Recon Loss: 0.1015
VALIDATION | Epoch Mean IoU (mIoU): 0.1126

--- Epoch 12/300 ---
  Batch 0/23 | Total Loss: 3.0681 | Recon Loss: 0.1164 | Seg Loss: 0.7379
TRAIN Avg Loss: 3.1206 | Avg Seg Loss: 0.7561 | Avg Recon Loss: 0.0963
VALIDATION | Epoch Mean IoU (mIoU): 0.0779

--- Epoch 13/300 ---
  Batch 0/23 | Total Loss: 3.4424 | Recon Loss: 0.0831 | Seg Loss: 0.8398
TRAIN Avg Loss: 3.1085 | Avg Seg Loss: 0.7530 | Avg Recon Loss: 0.0964
VALIDATION | Epoch Mean IoU (mIoU): 0.1304

--- Epoch 14/300 ---
  Batch 0/23 | Total Loss: 3.2480 | Recon Loss: 0.1044 | Seg Loss: 0.7859
TRAIN Avg Loss: 3.0769 | Avg Seg Loss: 0.7466 | Avg Recon Loss: 0.0906
VALIDATION | Epoch Mean IoU (mIoU): 0.1387

--- Epoch 15/300 ---
  Batch 0/23 | Total Loss: 2.8549 | Recon Loss: 0.1140 | Seg Loss: 0.6852
TRAIN Avg Loss: 3.0291 | Avg Seg Loss: 0.7353 | Avg Recon Loss: 0.0880
VALIDATION | Epoch Mean IoU (mIoU): 0.1461

--- Epoch 16/300 ---
  Batch 0/23 | Total Loss: 3.1423 | Recon Loss: 0.0693 | Seg Loss: 0.7682
TRAIN Avg Loss: 3.0275 | Avg Seg Loss: 0.7382 | Avg Recon Loss: 0.0745
VALIDATION | Epoch Mean IoU (mIoU): 0.1619

--- Epoch 17/300 ---
  Batch 0/23 | Total Loss: 3.0038 | Recon Loss: 0.0784 | Seg Loss: 0.7314
TRAIN Avg Loss: 2.9729 | Avg Seg Loss: 0.7243 | Avg Recon Loss: 0.0756
VALIDATION | Epoch Mean IoU (mIoU): 0.1460

--- Epoch 18/300 ---
  Batch 0/23 | Total Loss: 2.8309 | Recon Loss: 0.0563 | Seg Loss: 0.6937
TRAIN Avg Loss: 2.9282 | Avg Seg Loss: 0.7116 | Avg Recon Loss: 0.0817
VALIDATION | Epoch Mean IoU (mIoU): 0.1066

--- Epoch 19/300 ---
  Batch 0/23 | Total Loss: 2.9931 | Recon Loss: 0.0975 | Seg Loss: 0.7239
TRAIN Avg Loss: 2.9087 | Avg Seg Loss: 0.7087 | Avg Recon Loss: 0.0738
VALIDATION | Epoch Mean IoU (mIoU): 0.1293

--- Epoch 20/300 ---
  Batch 0/23 | Total Loss: 2.9271 | Recon Loss: 0.0817 | Seg Loss: 0.7113
TRAIN Avg Loss: 2.9139 | Avg Seg Loss: 0.7104 | Avg Recon Loss: 0.0724
VALIDATION | Epoch Mean IoU (mIoU): 0.1579

--- Epoch 21/300 ---
  Batch 0/23 | Total Loss: 2.7633 | Recon Loss: 0.0710 | Seg Loss: 0.6731
TRAIN Avg Loss: 2.8560 | Avg Seg Loss: 0.6966 | Avg Recon Loss: 0.0698
VALIDATION | Epoch Mean IoU (mIoU): 0.1173

--- Epoch 22/300 ---
  Batch 0/23 | Total Loss: 2.7431 | Recon Loss: 0.0962 | Seg Loss: 0.6617
TRAIN Avg Loss: 2.8013 | Avg Seg Loss: 0.6841 | Avg Recon Loss: 0.0650
VALIDATION | Epoch Mean IoU (mIoU): 0.1524

--- Epoch 23/300 ---
  Batch 0/23 | Total Loss: 2.6658 | Recon Loss: 0.0474 | Seg Loss: 0.6546
TRAIN Avg Loss: 2.7505 | Avg Seg Loss: 0.6706 | Avg Recon Loss: 0.0680
VALIDATION | Epoch Mean IoU (mIoU): 0.1396

--- Epoch 24/300 ---
  Batch 0/23 | Total Loss: 2.8229 | Recon Loss: 0.1133 | Seg Loss: 0.6774
TRAIN Avg Loss: 2.7663 | Avg Seg Loss: 0.6767 | Avg Recon Loss: 0.0596
VALIDATION | Epoch Mean IoU (mIoU): 0.2373

--- Epoch 25/300 ---
  Batch 0/23 | Total Loss: 2.5377 | Recon Loss: 0.0777 | Seg Loss: 0.6150
TRAIN Avg Loss: 2.7296 | Avg Seg Loss: 0.6680 | Avg Recon Loss: 0.0577
VALIDATION | Epoch Mean IoU (mIoU): 0.1166

--- Epoch 26/300 ---
  Batch 0/23 | Total Loss: 2.5399 | Recon Loss: 0.0454 | Seg Loss: 0.6236
TRAIN Avg Loss: 2.6094 | Avg Seg Loss: 0.6385 | Avg Recon Loss: 0.0553
VALIDATION | Epoch Mean IoU (mIoU): 0.1642

--- Epoch 27/300 ---
  Batch 0/23 | Total Loss: 2.7675 | Recon Loss: 0.0768 | Seg Loss: 0.6727
TRAIN Avg Loss: 2.7275 | Avg Seg Loss: 0.6661 | Avg Recon Loss: 0.0629
VALIDATION | Epoch Mean IoU (mIoU): 0.1178

--- Epoch 28/300 ---
  Batch 0/23 | Total Loss: 2.4548 | Recon Loss: 0.0443 | Seg Loss: 0.6026
TRAIN Avg Loss: 2.6519 | Avg Seg Loss: 0.6499 | Avg Recon Loss: 0.0524
VALIDATION | Epoch Mean IoU (mIoU): 0.1875

--- Epoch 29/300 ---
  Batch 0/23 | Total Loss: 2.7886 | Recon Loss: 0.0428 | Seg Loss: 0.6865
TRAIN Avg Loss: 2.7088 | Avg Seg Loss: 0.6646 | Avg Recon Loss: 0.0505
VALIDATION | Epoch Mean IoU (mIoU): 0.1727

--- Epoch 30/300 ---
  Batch 0/23 | Total Loss: 2.6217 | Recon Loss: 0.0444 | Seg Loss: 0.6443
TRAIN Avg Loss: 2.5953 | Avg Seg Loss: 0.6374 | Avg Recon Loss: 0.0456
VALIDATION | Epoch Mean IoU (mIoU): 0.1644

--- Epoch 31/300 ---
  Batch 0/23 | Total Loss: 2.4058 | Recon Loss: 0.0348 | Seg Loss: 0.5928
TRAIN Avg Loss: 2.4990 | Avg Seg Loss: 0.6128 | Avg Recon Loss: 0.0479
VALIDATION | Epoch Mean IoU (mIoU): 0.2077

--- Epoch 32/300 ---
  Batch 0/23 | Total Loss: 2.1808 | Recon Loss: 0.0278 | Seg Loss: 0.5382
TRAIN Avg Loss: 2.4709 | Avg Seg Loss: 0.6057 | Avg Recon Loss: 0.0480
VALIDATION | Epoch Mean IoU (mIoU): 0.3270

--- Epoch 33/300 ---
  Batch 0/23 | Total Loss: 2.5628 | Recon Loss: 0.0427 | Seg Loss: 0.6300
TRAIN Avg Loss: 2.5156 | Avg Seg Loss: 0.6176 | Avg Recon Loss: 0.0450
VALIDATION | Epoch Mean IoU (mIoU): 0.1840

--- Epoch 34/300 ---
  Batch 0/23 | Total Loss: 2.7777 | Recon Loss: 0.0337 | Seg Loss: 0.6860
TRAIN Avg Loss: 2.4888 | Avg Seg Loss: 0.6113 | Avg Recon Loss: 0.0435
VALIDATION | Epoch Mean IoU (mIoU): 0.1780

--- Epoch 35/300 ---
  Batch 0/23 | Total Loss: 2.6397 | Recon Loss: 0.0292 | Seg Loss: 0.6526
TRAIN Avg Loss: 2.3985 | Avg Seg Loss: 0.5873 | Avg Recon Loss: 0.0494
VALIDATION | Epoch Mean IoU (mIoU): 0.1123

--- Epoch 36/300 ---
  Batch 0/23 | Total Loss: 2.2915 | Recon Loss: 0.0726 | Seg Loss: 0.5547
TRAIN Avg Loss: 2.4307 | Avg Seg Loss: 0.5973 | Avg Recon Loss: 0.0414
VALIDATION | Epoch Mean IoU (mIoU): 0.2515

--- Epoch 37/300 ---
  Batch 0/23 | Total Loss: 2.6463 | Recon Loss: 0.0733 | Seg Loss: 0.6433
TRAIN Avg Loss: 2.3693 | Avg Seg Loss: 0.5812 | Avg Recon Loss: 0.0447
VALIDATION | Epoch Mean IoU (mIoU): 0.1595

--- Epoch 38/300 ---
  Batch 0/23 | Total Loss: 2.4298 | Recon Loss: 0.0253 | Seg Loss: 0.6011
TRAIN Avg Loss: 2.3880 | Avg Seg Loss: 0.5875 | Avg Recon Loss: 0.0379
VALIDATION | Epoch Mean IoU (mIoU): 0.2068

--- Epoch 39/300 ---
  Batch 0/23 | Total Loss: 2.7274 | Recon Loss: 0.0225 | Seg Loss: 0.6762
TRAIN Avg Loss: 2.4603 | Avg Seg Loss: 0.6049 | Avg Recon Loss: 0.0407
VALIDATION | Epoch Mean IoU (mIoU): 0.2330

--- Epoch 40/300 ---
  Batch 0/23 | Total Loss: 2.3899 | Recon Loss: 0.0217 | Seg Loss: 0.5921
TRAIN Avg Loss: 2.3704 | Avg Seg Loss: 0.5844 | Avg Recon Loss: 0.0329
VALIDATION | Epoch Mean IoU (mIoU): 0.2380

--- Epoch 41/300 ---
  Batch 0/23 | Total Loss: 2.3021 | Recon Loss: 0.0278 | Seg Loss: 0.5686
TRAIN Avg Loss: 2.3341 | Avg Seg Loss: 0.5732 | Avg Recon Loss: 0.0411
VALIDATION | Epoch Mean IoU (mIoU): 0.2139

--- Epoch 42/300 ---
  Batch 0/23 | Total Loss: 2.3712 | Recon Loss: 0.0276 | Seg Loss: 0.5859
TRAIN Avg Loss: 2.2858 | Avg Seg Loss: 0.5626 | Avg Recon Loss: 0.0354
VALIDATION | Epoch Mean IoU (mIoU): 0.2028

--- Epoch 43/300 ---
  Batch 0/23 | Total Loss: 2.2088 | Recon Loss: 0.0320 | Seg Loss: 0.5442
TRAIN Avg Loss: 2.2946 | Avg Seg Loss: 0.5642 | Avg Recon Loss: 0.0377
VALIDATION | Epoch Mean IoU (mIoU): 0.2802

--- Epoch 44/300 ---
  Batch 0/23 | Total Loss: 2.0138 | Recon Loss: 0.0182 | Seg Loss: 0.4989
TRAIN Avg Loss: 2.2650 | Avg Seg Loss: 0.5577 | Avg Recon Loss: 0.0341
VALIDATION | Epoch Mean IoU (mIoU): 0.2397

--- Epoch 45/300 ---
  Batch 0/23 | Total Loss: 2.1956 | Recon Loss: 0.0466 | Seg Loss: 0.5372
TRAIN Avg Loss: 2.2709 | Avg Seg Loss: 0.5591 | Avg Recon Loss: 0.0344
VALIDATION | Epoch Mean IoU (mIoU): 0.2036

--- Epoch 46/300 ---
  Batch 0/23 | Total Loss: 2.3159 | Recon Loss: 0.0171 | Seg Loss: 0.5747
TRAIN Avg Loss: 2.2128 | Avg Seg Loss: 0.5441 | Avg Recon Loss: 0.0364
VALIDATION | Epoch Mean IoU (mIoU): 0.3156

--- Epoch 47/300 ---
  Batch 0/23 | Total Loss: 2.1174 | Recon Loss: 0.0307 | Seg Loss: 0.5217
TRAIN Avg Loss: 2.1904 | Avg Seg Loss: 0.5402 | Avg Recon Loss: 0.0296
VALIDATION | Epoch Mean IoU (mIoU): 0.3286

--- Epoch 48/300 ---
  Batch 0/23 | Total Loss: 2.5604 | Recon Loss: 0.0432 | Seg Loss: 0.6293
TRAIN Avg Loss: 2.2415 | Avg Seg Loss: 0.5520 | Avg Recon Loss: 0.0337
VALIDATION | Epoch Mean IoU (mIoU): 0.1668

--- Epoch 49/300 ---
  Batch 0/23 | Total Loss: 2.2359 | Recon Loss: 0.0149 | Seg Loss: 0.5553
TRAIN Avg Loss: 2.2443 | Avg Seg Loss: 0.5533 | Avg Recon Loss: 0.0312
VALIDATION | Epoch Mean IoU (mIoU): 0.1704

--- Epoch 50/300 ---
  Batch 0/23 | Total Loss: 1.9307 | Recon Loss: 0.0266 | Seg Loss: 0.4760
TRAIN Avg Loss: 2.0834 | Avg Seg Loss: 0.5145 | Avg Recon Loss: 0.0253
VALIDATION | Epoch Mean IoU (mIoU): 0.2342

--- Epoch 51/300 ---
  Batch 0/23 | Total Loss: 2.2453 | Recon Loss: 0.0217 | Seg Loss: 0.5559
TRAIN Avg Loss: 2.2032 | Avg Seg Loss: 0.5442 | Avg Recon Loss: 0.0263
VALIDATION | Epoch Mean IoU (mIoU): 0.1676

--- Epoch 52/300 ---
  Batch 0/23 | Total Loss: 2.0349 | Recon Loss: 0.0591 | Seg Loss: 0.4940
TRAIN Avg Loss: 2.1376 | Avg Seg Loss: 0.5251 | Avg Recon Loss: 0.0371
VALIDATION | Epoch Mean IoU (mIoU): 0.1634

--- Epoch 53/300 ---
  Batch 0/23 | Total Loss: 1.9013 | Recon Loss: 0.0253 | Seg Loss: 0.4690
TRAIN Avg Loss: 2.0764 | Avg Seg Loss: 0.5115 | Avg Recon Loss: 0.0303
VALIDATION | Epoch Mean IoU (mIoU): 0.2568

--- Epoch 54/300 ---
  Batch 0/23 | Total Loss: 2.1534 | Recon Loss: 0.0258 | Seg Loss: 0.5319
TRAIN Avg Loss: 2.0833 | Avg Seg Loss: 0.5134 | Avg Recon Loss: 0.0298
VALIDATION | Epoch Mean IoU (mIoU): 0.2714

--- Epoch 55/300 ---
  Batch 0/23 | Total Loss: 2.0780 | Recon Loss: 0.0149 | Seg Loss: 0.5158
TRAIN Avg Loss: 2.0935 | Avg Seg Loss: 0.5162 | Avg Recon Loss: 0.0288
VALIDATION | Epoch Mean IoU (mIoU): 0.3467

--- Epoch 56/300 ---
  Batch 0/23 | Total Loss: 1.8370 | Recon Loss: 0.0257 | Seg Loss: 0.4528
TRAIN Avg Loss: 1.9860 | Avg Seg Loss: 0.4891 | Avg Recon Loss: 0.0294
VALIDATION | Epoch Mean IoU (mIoU): 0.2970

--- Epoch 57/300 ---
  Batch 0/23 | Total Loss: 1.8484 | Recon Loss: 0.0277 | Seg Loss: 0.4552
TRAIN Avg Loss: 1.9601 | Avg Seg Loss: 0.4834 | Avg Recon Loss: 0.0263
VALIDATION | Epoch Mean IoU (mIoU): 0.2192

--- Epoch 58/300 ---
  Batch 0/23 | Total Loss: 2.0639 | Recon Loss: 0.0271 | Seg Loss: 0.5092
TRAIN Avg Loss: 1.9971 | Avg Seg Loss: 0.4921 | Avg Recon Loss: 0.0285
VALIDATION | Epoch Mean IoU (mIoU): 0.2535

--- Epoch 59/300 ---
  Batch 0/23 | Total Loss: 2.0104 | Recon Loss: 0.0377 | Seg Loss: 0.4932
TRAIN Avg Loss: 1.9992 | Avg Seg Loss: 0.4939 | Avg Recon Loss: 0.0234
VALIDATION | Epoch Mean IoU (mIoU): 0.2405

--- Epoch 60/300 ---
  Batch 0/23 | Total Loss: 2.3190 | Recon Loss: 0.0203 | Seg Loss: 0.5747
TRAIN Avg Loss: 1.9848 | Avg Seg Loss: 0.4901 | Avg Recon Loss: 0.0242
VALIDATION | Epoch Mean IoU (mIoU): 0.2756

--- Epoch 61/300 ---
  Batch 0/23 | Total Loss: 2.4440 | Recon Loss: 0.0121 | Seg Loss: 0.6080
TRAIN Avg Loss: 1.9681 | Avg Seg Loss: 0.4840 | Avg Recon Loss: 0.0320
VALIDATION | Epoch Mean IoU (mIoU): 0.3079

--- Epoch 62/300 ---
  Batch 0/23 | Total Loss: 1.8474 | Recon Loss: 0.0117 | Seg Loss: 0.4589
TRAIN Avg Loss: 1.9411 | Avg Seg Loss: 0.4791 | Avg Recon Loss: 0.0245
VALIDATION | Epoch Mean IoU (mIoU): 0.3358

--- Epoch 63/300 ---
  Batch 0/23 | Total Loss: 1.9299 | Recon Loss: 0.0178 | Seg Loss: 0.4780
TRAIN Avg Loss: 1.8771 | Avg Seg Loss: 0.4639 | Avg Recon Loss: 0.0215
VALIDATION | Epoch Mean IoU (mIoU): 0.3305

--- Epoch 64/300 ---
  Batch 0/23 | Total Loss: 1.8423 | Recon Loss: 0.0096 | Seg Loss: 0.4582
TRAIN Avg Loss: 1.8687 | Avg Seg Loss: 0.4611 | Avg Recon Loss: 0.0242
VALIDATION | Epoch Mean IoU (mIoU): 0.3061

--- Epoch 65/300 ---
  Batch 0/23 | Total Loss: 1.6227 | Recon Loss: 0.0343 | Seg Loss: 0.3971
TRAIN Avg Loss: 1.8539 | Avg Seg Loss: 0.4589 | Avg Recon Loss: 0.0183
VALIDATION | Epoch Mean IoU (mIoU): 0.3014

--- Epoch 66/300 ---
  Batch 0/23 | Total Loss: 1.8737 | Recon Loss: 0.0148 | Seg Loss: 0.4647
TRAIN Avg Loss: 1.8439 | Avg Seg Loss: 0.4562 | Avg Recon Loss: 0.0189
VALIDATION | Epoch Mean IoU (mIoU): 0.3302

--- Epoch 67/300 ---
  Batch 0/23 | Total Loss: 1.6206 | Recon Loss: 0.0146 | Seg Loss: 0.4015
TRAIN Avg Loss: 1.8323 | Avg Seg Loss: 0.4519 | Avg Recon Loss: 0.0248
VALIDATION | Epoch Mean IoU (mIoU): 0.2095

--- Epoch 68/300 ---
  Batch 0/23 | Total Loss: 1.8205 | Recon Loss: 0.0174 | Seg Loss: 0.4508
TRAIN Avg Loss: 1.8616 | Avg Seg Loss: 0.4602 | Avg Recon Loss: 0.0207
VALIDATION | Epoch Mean IoU (mIoU): 0.2670

--- Epoch 69/300 ---
  Batch 0/23 | Total Loss: 1.8257 | Recon Loss: 0.0229 | Seg Loss: 0.4507
TRAIN Avg Loss: 1.7777 | Avg Seg Loss: 0.4391 | Avg Recon Loss: 0.0212
VALIDATION | Epoch Mean IoU (mIoU): 0.3426

--- Epoch 70/300 ---
  Batch 0/23 | Total Loss: 1.8001 | Recon Loss: 0.0220 | Seg Loss: 0.4445
TRAIN Avg Loss: 1.8841 | Avg Seg Loss: 0.4658 | Avg Recon Loss: 0.0207
VALIDATION | Epoch Mean IoU (mIoU): 0.1701

--- Epoch 71/300 ---
  Batch 0/23 | Total Loss: 1.9451 | Recon Loss: 0.0174 | Seg Loss: 0.4819
TRAIN Avg Loss: 1.8239 | Avg Seg Loss: 0.4514 | Avg Recon Loss: 0.0184
VALIDATION | Epoch Mean IoU (mIoU): 0.3123

--- Epoch 72/300 ---
  Batch 0/23 | Total Loss: 1.8987 | Recon Loss: 0.0113 | Seg Loss: 0.4719
TRAIN Avg Loss: 1.8051 | Avg Seg Loss: 0.4459 | Avg Recon Loss: 0.0214
VALIDATION | Epoch Mean IoU (mIoU): 0.2815

--- Epoch 73/300 ---
  Batch 0/23 | Total Loss: 1.9986 | Recon Loss: 0.0505 | Seg Loss: 0.4870
TRAIN Avg Loss: 1.8028 | Avg Seg Loss: 0.4451 | Avg Recon Loss: 0.0224
VALIDATION | Epoch Mean IoU (mIoU): 0.2616

--- Epoch 74/300 ---
  Batch 0/23 | Total Loss: 1.6074 | Recon Loss: 0.0460 | Seg Loss: 0.3903
TRAIN Avg Loss: 1.7721 | Avg Seg Loss: 0.4381 | Avg Recon Loss: 0.0199
VALIDATION | Epoch Mean IoU (mIoU): 0.3647

--- Epoch 75/300 ---
  Batch 0/23 | Total Loss: 1.7495 | Recon Loss: 0.0093 | Seg Loss: 0.4351
TRAIN Avg Loss: 1.7354 | Avg Seg Loss: 0.4293 | Avg Recon Loss: 0.0180
VALIDATION | Epoch Mean IoU (mIoU): 0.2410

--- Epoch 76/300 ---
  Batch 0/23 | Total Loss: 1.8488 | Recon Loss: 0.0180 | Seg Loss: 0.4577
TRAIN Avg Loss: 1.7523 | Avg Seg Loss: 0.4339 | Avg Recon Loss: 0.0167
VALIDATION | Epoch Mean IoU (mIoU): 0.3265

--- Epoch 77/300 ---
  Batch 0/23 | Total Loss: 1.7162 | Recon Loss: 0.0082 | Seg Loss: 0.4270
TRAIN Avg Loss: 1.7404 | Avg Seg Loss: 0.4301 | Avg Recon Loss: 0.0201
VALIDATION | Epoch Mean IoU (mIoU): 0.2629

--- Epoch 78/300 ---
  Batch 0/23 | Total Loss: 1.5117 | Recon Loss: 0.0056 | Seg Loss: 0.3765
TRAIN Avg Loss: 1.7760 | Avg Seg Loss: 0.4395 | Avg Recon Loss: 0.0179
VALIDATION | Epoch Mean IoU (mIoU): 0.3382

--- Epoch 79/300 ---
  Batch 0/23 | Total Loss: 1.6078 | Recon Loss: 0.0090 | Seg Loss: 0.3997
TRAIN Avg Loss: 1.7249 | Avg Seg Loss: 0.4268 | Avg Recon Loss: 0.0176
VALIDATION | Epoch Mean IoU (mIoU): 0.2985

--- Epoch 80/300 ---
  Batch 0/23 | Total Loss: 1.7492 | Recon Loss: 0.0139 | Seg Loss: 0.4338
TRAIN Avg Loss: 1.7599 | Avg Seg Loss: 0.4350 | Avg Recon Loss: 0.0198
VALIDATION | Epoch Mean IoU (mIoU): 0.3149

--- Epoch 81/300 ---
  Batch 0/23 | Total Loss: 1.6355 | Recon Loss: 0.0146 | Seg Loss: 0.4052
TRAIN Avg Loss: 1.7363 | Avg Seg Loss: 0.4300 | Avg Recon Loss: 0.0165
VALIDATION | Epoch Mean IoU (mIoU): 0.3306

--- Epoch 82/300 ---
  Batch 0/23 | Total Loss: 1.5500 | Recon Loss: 0.0095 | Seg Loss: 0.3851
TRAIN Avg Loss: 1.6651 | Avg Seg Loss: 0.4114 | Avg Recon Loss: 0.0194
VALIDATION | Epoch Mean IoU (mIoU): 0.3659

--- Epoch 83/300 ---
  Batch 0/23 | Total Loss: 1.5720 | Recon Loss: 0.0110 | Seg Loss: 0.3902
TRAIN Avg Loss: 1.7115 | Avg Seg Loss: 0.4235 | Avg Recon Loss: 0.0174
VALIDATION | Epoch Mean IoU (mIoU): 0.3439

--- Epoch 84/300 ---
  Batch 0/23 | Total Loss: 1.7114 | Recon Loss: 0.0137 | Seg Loss: 0.4244
TRAIN Avg Loss: 1.6960 | Avg Seg Loss: 0.4205 | Avg Recon Loss: 0.0140
VALIDATION | Epoch Mean IoU (mIoU): 0.3230

--- Epoch 85/300 ---
  Batch 0/23 | Total Loss: 2.0417 | Recon Loss: 0.0138 | Seg Loss: 0.5070
TRAIN Avg Loss: 1.7896 | Avg Seg Loss: 0.4428 | Avg Recon Loss: 0.0184
VALIDATION | Epoch Mean IoU (mIoU): 0.2107

--- Epoch 86/300 ---
  Batch 0/23 | Total Loss: 1.6274 | Recon Loss: 0.0084 | Seg Loss: 0.4047
TRAIN Avg Loss: 1.6542 | Avg Seg Loss: 0.4098 | Avg Recon Loss: 0.0151
VALIDATION | Epoch Mean IoU (mIoU): 0.3366

--- Epoch 87/300 ---
  Batch 0/23 | Total Loss: 1.5004 | Recon Loss: 0.0103 | Seg Loss: 0.3725
TRAIN Avg Loss: 1.6862 | Avg Seg Loss: 0.4166 | Avg Recon Loss: 0.0197
VALIDATION | Epoch Mean IoU (mIoU): 0.3478

--- Epoch 88/300 ---
  Batch 0/23 | Total Loss: 1.4837 | Recon Loss: 0.0124 | Seg Loss: 0.3678
TRAIN Avg Loss: 1.6543 | Avg Seg Loss: 0.4096 | Avg Recon Loss: 0.0158
VALIDATION | Epoch Mean IoU (mIoU): 0.3426

--- Epoch 89/300 ---
  Batch 0/23 | Total Loss: 1.5343 | Recon Loss: 0.0330 | Seg Loss: 0.3753
TRAIN Avg Loss: 1.7139 | Avg Seg Loss: 0.4245 | Avg Recon Loss: 0.0158
VALIDATION | Epoch Mean IoU (mIoU): 0.2999

--- Epoch 90/300 ---
  Batch 0/23 | Total Loss: 1.6833 | Recon Loss: 0.0106 | Seg Loss: 0.4182
TRAIN Avg Loss: 1.6157 | Avg Seg Loss: 0.3990 | Avg Recon Loss: 0.0196
VALIDATION | Epoch Mean IoU (mIoU): 0.2670

--- Epoch 91/300 ---
  Batch 0/23 | Total Loss: 2.1175 | Recon Loss: 0.0356 | Seg Loss: 0.5205
TRAIN Avg Loss: 1.6841 | Avg Seg Loss: 0.4168 | Avg Recon Loss: 0.0167
VALIDATION | Epoch Mean IoU (mIoU): 0.3137

--- Epoch 92/300 ---
  Batch 0/23 | Total Loss: 1.5021 | Recon Loss: 0.0097 | Seg Loss: 0.3731
TRAIN Avg Loss: 1.6535 | Avg Seg Loss: 0.4091 | Avg Recon Loss: 0.0170
VALIDATION | Epoch Mean IoU (mIoU): 0.2330

--- Epoch 93/300 ---
  Batch 0/23 | Total Loss: 1.5913 | Recon Loss: 0.0063 | Seg Loss: 0.3963
TRAIN Avg Loss: 1.6059 | Avg Seg Loss: 0.3981 | Avg Recon Loss: 0.0135
VALIDATION | Epoch Mean IoU (mIoU): 0.2423

--- Epoch 94/300 ---
  Batch 0/23 | Total Loss: 1.6792 | Recon Loss: 0.0087 | Seg Loss: 0.4176
TRAIN Avg Loss: 1.6441 | Avg Seg Loss: 0.4072 | Avg Recon Loss: 0.0152
VALIDATION | Epoch Mean IoU (mIoU): 0.3361

--- Epoch 95/300 ---
  Batch 0/23 | Total Loss: 1.6225 | Recon Loss: 0.0058 | Seg Loss: 0.4042
TRAIN Avg Loss: 1.6652 | Avg Seg Loss: 0.4122 | Avg Recon Loss: 0.0166
VALIDATION | Epoch Mean IoU (mIoU): 0.2206

--- Epoch 96/300 ---
  Batch 0/23 | Total Loss: 1.6181 | Recon Loss: 0.0237 | Seg Loss: 0.3986
TRAIN Avg Loss: 1.6484 | Avg Seg Loss: 0.4078 | Avg Recon Loss: 0.0171
VALIDATION | Epoch Mean IoU (mIoU): 0.3035

--- Epoch 97/300 ---
  Batch 0/23 | Total Loss: 1.5873 | Recon Loss: 0.0239 | Seg Loss: 0.3908
TRAIN Avg Loss: 1.6498 | Avg Seg Loss: 0.4085 | Avg Recon Loss: 0.0158
VALIDATION | Epoch Mean IoU (mIoU): 0.3393

--- Epoch 98/300 ---
  Batch 0/23 | Total Loss: 1.5610 | Recon Loss: 0.0047 | Seg Loss: 0.3891
TRAIN Avg Loss: 1.6311 | Avg Seg Loss: 0.4039 | Avg Recon Loss: 0.0156
VALIDATION | Epoch Mean IoU (mIoU): 0.3498

--- Epoch 99/300 ---
  Batch 0/23 | Total Loss: 1.5186 | Recon Loss: 0.0063 | Seg Loss: 0.3781
TRAIN Avg Loss: 1.6742 | Avg Seg Loss: 0.4151 | Avg Recon Loss: 0.0139
VALIDATION | Epoch Mean IoU (mIoU): 0.2542

--- Epoch 100/300 ---
  Batch 0/23 | Total Loss: 1.4715 | Recon Loss: 0.0115 | Seg Loss: 0.3650
TRAIN Avg Loss: 1.6121 | Avg Seg Loss: 0.3996 | Avg Recon Loss: 0.0137
VALIDATION | Epoch Mean IoU (mIoU): 0.3308

--- Epoch 101/300 ---
  Batch 0/23 | Total Loss: 1.6064 | Recon Loss: 0.0301 | Seg Loss: 0.3941
TRAIN Avg Loss: 1.6291 | Avg Seg Loss: 0.4042 | Avg Recon Loss: 0.0122
VALIDATION | Epoch Mean IoU (mIoU): 0.3497

--- Epoch 102/300 ---
  Batch 0/23 | Total Loss: 1.5537 | Recon Loss: 0.0082 | Seg Loss: 0.3864
TRAIN Avg Loss: 1.5675 | Avg Seg Loss: 0.3881 | Avg Recon Loss: 0.0151
VALIDATION | Epoch Mean IoU (mIoU): 0.3313

--- Epoch 103/300 ---
  Batch 0/23 | Total Loss: 1.4790 | Recon Loss: 0.0047 | Seg Loss: 0.3686
TRAIN Avg Loss: 1.5902 | Avg Seg Loss: 0.3930 | Avg Recon Loss: 0.0184
VALIDATION | Epoch Mean IoU (mIoU): 0.2925

--- Epoch 104/300 ---
  Batch 0/23 | Total Loss: 1.5576 | Recon Loss: 0.0557 | Seg Loss: 0.3755
TRAIN Avg Loss: 1.5706 | Avg Seg Loss: 0.3889 | Avg Recon Loss: 0.0149
VALIDATION | Epoch Mean IoU (mIoU): 0.3450

--- Epoch 105/300 ---
  Batch 0/23 | Total Loss: 1.4819 | Recon Loss: 0.0157 | Seg Loss: 0.3666
TRAIN Avg Loss: 1.5763 | Avg Seg Loss: 0.3908 | Avg Recon Loss: 0.0131
VALIDATION | Epoch Mean IoU (mIoU): 0.2815

--- Epoch 106/300 ---
  Batch 0/23 | Total Loss: 1.5937 | Recon Loss: 0.0052 | Seg Loss: 0.3971
TRAIN Avg Loss: 1.5973 | Avg Seg Loss: 0.3953 | Avg Recon Loss: 0.0161
VALIDATION | Epoch Mean IoU (mIoU): 0.2862

--- Epoch 107/300 ---
  Batch 0/23 | Total Loss: 1.5488 | Recon Loss: 0.0062 | Seg Loss: 0.3856
TRAIN Avg Loss: 1.5705 | Avg Seg Loss: 0.3892 | Avg Recon Loss: 0.0139
VALIDATION | Epoch Mean IoU (mIoU): 0.2705

--- Epoch 108/300 ---
  Batch 0/23 | Total Loss: 1.4341 | Recon Loss: 0.0085 | Seg Loss: 0.3564
TRAIN Avg Loss: 1.5635 | Avg Seg Loss: 0.3875 | Avg Recon Loss: 0.0135
VALIDATION | Epoch Mean IoU (mIoU): 0.3049

--- Epoch 109/300 ---
  Batch 0/23 | Total Loss: 1.6687 | Recon Loss: 0.0221 | Seg Loss: 0.4117
TRAIN Avg Loss: 1.5928 | Avg Seg Loss: 0.3945 | Avg Recon Loss: 0.0148
VALIDATION | Epoch Mean IoU (mIoU): 0.3455

--- Epoch 110/300 ---
  Batch 0/23 | Total Loss: 1.4826 | Recon Loss: 0.0092 | Seg Loss: 0.3684
TRAIN Avg Loss: 1.6116 | Avg Seg Loss: 0.3986 | Avg Recon Loss: 0.0171
VALIDATION | Epoch Mean IoU (mIoU): 0.3361

--- Epoch 111/300 ---
  Batch 0/23 | Total Loss: 1.5915 | Recon Loss: 0.0238 | Seg Loss: 0.3919
TRAIN Avg Loss: 1.5558 | Avg Seg Loss: 0.3850 | Avg Recon Loss: 0.0160
VALIDATION | Epoch Mean IoU (mIoU): 0.3412

--- Epoch 112/300 ---
  Batch 0/23 | Total Loss: 1.5850 | Recon Loss: 0.0046 | Seg Loss: 0.3951
TRAIN Avg Loss: 1.5510 | Avg Seg Loss: 0.3849 | Avg Recon Loss: 0.0115
VALIDATION | Epoch Mean IoU (mIoU): 0.3461

--- Epoch 113/300 ---
  Batch 0/23 | Total Loss: 1.5239 | Recon Loss: 0.0112 | Seg Loss: 0.3782
TRAIN Avg Loss: 1.5706 | Avg Seg Loss: 0.3885 | Avg Recon Loss: 0.0165
VALIDATION | Epoch Mean IoU (mIoU): 0.3188

--- Epoch 114/300 ---
  Batch 0/23 | Total Loss: 1.3865 | Recon Loss: 0.0072 | Seg Loss: 0.3448
TRAIN Avg Loss: 1.5213 | Avg Seg Loss: 0.3766 | Avg Recon Loss: 0.0147
VALIDATION | Epoch Mean IoU (mIoU): 0.2940

--- Epoch 115/300 ---
  Batch 0/23 | Total Loss: 1.5424 | Recon Loss: 0.0078 | Seg Loss: 0.3836
TRAIN Avg Loss: 1.5374 | Avg Seg Loss: 0.3805 | Avg Recon Loss: 0.0154
VALIDATION | Epoch Mean IoU (mIoU): 0.3667

--- Epoch 116/300 ---
  Batch 0/23 | Total Loss: 1.5601 | Recon Loss: 0.0180 | Seg Loss: 0.3855
TRAIN Avg Loss: 1.5190 | Avg Seg Loss: 0.3759 | Avg Recon Loss: 0.0154
VALIDATION | Epoch Mean IoU (mIoU): 0.3624

--- Epoch 117/300 ---
  Batch 0/23 | Total Loss: 1.4380 | Recon Loss: 0.0142 | Seg Loss: 0.3560
TRAIN Avg Loss: 1.5618 | Avg Seg Loss: 0.3873 | Avg Recon Loss: 0.0127
VALIDATION | Epoch Mean IoU (mIoU): 0.3303

--- Epoch 118/300 ---
  Batch 0/23 | Total Loss: 1.4839 | Recon Loss: 0.0124 | Seg Loss: 0.3679
TRAIN Avg Loss: 1.5296 | Avg Seg Loss: 0.3788 | Avg Recon Loss: 0.0146
VALIDATION | Epoch Mean IoU (mIoU): 0.2584

--- Epoch 119/300 ---
  Batch 0/23 | Total Loss: 1.4748 | Recon Loss: 0.0082 | Seg Loss: 0.3667
TRAIN Avg Loss: 1.5747 | Avg Seg Loss: 0.3907 | Avg Recon Loss: 0.0120
VALIDATION | Epoch Mean IoU (mIoU): 0.3414

--- Epoch 120/300 ---
  Batch 0/23 | Total Loss: 1.4735 | Recon Loss: 0.0105 | Seg Loss: 0.3657
TRAIN Avg Loss: 1.5201 | Avg Seg Loss: 0.3769 | Avg Recon Loss: 0.0124
VALIDATION | Epoch Mean IoU (mIoU): 0.2954

--- Epoch 121/300 ---
  Batch 0/23 | Total Loss: 1.4363 | Recon Loss: 0.0067 | Seg Loss: 0.3574
TRAIN Avg Loss: 1.5201 | Avg Seg Loss: 0.3770 | Avg Recon Loss: 0.0121
VALIDATION | Epoch Mean IoU (mIoU): 0.2047

--- Epoch 122/300 ---
  Batch 0/23 | Total Loss: 1.7835 | Recon Loss: 0.0062 | Seg Loss: 0.4443
TRAIN Avg Loss: 1.5426 | Avg Seg Loss: 0.3829 | Avg Recon Loss: 0.0109
VALIDATION | Epoch Mean IoU (mIoU): 0.3636

--- Epoch 123/300 ---
  Batch 0/23 | Total Loss: 1.5536 | Recon Loss: 0.0092 | Seg Loss: 0.3861
TRAIN Avg Loss: 1.5014 | Avg Seg Loss: 0.3723 | Avg Recon Loss: 0.0121
VALIDATION | Epoch Mean IoU (mIoU): 0.3535

--- Epoch 124/300 ---
  Batch 0/23 | Total Loss: 1.5903 | Recon Loss: 0.0142 | Seg Loss: 0.3940
TRAIN Avg Loss: 1.5280 | Avg Seg Loss: 0.3789 | Avg Recon Loss: 0.0125
VALIDATION | Epoch Mean IoU (mIoU): 0.3565

--- Epoch 125/300 ---
  Batch 0/23 | Total Loss: 1.4635 | Recon Loss: 0.0137 | Seg Loss: 0.3624
TRAIN Avg Loss: 1.4865 | Avg Seg Loss: 0.3683 | Avg Recon Loss: 0.0133
VALIDATION | Epoch Mean IoU (mIoU): 0.3632

--- Epoch 126/300 ---
  Batch 0/23 | Total Loss: 1.4234 | Recon Loss: 0.0067 | Seg Loss: 0.3542
TRAIN Avg Loss: 1.5110 | Avg Seg Loss: 0.3751 | Avg Recon Loss: 0.0107
VALIDATION | Epoch Mean IoU (mIoU): 0.3338

--- Epoch 127/300 ---
  Batch 0/23 | Total Loss: 1.5837 | Recon Loss: 0.0074 | Seg Loss: 0.3941
TRAIN Avg Loss: 1.5299 | Avg Seg Loss: 0.3795 | Avg Recon Loss: 0.0118
VALIDATION | Epoch Mean IoU (mIoU): 0.3126

--- Epoch 128/300 ---
  Batch 0/23 | Total Loss: 1.4393 | Recon Loss: 0.0098 | Seg Loss: 0.3574
TRAIN Avg Loss: 1.5404 | Avg Seg Loss: 0.3821 | Avg Recon Loss: 0.0122
VALIDATION | Epoch Mean IoU (mIoU): 0.3157

--- Epoch 129/300 ---
  Batch 0/23 | Total Loss: 1.5137 | Recon Loss: 0.0064 | Seg Loss: 0.3768
TRAIN Avg Loss: 1.5437 | Avg Seg Loss: 0.3822 | Avg Recon Loss: 0.0151
VALIDATION | Epoch Mean IoU (mIoU): 0.1423

--- Epoch 130/300 ---
  Batch 0/23 | Total Loss: 1.4142 | Recon Loss: 0.0114 | Seg Loss: 0.3507
TRAIN Avg Loss: 1.5167 | Avg Seg Loss: 0.3761 | Avg Recon Loss: 0.0125
VALIDATION | Epoch Mean IoU (mIoU): 0.3177

--- Epoch 131/300 ---
  Batch 0/23 | Total Loss: 1.5283 | Recon Loss: 0.0116 | Seg Loss: 0.3792
TRAIN Avg Loss: 1.5505 | Avg Seg Loss: 0.3840 | Avg Recon Loss: 0.0146
VALIDATION | Epoch Mean IoU (mIoU): 0.3265

--- Epoch 132/300 ---
  Batch 0/23 | Total Loss: 1.4811 | Recon Loss: 0.0079 | Seg Loss: 0.3683
TRAIN Avg Loss: 1.4863 | Avg Seg Loss: 0.3685 | Avg Recon Loss: 0.0125
VALIDATION | Epoch Mean IoU (mIoU): 0.2676

--- Epoch 133/300 ---
  Batch 0/23 | Total Loss: 1.4269 | Recon Loss: 0.0108 | Seg Loss: 0.3540
TRAIN Avg Loss: 1.5564 | Avg Seg Loss: 0.3851 | Avg Recon Loss: 0.0162
VALIDATION | Epoch Mean IoU (mIoU): 0.2804

--- Epoch 134/300 ---
  Batch 0/23 | Total Loss: 1.7100 | Recon Loss: 0.0103 | Seg Loss: 0.4249
TRAIN Avg Loss: 1.4815 | Avg Seg Loss: 0.3664 | Avg Recon Loss: 0.0159
VALIDATION | Epoch Mean IoU (mIoU): 0.2904

--- Epoch 135/300 ---
  Batch 0/23 | Total Loss: 1.6636 | Recon Loss: 0.0093 | Seg Loss: 0.4136
TRAIN Avg Loss: 1.4736 | Avg Seg Loss: 0.3651 | Avg Recon Loss: 0.0130
VALIDATION | Epoch Mean IoU (mIoU): 0.3514

--- Epoch 136/300 ---
  Batch 0/23 | Total Loss: 1.5071 | Recon Loss: 0.0164 | Seg Loss: 0.3727
TRAIN Avg Loss: 1.4701 | Avg Seg Loss: 0.3648 | Avg Recon Loss: 0.0110
VALIDATION | Epoch Mean IoU (mIoU): 0.3576

--- Epoch 137/300 ---
  Batch 0/23 | Total Loss: 1.4617 | Recon Loss: 0.0078 | Seg Loss: 0.3635
TRAIN Avg Loss: 1.4890 | Avg Seg Loss: 0.3700 | Avg Recon Loss: 0.0091
VALIDATION | Epoch Mean IoU (mIoU): 0.2403

--- Epoch 138/300 ---
  Batch 0/23 | Total Loss: 1.5061 | Recon Loss: 0.0055 | Seg Loss: 0.3751
TRAIN Avg Loss: 1.4921 | Avg Seg Loss: 0.3709 | Avg Recon Loss: 0.0084
VALIDATION | Epoch Mean IoU (mIoU): 0.2841

--- Epoch 139/300 ---
  Batch 0/23 | Total Loss: 1.3521 | Recon Loss: 0.0220 | Seg Loss: 0.3325
TRAIN Avg Loss: 1.5396 | Avg Seg Loss: 0.3811 | Avg Recon Loss: 0.0154
VALIDATION | Epoch Mean IoU (mIoU): 0.3423

--- Epoch 140/300 ---
  Batch 0/23 | Total Loss: 1.4241 | Recon Loss: 0.0069 | Seg Loss: 0.3543
TRAIN Avg Loss: 1.4980 | Avg Seg Loss: 0.3717 | Avg Recon Loss: 0.0111
VALIDATION | Epoch Mean IoU (mIoU): 0.3411

--- Epoch 141/300 ---
  Batch 0/23 | Total Loss: 1.4297 | Recon Loss: 0.0074 | Seg Loss: 0.3556
TRAIN Avg Loss: 1.4723 | Avg Seg Loss: 0.3649 | Avg Recon Loss: 0.0127
VALIDATION | Epoch Mean IoU (mIoU): 0.3429

--- Epoch 142/300 ---
  Batch 0/23 | Total Loss: 1.5251 | Recon Loss: 0.0125 | Seg Loss: 0.3782
TRAIN Avg Loss: 1.5023 | Avg Seg Loss: 0.3725 | Avg Recon Loss: 0.0123
VALIDATION | Epoch Mean IoU (mIoU): 0.3691

--- Epoch 143/300 ---
  Batch 0/23 | Total Loss: 1.5522 | Recon Loss: 0.0161 | Seg Loss: 0.3840
TRAIN Avg Loss: 1.4512 | Avg Seg Loss: 0.3596 | Avg Recon Loss: 0.0127
VALIDATION | Epoch Mean IoU (mIoU): 0.2861

--- Epoch 144/300 ---
  Batch 0/23 | Total Loss: 1.4773 | Recon Loss: 0.0176 | Seg Loss: 0.3649
TRAIN Avg Loss: 1.4814 | Avg Seg Loss: 0.3665 | Avg Recon Loss: 0.0152
VALIDATION | Epoch Mean IoU (mIoU): 0.3255

--- Epoch 145/300 ---
  Batch 0/23 | Total Loss: 1.3786 | Recon Loss: 0.0050 | Seg Loss: 0.3434
TRAIN Avg Loss: 1.4287 | Avg Seg Loss: 0.3545 | Avg Recon Loss: 0.0106
VALIDATION | Epoch Mean IoU (mIoU): 0.3425

--- Epoch 146/300 ---
  Batch 0/23 | Total Loss: 1.3175 | Recon Loss: 0.0046 | Seg Loss: 0.3282
TRAIN Avg Loss: 1.4792 | Avg Seg Loss: 0.3670 | Avg Recon Loss: 0.0112
VALIDATION | Epoch Mean IoU (mIoU): 0.3276

--- Epoch 147/300 ---
  Batch 0/23 | Total Loss: 1.4541 | Recon Loss: 0.0048 | Seg Loss: 0.3623
TRAIN Avg Loss: 1.4775 | Avg Seg Loss: 0.3658 | Avg Recon Loss: 0.0144
VALIDATION | Epoch Mean IoU (mIoU): 0.3349

--- Epoch 148/300 ---
  Batch 0/23 | Total Loss: 1.4519 | Recon Loss: 0.0079 | Seg Loss: 0.3610
TRAIN Avg Loss: 1.4973 | Avg Seg Loss: 0.3714 | Avg Recon Loss: 0.0116
VALIDATION | Epoch Mean IoU (mIoU): 0.2956

--- Epoch 149/300 ---
  Batch 0/23 | Total Loss: 1.5008 | Recon Loss: 0.0061 | Seg Loss: 0.3737
TRAIN Avg Loss: 1.4575 | Avg Seg Loss: 0.3617 | Avg Recon Loss: 0.0107
VALIDATION | Epoch Mean IoU (mIoU): 0.2516

--- Epoch 150/300 ---
  Batch 0/23 | Total Loss: 1.4369 | Recon Loss: 0.0305 | Seg Loss: 0.3516
TRAIN Avg Loss: 1.4417 | Avg Seg Loss: 0.3572 | Avg Recon Loss: 0.0130
VALIDATION | Epoch Mean IoU (mIoU): 0.2467

--- Epoch 151/300 ---
  Batch 0/23 | Total Loss: 1.3818 | Recon Loss: 0.0042 | Seg Loss: 0.3444
TRAIN Avg Loss: 1.4625 | Avg Seg Loss: 0.3622 | Avg Recon Loss: 0.0138
VALIDATION | Epoch Mean IoU (mIoU): 0.2882

--- Epoch 152/300 ---
  Batch 0/23 | Total Loss: 1.4600 | Recon Loss: 0.0053 | Seg Loss: 0.3637
TRAIN Avg Loss: 1.4373 | Avg Seg Loss: 0.3564 | Avg Recon Loss: 0.0117
VALIDATION | Epoch Mean IoU (mIoU): 0.3053

--- Epoch 153/300 ---
  Batch 0/23 | Total Loss: 1.4790 | Recon Loss: 0.0386 | Seg Loss: 0.3601
TRAIN Avg Loss: 1.4617 | Avg Seg Loss: 0.3622 | Avg Recon Loss: 0.0128
VALIDATION | Epoch Mean IoU (mIoU): 0.3507

--- Epoch 154/300 ---
  Batch 0/23 | Total Loss: 1.4512 | Recon Loss: 0.0293 | Seg Loss: 0.3555
TRAIN Avg Loss: 1.4396 | Avg Seg Loss: 0.3575 | Avg Recon Loss: 0.0095
VALIDATION | Epoch Mean IoU (mIoU): 0.3523

--- Epoch 155/300 ---
  Batch 0/23 | Total Loss: 1.4498 | Recon Loss: 0.0049 | Seg Loss: 0.3612
TRAIN Avg Loss: 1.4479 | Avg Seg Loss: 0.3583 | Avg Recon Loss: 0.0148
VALIDATION | Epoch Mean IoU (mIoU): 0.1789

--- Epoch 156/300 ---
  Batch 0/23 | Total Loss: 1.4075 | Recon Loss: 0.0101 | Seg Loss: 0.3493
TRAIN Avg Loss: 1.4323 | Avg Seg Loss: 0.3551 | Avg Recon Loss: 0.0120
VALIDATION | Epoch Mean IoU (mIoU): 0.2778

--- Epoch 157/300 ---
  Batch 0/23 | Total Loss: 1.3973 | Recon Loss: 0.0183 | Seg Loss: 0.3448
TRAIN Avg Loss: 1.4554 | Avg Seg Loss: 0.3611 | Avg Recon Loss: 0.0108
VALIDATION | Epoch Mean IoU (mIoU): 0.3173

--- Epoch 158/300 ---
  Batch 0/23 | Total Loss: 1.5037 | Recon Loss: 0.0053 | Seg Loss: 0.3746
TRAIN Avg Loss: 1.5123 | Avg Seg Loss: 0.3753 | Avg Recon Loss: 0.0111
VALIDATION | Epoch Mean IoU (mIoU): 0.2879

--- Epoch 159/300 ---
  Batch 0/23 | Total Loss: 1.3990 | Recon Loss: 0.0117 | Seg Loss: 0.3468
TRAIN Avg Loss: 1.4810 | Avg Seg Loss: 0.3670 | Avg Recon Loss: 0.0129
VALIDATION | Epoch Mean IoU (mIoU): 0.3334

--- Epoch 160/300 ---
  Batch 0/23 | Total Loss: 1.3823 | Recon Loss: 0.0034 | Seg Loss: 0.3447
TRAIN Avg Loss: 1.4417 | Avg Seg Loss: 0.3578 | Avg Recon Loss: 0.0105
VALIDATION | Epoch Mean IoU (mIoU): 0.3553

--- Epoch 161/300 ---
  Batch 0/23 | Total Loss: 1.4204 | Recon Loss: 0.0077 | Seg Loss: 0.3532
TRAIN Avg Loss: 1.4274 | Avg Seg Loss: 0.3545 | Avg Recon Loss: 0.0094
VALIDATION | Epoch Mean IoU (mIoU): 0.3407

--- Epoch 162/300 ---
  Batch 0/23 | Total Loss: 1.3813 | Recon Loss: 0.0069 | Seg Loss: 0.3436
TRAIN Avg Loss: 1.4203 | Avg Seg Loss: 0.3521 | Avg Recon Loss: 0.0118
VALIDATION | Epoch Mean IoU (mIoU): 0.3422

--- Epoch 163/300 ---
  Batch 0/23 | Total Loss: 1.6026 | Recon Loss: 0.0127 | Seg Loss: 0.3975
TRAIN Avg Loss: 1.4338 | Avg Seg Loss: 0.3560 | Avg Recon Loss: 0.0100
VALIDATION | Epoch Mean IoU (mIoU): 0.3812

--- Epoch 164/300 ---
  Batch 0/23 | Total Loss: 1.3642 | Recon Loss: 0.0159 | Seg Loss: 0.3371
TRAIN Avg Loss: 1.4408 | Avg Seg Loss: 0.3580 | Avg Recon Loss: 0.0088
VALIDATION | Epoch Mean IoU (mIoU): 0.3110

--- Epoch 165/300 ---
  Batch 0/23 | Total Loss: 1.3925 | Recon Loss: 0.0056 | Seg Loss: 0.3467
TRAIN Avg Loss: 1.4148 | Avg Seg Loss: 0.3507 | Avg Recon Loss: 0.0120
VALIDATION | Epoch Mean IoU (mIoU): 0.3334

--- Epoch 166/300 ---
  Batch 0/23 | Total Loss: 1.4738 | Recon Loss: 0.0091 | Seg Loss: 0.3662
TRAIN Avg Loss: 1.4383 | Avg Seg Loss: 0.3572 | Avg Recon Loss: 0.0095
VALIDATION | Epoch Mean IoU (mIoU): 0.3646

--- Epoch 167/300 ---
  Batch 0/23 | Total Loss: 1.3250 | Recon Loss: 0.0072 | Seg Loss: 0.3295
TRAIN Avg Loss: 1.4409 | Avg Seg Loss: 0.3563 | Avg Recon Loss: 0.0157
VALIDATION | Epoch Mean IoU (mIoU): 0.3133

--- Epoch 168/300 ---
  Batch 0/23 | Total Loss: 1.4164 | Recon Loss: 0.0150 | Seg Loss: 0.3504
TRAIN Avg Loss: 1.4598 | Avg Seg Loss: 0.3613 | Avg Recon Loss: 0.0146
VALIDATION | Epoch Mean IoU (mIoU): 0.3381

--- Epoch 169/300 ---
  Batch 0/23 | Total Loss: 1.3349 | Recon Loss: 0.0056 | Seg Loss: 0.3323
TRAIN Avg Loss: 1.4273 | Avg Seg Loss: 0.3541 | Avg Recon Loss: 0.0107
VALIDATION | Epoch Mean IoU (mIoU): 0.3207

--- Epoch 170/300 ---
  Batch 0/23 | Total Loss: 1.3073 | Recon Loss: 0.0042 | Seg Loss: 0.3258
TRAIN Avg Loss: 1.4130 | Avg Seg Loss: 0.3502 | Avg Recon Loss: 0.0124
VALIDATION | Epoch Mean IoU (mIoU): 0.3170

--- Epoch 171/300 ---
  Batch 0/23 | Total Loss: 1.3225 | Recon Loss: 0.0040 | Seg Loss: 0.3296
TRAIN Avg Loss: 1.4159 | Avg Seg Loss: 0.3508 | Avg Recon Loss: 0.0127
VALIDATION | Epoch Mean IoU (mIoU): 0.3344

--- Epoch 172/300 ---
  Batch 0/23 | Total Loss: 1.4916 | Recon Loss: 0.0055 | Seg Loss: 0.3715
TRAIN Avg Loss: 1.4293 | Avg Seg Loss: 0.3546 | Avg Recon Loss: 0.0108
VALIDATION | Epoch Mean IoU (mIoU): 0.2714

--- Epoch 173/300 ---
  Batch 0/23 | Total Loss: 1.4753 | Recon Loss: 0.0178 | Seg Loss: 0.3644
TRAIN Avg Loss: 1.4136 | Avg Seg Loss: 0.3512 | Avg Recon Loss: 0.0087
VALIDATION | Epoch Mean IoU (mIoU): 0.3580

--- Epoch 174/300 ---
  Batch 0/23 | Total Loss: 1.5022 | Recon Loss: 0.0078 | Seg Loss: 0.3736
TRAIN Avg Loss: 1.4066 | Avg Seg Loss: 0.3490 | Avg Recon Loss: 0.0104
VALIDATION | Epoch Mean IoU (mIoU): 0.3659

--- Epoch 175/300 ---
  Batch 0/23 | Total Loss: 1.0907 | Recon Loss: 0.0053 | Seg Loss: 0.2714
TRAIN Avg Loss: 1.4024 | Avg Seg Loss: 0.3470 | Avg Recon Loss: 0.0146
VALIDATION | Epoch Mean IoU (mIoU): 0.3416

--- Epoch 176/300 ---
  Batch 0/23 | Total Loss: 1.4668 | Recon Loss: 0.0091 | Seg Loss: 0.3644
TRAIN Avg Loss: 1.4277 | Avg Seg Loss: 0.3534 | Avg Recon Loss: 0.0140
VALIDATION | Epoch Mean IoU (mIoU): 0.3410

--- Epoch 177/300 ---
  Batch 0/23 | Total Loss: 1.3457 | Recon Loss: 0.0064 | Seg Loss: 0.3348
TRAIN Avg Loss: 1.3941 | Avg Seg Loss: 0.3456 | Avg Recon Loss: 0.0118
VALIDATION | Epoch Mean IoU (mIoU): 0.3500

--- Epoch 178/300 ---
  Batch 0/23 | Total Loss: 1.5539 | Recon Loss: 0.0072 | Seg Loss: 0.3867
TRAIN Avg Loss: 1.4243 | Avg Seg Loss: 0.3538 | Avg Recon Loss: 0.0090
VALIDATION | Epoch Mean IoU (mIoU): 0.3262

--- Epoch 179/300 ---
  Batch 0/23 | Total Loss: 1.3518 | Recon Loss: 0.0092 | Seg Loss: 0.3357
TRAIN Avg Loss: 1.4917 | Avg Seg Loss: 0.3702 | Avg Recon Loss: 0.0110
VALIDATION | Epoch Mean IoU (mIoU): 0.3232

--- Epoch 180/300 ---
  Batch 0/23 | Total Loss: 1.3987 | Recon Loss: 0.0091 | Seg Loss: 0.3474
TRAIN Avg Loss: 1.3958 | Avg Seg Loss: 0.3468 | Avg Recon Loss: 0.0087
VALIDATION | Epoch Mean IoU (mIoU): 0.3501

--- Epoch 181/300 ---
  Batch 0/23 | Total Loss: 1.4799 | Recon Loss: 0.0052 | Seg Loss: 0.3687
TRAIN Avg Loss: 1.4206 | Avg Seg Loss: 0.3517 | Avg Recon Loss: 0.0136
VALIDATION | Epoch Mean IoU (mIoU): 0.3423

--- Epoch 182/300 ---
  Batch 0/23 | Total Loss: 1.3435 | Recon Loss: 0.0132 | Seg Loss: 0.3326
TRAIN Avg Loss: 1.3971 | Avg Seg Loss: 0.3463 | Avg Recon Loss: 0.0120
VALIDATION | Epoch Mean IoU (mIoU): 0.3336

--- Epoch 183/300 ---
  Batch 0/23 | Total Loss: 1.3901 | Recon Loss: 0.0064 | Seg Loss: 0.3459
TRAIN Avg Loss: 1.3911 | Avg Seg Loss: 0.3439 | Avg Recon Loss: 0.0154
VALIDATION | Epoch Mean IoU (mIoU): 0.3380

--- Epoch 184/300 ---
  Batch 0/23 | Total Loss: 1.5131 | Recon Loss: 0.0239 | Seg Loss: 0.3723
TRAIN Avg Loss: 1.3918 | Avg Seg Loss: 0.3456 | Avg Recon Loss: 0.0096
VALIDATION | Epoch Mean IoU (mIoU): 0.2964

--- Epoch 185/300 ---
  Batch 0/23 | Total Loss: 1.3633 | Recon Loss: 0.0053 | Seg Loss: 0.3395
TRAIN Avg Loss: 1.3698 | Avg Seg Loss: 0.3398 | Avg Recon Loss: 0.0104
VALIDATION | Epoch Mean IoU (mIoU): 0.1792

--- Epoch 186/300 ---
  Batch 0/23 | Total Loss: 1.8828 | Recon Loss: 0.0059 | Seg Loss: 0.4692
TRAIN Avg Loss: 1.4577 | Avg Seg Loss: 0.3623 | Avg Recon Loss: 0.0085
VALIDATION | Epoch Mean IoU (mIoU): 0.3388

--- Epoch 187/300 ---
  Batch 0/23 | Total Loss: 1.4425 | Recon Loss: 0.0134 | Seg Loss: 0.3573
TRAIN Avg Loss: 1.3971 | Avg Seg Loss: 0.3468 | Avg Recon Loss: 0.0098
VALIDATION | Epoch Mean IoU (mIoU): 0.3301

--- Epoch 188/300 ---
  Batch 0/23 | Total Loss: 1.4800 | Recon Loss: 0.0043 | Seg Loss: 0.3689
TRAIN Avg Loss: 1.3957 | Avg Seg Loss: 0.3454 | Avg Recon Loss: 0.0140
VALIDATION | Epoch Mean IoU (mIoU): 0.1734

--- Epoch 189/300 ---
  Batch 0/23 | Total Loss: 1.3115 | Recon Loss: 0.0097 | Seg Loss: 0.3254
TRAIN Avg Loss: 1.3758 | Avg Seg Loss: 0.3416 | Avg Recon Loss: 0.0094
VALIDATION | Epoch Mean IoU (mIoU): 0.3466

--- Epoch 190/300 ---
  Batch 0/23 | Total Loss: 1.4604 | Recon Loss: 0.0056 | Seg Loss: 0.3637
TRAIN Avg Loss: 1.4046 | Avg Seg Loss: 0.3485 | Avg Recon Loss: 0.0105
VALIDATION | Epoch Mean IoU (mIoU): 0.3597

--- Epoch 191/300 ---
  Batch 0/23 | Total Loss: 1.3702 | Recon Loss: 0.0527 | Seg Loss: 0.3294
TRAIN Avg Loss: 1.3933 | Avg Seg Loss: 0.3449 | Avg Recon Loss: 0.0136
VALIDATION | Epoch Mean IoU (mIoU): 0.3574

--- Epoch 192/300 ---
  Batch 0/23 | Total Loss: 1.3541 | Recon Loss: 0.0049 | Seg Loss: 0.3373
TRAIN Avg Loss: 1.3899 | Avg Seg Loss: 0.3447 | Avg Recon Loss: 0.0113
VALIDATION | Epoch Mean IoU (mIoU): 0.3408

--- Epoch 193/300 ---
  Batch 0/23 | Total Loss: 1.3964 | Recon Loss: 0.0056 | Seg Loss: 0.3477
TRAIN Avg Loss: 1.3859 | Avg Seg Loss: 0.3437 | Avg Recon Loss: 0.0110
VALIDATION | Epoch Mean IoU (mIoU): 0.3666

--- Epoch 194/300 ---
  Batch 0/23 | Total Loss: 1.3515 | Recon Loss: 0.0098 | Seg Loss: 0.3354
TRAIN Avg Loss: 1.3663 | Avg Seg Loss: 0.3391 | Avg Recon Loss: 0.0098
VALIDATION | Epoch Mean IoU (mIoU): 0.3902

--- Epoch 195/300 ---
  Batch 0/23 | Total Loss: 1.3727 | Recon Loss: 0.0097 | Seg Loss: 0.3408
TRAIN Avg Loss: 1.3982 | Avg Seg Loss: 0.3462 | Avg Recon Loss: 0.0134
VALIDATION | Epoch Mean IoU (mIoU): 0.3222

--- Epoch 196/300 ---
  Batch 0/23 | Total Loss: 1.3204 | Recon Loss: 0.0087 | Seg Loss: 0.3279
TRAIN Avg Loss: 1.3988 | Avg Seg Loss: 0.3470 | Avg Recon Loss: 0.0109
VALIDATION | Epoch Mean IoU (mIoU): 0.3485

--- Epoch 197/300 ---
  Batch 0/23 | Total Loss: 1.2244 | Recon Loss: 0.0065 | Seg Loss: 0.3045
TRAIN Avg Loss: 1.3950 | Avg Seg Loss: 0.3454 | Avg Recon Loss: 0.0134
VALIDATION | Epoch Mean IoU (mIoU): 0.3156

--- Epoch 198/300 ---
  Batch 0/23 | Total Loss: 1.5143 | Recon Loss: 0.0046 | Seg Loss: 0.3774
TRAIN Avg Loss: 1.3930 | Avg Seg Loss: 0.3462 | Avg Recon Loss: 0.0081
VALIDATION | Epoch Mean IoU (mIoU): 0.3772

--- Epoch 199/300 ---
  Batch 0/23 | Total Loss: 1.5107 | Recon Loss: 0.0137 | Seg Loss: 0.3743
TRAIN Avg Loss: 1.4165 | Avg Seg Loss: 0.3519 | Avg Recon Loss: 0.0088
VALIDATION | Epoch Mean IoU (mIoU): 0.3914

--- Epoch 200/300 ---
  Batch 0/23 | Total Loss: 1.3718 | Recon Loss: 0.0048 | Seg Loss: 0.3417
TRAIN Avg Loss: 1.3810 | Avg Seg Loss: 0.3431 | Avg Recon Loss: 0.0087
VALIDATION | Epoch Mean IoU (mIoU): 0.3409

--- Epoch 201/300 ---
  Batch 0/23 | Total Loss: 1.4291 | Recon Loss: 0.0034 | Seg Loss: 0.3564
TRAIN Avg Loss: 1.3983 | Avg Seg Loss: 0.3465 | Avg Recon Loss: 0.0122
VALIDATION | Epoch Mean IoU (mIoU): 0.3732

--- Epoch 202/300 ---
  Batch 0/23 | Total Loss: 1.3436 | Recon Loss: 0.0058 | Seg Loss: 0.3345
TRAIN Avg Loss: 1.3836 | Avg Seg Loss: 0.3436 | Avg Recon Loss: 0.0093
VALIDATION | Epoch Mean IoU (mIoU): 0.3942

--- Epoch 203/300 ---
  Batch 0/23 | Total Loss: 1.3455 | Recon Loss: 0.0144 | Seg Loss: 0.3328
TRAIN Avg Loss: 1.3591 | Avg Seg Loss: 0.3378 | Avg Recon Loss: 0.0080
VALIDATION | Epoch Mean IoU (mIoU): 0.3129

--- Epoch 204/300 ---
  Batch 0/23 | Total Loss: 1.3799 | Recon Loss: 0.0108 | Seg Loss: 0.3423
TRAIN Avg Loss: 1.3550 | Avg Seg Loss: 0.3356 | Avg Recon Loss: 0.0127
VALIDATION | Epoch Mean IoU (mIoU): 0.3231

--- Epoch 205/300 ---
  Batch 0/23 | Total Loss: 1.2790 | Recon Loss: 0.0112 | Seg Loss: 0.3170
TRAIN Avg Loss: 1.3546 | Avg Seg Loss: 0.3370 | Avg Recon Loss: 0.0067
VALIDATION | Epoch Mean IoU (mIoU): 0.3599

--- Epoch 206/300 ---
  Batch 0/23 | Total Loss: 1.3803 | Recon Loss: 0.0061 | Seg Loss: 0.3436
TRAIN Avg Loss: 1.3719 | Avg Seg Loss: 0.3403 | Avg Recon Loss: 0.0107
VALIDATION | Epoch Mean IoU (mIoU): 0.3742

--- Epoch 207/300 ---
  Batch 0/23 | Total Loss: 1.4148 | Recon Loss: 0.0048 | Seg Loss: 0.3525
TRAIN Avg Loss: 1.3598 | Avg Seg Loss: 0.3375 | Avg Recon Loss: 0.0097
VALIDATION | Epoch Mean IoU (mIoU): 0.3719

--- Epoch 208/300 ---
  Batch 0/23 | Total Loss: 1.3888 | Recon Loss: 0.0096 | Seg Loss: 0.3448
TRAIN Avg Loss: 1.3395 | Avg Seg Loss: 0.3324 | Avg Recon Loss: 0.0099
VALIDATION | Epoch Mean IoU (mIoU): 0.3819

--- Epoch 209/300 ---
  Batch 0/23 | Total Loss: 1.3674 | Recon Loss: 0.0099 | Seg Loss: 0.3394
TRAIN Avg Loss: 1.3581 | Avg Seg Loss: 0.3375 | Avg Recon Loss: 0.0080
VALIDATION | Epoch Mean IoU (mIoU): 0.3457

--- Epoch 210/300 ---
  Batch 0/23 | Total Loss: 1.4244 | Recon Loss: 0.0175 | Seg Loss: 0.3517
TRAIN Avg Loss: 1.3948 | Avg Seg Loss: 0.3456 | Avg Recon Loss: 0.0123
VALIDATION | Epoch Mean IoU (mIoU): 0.3380

--- Epoch 211/300 ---
  Batch 0/23 | Total Loss: 1.3540 | Recon Loss: 0.0059 | Seg Loss: 0.3370
TRAIN Avg Loss: 1.3634 | Avg Seg Loss: 0.3377 | Avg Recon Loss: 0.0127
VALIDATION | Epoch Mean IoU (mIoU): 0.3976

--- Epoch 212/300 ---
  Batch 0/23 | Total Loss: 1.3291 | Recon Loss: 0.0119 | Seg Loss: 0.3293
TRAIN Avg Loss: 1.3734 | Avg Seg Loss: 0.3404 | Avg Recon Loss: 0.0117
VALIDATION | Epoch Mean IoU (mIoU): 0.3769

--- Epoch 213/300 ---
  Batch 0/23 | Total Loss: 1.4902 | Recon Loss: 0.0063 | Seg Loss: 0.3710
TRAIN Avg Loss: 1.3626 | Avg Seg Loss: 0.3383 | Avg Recon Loss: 0.0092
VALIDATION | Epoch Mean IoU (mIoU): 0.3421

--- Epoch 214/300 ---
  Batch 0/23 | Total Loss: 1.0005 | Recon Loss: 0.0099 | Seg Loss: 0.2476
TRAIN Avg Loss: 1.3489 | Avg Seg Loss: 0.3347 | Avg Recon Loss: 0.0103
VALIDATION | Epoch Mean IoU (mIoU): 0.3681

--- Epoch 215/300 ---
  Batch 0/23 | Total Loss: 1.4105 | Recon Loss: 0.0067 | Seg Loss: 0.3510
TRAIN Avg Loss: 1.3472 | Avg Seg Loss: 0.3331 | Avg Recon Loss: 0.0149
VALIDATION | Epoch Mean IoU (mIoU): 0.3887

--- Epoch 216/300 ---
  Batch 0/23 | Total Loss: 1.3980 | Recon Loss: 0.0374 | Seg Loss: 0.3402
TRAIN Avg Loss: 1.3575 | Avg Seg Loss: 0.3370 | Avg Recon Loss: 0.0093
VALIDATION | Epoch Mean IoU (mIoU): 0.3686

--- Epoch 217/300 ---
  Batch 0/23 | Total Loss: 1.3542 | Recon Loss: 0.0080 | Seg Loss: 0.3366
TRAIN Avg Loss: 1.3536 | Avg Seg Loss: 0.3360 | Avg Recon Loss: 0.0097
VALIDATION | Epoch Mean IoU (mIoU): 0.2824

--- Epoch 218/300 ---
  Batch 0/23 | Total Loss: 1.4473 | Recon Loss: 0.0050 | Seg Loss: 0.3606
TRAIN Avg Loss: 1.3679 | Avg Seg Loss: 0.3393 | Avg Recon Loss: 0.0108
VALIDATION | Epoch Mean IoU (mIoU): 0.3064

--- Epoch 219/300 ---
  Batch 0/23 | Total Loss: 1.3742 | Recon Loss: 0.0063 | Seg Loss: 0.3420
TRAIN Avg Loss: 1.3401 | Avg Seg Loss: 0.3326 | Avg Recon Loss: 0.0098
VALIDATION | Epoch Mean IoU (mIoU): 0.3185

--- Epoch 220/300 ---
  Batch 0/23 | Total Loss: 1.3795 | Recon Loss: 0.0049 | Seg Loss: 0.3436
TRAIN Avg Loss: 1.3652 | Avg Seg Loss: 0.3386 | Avg Recon Loss: 0.0107
VALIDATION | Epoch Mean IoU (mIoU): 0.3638

--- Epoch 221/300 ---
  Batch 0/23 | Total Loss: 1.3837 | Recon Loss: 0.0044 | Seg Loss: 0.3448
TRAIN Avg Loss: 1.3300 | Avg Seg Loss: 0.3303 | Avg Recon Loss: 0.0088
VALIDATION | Epoch Mean IoU (mIoU): 0.3777

--- Epoch 222/300 ---
  Batch 0/23 | Total Loss: 1.3540 | Recon Loss: 0.0112 | Seg Loss: 0.3357
TRAIN Avg Loss: 1.3279 | Avg Seg Loss: 0.3295 | Avg Recon Loss: 0.0098
VALIDATION | Epoch Mean IoU (mIoU): 0.3749

--- Epoch 223/300 ---
  Batch 0/23 | Total Loss: 1.4194 | Recon Loss: 0.0045 | Seg Loss: 0.3537
TRAIN Avg Loss: 1.3488 | Avg Seg Loss: 0.3351 | Avg Recon Loss: 0.0083
VALIDATION | Epoch Mean IoU (mIoU): 0.3409

--- Epoch 224/300 ---
  Batch 0/23 | Total Loss: 1.3446 | Recon Loss: 0.0031 | Seg Loss: 0.3354
TRAIN Avg Loss: 1.3299 | Avg Seg Loss: 0.3299 | Avg Recon Loss: 0.0104
VALIDATION | Epoch Mean IoU (mIoU): 0.4052

--- Epoch 225/300 ---
  Batch 0/23 | Total Loss: 1.3127 | Recon Loss: 0.0084 | Seg Loss: 0.3261
TRAIN Avg Loss: 1.3463 | Avg Seg Loss: 0.3336 | Avg Recon Loss: 0.0120
VALIDATION | Epoch Mean IoU (mIoU): 0.3559

--- Epoch 226/300 ---
  Batch 0/23 | Total Loss: 1.3353 | Recon Loss: 0.0055 | Seg Loss: 0.3325
TRAIN Avg Loss: 1.3091 | Avg Seg Loss: 0.3245 | Avg Recon Loss: 0.0112
VALIDATION | Epoch Mean IoU (mIoU): 0.3740

--- Epoch 227/300 ---
  Batch 0/23 | Total Loss: 1.3536 | Recon Loss: 0.0058 | Seg Loss: 0.3369
TRAIN Avg Loss: 1.3353 | Avg Seg Loss: 0.3314 | Avg Recon Loss: 0.0095
VALIDATION | Epoch Mean IoU (mIoU): 0.2993

--- Epoch 228/300 ---
  Batch 0/23 | Total Loss: 1.3832 | Recon Loss: 0.0084 | Seg Loss: 0.3437
TRAIN Avg Loss: 1.3499 | Avg Seg Loss: 0.3350 | Avg Recon Loss: 0.0098
VALIDATION | Epoch Mean IoU (mIoU): 0.4104

--- Epoch 229/300 ---
  Batch 0/23 | Total Loss: 1.3033 | Recon Loss: 0.0098 | Seg Loss: 0.3234
TRAIN Avg Loss: 1.3184 | Avg Seg Loss: 0.3269 | Avg Recon Loss: 0.0109
VALIDATION | Epoch Mean IoU (mIoU): 0.3739

--- Epoch 230/300 ---
  Batch 0/23 | Total Loss: 1.0506 | Recon Loss: 0.0096 | Seg Loss: 0.2603
TRAIN Avg Loss: 1.3368 | Avg Seg Loss: 0.3321 | Avg Recon Loss: 0.0084
VALIDATION | Epoch Mean IoU (mIoU): 0.3242

--- Epoch 231/300 ---
  Batch 0/23 | Total Loss: 1.1249 | Recon Loss: 0.0062 | Seg Loss: 0.2797
TRAIN Avg Loss: 1.3732 | Avg Seg Loss: 0.3410 | Avg Recon Loss: 0.0093
VALIDATION | Epoch Mean IoU (mIoU): 0.2969

--- Epoch 232/300 ---
  Batch 0/23 | Total Loss: 1.3585 | Recon Loss: 0.0322 | Seg Loss: 0.3316
TRAIN Avg Loss: 1.3368 | Avg Seg Loss: 0.3315 | Avg Recon Loss: 0.0109
VALIDATION | Epoch Mean IoU (mIoU): 0.3508

--- Epoch 233/300 ---
  Batch 0/23 | Total Loss: 1.3279 | Recon Loss: 0.0096 | Seg Loss: 0.3296
TRAIN Avg Loss: 1.3243 | Avg Seg Loss: 0.3296 | Avg Recon Loss: 0.0061
VALIDATION | Epoch Mean IoU (mIoU): 0.3406

--- Epoch 234/300 ---
  Batch 0/23 | Total Loss: 1.5005 | Recon Loss: 0.0077 | Seg Loss: 0.3732
TRAIN Avg Loss: 1.3457 | Avg Seg Loss: 0.3344 | Avg Recon Loss: 0.0080
VALIDATION | Epoch Mean IoU (mIoU): 0.4116

--- Epoch 235/300 ---
  Batch 0/23 | Total Loss: 1.4881 | Recon Loss: 0.0088 | Seg Loss: 0.3698
TRAIN Avg Loss: 1.3680 | Avg Seg Loss: 0.3394 | Avg Recon Loss: 0.0102
VALIDATION | Epoch Mean IoU (mIoU): 0.3623

--- Epoch 236/300 ---
  Batch 0/23 | Total Loss: 1.3619 | Recon Loss: 0.0076 | Seg Loss: 0.3386
TRAIN Avg Loss: 1.3014 | Avg Seg Loss: 0.3224 | Avg Recon Loss: 0.0117
VALIDATION | Epoch Mean IoU (mIoU): 0.3480

--- Epoch 237/300 ---
  Batch 0/23 | Total Loss: 1.3871 | Recon Loss: 0.0068 | Seg Loss: 0.3451
TRAIN Avg Loss: 1.3443 | Avg Seg Loss: 0.3340 | Avg Recon Loss: 0.0084
VALIDATION | Epoch Mean IoU (mIoU): 0.4215

--- Epoch 238/300 ---
  Batch 0/23 | Total Loss: 1.3543 | Recon Loss: 0.0228 | Seg Loss: 0.3329
TRAIN Avg Loss: 1.3368 | Avg Seg Loss: 0.3310 | Avg Recon Loss: 0.0126
VALIDATION | Epoch Mean IoU (mIoU): 0.3407

--- Epoch 239/300 ---
  Batch 0/23 | Total Loss: 1.1319 | Recon Loss: 0.0054 | Seg Loss: 0.2816
TRAIN Avg Loss: 1.3008 | Avg Seg Loss: 0.3230 | Avg Recon Loss: 0.0088
VALIDATION | Epoch Mean IoU (mIoU): 0.3328

--- Epoch 240/300 ---
  Batch 0/23 | Total Loss: 1.2694 | Recon Loss: 0.0035 | Seg Loss: 0.3165
TRAIN Avg Loss: 1.3220 | Avg Seg Loss: 0.3283 | Avg Recon Loss: 0.0087
VALIDATION | Epoch Mean IoU (mIoU): 0.3155

--- Epoch 241/300 ---
  Batch 0/23 | Total Loss: 1.3686 | Recon Loss: 0.0088 | Seg Loss: 0.3400
TRAIN Avg Loss: 1.3233 | Avg Seg Loss: 0.3283 | Avg Recon Loss: 0.0102
VALIDATION | Epoch Mean IoU (mIoU): 0.3395

--- Epoch 242/300 ---
  Batch 0/23 | Total Loss: 1.0906 | Recon Loss: 0.0052 | Seg Loss: 0.2714
TRAIN Avg Loss: 1.3083 | Avg Seg Loss: 0.3255 | Avg Recon Loss: 0.0064
VALIDATION | Epoch Mean IoU (mIoU): 0.4094

--- Epoch 243/300 ---
  Batch 0/23 | Total Loss: 1.5774 | Recon Loss: 0.0055 | Seg Loss: 0.3930
TRAIN Avg Loss: 1.3420 | Avg Seg Loss: 0.3328 | Avg Recon Loss: 0.0108
VALIDATION | Epoch Mean IoU (mIoU): 0.2939

--- Epoch 244/300 ---
  Batch 0/23 | Total Loss: 1.2342 | Recon Loss: 0.0101 | Seg Loss: 0.3060
TRAIN Avg Loss: 1.2914 | Avg Seg Loss: 0.3202 | Avg Recon Loss: 0.0104
VALIDATION | Epoch Mean IoU (mIoU): 0.3636

--- Epoch 245/300 ---
  Batch 0/23 | Total Loss: 1.2408 | Recon Loss: 0.0047 | Seg Loss: 0.3090
TRAIN Avg Loss: 1.3240 | Avg Seg Loss: 0.3286 | Avg Recon Loss: 0.0098
VALIDATION | Epoch Mean IoU (mIoU): 0.3431

--- Epoch 246/300 ---
  Batch 0/23 | Total Loss: 1.3263 | Recon Loss: 0.0047 | Seg Loss: 0.3304
TRAIN Avg Loss: 1.3081 | Avg Seg Loss: 0.3248 | Avg Recon Loss: 0.0089
VALIDATION | Epoch Mean IoU (mIoU): 0.4023

--- Epoch 247/300 ---
  Batch 0/23 | Total Loss: 1.5900 | Recon Loss: 0.0131 | Seg Loss: 0.3942
TRAIN Avg Loss: 1.3291 | Avg Seg Loss: 0.3300 | Avg Recon Loss: 0.0092
VALIDATION | Epoch Mean IoU (mIoU): 0.3566

--- Epoch 248/300 ---
  Batch 0/23 | Total Loss: 1.5064 | Recon Loss: 0.0074 | Seg Loss: 0.3747
TRAIN Avg Loss: 1.3020 | Avg Seg Loss: 0.3233 | Avg Recon Loss: 0.0087
VALIDATION | Epoch Mean IoU (mIoU): 0.3020

--- Epoch 249/300 ---
  Batch 0/23 | Total Loss: 1.3737 | Recon Loss: 0.0047 | Seg Loss: 0.3423
TRAIN Avg Loss: 1.2818 | Avg Seg Loss: 0.3175 | Avg Recon Loss: 0.0117
VALIDATION | Epoch Mean IoU (mIoU): 0.4085

--- Epoch 250/300 ---
  Batch 0/23 | Total Loss: 1.4318 | Recon Loss: 0.0051 | Seg Loss: 0.3567
TRAIN Avg Loss: 1.3516 | Avg Seg Loss: 0.3355 | Avg Recon Loss: 0.0096
VALIDATION | Epoch Mean IoU (mIoU): 0.3951

--- Epoch 251/300 ---
  Batch 0/23 | Total Loss: 1.2202 | Recon Loss: 0.0071 | Seg Loss: 0.3033
TRAIN Avg Loss: 1.3000 | Avg Seg Loss: 0.3227 | Avg Recon Loss: 0.0092
VALIDATION | Epoch Mean IoU (mIoU): 0.3855

--- Epoch 252/300 ---
  Batch 0/23 | Total Loss: 1.3865 | Recon Loss: 0.0117 | Seg Loss: 0.3437
TRAIN Avg Loss: 1.3262 | Avg Seg Loss: 0.3294 | Avg Recon Loss: 0.0087
VALIDATION | Epoch Mean IoU (mIoU): 0.4100

--- Epoch 253/300 ---
  Batch 0/23 | Total Loss: 1.1961 | Recon Loss: 0.0080 | Seg Loss: 0.2970
TRAIN Avg Loss: 1.3923 | Avg Seg Loss: 0.3453 | Avg Recon Loss: 0.0110
VALIDATION | Epoch Mean IoU (mIoU): 0.3450

--- Epoch 254/300 ---
  Batch 0/23 | Total Loss: 0.8862 | Recon Loss: 0.0094 | Seg Loss: 0.2192
TRAIN Avg Loss: 1.3010 | Avg Seg Loss: 0.3225 | Avg Recon Loss: 0.0110
VALIDATION | Epoch Mean IoU (mIoU): 0.2203

--- Epoch 255/300 ---
  Batch 0/23 | Total Loss: 1.3831 | Recon Loss: 0.0095 | Seg Loss: 0.3434
TRAIN Avg Loss: 1.2717 | Avg Seg Loss: 0.3154 | Avg Recon Loss: 0.0101
VALIDATION | Epoch Mean IoU (mIoU): 0.3277

--- Epoch 256/300 ---
  Batch 0/23 | Total Loss: 1.3504 | Recon Loss: 0.0280 | Seg Loss: 0.3306
TRAIN Avg Loss: 1.2953 | Avg Seg Loss: 0.3215 | Avg Recon Loss: 0.0094
VALIDATION | Epoch Mean IoU (mIoU): 0.3938

--- Epoch 257/300 ---
  Batch 0/23 | Total Loss: 1.3421 | Recon Loss: 0.0035 | Seg Loss: 0.3346
TRAIN Avg Loss: 1.2817 | Avg Seg Loss: 0.3182 | Avg Recon Loss: 0.0088
VALIDATION | Epoch Mean IoU (mIoU): 0.3961

--- Epoch 258/300 ---
  Batch 0/23 | Total Loss: 1.2641 | Recon Loss: 0.0091 | Seg Loss: 0.3138
TRAIN Avg Loss: 1.2607 | Avg Seg Loss: 0.3130 | Avg Recon Loss: 0.0088
VALIDATION | Epoch Mean IoU (mIoU): 0.3565

--- Epoch 259/300 ---
  Batch 0/23 | Total Loss: 1.1915 | Recon Loss: 0.0082 | Seg Loss: 0.2958
TRAIN Avg Loss: 1.2672 | Avg Seg Loss: 0.3146 | Avg Recon Loss: 0.0087
VALIDATION | Epoch Mean IoU (mIoU): 0.2344

--- Epoch 260/300 ---
  Batch 0/23 | Total Loss: 1.5799 | Recon Loss: 0.0057 | Seg Loss: 0.3935
TRAIN Avg Loss: 1.3342 | Avg Seg Loss: 0.3318 | Avg Recon Loss: 0.0068
VALIDATION | Epoch Mean IoU (mIoU): 0.4038

--- Epoch 261/300 ---
  Batch 0/23 | Total Loss: 1.0185 | Recon Loss: 0.0055 | Seg Loss: 0.2532
TRAIN Avg Loss: 1.2340 | Avg Seg Loss: 0.3053 | Avg Recon Loss: 0.0127
VALIDATION | Epoch Mean IoU (mIoU): 0.4075

--- Epoch 262/300 ---
  Batch 0/23 | Total Loss: 1.3124 | Recon Loss: 0.0060 | Seg Loss: 0.3266
TRAIN Avg Loss: 1.2876 | Avg Seg Loss: 0.3197 | Avg Recon Loss: 0.0088
VALIDATION | Epoch Mean IoU (mIoU): 0.4183

--- Epoch 263/300 ---
  Batch 0/23 | Total Loss: 1.2408 | Recon Loss: 0.0077 | Seg Loss: 0.3083
TRAIN Avg Loss: 1.2976 | Avg Seg Loss: 0.3224 | Avg Recon Loss: 0.0081
VALIDATION | Epoch Mean IoU (mIoU): 0.4237

--- Epoch 264/300 ---
  Batch 0/23 | Total Loss: 1.3333 | Recon Loss: 0.0059 | Seg Loss: 0.3318
TRAIN Avg Loss: 1.3059 | Avg Seg Loss: 0.3246 | Avg Recon Loss: 0.0075
VALIDATION | Epoch Mean IoU (mIoU): 0.4146

--- Epoch 265/300 ---
  Batch 0/23 | Total Loss: 1.2191 | Recon Loss: 0.0092 | Seg Loss: 0.3025
TRAIN Avg Loss: 1.2781 | Avg Seg Loss: 0.3175 | Avg Recon Loss: 0.0082
VALIDATION | Epoch Mean IoU (mIoU): 0.2584

--- Epoch 266/300 ---
  Batch 0/23 | Total Loss: 1.2681 | Recon Loss: 0.0067 | Seg Loss: 0.3154
TRAIN Avg Loss: 1.2741 | Avg Seg Loss: 0.3162 | Avg Recon Loss: 0.0094
VALIDATION | Epoch Mean IoU (mIoU): 0.3152

--- Epoch 267/300 ---
  Batch 0/23 | Total Loss: 1.4290 | Recon Loss: 0.0097 | Seg Loss: 0.3548
TRAIN Avg Loss: 1.2700 | Avg Seg Loss: 0.3150 | Avg Recon Loss: 0.0099
VALIDATION | Epoch Mean IoU (mIoU): 0.3783

--- Epoch 268/300 ---
  Batch 0/23 | Total Loss: 1.3570 | Recon Loss: 0.0057 | Seg Loss: 0.3378
TRAIN Avg Loss: 1.2847 | Avg Seg Loss: 0.3193 | Avg Recon Loss: 0.0076
VALIDATION | Epoch Mean IoU (mIoU): 0.3764

--- Epoch 269/300 ---
  Batch 0/23 | Total Loss: 1.4096 | Recon Loss: 0.0049 | Seg Loss: 0.3512
TRAIN Avg Loss: 1.3307 | Avg Seg Loss: 0.3304 | Avg Recon Loss: 0.0089
VALIDATION | Epoch Mean IoU (mIoU): 0.4320

--- Epoch 270/300 ---
  Batch 0/23 | Total Loss: 1.2195 | Recon Loss: 0.0124 | Seg Loss: 0.3018
TRAIN Avg Loss: 1.2452 | Avg Seg Loss: 0.3096 | Avg Recon Loss: 0.0068
VALIDATION | Epoch Mean IoU (mIoU): 0.3988

--- Epoch 271/300 ---
  Batch 0/23 | Total Loss: 1.2097 | Recon Loss: 0.0176 | Seg Loss: 0.2980
TRAIN Avg Loss: 1.2738 | Avg Seg Loss: 0.3160 | Avg Recon Loss: 0.0096
VALIDATION | Epoch Mean IoU (mIoU): 0.2950

--- Epoch 272/300 ---
  Batch 0/23 | Total Loss: 1.2894 | Recon Loss: 0.0062 | Seg Loss: 0.3208
TRAIN Avg Loss: 1.3021 | Avg Seg Loss: 0.3236 | Avg Recon Loss: 0.0076
VALIDATION | Epoch Mean IoU (mIoU): 0.4364

--- Epoch 273/300 ---
  Batch 0/23 | Total Loss: 1.3591 | Recon Loss: 0.0058 | Seg Loss: 0.3383
TRAIN Avg Loss: 1.3128 | Avg Seg Loss: 0.3257 | Avg Recon Loss: 0.0101
VALIDATION | Epoch Mean IoU (mIoU): 0.3059

--- Epoch 274/300 ---
  Batch 0/23 | Total Loss: 1.2609 | Recon Loss: 0.0048 | Seg Loss: 0.3140
TRAIN Avg Loss: 1.2397 | Avg Seg Loss: 0.3071 | Avg Recon Loss: 0.0112
VALIDATION | Epoch Mean IoU (mIoU): 0.4424

--- Epoch 275/300 ---
  Batch 0/23 | Total Loss: 0.9268 | Recon Loss: 0.0069 | Seg Loss: 0.2300
TRAIN Avg Loss: 1.2318 | Avg Seg Loss: 0.3064 | Avg Recon Loss: 0.0063
VALIDATION | Epoch Mean IoU (mIoU): 0.4067

--- Epoch 276/300 ---
  Batch 0/23 | Total Loss: 1.3286 | Recon Loss: 0.0054 | Seg Loss: 0.3308
TRAIN Avg Loss: 1.2366 | Avg Seg Loss: 0.3067 | Avg Recon Loss: 0.0097
VALIDATION | Epoch Mean IoU (mIoU): 0.4413

--- Epoch 277/300 ---
  Batch 0/23 | Total Loss: 1.3309 | Recon Loss: 0.0066 | Seg Loss: 0.3311
TRAIN Avg Loss: 1.2648 | Avg Seg Loss: 0.3142 | Avg Recon Loss: 0.0081
VALIDATION | Epoch Mean IoU (mIoU): 0.4089

--- Epoch 278/300 ---
  Batch 0/23 | Total Loss: 1.3850 | Recon Loss: 0.0058 | Seg Loss: 0.3448
TRAIN Avg Loss: 1.2393 | Avg Seg Loss: 0.3078 | Avg Recon Loss: 0.0081
VALIDATION | Epoch Mean IoU (mIoU): 0.3990

--- Epoch 279/300 ---
  Batch 0/23 | Total Loss: 1.3222 | Recon Loss: 0.0044 | Seg Loss: 0.3294
TRAIN Avg Loss: 1.2306 | Avg Seg Loss: 0.3049 | Avg Recon Loss: 0.0110
VALIDATION | Epoch Mean IoU (mIoU): 0.4090

--- Epoch 280/300 ---
  Batch 0/23 | Total Loss: 0.7990 | Recon Loss: 0.0041 | Seg Loss: 0.1987
TRAIN Avg Loss: 1.1834 | Avg Seg Loss: 0.2930 | Avg Recon Loss: 0.0115
VALIDATION | Epoch Mean IoU (mIoU): 0.4246

--- Epoch 281/300 ---
  Batch 0/23 | Total Loss: 1.0516 | Recon Loss: 0.0091 | Seg Loss: 0.2606
TRAIN Avg Loss: 1.2549 | Avg Seg Loss: 0.3118 | Avg Recon Loss: 0.0078
VALIDATION | Epoch Mean IoU (mIoU): 0.3142

--- Epoch 282/300 ---
  Batch 0/23 | Total Loss: 1.2941 | Recon Loss: 0.0036 | Seg Loss: 0.3226
TRAIN Avg Loss: 1.2354 | Avg Seg Loss: 0.3062 | Avg Recon Loss: 0.0105
VALIDATION | Epoch Mean IoU (mIoU): 0.4283

--- Epoch 283/300 ---
  Batch 0/23 | Total Loss: 1.3430 | Recon Loss: 0.0093 | Seg Loss: 0.3334
TRAIN Avg Loss: 1.2051 | Avg Seg Loss: 0.2984 | Avg Recon Loss: 0.0113
VALIDATION | Epoch Mean IoU (mIoU): 0.4130

--- Epoch 284/300 ---
  Batch 0/23 | Total Loss: 1.3246 | Recon Loss: 0.0054 | Seg Loss: 0.3298
TRAIN Avg Loss: 1.1904 | Avg Seg Loss: 0.2955 | Avg Recon Loss: 0.0085
VALIDATION | Epoch Mean IoU (mIoU): 0.4102

--- Epoch 285/300 ---
  Batch 0/23 | Total Loss: 0.8778 | Recon Loss: 0.0068 | Seg Loss: 0.2178
TRAIN Avg Loss: 1.2438 | Avg Seg Loss: 0.3086 | Avg Recon Loss: 0.0095
VALIDATION | Epoch Mean IoU (mIoU): 0.4492

--- Epoch 286/300 ---
  Batch 0/23 | Total Loss: 0.9153 | Recon Loss: 0.0146 | Seg Loss: 0.2252
TRAIN Avg Loss: 1.1992 | Avg Seg Loss: 0.2973 | Avg Recon Loss: 0.0101
VALIDATION | Epoch Mean IoU (mIoU): 0.4549

--- Epoch 287/300 ---
  Batch 0/23 | Total Loss: 1.3654 | Recon Loss: 0.0040 | Seg Loss: 0.3403
TRAIN Avg Loss: 1.2492 | Avg Seg Loss: 0.3097 | Avg Recon Loss: 0.0103
VALIDATION | Epoch Mean IoU (mIoU): 0.4168

--- Epoch 288/300 ---
  Batch 0/23 | Total Loss: 1.4296 | Recon Loss: 0.0034 | Seg Loss: 0.3566
TRAIN Avg Loss: 1.2435 | Avg Seg Loss: 0.3077 | Avg Recon Loss: 0.0128
VALIDATION | Epoch Mean IoU (mIoU): 0.4324

--- Epoch 289/300 ---
  Batch 0/23 | Total Loss: 0.6470 | Recon Loss: 0.0138 | Seg Loss: 0.1583
TRAIN Avg Loss: 1.1827 | Avg Seg Loss: 0.2935 | Avg Recon Loss: 0.0087
VALIDATION | Epoch Mean IoU (mIoU): 0.4339

--- Epoch 290/300 ---
  Batch 0/23 | Total Loss: 1.4187 | Recon Loss: 0.0059 | Seg Loss: 0.3532
TRAIN Avg Loss: 1.2084 | Avg Seg Loss: 0.2997 | Avg Recon Loss: 0.0097
VALIDATION | Epoch Mean IoU (mIoU): 0.4204

--- Epoch 291/300 ---
  Batch 0/23 | Total Loss: 1.3716 | Recon Loss: 0.0047 | Seg Loss: 0.3417
TRAIN Avg Loss: 1.1965 | Avg Seg Loss: 0.2966 | Avg Recon Loss: 0.0102
VALIDATION | Epoch Mean IoU (mIoU): 0.4435

--- Epoch 292/300 ---
  Batch 0/23 | Total Loss: 1.4200 | Recon Loss: 0.0039 | Seg Loss: 0.3540
TRAIN Avg Loss: 1.2252 | Avg Seg Loss: 0.3039 | Avg Recon Loss: 0.0096
VALIDATION | Epoch Mean IoU (mIoU): 0.4204

--- Epoch 293/300 ---
  Batch 0/23 | Total Loss: 1.3334 | Recon Loss: 0.0036 | Seg Loss: 0.3324
TRAIN Avg Loss: 1.1504 | Avg Seg Loss: 0.2860 | Avg Recon Loss: 0.0065
VALIDATION | Epoch Mean IoU (mIoU): 0.4932

--- Epoch 294/300 ---
  Batch 0/23 | Total Loss: 1.3172 | Recon Loss: 0.0072 | Seg Loss: 0.3275
TRAIN Avg Loss: 1.1732 | Avg Seg Loss: 0.2914 | Avg Recon Loss: 0.0078
VALIDATION | Epoch Mean IoU (mIoU): 0.3532

--- Epoch 295/300 ---
  Batch 0/23 | Total Loss: 1.1669 | Recon Loss: 0.0312 | Seg Loss: 0.2839
TRAIN Avg Loss: 1.1943 | Avg Seg Loss: 0.2964 | Avg Recon Loss: 0.0088
VALIDATION | Epoch Mean IoU (mIoU): 0.3919

--- Epoch 296/300 ---
  Batch 0/23 | Total Loss: 1.3046 | Recon Loss: 0.0073 | Seg Loss: 0.3243
TRAIN Avg Loss: 1.2219 | Avg Seg Loss: 0.3028 | Avg Recon Loss: 0.0106
VALIDATION | Epoch Mean IoU (mIoU): 0.4123

--- Epoch 297/300 ---
  Batch 0/23 | Total Loss: 1.1287 | Recon Loss: 0.0049 | Seg Loss: 0.2810
TRAIN Avg Loss: 1.1568 | Avg Seg Loss: 0.2856 | Avg Recon Loss: 0.0143
VALIDATION | Epoch Mean IoU (mIoU): 0.4120

--- Epoch 298/300 ---
  Batch 0/23 | Total Loss: 1.1355 | Recon Loss: 0.0042 | Seg Loss: 0.2828
TRAIN Avg Loss: 1.1180 | Avg Seg Loss: 0.2764 | Avg Recon Loss: 0.0123
VALIDATION | Epoch Mean IoU (mIoU): 0.4316

--- Epoch 299/300 ---
  Batch 0/23 | Total Loss: 1.7053 | Recon Loss: 0.0051 | Seg Loss: 0.4250
TRAIN Avg Loss: 1.2290 | Avg Seg Loss: 0.3054 | Avg Recon Loss: 0.0074
VALIDATION | Epoch Mean IoU (mIoU): 0.3746

--- Epoch 300/300 ---
  Batch 0/23 | Total Loss: 1.3054 | Recon Loss: 0.0077 | Seg Loss: 0.3244
TRAIN Avg Loss: 1.1297 | Avg Seg Loss: 0.2793 | Avg Recon Loss: 0.0125
VALIDATION | Epoch Mean IoU (mIoU): 0.4091
--- Training Finished ---
Best validation mIoU achieved: 0.0000
Best model saved to /zhome/d2/4/167803/Desktop/Deep_project/02456-final-project/Trained_models/AG_test.pth
Job Finished.

------------------------------------------------------------
Sender: LSF System <lsfadmin@hpc.dtu.dk>
Subject: Job 27050202: <AG_job> in cluster <dcc> Done

Job <AG_job> was submitted from host <gbarlogin1> by user <s214776> in cluster <dcc> at Mon Nov 17 10:18:18 2025
Job was executed on host(s) <8*n-62-13-17>, in queue <gpul40s>, as user <s214776> in cluster <dcc> at Mon Nov 17 12:17:51 2025
</zhome/d2/4/167803> was used as the home directory.
</zhome/d2/4/167803/Desktop/Deep_project/02456-final-project> was used as the working directory.
Started at Mon Nov 17 12:17:51 2025
Terminated at Mon Nov 17 14:34:29 2025
Results reported at Mon Nov 17 14:34:29 2025

Your job looked like:

------------------------------------------------------------
# LSBATCH: User input
#!/bin/sh
### --- Job Name ---
#BSUB -J AG_job

### --- Log files ---
#BSUB -o /zhome/d2/4/167803/Desktop/Deep_project/02456-final-project/logs/AG_job_%J.out
#BSUB -e /zhome/d2/4/167803/Desktop/Deep_project/02456-final-project/logs/AG_err_%J.err

### --- Resource Requests ---
#BSUB -q gpul40s           # Request GPU queue
#BSUB -gpu "num=1:mode=exclusive_process" # Request 1 GPU, all to myself
#BSUB -n 8                    # Request 4 CPU cores
#BSUB -R "rusage[mem=60GB]"   # Request 16GB memory
#BSUB -W 04:00                # 4 hour runtime limit

### --- Setup Environment ---
echo "Loading CUDA module..."
module load cuda/11.6         # Load CUDA module

echo "Loading Conda..."

source /zhome/d2/4/167803/miniforge3/bin/activate MBML
echo "Environment 'MBML' activated."

echo "Starting Python script..."
python /zhome/d2/4/167803/Desktop/Deep_project/02456-final-project/Model/AG_test.py

echo "Job Finished."
------------------------------------------------------------

Successfully completed.

Resource usage summary:

    CPU time :                                   26442.00 sec.
    Max Memory :                                 1912 MB
    Average Memory :                             1740.53 MB
    Total Requested Memory :                     491520.00 MB
    Delta Memory :                               489608.00 MB
    Max Swap :                                   -
    Max Processes :                              4
    Max Threads :                                18
    Run time :                                   8198 sec.
    Turnaround time :                            15371 sec.

The output (if any) is above this job summary.



PS:

Read file </zhome/d2/4/167803/Desktop/Deep_project/02456-final-project/logs/AG_err_27050202.err> for stderr output of this job.

