Loading CUDA module...
Loading Conda...
Environment 'MBML' activated.
Starting Python script...
Using device: cuda
Using device: cuda
Using Class Weights: tensor([0.5000, 1.5000, 1.0000, 4.0000], device='cuda:0')
--- Data Splits ---
Test (Reserved): [1, 2, 33, 34]
Validation: [27, 28, 29, 30]
Labeled Train: [3, 4, 5, 6, 7, 8, 35, 36, 36, 37, 38]
Unlabeled Train: [9, 10, 11, 12, 13, 14, 15, 16, 17, 18, 19, 20, 21, 22, 23, 24, 25, 26]
--- Labeled Loader Ready ---
--- Unlabeled Loader Ready ---
--- Validation Loader Ready ---
Train Batches: 88
Val Batches: 24
--- Starting Training ---
Epoch 1/400 | Train Loss: 65.3838
 Avg Train Loss: 65.3838 | Seg Loss: 0.6530 | Recon Loss: 0.0870
  Val mIoU: 0.6633 (Best: 0.0000)
  [Class IoU]  C1: 0.8927 | C2: 0.7648 | C3: 0.3323
  --> New Best Model Saved!
Epoch 2/400 | Train Loss: 56.4710
 Avg Train Loss: 56.4710 | Seg Loss: 0.5644 | Recon Loss: 0.0347
  Val mIoU: 0.5561 (Best: 0.6633)
  [Class IoU]  C1: 0.6955 | C2: 0.7162 | C3: 0.2566
Epoch 3/400 | Train Loss: 53.2593
 Avg Train Loss: 53.2593 | Seg Loss: 0.5324 | Recon Loss: 0.0232
  Val mIoU: 0.5958 (Best: 0.6633)
  [Class IoU]  C1: 0.8304 | C2: 0.7445 | C3: 0.2124
Epoch 4/400 | Train Loss: 51.5920
 Avg Train Loss: 51.5920 | Seg Loss: 0.5157 | Recon Loss: 0.0185
  Val mIoU: 0.6357 (Best: 0.6633)
  [Class IoU]  C1: 0.8387 | C2: 0.7713 | C3: 0.2971
Epoch 5/400 | Train Loss: 49.4283
 Avg Train Loss: 49.4283 | Seg Loss: 0.4941 | Recon Loss: 0.0168
  Val mIoU: 0.6959 (Best: 0.6633)
  [Class IoU]  C1: 0.9096 | C2: 0.7524 | C3: 0.4259
  --> New Best Model Saved!
Epoch 6/400 | Train Loss: 48.0545
 Avg Train Loss: 48.0545 | Seg Loss: 0.4804 | Recon Loss: 0.0146
  Val mIoU: 0.7189 (Best: 0.6959)
  [Class IoU]  C1: 0.9019 | C2: 0.7641 | C3: 0.4906
  --> New Best Model Saved!
Epoch 7/400 | Train Loss: 46.4114
 Avg Train Loss: 46.4114 | Seg Loss: 0.4640 | Recon Loss: 0.0140
  Val mIoU: 0.6436 (Best: 0.7189)
  [Class IoU]  C1: 0.9131 | C2: 0.7812 | C3: 0.2365
Epoch 8/400 | Train Loss: 45.5315
 Avg Train Loss: 45.5315 | Seg Loss: 0.4552 | Recon Loss: 0.0147
  Val mIoU: 0.6312 (Best: 0.7189)
  [Class IoU]  C1: 0.9027 | C2: 0.7061 | C3: 0.2847
Epoch 9/400 | Train Loss: 45.6770
 Avg Train Loss: 45.6770 | Seg Loss: 0.4566 | Recon Loss: 0.0124
  Val mIoU: 0.6086 (Best: 0.7189)
  [Class IoU]  C1: 0.9177 | C2: 0.7377 | C3: 0.1704
Epoch 10/400 | Train Loss: 44.2059
 Avg Train Loss: 44.2059 | Seg Loss: 0.4419 | Recon Loss: 0.0112
  Val mIoU: 0.6841 (Best: 0.7189)
  [Class IoU]  C1: 0.9272 | C2: 0.7727 | C3: 0.3524
Epoch 11/400 | Train Loss: 43.1333
 Avg Train Loss: 43.1333 | Seg Loss: 0.4312 | Recon Loss: 0.0106
  Val mIoU: 0.6964 (Best: 0.7189)
  [Class IoU]  C1: 0.9170 | C2: 0.7764 | C3: 0.3959
Epoch 12/400 | Train Loss: 42.2884
 Avg Train Loss: 42.2884 | Seg Loss: 0.4228 | Recon Loss: 0.0105
  Val mIoU: 0.7612 (Best: 0.7189)
  [Class IoU]  C1: 0.9181 | C2: 0.8125 | C3: 0.5531
  --> New Best Model Saved!
Epoch 13/400 | Train Loss: 42.2168
 Avg Train Loss: 42.2168 | Seg Loss: 0.4221 | Recon Loss: 0.0104
  Val mIoU: 0.6796 (Best: 0.7612)
  [Class IoU]  C1: 0.9231 | C2: 0.7868 | C3: 0.3290
Epoch 14/400 | Train Loss: 41.1967
 Avg Train Loss: 41.1967 | Seg Loss: 0.4119 | Recon Loss: 0.0106
  Val mIoU: 0.7635 (Best: 0.7612)
  [Class IoU]  C1: 0.9251 | C2: 0.8069 | C3: 0.5585
  --> New Best Model Saved!
Epoch 15/400 | Train Loss: 40.3383
 Avg Train Loss: 40.3383 | Seg Loss: 0.4033 | Recon Loss: 0.0095
  Val mIoU: 0.7639 (Best: 0.7635)
  [Class IoU]  C1: 0.9232 | C2: 0.8050 | C3: 0.5636
  --> New Best Model Saved!
Epoch 16/400 | Train Loss: 40.0590
 Avg Train Loss: 40.0590 | Seg Loss: 0.4005 | Recon Loss: 0.0096
  Val mIoU: 0.7094 (Best: 0.7639)
  [Class IoU]  C1: 0.9203 | C2: 0.7571 | C3: 0.4506
Epoch 17/400 | Train Loss: 39.1294
 Avg Train Loss: 39.1294 | Seg Loss: 0.3912 | Recon Loss: 0.0089
  Val mIoU: 0.7599 (Best: 0.7639)
  [Class IoU]  C1: 0.9223 | C2: 0.8000 | C3: 0.5573
Epoch 18/400 | Train Loss: 38.5549
 Avg Train Loss: 38.5549 | Seg Loss: 0.3855 | Recon Loss: 0.0088
  Val mIoU: 0.6931 (Best: 0.7639)
  [Class IoU]  C1: 0.9130 | C2: 0.7781 | C3: 0.3883
Epoch 19/400 | Train Loss: 38.5382
 Avg Train Loss: 38.5382 | Seg Loss: 0.3853 | Recon Loss: 0.0089
  Val mIoU: 0.7768 (Best: 0.7639)
  [Class IoU]  C1: 0.9060 | C2: 0.8247 | C3: 0.5996
  --> New Best Model Saved!
Epoch 20/400 | Train Loss: 38.9974
 Avg Train Loss: 38.9974 | Seg Loss: 0.3899 | Recon Loss: 0.0085
  Val mIoU: 0.7876 (Best: 0.7768)
  [Class IoU]  C1: 0.9267 | C2: 0.8345 | C3: 0.6016
  --> New Best Model Saved!
  Saving visuals for Epoch 20...
  Visuals saved to: /zhome/d2/4/167803/Desktop/Deep_project/02456-final-project/Output_AG_vali/epoch_0020_predictions.png
Epoch 21/400 | Train Loss: 37.1656
 Avg Train Loss: 37.1656 | Seg Loss: 0.3716 | Recon Loss: 0.0087
  Val mIoU: 0.7885 (Best: 0.7876)
  [Class IoU]  C1: 0.9259 | C2: 0.8374 | C3: 0.6024
  --> New Best Model Saved!
Epoch 22/400 | Train Loss: 37.5370
 Avg Train Loss: 37.5370 | Seg Loss: 0.3753 | Recon Loss: 0.0085
  Val mIoU: 0.7763 (Best: 0.7885)
  [Class IoU]  C1: 0.9186 | C2: 0.8168 | C3: 0.5935
Epoch 23/400 | Train Loss: 36.8118
 Avg Train Loss: 36.8118 | Seg Loss: 0.3680 | Recon Loss: 0.0086
  Val mIoU: 0.7440 (Best: 0.7885)
  [Class IoU]  C1: 0.9253 | C2: 0.7950 | C3: 0.5116
Epoch 24/400 | Train Loss: 36.8001
 Avg Train Loss: 36.8001 | Seg Loss: 0.3679 | Recon Loss: 0.0083
  Val mIoU: 0.7358 (Best: 0.7885)
  [Class IoU]  C1: 0.9226 | C2: 0.8244 | C3: 0.4603
Epoch 25/400 | Train Loss: 36.0558
 Avg Train Loss: 36.0558 | Seg Loss: 0.3605 | Recon Loss: 0.0087
  Val mIoU: 0.7727 (Best: 0.7885)
  [Class IoU]  C1: 0.9253 | C2: 0.8188 | C3: 0.5739
Epoch 26/400 | Train Loss: 36.3463
 Avg Train Loss: 36.3463 | Seg Loss: 0.3634 | Recon Loss: 0.0081
  Val mIoU: 0.7849 (Best: 0.7885)
  [Class IoU]  C1: 0.9211 | C2: 0.8421 | C3: 0.5916
Epoch 27/400 | Train Loss: 36.1072
 Avg Train Loss: 36.1072 | Seg Loss: 0.3610 | Recon Loss: 0.0087
  Val mIoU: 0.7549 (Best: 0.7885)
  [Class IoU]  C1: 0.9223 | C2: 0.8135 | C3: 0.5289
Epoch 28/400 | Train Loss: 35.5902
 Avg Train Loss: 35.5902 | Seg Loss: 0.3558 | Recon Loss: 0.0080
  Val mIoU: 0.7920 (Best: 0.7885)
  [Class IoU]  C1: 0.9254 | C2: 0.8336 | C3: 0.6170
  --> New Best Model Saved!
Epoch 29/400 | Train Loss: 35.3716
 Avg Train Loss: 35.3716 | Seg Loss: 0.3536 | Recon Loss: 0.0078
  Val mIoU: 0.7891 (Best: 0.7920)
  [Class IoU]  C1: 0.9165 | C2: 0.8271 | C3: 0.6236
Epoch 30/400 | Train Loss: 34.6188
 Avg Train Loss: 34.6188 | Seg Loss: 0.3461 | Recon Loss: 0.0080
  Val mIoU: 0.7978 (Best: 0.7920)
  [Class IoU]  C1: 0.9177 | C2: 0.8374 | C3: 0.6385
  --> New Best Model Saved!
Epoch 31/400 | Train Loss: 34.8232
 Avg Train Loss: 34.8232 | Seg Loss: 0.3482 | Recon Loss: 0.0081
  Val mIoU: 0.7771 (Best: 0.7978)
  [Class IoU]  C1: 0.9211 | C2: 0.8321 | C3: 0.5779
Epoch 32/400 | Train Loss: 34.3743
 Avg Train Loss: 34.3743 | Seg Loss: 0.3437 | Recon Loss: 0.0078
  Val mIoU: 0.7909 (Best: 0.7978)
  [Class IoU]  C1: 0.9264 | C2: 0.8421 | C3: 0.6042
Epoch 33/400 | Train Loss: 34.5035
 Avg Train Loss: 34.5035 | Seg Loss: 0.3450 | Recon Loss: 0.0076
  Val mIoU: 0.8074 (Best: 0.7978)
  [Class IoU]  C1: 0.9254 | C2: 0.8500 | C3: 0.6469
  --> New Best Model Saved!
Epoch 34/400 | Train Loss: 34.2800
 Avg Train Loss: 34.2800 | Seg Loss: 0.3427 | Recon Loss: 0.0080
  Val mIoU: 0.7825 (Best: 0.8074)
  [Class IoU]  C1: 0.9256 | C2: 0.8265 | C3: 0.5953
Epoch 35/400 | Train Loss: 34.5800
 Avg Train Loss: 34.5800 | Seg Loss: 0.3457 | Recon Loss: 0.0074
  Val mIoU: 0.7906 (Best: 0.8074)
  [Class IoU]  C1: 0.9154 | C2: 0.8337 | C3: 0.6226
Epoch 36/400 | Train Loss: 33.6692
 Avg Train Loss: 33.6692 | Seg Loss: 0.3366 | Recon Loss: 0.0073
  Val mIoU: 0.8044 (Best: 0.8074)
  [Class IoU]  C1: 0.9238 | C2: 0.8514 | C3: 0.6380
Epoch 37/400 | Train Loss: 32.9124
 Avg Train Loss: 32.9124 | Seg Loss: 0.3291 | Recon Loss: 0.0070
  Val mIoU: 0.7825 (Best: 0.8074)
  [Class IoU]  C1: 0.8866 | C2: 0.8338 | C3: 0.6272
Epoch 38/400 | Train Loss: 34.0727
 Avg Train Loss: 34.0727 | Seg Loss: 0.3407 | Recon Loss: 0.0072
  Val mIoU: 0.7693 (Best: 0.8074)
  [Class IoU]  C1: 0.9198 | C2: 0.8259 | C3: 0.5623
Epoch 39/400 | Train Loss: 34.1061
 Avg Train Loss: 34.1061 | Seg Loss: 0.3410 | Recon Loss: 0.0067
  Val mIoU: 0.7945 (Best: 0.8074)
  [Class IoU]  C1: 0.9111 | C2: 0.8408 | C3: 0.6317
Epoch 40/400 | Train Loss: 33.1390
 Avg Train Loss: 33.1390 | Seg Loss: 0.3313 | Recon Loss: 0.0073
  Val mIoU: 0.7123 (Best: 0.8074)
  [Class IoU]  C1: 0.7737 | C2: 0.8151 | C3: 0.5481
  Saving visuals for Epoch 40...
  Visuals saved to: /zhome/d2/4/167803/Desktop/Deep_project/02456-final-project/Output_AG_vali/epoch_0040_predictions.png
Epoch 41/400 | Train Loss: 32.4764
 Avg Train Loss: 32.4764 | Seg Loss: 0.3247 | Recon Loss: 0.0071
  Val mIoU: 0.8167 (Best: 0.8074)
  [Class IoU]  C1: 0.9139 | C2: 0.8602 | C3: 0.6761
  --> New Best Model Saved!
Epoch 42/400 | Train Loss: 33.0361
 Avg Train Loss: 33.0361 | Seg Loss: 0.3303 | Recon Loss: 0.0066
  Val mIoU: 0.8113 (Best: 0.8167)
  [Class IoU]  C1: 0.9216 | C2: 0.8463 | C3: 0.6662
Epoch 43/400 | Train Loss: 32.8228
 Avg Train Loss: 32.8228 | Seg Loss: 0.3282 | Recon Loss: 0.0069
  Val mIoU: 0.7966 (Best: 0.8167)
  [Class IoU]  C1: 0.9140 | C2: 0.8365 | C3: 0.6394
Epoch 44/400 | Train Loss: 32.5161
 Avg Train Loss: 32.5161 | Seg Loss: 0.3251 | Recon Loss: 0.0066
  Val mIoU: 0.8045 (Best: 0.8167)
  [Class IoU]  C1: 0.9112 | C2: 0.8476 | C3: 0.6547
Epoch 45/400 | Train Loss: 32.7164
 Avg Train Loss: 32.7164 | Seg Loss: 0.3271 | Recon Loss: 0.0068
  Val mIoU: 0.7877 (Best: 0.8167)
  [Class IoU]  C1: 0.9159 | C2: 0.8433 | C3: 0.6039
Epoch 46/400 | Train Loss: 32.6695
 Avg Train Loss: 32.6695 | Seg Loss: 0.3266 | Recon Loss: 0.0066
  Val mIoU: 0.7681 (Best: 0.8167)
  [Class IoU]  C1: 0.9035 | C2: 0.8257 | C3: 0.5750
Epoch 47/400 | Train Loss: 32.2947
 Avg Train Loss: 32.2947 | Seg Loss: 0.3229 | Recon Loss: 0.0064
  Val mIoU: 0.7094 (Best: 0.8167)
  [Class IoU]  C1: 0.6184 | C2: 0.8301 | C3: 0.6797
Epoch 48/400 | Train Loss: 32.7146
 Avg Train Loss: 32.7146 | Seg Loss: 0.3271 | Recon Loss: 0.0066
  Val mIoU: 0.7204 (Best: 0.8167)
  [Class IoU]  C1: 0.6608 | C2: 0.8411 | C3: 0.6594
Epoch 49/400 | Train Loss: 33.0123
 Avg Train Loss: 33.0123 | Seg Loss: 0.3301 | Recon Loss: 0.0063
  Val mIoU: 0.7950 (Best: 0.8167)
  [Class IoU]  C1: 0.9100 | C2: 0.8475 | C3: 0.6276
Epoch 50/400 | Train Loss: 32.0800
 Avg Train Loss: 32.0800 | Seg Loss: 0.3207 | Recon Loss: 0.0064
  Val mIoU: 0.7588 (Best: 0.8167)
  [Class IoU]  C1: 0.9124 | C2: 0.8246 | C3: 0.5394
Epoch 51/400 | Train Loss: 31.8481
 Avg Train Loss: 31.8481 | Seg Loss: 0.3184 | Recon Loss: 0.0063
  Val mIoU: 0.7055 (Best: 0.8167)
  [Class IoU]  C1: 0.9218 | C2: 0.8034 | C3: 0.3913
Epoch 52/400 | Train Loss: 32.3291
 Avg Train Loss: 32.3291 | Seg Loss: 0.3232 | Recon Loss: 0.0062
  Val mIoU: 0.7998 (Best: 0.8167)
  [Class IoU]  C1: 0.9033 | C2: 0.8535 | C3: 0.6426
Epoch 53/400 | Train Loss: 31.2261
 Avg Train Loss: 31.2261 | Seg Loss: 0.3122 | Recon Loss: 0.0061
  Val mIoU: 0.7872 (Best: 0.8167)
  [Class IoU]  C1: 0.9115 | C2: 0.8357 | C3: 0.6142
Epoch 54/400 | Train Loss: 31.6891
 Avg Train Loss: 31.6891 | Seg Loss: 0.3168 | Recon Loss: 0.0063
  Val mIoU: 0.7663 (Best: 0.8167)
  [Class IoU]  C1: 0.8412 | C2: 0.8370 | C3: 0.6207
Epoch 55/400 | Train Loss: 31.8011
 Avg Train Loss: 31.8011 | Seg Loss: 0.3180 | Recon Loss: 0.0059
  Val mIoU: 0.5918 (Best: 0.8167)
  [Class IoU]  C1: 0.2730 | C2: 0.8530 | C3: 0.6493
Epoch 56/400 | Train Loss: 31.9701
 Avg Train Loss: 31.9701 | Seg Loss: 0.3196 | Recon Loss: 0.0061
  Val mIoU: 0.7957 (Best: 0.8167)
  [Class IoU]  C1: 0.9102 | C2: 0.8467 | C3: 0.6302
Epoch 57/400 | Train Loss: 32.0840
 Avg Train Loss: 32.0840 | Seg Loss: 0.3208 | Recon Loss: 0.0059
  Val mIoU: 0.7428 (Best: 0.8167)
  [Class IoU]  C1: 0.7117 | C2: 0.8524 | C3: 0.6644
Epoch 58/400 | Train Loss: 31.0044
 Avg Train Loss: 31.0044 | Seg Loss: 0.3100 | Recon Loss: 0.0059
  Val mIoU: 0.6824 (Best: 0.8167)
  [Class IoU]  C1: 0.5507 | C2: 0.8387 | C3: 0.6578
Epoch 59/400 | Train Loss: 31.6147
 Avg Train Loss: 31.6147 | Seg Loss: 0.3161 | Recon Loss: 0.0060
  Val mIoU: 0.6627 (Best: 0.8167)
  [Class IoU]  C1: 0.5738 | C2: 0.8025 | C3: 0.6118
Epoch 60/400 | Train Loss: 31.5136
 Avg Train Loss: 31.5136 | Seg Loss: 0.3151 | Recon Loss: 0.0061
  Val mIoU: 0.5448 (Best: 0.8167)
  [Class IoU]  C1: 0.3668 | C2: 0.7816 | C3: 0.4861
  Saving visuals for Epoch 60...
  Visuals saved to: /zhome/d2/4/167803/Desktop/Deep_project/02456-final-project/Output_AG_vali/epoch_0060_predictions.png
Epoch 61/400 | Train Loss: 32.1215
 Avg Train Loss: 32.1215 | Seg Loss: 0.3212 | Recon Loss: 0.0058
  Val mIoU: 0.6053 (Best: 0.8167)
  [Class IoU]  C1: 0.6128 | C2: 0.7583 | C3: 0.4448
Epoch 62/400 | Train Loss: 31.5606
 Avg Train Loss: 31.5606 | Seg Loss: 0.3155 | Recon Loss: 0.0057
  Val mIoU: 0.7380 (Best: 0.8167)
  [Class IoU]  C1: 0.7613 | C2: 0.8418 | C3: 0.6110
Epoch 63/400 | Train Loss: 30.6511
 Avg Train Loss: 30.6511 | Seg Loss: 0.3065 | Recon Loss: 0.0055
  Val mIoU: 0.7618 (Best: 0.8167)
  [Class IoU]  C1: 0.9231 | C2: 0.8255 | C3: 0.5368
Epoch 64/400 | Train Loss: 30.5193
 Avg Train Loss: 30.5193 | Seg Loss: 0.3051 | Recon Loss: 0.0055
  Val mIoU: 0.7056 (Best: 0.8167)
  [Class IoU]  C1: 0.7084 | C2: 0.8153 | C3: 0.5933
Epoch 65/400 | Train Loss: 30.5598
 Avg Train Loss: 30.5598 | Seg Loss: 0.3055 | Recon Loss: 0.0056
  Val mIoU: 0.8029 (Best: 0.8167)
  [Class IoU]  C1: 0.8959 | C2: 0.8472 | C3: 0.6657
Epoch 66/400 | Train Loss: 31.1740
 Avg Train Loss: 31.1740 | Seg Loss: 0.3117 | Recon Loss: 0.0053
  Val mIoU: 0.7919 (Best: 0.8167)
  [Class IoU]  C1: 0.8821 | C2: 0.8558 | C3: 0.6377
Epoch 67/400 | Train Loss: 30.7129
 Avg Train Loss: 30.7129 | Seg Loss: 0.3071 | Recon Loss: 0.0054
  Val mIoU: 0.7831 (Best: 0.8167)
  [Class IoU]  C1: 0.9209 | C2: 0.8374 | C3: 0.5911
Epoch 68/400 | Train Loss: 30.4619
 Avg Train Loss: 30.4619 | Seg Loss: 0.3046 | Recon Loss: 0.0054
  Val mIoU: 0.7756 (Best: 0.8167)
  [Class IoU]  C1: 0.8980 | C2: 0.8241 | C3: 0.6047
Epoch 69/400 | Train Loss: 30.4864
 Avg Train Loss: 30.4864 | Seg Loss: 0.3048 | Recon Loss: 0.0054
  Val mIoU: 0.7724 (Best: 0.8167)
  [Class IoU]  C1: 0.8147 | C2: 0.8462 | C3: 0.6564
Epoch 70/400 | Train Loss: 30.5084
 Avg Train Loss: 30.5084 | Seg Loss: 0.3050 | Recon Loss: 0.0057
  Val mIoU: 0.7958 (Best: 0.8167)
  [Class IoU]  C1: 0.8703 | C2: 0.8502 | C3: 0.6669
Epoch 71/400 | Train Loss: 31.2149
 Avg Train Loss: 31.2149 | Seg Loss: 0.3121 | Recon Loss: 0.0055
  Val mIoU: 0.8187 (Best: 0.8167)
  [Class IoU]  C1: 0.9181 | C2: 0.8626 | C3: 0.6755
  --> New Best Model Saved!
Epoch 72/400 | Train Loss: 30.1119
 Avg Train Loss: 30.1119 | Seg Loss: 0.3011 | Recon Loss: 0.0055
  Val mIoU: 0.8147 (Best: 0.8187)
  [Class IoU]  C1: 0.9060 | C2: 0.8623 | C3: 0.6758
Epoch 73/400 | Train Loss: 30.1851
 Avg Train Loss: 30.1851 | Seg Loss: 0.3018 | Recon Loss: 0.0056
  Val mIoU: 0.6595 (Best: 0.8187)
  [Class IoU]  C1: 0.5340 | C2: 0.8323 | C3: 0.6120
Epoch 74/400 | Train Loss: 30.4911
 Avg Train Loss: 30.4911 | Seg Loss: 0.3049 | Recon Loss: 0.0054
  Val mIoU: 0.8069 (Best: 0.8187)
  [Class IoU]  C1: 0.9028 | C2: 0.8606 | C3: 0.6573
Epoch 75/400 | Train Loss: 30.0322
 Avg Train Loss: 30.0322 | Seg Loss: 0.3003 | Recon Loss: 0.0053
  Val mIoU: 0.8268 (Best: 0.8187)
  [Class IoU]  C1: 0.9170 | C2: 0.8584 | C3: 0.7050
  --> New Best Model Saved!
Epoch 76/400 | Train Loss: 29.7839
 Avg Train Loss: 29.7839 | Seg Loss: 0.2978 | Recon Loss: 0.0053
  Val mIoU: 0.8123 (Best: 0.8268)
  [Class IoU]  C1: 0.9012 | C2: 0.8597 | C3: 0.6760
Epoch 77/400 | Train Loss: 30.1802
 Avg Train Loss: 30.1802 | Seg Loss: 0.3017 | Recon Loss: 0.0052
  Val mIoU: 0.8029 (Best: 0.8268)
  [Class IoU]  C1: 0.8968 | C2: 0.8582 | C3: 0.6536
Epoch 78/400 | Train Loss: 29.9754
 Avg Train Loss: 29.9754 | Seg Loss: 0.2997 | Recon Loss: 0.0053
  Val mIoU: 0.6929 (Best: 0.8268)
  [Class IoU]  C1: 0.6544 | C2: 0.8290 | C3: 0.5953
Epoch 79/400 | Train Loss: 30.2056
 Avg Train Loss: 30.2056 | Seg Loss: 0.3020 | Recon Loss: 0.0052
  Val mIoU: 0.8182 (Best: 0.8268)
  [Class IoU]  C1: 0.9202 | C2: 0.8596 | C3: 0.6748
Epoch 80/400 | Train Loss: 29.5208
 Avg Train Loss: 29.5208 | Seg Loss: 0.2952 | Recon Loss: 0.0053
  Val mIoU: 0.8217 (Best: 0.8268)
  [Class IoU]  C1: 0.9113 | C2: 0.8683 | C3: 0.6854
  Saving visuals for Epoch 80...
  Visuals saved to: /zhome/d2/4/167803/Desktop/Deep_project/02456-final-project/Output_AG_vali/epoch_0080_predictions.png
Epoch 81/400 | Train Loss: 29.6542
 Avg Train Loss: 29.6542 | Seg Loss: 0.2965 | Recon Loss: 0.0052
  Val mIoU: 0.8251 (Best: 0.8268)
  [Class IoU]  C1: 0.8985 | C2: 0.8699 | C3: 0.7069
Epoch 82/400 | Train Loss: 30.6477
 Avg Train Loss: 30.6477 | Seg Loss: 0.3064 | Recon Loss: 0.0053
  Val mIoU: 0.7995 (Best: 0.8268)
  [Class IoU]  C1: 0.8992 | C2: 0.8608 | C3: 0.6385
Epoch 83/400 | Train Loss: 30.2474
 Avg Train Loss: 30.2474 | Seg Loss: 0.3024 | Recon Loss: 0.0053
  Val mIoU: 0.8159 (Best: 0.8268)
  [Class IoU]  C1: 0.8840 | C2: 0.8708 | C3: 0.6929
Epoch 84/400 | Train Loss: 29.4922
 Avg Train Loss: 29.4922 | Seg Loss: 0.2949 | Recon Loss: 0.0054
  Val mIoU: 0.7815 (Best: 0.8268)
  [Class IoU]  C1: 0.8917 | C2: 0.8525 | C3: 0.6005
Epoch 85/400 | Train Loss: 29.9535
 Avg Train Loss: 29.9535 | Seg Loss: 0.2995 | Recon Loss: 0.0053
  Val mIoU: 0.7507 (Best: 0.8268)
  [Class IoU]  C1: 0.8734 | C2: 0.8297 | C3: 0.5489
Epoch 86/400 | Train Loss: 29.5066
 Avg Train Loss: 29.5066 | Seg Loss: 0.2950 | Recon Loss: 0.0052
  Val mIoU: 0.7911 (Best: 0.8268)
  [Class IoU]  C1: 0.9183 | C2: 0.8500 | C3: 0.6049
Epoch 87/400 | Train Loss: 30.0279
 Avg Train Loss: 30.0279 | Seg Loss: 0.3002 | Recon Loss: 0.0053
  Val mIoU: 0.8102 (Best: 0.8268)
  [Class IoU]  C1: 0.9165 | C2: 0.8596 | C3: 0.6544
Epoch 88/400 | Train Loss: 30.8494
 Avg Train Loss: 30.8494 | Seg Loss: 0.3084 | Recon Loss: 0.0052
  Val mIoU: 0.8277 (Best: 0.8268)
  [Class IoU]  C1: 0.9069 | C2: 0.8725 | C3: 0.7038
  --> New Best Model Saved!
Epoch 89/400 | Train Loss: 29.4924
 Avg Train Loss: 29.4924 | Seg Loss: 0.2949 | Recon Loss: 0.0053
  Val mIoU: 0.8022 (Best: 0.8277)
  [Class IoU]  C1: 0.9130 | C2: 0.8524 | C3: 0.6413
Epoch 90/400 | Train Loss: 29.7049
 Avg Train Loss: 29.7049 | Seg Loss: 0.2970 | Recon Loss: 0.0052
  Val mIoU: 0.8345 (Best: 0.8277)
  [Class IoU]  C1: 0.9174 | C2: 0.8743 | C3: 0.7118
  --> New Best Model Saved!
Epoch 91/400 | Train Loss: 29.1444
 Avg Train Loss: 29.1444 | Seg Loss: 0.2914 | Recon Loss: 0.0053
  Val mIoU: 0.7937 (Best: 0.8345)
  [Class IoU]  C1: 0.8639 | C2: 0.8582 | C3: 0.6590
Epoch 92/400 | Train Loss: 29.8119
 Avg Train Loss: 29.8119 | Seg Loss: 0.2981 | Recon Loss: 0.0051
  Val mIoU: 0.8048 (Best: 0.8345)
  [Class IoU]  C1: 0.9171 | C2: 0.8622 | C3: 0.6349
Epoch 93/400 | Train Loss: 29.0236
 Avg Train Loss: 29.0236 | Seg Loss: 0.2902 | Recon Loss: 0.0051
  Val mIoU: 0.8171 (Best: 0.8345)
  [Class IoU]  C1: 0.9177 | C2: 0.8678 | C3: 0.6657
Epoch 94/400 | Train Loss: 28.8421
 Avg Train Loss: 28.8421 | Seg Loss: 0.2884 | Recon Loss: 0.0051
  Val mIoU: 0.8040 (Best: 0.8345)
  [Class IoU]  C1: 0.9189 | C2: 0.8552 | C3: 0.6380
Epoch 95/400 | Train Loss: 29.6212
 Avg Train Loss: 29.6212 | Seg Loss: 0.2962 | Recon Loss: 0.0050
  Val mIoU: 0.8241 (Best: 0.8345)
  [Class IoU]  C1: 0.9205 | C2: 0.8695 | C3: 0.6823
Epoch 96/400 | Train Loss: 29.2018
 Avg Train Loss: 29.2018 | Seg Loss: 0.2920 | Recon Loss: 0.0050
  Val mIoU: 0.7790 (Best: 0.8345)
  [Class IoU]  C1: 0.9087 | C2: 0.8423 | C3: 0.5862
Epoch 97/400 | Train Loss: 29.4730
 Avg Train Loss: 29.4730 | Seg Loss: 0.2947 | Recon Loss: 0.0050
  Val mIoU: 0.8174 (Best: 0.8345)
  [Class IoU]  C1: 0.9237 | C2: 0.8648 | C3: 0.6637
Epoch 98/400 | Train Loss: 28.8177
 Avg Train Loss: 28.8177 | Seg Loss: 0.2881 | Recon Loss: 0.0052
  Val mIoU: 0.6317 (Best: 0.8345)
  [Class IoU]  C1: 0.4729 | C2: 0.8122 | C3: 0.6102
Epoch 99/400 | Train Loss: 29.1857
 Avg Train Loss: 29.1857 | Seg Loss: 0.2918 | Recon Loss: 0.0052
  Val mIoU: 0.7405 (Best: 0.8345)
  [Class IoU]  C1: 0.7773 | C2: 0.8339 | C3: 0.6103
Epoch 100/400 | Train Loss: 28.5848
 Avg Train Loss: 28.5848 | Seg Loss: 0.2858 | Recon Loss: 0.0050
  Val mIoU: 0.7986 (Best: 0.8345)
  [Class IoU]  C1: 0.8979 | C2: 0.8607 | C3: 0.6372
  Saving visuals for Epoch 100...
  Visuals saved to: /zhome/d2/4/167803/Desktop/Deep_project/02456-final-project/Output_AG_vali/epoch_0100_predictions.png
Epoch 101/400 | Train Loss: 29.6559
 Avg Train Loss: 29.6559 | Seg Loss: 0.2965 | Recon Loss: 0.0051
  Val mIoU: 0.8362 (Best: 0.8345)
  [Class IoU]  C1: 0.9269 | C2: 0.8745 | C3: 0.7074
  --> New Best Model Saved!
Epoch 102/400 | Train Loss: 28.7893
 Avg Train Loss: 28.7893 | Seg Loss: 0.2878 | Recon Loss: 0.0052
  Val mIoU: 0.8217 (Best: 0.8362)
  [Class IoU]  C1: 0.8915 | C2: 0.8712 | C3: 0.7024
Epoch 103/400 | Train Loss: 29.3537
 Avg Train Loss: 29.3537 | Seg Loss: 0.2935 | Recon Loss: 0.0051
  Val mIoU: 0.8225 (Best: 0.8362)
  [Class IoU]  C1: 0.9209 | C2: 0.8667 | C3: 0.6798
Epoch 104/400 | Train Loss: 29.3748
 Avg Train Loss: 29.3748 | Seg Loss: 0.2937 | Recon Loss: 0.0049
  Val mIoU: 0.8101 (Best: 0.8362)
  [Class IoU]  C1: 0.9208 | C2: 0.8620 | C3: 0.6473
Epoch 105/400 | Train Loss: 29.4276
 Avg Train Loss: 29.4276 | Seg Loss: 0.2942 | Recon Loss: 0.0050
  Val mIoU: 0.7952 (Best: 0.8362)
  [Class IoU]  C1: 0.9215 | C2: 0.8521 | C3: 0.6119
Epoch 106/400 | Train Loss: 28.5528
 Avg Train Loss: 28.5528 | Seg Loss: 0.2855 | Recon Loss: 0.0049
  Val mIoU: 0.7683 (Best: 0.8362)
  [Class IoU]  C1: 0.9234 | C2: 0.8236 | C3: 0.5578
Epoch 107/400 | Train Loss: 28.8508
 Avg Train Loss: 28.8508 | Seg Loss: 0.2885 | Recon Loss: 0.0052
  Val mIoU: 0.8266 (Best: 0.8362)
  [Class IoU]  C1: 0.9186 | C2: 0.8695 | C3: 0.6916
Epoch 108/400 | Train Loss: 29.2248
 Avg Train Loss: 29.2248 | Seg Loss: 0.2922 | Recon Loss: 0.0051
  Val mIoU: 0.7958 (Best: 0.8362)
  [Class IoU]  C1: 0.9182 | C2: 0.8527 | C3: 0.6165
Epoch 109/400 | Train Loss: 29.1488
 Avg Train Loss: 29.1488 | Seg Loss: 0.2914 | Recon Loss: 0.0052
  Val mIoU: 0.8064 (Best: 0.8362)
  [Class IoU]  C1: 0.8929 | C2: 0.8590 | C3: 0.6672
Epoch 110/400 | Train Loss: 29.0076
 Avg Train Loss: 29.0076 | Seg Loss: 0.2900 | Recon Loss: 0.0050
  Val mIoU: 0.7925 (Best: 0.8362)
  [Class IoU]  C1: 0.9032 | C2: 0.8523 | C3: 0.6221
Epoch 111/400 | Train Loss: 28.2027
 Avg Train Loss: 28.2027 | Seg Loss: 0.2820 | Recon Loss: 0.0050
  Val mIoU: 0.8197 (Best: 0.8362)
  [Class IoU]  C1: 0.9224 | C2: 0.8654 | C3: 0.6712
Epoch 112/400 | Train Loss: 28.8473
 Avg Train Loss: 28.8473 | Seg Loss: 0.2884 | Recon Loss: 0.0051
  Val mIoU: 0.7743 (Best: 0.8362)
  [Class IoU]  C1: 0.9205 | C2: 0.8351 | C3: 0.5674
Epoch 113/400 | Train Loss: 28.7945
 Avg Train Loss: 28.7945 | Seg Loss: 0.2879 | Recon Loss: 0.0049
  Val mIoU: 0.8223 (Best: 0.8362)
  [Class IoU]  C1: 0.9143 | C2: 0.8563 | C3: 0.6962
Epoch 114/400 | Train Loss: 28.8821
 Avg Train Loss: 28.8821 | Seg Loss: 0.2888 | Recon Loss: 0.0052
  Val mIoU: 0.7998 (Best: 0.8362)
  [Class IoU]  C1: 0.9064 | C2: 0.8528 | C3: 0.6401
Epoch 115/400 | Train Loss: 29.0768
 Avg Train Loss: 29.0768 | Seg Loss: 0.2907 | Recon Loss: 0.0051
  Val mIoU: 0.7580 (Best: 0.8362)
  [Class IoU]  C1: 0.7976 | C2: 0.8421 | C3: 0.6342
Epoch 116/400 | Train Loss: 29.0347
 Avg Train Loss: 29.0347 | Seg Loss: 0.2903 | Recon Loss: 0.0049
  Val mIoU: 0.8185 (Best: 0.8362)
  [Class IoU]  C1: 0.9218 | C2: 0.8688 | C3: 0.6650
Epoch 117/400 | Train Loss: 28.8133
 Avg Train Loss: 28.8133 | Seg Loss: 0.2881 | Recon Loss: 0.0051
  Val mIoU: 0.8307 (Best: 0.8362)
  [Class IoU]  C1: 0.9245 | C2: 0.8787 | C3: 0.6889
Epoch 118/400 | Train Loss: 28.6010
 Avg Train Loss: 28.6010 | Seg Loss: 0.2860 | Recon Loss: 0.0050
  Val mIoU: 0.8116 (Best: 0.8362)
  [Class IoU]  C1: 0.9238 | C2: 0.8664 | C3: 0.6446
Epoch 119/400 | Train Loss: 28.4486
 Avg Train Loss: 28.4486 | Seg Loss: 0.2844 | Recon Loss: 0.0050
  Val mIoU: 0.8027 (Best: 0.8362)
  [Class IoU]  C1: 0.9161 | C2: 0.8557 | C3: 0.6364
Epoch 120/400 | Train Loss: 28.1350
 Avg Train Loss: 28.1350 | Seg Loss: 0.2813 | Recon Loss: 0.0051
  Val mIoU: 0.8005 (Best: 0.8362)
  [Class IoU]  C1: 0.8937 | C2: 0.8558 | C3: 0.6520
  Saving visuals for Epoch 120...
  Visuals saved to: /zhome/d2/4/167803/Desktop/Deep_project/02456-final-project/Output_AG_vali/epoch_0120_predictions.png
Epoch 121/400 | Train Loss: 28.9335
 Avg Train Loss: 28.9335 | Seg Loss: 0.2893 | Recon Loss: 0.0051
  Val mIoU: 0.8171 (Best: 0.8362)
  [Class IoU]  C1: 0.8814 | C2: 0.8619 | C3: 0.7080
Epoch 122/400 | Train Loss: 28.7624
 Avg Train Loss: 28.7624 | Seg Loss: 0.2876 | Recon Loss: 0.0052
  Val mIoU: 0.8264 (Best: 0.8362)
  [Class IoU]  C1: 0.9210 | C2: 0.8734 | C3: 0.6850
Epoch 123/400 | Train Loss: 29.2107
 Avg Train Loss: 29.2107 | Seg Loss: 0.2921 | Recon Loss: 0.0049
  Val mIoU: 0.8288 (Best: 0.8362)
  [Class IoU]  C1: 0.9061 | C2: 0.8777 | C3: 0.7027
Epoch 124/400 | Train Loss: 28.2133
 Avg Train Loss: 28.2133 | Seg Loss: 0.2821 | Recon Loss: 0.0048
  Val mIoU: 0.7987 (Best: 0.8362)
  [Class IoU]  C1: 0.9149 | C2: 0.8580 | C3: 0.6232
Epoch 125/400 | Train Loss: 28.2011
 Avg Train Loss: 28.2011 | Seg Loss: 0.2820 | Recon Loss: 0.0050
  Val mIoU: 0.8081 (Best: 0.8362)
  [Class IoU]  C1: 0.9091 | C2: 0.8651 | C3: 0.6500
Epoch 126/400 | Train Loss: 28.1189
 Avg Train Loss: 28.1189 | Seg Loss: 0.2811 | Recon Loss: 0.0050
  Val mIoU: 0.8401 (Best: 0.8362)
  [Class IoU]  C1: 0.9231 | C2: 0.8782 | C3: 0.7189
  --> New Best Model Saved!
Epoch 127/400 | Train Loss: 28.5900
 Avg Train Loss: 28.5900 | Seg Loss: 0.2859 | Recon Loss: 0.0050
  Val mIoU: 0.8399 (Best: 0.8401)
  [Class IoU]  C1: 0.9210 | C2: 0.8766 | C3: 0.7220
Epoch 128/400 | Train Loss: 29.5421
 Avg Train Loss: 29.5421 | Seg Loss: 0.2954 | Recon Loss: 0.0048
  Val mIoU: 0.8322 (Best: 0.8401)
  [Class IoU]  C1: 0.9214 | C2: 0.8756 | C3: 0.6997
Epoch 129/400 | Train Loss: 28.1772
 Avg Train Loss: 28.1772 | Seg Loss: 0.2817 | Recon Loss: 0.0049
  Val mIoU: 0.8209 (Best: 0.8401)
  [Class IoU]  C1: 0.9182 | C2: 0.8708 | C3: 0.6738
Epoch 130/400 | Train Loss: 28.3420
 Avg Train Loss: 28.3420 | Seg Loss: 0.2834 | Recon Loss: 0.0050
  Val mIoU: 0.8157 (Best: 0.8401)
  [Class IoU]  C1: 0.9171 | C2: 0.8686 | C3: 0.6614
Epoch 131/400 | Train Loss: 28.1958
 Avg Train Loss: 28.1958 | Seg Loss: 0.2819 | Recon Loss: 0.0050
  Val mIoU: 0.8370 (Best: 0.8401)
  [Class IoU]  C1: 0.9201 | C2: 0.8726 | C3: 0.7183
Epoch 132/400 | Train Loss: 28.0539
 Avg Train Loss: 28.0539 | Seg Loss: 0.2805 | Recon Loss: 0.0049
  Val mIoU: 0.8172 (Best: 0.8401)
  [Class IoU]  C1: 0.9048 | C2: 0.8702 | C3: 0.6767
Epoch 133/400 | Train Loss: 28.1076
 Avg Train Loss: 28.1076 | Seg Loss: 0.2810 | Recon Loss: 0.0048
  Val mIoU: 0.8374 (Best: 0.8401)
  [Class IoU]  C1: 0.9136 | C2: 0.8707 | C3: 0.7280
Epoch 134/400 | Train Loss: 27.8940
 Avg Train Loss: 27.8940 | Seg Loss: 0.2789 | Recon Loss: 0.0048
  Val mIoU: 0.8223 (Best: 0.8401)
  [Class IoU]  C1: 0.9182 | C2: 0.8693 | C3: 0.6793
Epoch 135/400 | Train Loss: 28.0736
 Avg Train Loss: 28.0736 | Seg Loss: 0.2807 | Recon Loss: 0.0047
  Val mIoU: 0.8315 (Best: 0.8401)
  [Class IoU]  C1: 0.9214 | C2: 0.8729 | C3: 0.7002
Epoch 136/400 | Train Loss: 28.5284
 Avg Train Loss: 28.5284 | Seg Loss: 0.2852 | Recon Loss: 0.0048
  Val mIoU: 0.8321 (Best: 0.8401)
  [Class IoU]  C1: 0.9197 | C2: 0.8735 | C3: 0.7031
Epoch 137/400 | Train Loss: 27.8528
 Avg Train Loss: 27.8528 | Seg Loss: 0.2785 | Recon Loss: 0.0049
  Val mIoU: 0.8393 (Best: 0.8401)
  [Class IoU]  C1: 0.9204 | C2: 0.8772 | C3: 0.7203
Epoch 138/400 | Train Loss: 28.4280
 Avg Train Loss: 28.4280 | Seg Loss: 0.2842 | Recon Loss: 0.0048
  Val mIoU: 0.8202 (Best: 0.8401)
  [Class IoU]  C1: 0.9187 | C2: 0.8691 | C3: 0.6728
Epoch 139/400 | Train Loss: 29.4045
 Avg Train Loss: 29.4045 | Seg Loss: 0.2940 | Recon Loss: 0.0049
  Val mIoU: 0.8419 (Best: 0.8401)
  [Class IoU]  C1: 0.9175 | C2: 0.8812 | C3: 0.7270
  --> New Best Model Saved!
Epoch 140/400 | Train Loss: 28.3306
 Avg Train Loss: 28.3306 | Seg Loss: 0.2833 | Recon Loss: 0.0048
  Val mIoU: 0.8154 (Best: 0.8419)
  [Class IoU]  C1: 0.9103 | C2: 0.8638 | C3: 0.6720
  Saving visuals for Epoch 140...
  Visuals saved to: /zhome/d2/4/167803/Desktop/Deep_project/02456-final-project/Output_AG_vali/epoch_0140_predictions.png
Epoch 141/400 | Train Loss: 28.0265
 Avg Train Loss: 28.0265 | Seg Loss: 0.2802 | Recon Loss: 0.0048
  Val mIoU: 0.8194 (Best: 0.8419)
  [Class IoU]  C1: 0.8974 | C2: 0.8683 | C3: 0.6924
Epoch 142/400 | Train Loss: 27.6878
 Avg Train Loss: 27.6878 | Seg Loss: 0.2768 | Recon Loss: 0.0049
  Val mIoU: 0.8146 (Best: 0.8419)
  [Class IoU]  C1: 0.9112 | C2: 0.8672 | C3: 0.6654

------------------------------------------------------------
Sender: LSF System <lsfadmin@hpc.dtu.dk>
Subject: Job 27230227: <AG_job> in cluster <dcc> Exited

Job <AG_job> was submitted from host <gbarlogin1> by user <s214776> in cluster <dcc> at Mon Dec  1 08:40:18 2025
Job was executed on host(s) <8*n-62-13-16>, in queue <gpul40s>, as user <s214776> in cluster <dcc> at Mon Dec  1 08:40:18 2025
</zhome/d2/4/167803> was used as the home directory.
</zhome/d2/4/167803/Desktop/Deep_project/02456-final-project> was used as the working directory.
Started at Mon Dec  1 08:40:18 2025
Terminated at Mon Dec  1 10:40:44 2025
Results reported at Mon Dec  1 10:40:44 2025

Your job looked like:

------------------------------------------------------------
# LSBATCH: User input
#!/bin/sh
### --- Job Name ---
#BSUB -J AG_job

### --- Log files ---
#BSUB -o /zhome/d2/4/167803/Desktop/Deep_project/02456-final-project/logs/AG_job_%J.out
#BSUB -e /zhome/d2/4/167803/Desktop/Deep_project/02456-final-project/logs/AG_err_%J.err

### --- Resource Requests ---
#BSUB -q gpul40s           # Request GPU queue
#BSUB -gpu "num=1:mode=exclusive_process" # Request 1 GPU, all to myself
#BSUB -n 8                    # Request 4 CPU cores
#BSUB -R "rusage[mem=64GB]"   # Request 16GB memory
#BSUB -W 25:00                # 4 hour runtime limit


### --- Setup Environment ---
echo "Loading CUDA module..."
module load cuda/11.6         # Load CUDA module

echo "Loading Conda..."

source /zhome/d2/4/167803/miniforge3/bin/activate MBML
echo "Environment 'MBML' activated."

echo "Starting Python script..."
python /zhome/d2/4/167803/Desktop/Deep_project/02456-final-project/Model/AG_vali.py

echo "Job Finished."
------------------------------------------------------------

TERM_OWNER: job killed by owner.
Exited with exit code 143.

Resource usage summary:

    CPU time :                                   30651.00 sec.
    Max Memory :                                 2971 MB
    Average Memory :                             1942.52 MB
    Total Requested Memory :                     524288.00 MB
    Delta Memory :                               521317.00 MB
    Max Swap :                                   -
    Max Processes :                              12
    Max Threads :                                75
    Run time :                                   7236 sec.
    Turnaround time :                            7226 sec.

The output (if any) is above this job summary.



PS:

Read file </zhome/d2/4/167803/Desktop/Deep_project/02456-final-project/logs/AG_err_27230227.err> for stderr output of this job.

