Loading CUDA module...
Loading Conda...
Environment 'MBML' activated.
Starting Python script...
Using device: cuda
Using device: cuda
Using device: cuda
/zhome/d2/4/167803/Desktop/Deep_project/02456-final-project/Task03_Liver_rs
/zhome/d2/4/167803/Desktop/Deep_project/02456-final-project/Task03_Liver_rs
Found 28 image/label pairs.
--- success ---
Found 119 unlabeled images.
--- success ---
--- Starting Training with Staged Loss ---
Stage 1 (Region)    : Epochs 1-174
Stage 2 (Boundary)  : Epochs 175-onward

--- Epoch 1/200 ---
Using Stage 1 (Region) Loss: Standard Dice+CE
Job Finished.

------------------------------------------------------------
Sender: LSF System <lsfadmin@hpc.dtu.dk>
Subject: Job 27026503: <AG_job> in cluster <dcc> Done

Job <AG_job> was submitted from host <gbarlogin1> by user <s214776> in cluster <dcc> at Sat Nov 15 01:09:34 2025
Job was executed on host(s) <4*n-62-13-17>, in queue <gpul40s>, as user <s214776> in cluster <dcc> at Sat Nov 15 01:09:34 2025
</zhome/d2/4/167803> was used as the home directory.
</zhome/d2/4/167803/Desktop/Deep_project/02456-final-project> was used as the working directory.
Started at Sat Nov 15 01:09:34 2025
Terminated at Sat Nov 15 01:09:50 2025
Results reported at Sat Nov 15 01:09:50 2025

Your job looked like:

------------------------------------------------------------
# LSBATCH: User input
#!/bin/sh
### --- Job Name ---
#BSUB -J AG_job

### --- Log files ---
#BSUB -o /zhome/d2/4/167803/Desktop/Deep_project/02456-final-project/logs/AG_job_%J.out
#BSUB -e /zhome/d2/4/167803/Desktop/Deep_project/02456-final-project/logs/AG_err_%J.err

### --- Resource Requests ---
#BSUB -q gpul40s             # Request GPU queue
#BSUB -gpu "num=1:mode=exclusive_process" # Request 1 GPU, all to myself
#BSUB -n 4                    # Request 4 CPU cores
#BSUB -R "rusage[mem=16GB]"   # Request 16GB memory
#BSUB -W 04:00                # 4 hour runtime limit

### --- Setup Environment ---
echo "Loading CUDA module..."
module load cuda/11.6         # Load CUDA module

echo "Loading Conda..."

source /zhome/d2/4/167803/miniforge3/bin/activate MBML
echo "Environment 'MBML' activated."

echo "Starting Python script..."
python /zhome/d2/4/167803/Desktop/Deep_project/02456-final-project/Model/AG.py

echo "Job Finished."
------------------------------------------------------------

Successfully completed.

Resource usage summary:

    CPU time :                                   10.00 sec.
    Max Memory :                                 592 MB
    Average Memory :                             592.00 MB
    Total Requested Memory :                     65536.00 MB
    Delta Memory :                               64944.00 MB
    Max Swap :                                   -
    Max Processes :                              4
    Max Threads :                                9
    Run time :                                   47 sec.
    Turnaround time :                            16 sec.

The output (if any) is above this job summary.



PS:

Read file </zhome/d2/4/167803/Desktop/Deep_project/02456-final-project/logs/AG_err_27026503.err> for stderr output of this job.

