Loading CUDA module...
Loading Conda...
Environment 'MBML' activated.
Starting Python script...
Using device: cuda
Using device: cuda
Using Class Weights: tensor([0.5000, 1.5000, 1.0000, 4.0000], device='cuda:0')
--- Data Splits ---
Test (Reserved): [1, 2, 33, 34]
Validation: [27, 28, 29, 30]
Labeled Train: [3, 4, 5, 6, 7, 8, 35, 36, 36, 37, 38]
Unlabeled Train: [9, 10, 11, 12, 13, 14, 15, 16, 17, 18, 19, 20, 21, 22, 23, 24, 25, 26]
--- Labeled Loader Ready ---
--- Unlabeled Loader Ready ---
--- Validation Loader Ready ---
Train Batches: 88
Val Batches: 24
--- Starting Training ---
Epoch 1/400 | Train Loss: 66.2291
 Avg Train Loss: 66.2291 | Seg Loss: 0.6617 | Recon Loss: 0.0577
  Val mIoU: 0.6667 (Best: 0.0000)
 [Class IoU] C0: 0.6862 C1: 0.8456 | C2: 0.7551 | C3: 0.3994
  --> New Best Model Saved!
Epoch 2/400 | Train Loss: 56.8011
 Avg Train Loss: 56.8011 | Seg Loss: 0.5678 | Recon Loss: 0.0202
  Val mIoU: 0.7012 (Best: 0.6667)
 [Class IoU] C0: 0.7218 C1: 0.8677 | C2: 0.7761 | C3: 0.4599
  --> New Best Model Saved!
Epoch 3/400 | Train Loss: 53.8975
 Avg Train Loss: 53.8975 | Seg Loss: 0.5389 | Recon Loss: 0.0123
  Val mIoU: 0.6421 (Best: 0.7012)
 [Class IoU] C0: 0.7179 C1: 0.7488 | C2: 0.7849 | C3: 0.3927
Epoch 4/400 | Train Loss: 51.2379
 Avg Train Loss: 51.2379 | Seg Loss: 0.5123 | Recon Loss: 0.0104
  Val mIoU: 0.6247 (Best: 0.7012)
 [Class IoU] C0: 0.6936 C1: 0.7961 | C2: 0.7372 | C3: 0.3407
Epoch 5/400 | Train Loss: 49.3316
 Avg Train Loss: 49.3316 | Seg Loss: 0.4932 | Recon Loss: 0.0097
  Val mIoU: 0.7184 (Best: 0.7012)
 [Class IoU] C0: 0.7421 C1: 0.8048 | C2: 0.7992 | C3: 0.5512
  --> New Best Model Saved!
Epoch 6/400 | Train Loss: 47.8574
 Avg Train Loss: 47.8574 | Seg Loss: 0.4785 | Recon Loss: 0.0095
  Val mIoU: 0.6304 (Best: 0.7184)
 [Class IoU] C0: 0.7697 C1: 0.9119 | C2: 0.7745 | C3: 0.2047
Epoch 7/400 | Train Loss: 46.6097
 Avg Train Loss: 46.6097 | Seg Loss: 0.4660 | Recon Loss: 0.0090
  Val mIoU: 0.6747 (Best: 0.7184)
 [Class IoU] C0: 0.7720 C1: 0.9174 | C2: 0.7837 | C3: 0.3231
Epoch 8/400 | Train Loss: 45.7881
 Avg Train Loss: 45.7881 | Seg Loss: 0.4578 | Recon Loss: 0.0091
  Val mIoU: 0.7548 (Best: 0.7184)
 [Class IoU] C0: 0.7637 C1: 0.9057 | C2: 0.8013 | C3: 0.5573
  --> New Best Model Saved!
Epoch 9/400 | Train Loss: 44.0467
 Avg Train Loss: 44.0467 | Seg Loss: 0.4404 | Recon Loss: 0.0086
  Val mIoU: 0.6822 (Best: 0.7548)
 [Class IoU] C0: 0.7658 C1: 0.8968 | C2: 0.7881 | C3: 0.3618
Epoch 10/400 | Train Loss: 43.5644
 Avg Train Loss: 43.5644 | Seg Loss: 0.4356 | Recon Loss: 0.0083
  Val mIoU: 0.6741 (Best: 0.7548)
 [Class IoU] C0: 0.7703 C1: 0.8884 | C2: 0.7922 | C3: 0.3418
Epoch 11/400 | Train Loss: 42.7564
 Avg Train Loss: 42.7564 | Seg Loss: 0.4275 | Recon Loss: 0.0087
  Val mIoU: 0.7722 (Best: 0.7548)
 [Class IoU] C0: 0.7793 C1: 0.9164 | C2: 0.8214 | C3: 0.5788
  --> New Best Model Saved!
Epoch 12/400 | Train Loss: 41.4225
 Avg Train Loss: 41.4225 | Seg Loss: 0.4141 | Recon Loss: 0.0083
  Val mIoU: 0.7592 (Best: 0.7722)
 [Class IoU] C0: 0.7864 C1: 0.9157 | C2: 0.8096 | C3: 0.5521
Epoch 13/400 | Train Loss: 41.2231
 Avg Train Loss: 41.2231 | Seg Loss: 0.4122 | Recon Loss: 0.0077
  Val mIoU: 0.7610 (Best: 0.7722)
 [Class IoU] C0: 0.7670 C1: 0.8827 | C2: 0.8098 | C3: 0.5906
Epoch 14/400 | Train Loss: 40.8553
 Avg Train Loss: 40.8553 | Seg Loss: 0.4085 | Recon Loss: 0.0078
  Val mIoU: 0.7640 (Best: 0.7722)
 [Class IoU] C0: 0.7917 C1: 0.9178 | C2: 0.8172 | C3: 0.5571
Epoch 15/400 | Train Loss: 39.8946
 Avg Train Loss: 39.8946 | Seg Loss: 0.3989 | Recon Loss: 0.0076
  Val mIoU: 0.5082 (Best: 0.7722)
 [Class IoU] C0: 0.7701 C1: 0.9086 | C2: 0.3912 | C3: 0.2247
Epoch 16/400 | Train Loss: 40.0071
 Avg Train Loss: 40.0071 | Seg Loss: 0.4000 | Recon Loss: 0.0076
  Val mIoU: 0.7271 (Best: 0.7722)
 [Class IoU] C0: 0.7796 C1: 0.9168 | C2: 0.7820 | C3: 0.4826
Epoch 17/400 | Train Loss: 39.2923
 Avg Train Loss: 39.2923 | Seg Loss: 0.3928 | Recon Loss: 0.0073
  Val mIoU: 0.7111 (Best: 0.7722)
 [Class IoU] C0: 0.7310 C1: 0.7549 | C2: 0.7981 | C3: 0.5801
Epoch 18/400 | Train Loss: 38.7963
 Avg Train Loss: 38.7963 | Seg Loss: 0.3879 | Recon Loss: 0.0072
  Val mIoU: 0.7787 (Best: 0.7722)
 [Class IoU] C0: 0.8102 C1: 0.9184 | C2: 0.8342 | C3: 0.5834
  --> New Best Model Saved!
Epoch 19/400 | Train Loss: 37.8746
 Avg Train Loss: 37.8746 | Seg Loss: 0.3787 | Recon Loss: 0.0073
  Val mIoU: 0.7786 (Best: 0.7787)
 [Class IoU] C0: 0.7944 C1: 0.9105 | C2: 0.8349 | C3: 0.5904
Epoch 20/400 | Train Loss: 37.6291
 Avg Train Loss: 37.6291 | Seg Loss: 0.3762 | Recon Loss: 0.0071
  Val mIoU: 0.7859 (Best: 0.7787)
 [Class IoU] C0: 0.8144 C1: 0.9221 | C2: 0.8434 | C3: 0.5922
  --> New Best Model Saved!
  Saving visuals for Epoch 20...
  Visuals saved to: /zhome/d2/4/167803/Desktop/Deep_project/02456-final-project/Output_AG_vali/epoch_0020_predictions.png
Epoch 21/400 | Train Loss: 37.5746
 Avg Train Loss: 37.5746 | Seg Loss: 0.3757 | Recon Loss: 0.0070
  Val mIoU: 0.7290 (Best: 0.7859)
 [Class IoU] C0: 0.7852 C1: 0.9173 | C2: 0.7868 | C3: 0.4831
Epoch 22/400 | Train Loss: 36.8243
 Avg Train Loss: 36.8243 | Seg Loss: 0.3682 | Recon Loss: 0.0070
  Val mIoU: 0.7418 (Best: 0.7859)
 [Class IoU] C0: 0.7950 C1: 0.9220 | C2: 0.8061 | C3: 0.4974
Epoch 23/400 | Train Loss: 36.6230
 Avg Train Loss: 36.6230 | Seg Loss: 0.3662 | Recon Loss: 0.0069
  Val mIoU: 0.7653 (Best: 0.7859)
 [Class IoU] C0: 0.7812 C1: 0.8778 | C2: 0.8382 | C3: 0.5800
Epoch 24/400 | Train Loss: 36.3266
 Avg Train Loss: 36.3266 | Seg Loss: 0.3632 | Recon Loss: 0.0070
  Val mIoU: 0.4971 (Best: 0.7859)
 [Class IoU] C0: 0.7537 C1: 0.8465 | C2: 0.4144 | C3: 0.2302
Epoch 25/400 | Train Loss: 35.2349
 Avg Train Loss: 35.2349 | Seg Loss: 0.3523 | Recon Loss: 0.0067
  Val mIoU: 0.6642 (Best: 0.7859)
 [Class IoU] C0: 0.7964 C1: 0.9244 | C2: 0.7049 | C3: 0.3632
Epoch 26/400 | Train Loss: 35.4435
 Avg Train Loss: 35.4435 | Seg Loss: 0.3544 | Recon Loss: 0.0065
  Val mIoU: 0.6850 (Best: 0.7859)
 [Class IoU] C0: 0.8016 C1: 0.9247 | C2: 0.7348 | C3: 0.3954
Epoch 27/400 | Train Loss: 35.5146
 Avg Train Loss: 35.5146 | Seg Loss: 0.3551 | Recon Loss: 0.0069
  Val mIoU: 0.5978 (Best: 0.7859)
 [Class IoU] C0: 0.7719 C1: 0.8793 | C2: 0.6020 | C3: 0.3122
Epoch 28/400 | Train Loss: 35.3366
 Avg Train Loss: 35.3366 | Seg Loss: 0.3533 | Recon Loss: 0.0067
  Val mIoU: 0.7762 (Best: 0.7859)
 [Class IoU] C0: 0.8026 C1: 0.9197 | C2: 0.8417 | C3: 0.5672
Epoch 29/400 | Train Loss: 34.9827
 Avg Train Loss: 34.9827 | Seg Loss: 0.3498 | Recon Loss: 0.0065
  Val mIoU: 0.6882 (Best: 0.7859)
 [Class IoU] C0: 0.7676 C1: 0.9085 | C2: 0.7170 | C3: 0.4391
Epoch 30/400 | Train Loss: 34.4108
 Avg Train Loss: 34.4108 | Seg Loss: 0.3440 | Recon Loss: 0.0067
  Val mIoU: 0.7048 (Best: 0.7859)
 [Class IoU] C0: 0.7771 C1: 0.8458 | C2: 0.7713 | C3: 0.4973
Epoch 31/400 | Train Loss: 34.4813
 Avg Train Loss: 34.4813 | Seg Loss: 0.3448 | Recon Loss: 0.0062
  Val mIoU: 0.7835 (Best: 0.7859)
 [Class IoU] C0: 0.8104 C1: 0.9256 | C2: 0.8366 | C3: 0.5882
Epoch 32/400 | Train Loss: 34.2495
 Avg Train Loss: 34.2495 | Seg Loss: 0.3424 | Recon Loss: 0.0062
  Val mIoU: 0.7014 (Best: 0.7859)
 [Class IoU] C0: 0.7910 C1: 0.9124 | C2: 0.7493 | C3: 0.4425
Epoch 33/400 | Train Loss: 34.1999
 Avg Train Loss: 34.1999 | Seg Loss: 0.3419 | Recon Loss: 0.0063
  Val mIoU: 0.7787 (Best: 0.7859)
 [Class IoU] C0: 0.7977 C1: 0.9216 | C2: 0.8245 | C3: 0.5901
Epoch 34/400 | Train Loss: 34.4429
 Avg Train Loss: 34.4429 | Seg Loss: 0.3444 | Recon Loss: 0.0062
  Val mIoU: 0.7554 (Best: 0.7859)
 [Class IoU] C0: 0.7735 C1: 0.9229 | C2: 0.8150 | C3: 0.5282
Epoch 35/400 | Train Loss: 33.9663
 Avg Train Loss: 33.9663 | Seg Loss: 0.3396 | Recon Loss: 0.0063
  Val mIoU: 0.7443 (Best: 0.7859)
 [Class IoU] C0: 0.8165 C1: 0.9268 | C2: 0.7977 | C3: 0.5084
Epoch 36/400 | Train Loss: 33.1232
 Avg Train Loss: 33.1232 | Seg Loss: 0.3312 | Recon Loss: 0.0060
  Val mIoU: 0.8028 (Best: 0.7859)
 [Class IoU] C0: 0.8107 C1: 0.9175 | C2: 0.8530 | C3: 0.6377
  --> New Best Model Saved!
Epoch 37/400 | Train Loss: 33.3783
 Avg Train Loss: 33.3783 | Seg Loss: 0.3337 | Recon Loss: 0.0060
  Val mIoU: 0.8087 (Best: 0.8028)
 [Class IoU] C0: 0.8160 C1: 0.9229 | C2: 0.8527 | C3: 0.6505
  --> New Best Model Saved!
Epoch 38/400 | Train Loss: 33.7159
 Avg Train Loss: 33.7159 | Seg Loss: 0.3371 | Recon Loss: 0.0059
  Val mIoU: 0.7945 (Best: 0.8087)
 [Class IoU] C0: 0.8075 C1: 0.9145 | C2: 0.8560 | C3: 0.6128
Epoch 39/400 | Train Loss: 33.0006
 Avg Train Loss: 33.0006 | Seg Loss: 0.3299 | Recon Loss: 0.0062
  Val mIoU: 0.7753 (Best: 0.8087)
 [Class IoU] C0: 0.8127 C1: 0.9234 | C2: 0.8252 | C3: 0.5774
Epoch 40/400 | Train Loss: 32.6509
 Avg Train Loss: 32.6509 | Seg Loss: 0.3264 | Recon Loss: 0.0062
  Val mIoU: 0.7716 (Best: 0.8087)
 [Class IoU] C0: 0.8002 C1: 0.9252 | C2: 0.8066 | C3: 0.5830
  Saving visuals for Epoch 40...
  Visuals saved to: /zhome/d2/4/167803/Desktop/Deep_project/02456-final-project/Output_AG_vali/epoch_0040_predictions.png
Epoch 41/400 | Train Loss: 32.7019
 Avg Train Loss: 32.7019 | Seg Loss: 0.3270 | Recon Loss: 0.0060
  Val mIoU: 0.7466 (Best: 0.8087)
 [Class IoU] C0: 0.8040 C1: 0.9213 | C2: 0.8025 | C3: 0.5159
Epoch 42/400 | Train Loss: 32.6125
 Avg Train Loss: 32.6125 | Seg Loss: 0.3261 | Recon Loss: 0.0059
  Val mIoU: 0.7940 (Best: 0.8087)
 [Class IoU] C0: 0.8140 C1: 0.9178 | C2: 0.8457 | C3: 0.6184
Epoch 43/400 | Train Loss: 33.5303
 Avg Train Loss: 33.5303 | Seg Loss: 0.3352 | Recon Loss: 0.0060
  Val mIoU: 0.7887 (Best: 0.8087)
 [Class IoU] C0: 0.7851 C1: 0.9078 | C2: 0.8250 | C3: 0.6333
Epoch 44/400 | Train Loss: 32.3669
 Avg Train Loss: 32.3669 | Seg Loss: 0.3236 | Recon Loss: 0.0060
  Val mIoU: 0.7881 (Best: 0.8087)
 [Class IoU] C0: 0.8140 C1: 0.9244 | C2: 0.8301 | C3: 0.6096
Epoch 45/400 | Train Loss: 32.1468
 Avg Train Loss: 32.1468 | Seg Loss: 0.3214 | Recon Loss: 0.0059
  Val mIoU: 0.7497 (Best: 0.8087)
 [Class IoU] C0: 0.8072 C1: 0.9253 | C2: 0.8087 | C3: 0.5153
Epoch 46/400 | Train Loss: 32.1904
 Avg Train Loss: 32.1904 | Seg Loss: 0.3218 | Recon Loss: 0.0059
  Val mIoU: 0.7836 (Best: 0.8087)
 [Class IoU] C0: 0.8080 C1: 0.9229 | C2: 0.8306 | C3: 0.5973
Epoch 47/400 | Train Loss: 33.0817
 Avg Train Loss: 33.0817 | Seg Loss: 0.3308 | Recon Loss: 0.0059
  Val mIoU: 0.7899 (Best: 0.8087)
 [Class IoU] C0: 0.8045 C1: 0.9200 | C2: 0.8383 | C3: 0.6113
Epoch 48/400 | Train Loss: 33.1913
 Avg Train Loss: 33.1913 | Seg Loss: 0.3319 | Recon Loss: 0.0059
  Val mIoU: 0.7344 (Best: 0.8087)
 [Class IoU] C0: 0.8110 C1: 0.9238 | C2: 0.7856 | C3: 0.4939
Epoch 49/400 | Train Loss: 32.0282
 Avg Train Loss: 32.0282 | Seg Loss: 0.3202 | Recon Loss: 0.0060
  Val mIoU: 0.8120 (Best: 0.8087)
 [Class IoU] C0: 0.8048 C1: 0.9146 | C2: 0.8632 | C3: 0.6583
  --> New Best Model Saved!
Epoch 50/400 | Train Loss: 31.7705
 Avg Train Loss: 31.7705 | Seg Loss: 0.3176 | Recon Loss: 0.0060
  Val mIoU: 0.7927 (Best: 0.8120)
 [Class IoU] C0: 0.8051 C1: 0.9178 | C2: 0.8533 | C3: 0.6071
Epoch 51/400 | Train Loss: 31.9349
 Avg Train Loss: 31.9349 | Seg Loss: 0.3193 | Recon Loss: 0.0057
  Val mIoU: 0.8070 (Best: 0.8120)
 [Class IoU] C0: 0.7909 C1: 0.9136 | C2: 0.8593 | C3: 0.6481
Epoch 52/400 | Train Loss: 31.7883
 Avg Train Loss: 31.7883 | Seg Loss: 0.3178 | Recon Loss: 0.0056
  Val mIoU: 0.8172 (Best: 0.8120)
 [Class IoU] C0: 0.8134 C1: 0.9264 | C2: 0.8635 | C3: 0.6618
  --> New Best Model Saved!
Epoch 53/400 | Train Loss: 31.8180
 Avg Train Loss: 31.8180 | Seg Loss: 0.3181 | Recon Loss: 0.0057
  Val mIoU: 0.8244 (Best: 0.8172)
 [Class IoU] C0: 0.8247 C1: 0.9258 | C2: 0.8666 | C3: 0.6809
  --> New Best Model Saved!
Epoch 54/400 | Train Loss: 31.5898
 Avg Train Loss: 31.5898 | Seg Loss: 0.3158 | Recon Loss: 0.0056
  Val mIoU: 0.8008 (Best: 0.8244)
 [Class IoU] C0: 0.8142 C1: 0.9265 | C2: 0.8502 | C3: 0.6257
Epoch 55/400 | Train Loss: 31.0846
 Avg Train Loss: 31.0846 | Seg Loss: 0.3108 | Recon Loss: 0.0058
  Val mIoU: 0.8110 (Best: 0.8244)
 [Class IoU] C0: 0.8221 C1: 0.9288 | C2: 0.8592 | C3: 0.6450
Epoch 56/400 | Train Loss: 30.7595
 Avg Train Loss: 30.7595 | Seg Loss: 0.3075 | Recon Loss: 0.0056
  Val mIoU: 0.7234 (Best: 0.8244)
 [Class IoU] C0: 0.8019 C1: 0.9183 | C2: 0.7895 | C3: 0.4623
Epoch 57/400 | Train Loss: 30.5897
 Avg Train Loss: 30.5897 | Seg Loss: 0.3058 | Recon Loss: 0.0057
  Val mIoU: 0.7781 (Best: 0.8244)
 [Class IoU] C0: 0.8049 C1: 0.9227 | C2: 0.8391 | C3: 0.5725
Epoch 58/400 | Train Loss: 31.5347
 Avg Train Loss: 31.5347 | Seg Loss: 0.3153 | Recon Loss: 0.0059
  Val mIoU: 0.7441 (Best: 0.8244)
 [Class IoU] C0: 0.7025 C1: 0.7634 | C2: 0.8424 | C3: 0.6266
Epoch 59/400 | Train Loss: 31.7957
 Avg Train Loss: 31.7957 | Seg Loss: 0.3179 | Recon Loss: 0.0055
  Val mIoU: 0.8066 (Best: 0.8244)
 [Class IoU] C0: 0.8124 C1: 0.9209 | C2: 0.8595 | C3: 0.6395
Epoch 60/400 | Train Loss: 31.7073
 Avg Train Loss: 31.7073 | Seg Loss: 0.3170 | Recon Loss: 0.0057
  Val mIoU: 0.7406 (Best: 0.8244)
 [Class IoU] C0: 0.7962 C1: 0.9261 | C2: 0.7850 | C3: 0.5106
  Saving visuals for Epoch 60...
  Visuals saved to: /zhome/d2/4/167803/Desktop/Deep_project/02456-final-project/Output_AG_vali/epoch_0060_predictions.png
Epoch 61/400 | Train Loss: 30.4338
 Avg Train Loss: 30.4338 | Seg Loss: 0.3043 | Recon Loss: 0.0054
  Val mIoU: 0.6614 (Best: 0.8244)
 [Class IoU] C0: 0.7576 C1: 0.7417 | C2: 0.7790 | C3: 0.4637
Epoch 62/400 | Train Loss: 31.0561
 Avg Train Loss: 31.0561 | Seg Loss: 0.3105 | Recon Loss: 0.0055
  Val mIoU: 0.6797 (Best: 0.8244)
 [Class IoU] C0: 0.7859 C1: 0.9164 | C2: 0.7225 | C3: 0.4003
Epoch 63/400 | Train Loss: 31.2904
 Avg Train Loss: 31.2904 | Seg Loss: 0.3128 | Recon Loss: 0.0057
  Val mIoU: 0.7603 (Best: 0.8244)
 [Class IoU] C0: 0.8139 C1: 0.9237 | C2: 0.8212 | C3: 0.5358
Epoch 64/400 | Train Loss: 30.9728
 Avg Train Loss: 30.9728 | Seg Loss: 0.3097 | Recon Loss: 0.0056
  Val mIoU: 0.7438 (Best: 0.8244)
 [Class IoU] C0: 0.8037 C1: 0.9191 | C2: 0.8130 | C3: 0.4992
Epoch 65/400 | Train Loss: 31.4979
 Avg Train Loss: 31.4979 | Seg Loss: 0.3149 | Recon Loss: 0.0056
  Val mIoU: 0.7662 (Best: 0.8244)
 [Class IoU] C0: 0.8159 C1: 0.9264 | C2: 0.8257 | C3: 0.5466
Epoch 66/400 | Train Loss: 30.8898
 Avg Train Loss: 30.8898 | Seg Loss: 0.3088 | Recon Loss: 0.0054
  Val mIoU: 0.8256 (Best: 0.8244)
 [Class IoU] C0: 0.8224 C1: 0.9268 | C2: 0.8671 | C3: 0.6829
  --> New Best Model Saved!
Epoch 67/400 | Train Loss: 30.8815
 Avg Train Loss: 30.8815 | Seg Loss: 0.3088 | Recon Loss: 0.0053
  Val mIoU: 0.7728 (Best: 0.8256)
 [Class IoU] C0: 0.8198 C1: 0.9279 | C2: 0.8276 | C3: 0.5631
Epoch 68/400 | Train Loss: 30.8330
 Avg Train Loss: 30.8330 | Seg Loss: 0.3083 | Recon Loss: 0.0053
  Val mIoU: 0.7976 (Best: 0.8256)
 [Class IoU] C0: 0.8051 C1: 0.9142 | C2: 0.8527 | C3: 0.6260
Epoch 69/400 | Train Loss: 30.6753
 Avg Train Loss: 30.6753 | Seg Loss: 0.3067 | Recon Loss: 0.0054
  Val mIoU: 0.6505 (Best: 0.8256)
 [Class IoU] C0: 0.7724 C1: 0.8992 | C2: 0.6964 | C3: 0.3559
Epoch 70/400 | Train Loss: 30.7827
 Avg Train Loss: 30.7827 | Seg Loss: 0.3078 | Recon Loss: 0.0053
  Val mIoU: 0.7841 (Best: 0.8256)
 [Class IoU] C0: 0.8112 C1: 0.9277 | C2: 0.8423 | C3: 0.5822
Epoch 71/400 | Train Loss: 30.6668
 Avg Train Loss: 30.6668 | Seg Loss: 0.3066 | Recon Loss: 0.0053
  Val mIoU: 0.7501 (Best: 0.8256)
 [Class IoU] C0: 0.8063 C1: 0.9229 | C2: 0.8043 | C3: 0.5231
Epoch 72/400 | Train Loss: 29.8547
 Avg Train Loss: 29.8547 | Seg Loss: 0.2985 | Recon Loss: 0.0054
  Val mIoU: 0.7598 (Best: 0.8256)
 [Class IoU] C0: 0.7900 C1: 0.8957 | C2: 0.8286 | C3: 0.5553
Epoch 73/400 | Train Loss: 30.1391
 Avg Train Loss: 30.1391 | Seg Loss: 0.3013 | Recon Loss: 0.0054
  Val mIoU: 0.8138 (Best: 0.8256)
 [Class IoU] C0: 0.8173 C1: 0.9289 | C2: 0.8599 | C3: 0.6527
Epoch 74/400 | Train Loss: 30.3128
 Avg Train Loss: 30.3128 | Seg Loss: 0.3031 | Recon Loss: 0.0053
  Val mIoU: 0.7251 (Best: 0.8256)
 [Class IoU] C0: 0.7839 C1: 0.9169 | C2: 0.7699 | C3: 0.4886
Epoch 75/400 | Train Loss: 30.1965
 Avg Train Loss: 30.1965 | Seg Loss: 0.3019 | Recon Loss: 0.0053
  Val mIoU: 0.7690 (Best: 0.8256)
 [Class IoU] C0: 0.7859 C1: 0.8502 | C2: 0.8410 | C3: 0.6159
Epoch 76/400 | Train Loss: 29.7270
 Avg Train Loss: 29.7270 | Seg Loss: 0.2972 | Recon Loss: 0.0052
  Val mIoU: 0.8069 (Best: 0.8256)
 [Class IoU] C0: 0.8111 C1: 0.9266 | C2: 0.8473 | C3: 0.6468
Epoch 77/400 | Train Loss: 29.8728
 Avg Train Loss: 29.8728 | Seg Loss: 0.2987 | Recon Loss: 0.0051
  Val mIoU: 0.8030 (Best: 0.8256)
 [Class IoU] C0: 0.8068 C1: 0.9195 | C2: 0.8538 | C3: 0.6358
Epoch 78/400 | Train Loss: 30.1088
 Avg Train Loss: 30.1088 | Seg Loss: 0.3010 | Recon Loss: 0.0055
  Val mIoU: 0.7257 (Best: 0.8256)
 [Class IoU] C0: 0.7945 C1: 0.9163 | C2: 0.7765 | C3: 0.4844
Epoch 79/400 | Train Loss: 29.7644
 Avg Train Loss: 29.7644 | Seg Loss: 0.2976 | Recon Loss: 0.0051
  Val mIoU: 0.7935 (Best: 0.8256)
 [Class IoU] C0: 0.8201 C1: 0.9257 | C2: 0.8483 | C3: 0.6065
Epoch 80/400 | Train Loss: 29.1712
 Avg Train Loss: 29.1712 | Seg Loss: 0.2917 | Recon Loss: 0.0053
  Val mIoU: 0.8135 (Best: 0.8256)
 [Class IoU] C0: 0.8039 C1: 0.9013 | C2: 0.8681 | C3: 0.6712
  Saving visuals for Epoch 80...
  Visuals saved to: /zhome/d2/4/167803/Desktop/Deep_project/02456-final-project/Output_AG_vali/epoch_0080_predictions.png
Epoch 81/400 | Train Loss: 29.2711
 Avg Train Loss: 29.2711 | Seg Loss: 0.2927 | Recon Loss: 0.0050
  Val mIoU: 0.8249 (Best: 0.8256)
 [Class IoU] C0: 0.8130 C1: 0.9081 | C2: 0.8682 | C3: 0.6984
Epoch 82/400 | Train Loss: 30.1027
 Avg Train Loss: 30.1027 | Seg Loss: 0.3010 | Recon Loss: 0.0052
  Val mIoU: 0.7719 (Best: 0.8256)
 [Class IoU] C0: 0.8033 C1: 0.9191 | C2: 0.8279 | C3: 0.5686
Epoch 83/400 | Train Loss: 29.6246
 Avg Train Loss: 29.6246 | Seg Loss: 0.2962 | Recon Loss: 0.0052
  Val mIoU: 0.8249 (Best: 0.8256)
 [Class IoU] C0: 0.8105 C1: 0.9155 | C2: 0.8621 | C3: 0.6970
Epoch 84/400 | Train Loss: 29.4942
 Avg Train Loss: 29.4942 | Seg Loss: 0.2949 | Recon Loss: 0.0052
  Val mIoU: 0.8062 (Best: 0.8256)
 [Class IoU] C0: 0.7974 C1: 0.8679 | C2: 0.8709 | C3: 0.6797
Epoch 85/400 | Train Loss: 29.8289
 Avg Train Loss: 29.8289 | Seg Loss: 0.2982 | Recon Loss: 0.0052
  Val mIoU: 0.8182 (Best: 0.8256)
 [Class IoU] C0: 0.8157 C1: 0.9193 | C2: 0.8663 | C3: 0.6692
Epoch 86/400 | Train Loss: 30.4719
 Avg Train Loss: 30.4719 | Seg Loss: 0.3047 | Recon Loss: 0.0053
  Val mIoU: 0.7710 (Best: 0.8256)
 [Class IoU] C0: 0.8108 C1: 0.9256 | C2: 0.8384 | C3: 0.5490
Epoch 87/400 | Train Loss: 29.7778
 Avg Train Loss: 29.7778 | Seg Loss: 0.2977 | Recon Loss: 0.0051
  Val mIoU: 0.7684 (Best: 0.8256)
 [Class IoU] C0: 0.7871 C1: 0.8824 | C2: 0.8340 | C3: 0.5889
Epoch 88/400 | Train Loss: 29.9302
 Avg Train Loss: 29.9302 | Seg Loss: 0.2993 | Recon Loss: 0.0052
  Val mIoU: 0.7794 (Best: 0.8256)
 [Class IoU] C0: 0.8101 C1: 0.9280 | C2: 0.8395 | C3: 0.5708
Epoch 89/400 | Train Loss: 28.9011
 Avg Train Loss: 28.9011 | Seg Loss: 0.2890 | Recon Loss: 0.0052
  Val mIoU: 0.7813 (Best: 0.8256)
 [Class IoU] C0: 0.8103 C1: 0.9238 | C2: 0.8402 | C3: 0.5798
Epoch 90/400 | Train Loss: 30.2145
 Avg Train Loss: 30.2145 | Seg Loss: 0.3021 | Recon Loss: 0.0050
  Val mIoU: 0.7785 (Best: 0.8256)
 [Class IoU] C0: 0.7830 C1: 0.9234 | C2: 0.8436 | C3: 0.5686
Epoch 91/400 | Train Loss: 29.2781
 Avg Train Loss: 29.2781 | Seg Loss: 0.2927 | Recon Loss: 0.0051
  Val mIoU: 0.7614 (Best: 0.8256)
 [Class IoU] C0: 0.7818 C1: 0.9013 | C2: 0.8355 | C3: 0.5473
Epoch 92/400 | Train Loss: 29.4524
 Avg Train Loss: 29.4524 | Seg Loss: 0.2945 | Recon Loss: 0.0050
  Val mIoU: 0.7320 (Best: 0.8256)
 [Class IoU] C0: 0.7903 C1: 0.8921 | C2: 0.8058 | C3: 0.4982
Epoch 93/400 | Train Loss: 29.7330
 Avg Train Loss: 29.7330 | Seg Loss: 0.2973 | Recon Loss: 0.0051
  Val mIoU: 0.7869 (Best: 0.8256)
 [Class IoU] C0: 0.7990 C1: 0.8922 | C2: 0.8502 | C3: 0.6183
Epoch 94/400 | Train Loss: 29.3486
 Avg Train Loss: 29.3486 | Seg Loss: 0.2934 | Recon Loss: 0.0049
  Val mIoU: 0.7982 (Best: 0.8256)
 [Class IoU] C0: 0.8194 C1: 0.9249 | C2: 0.8555 | C3: 0.6142
Epoch 95/400 | Train Loss: 29.0806
 Avg Train Loss: 29.0806 | Seg Loss: 0.2908 | Recon Loss: 0.0051
  Val mIoU: 0.8045 (Best: 0.8256)
 [Class IoU] C0: 0.8133 C1: 0.9177 | C2: 0.8608 | C3: 0.6349
Epoch 96/400 | Train Loss: 28.7608
 Avg Train Loss: 28.7608 | Seg Loss: 0.2876 | Recon Loss: 0.0049
  Val mIoU: 0.8150 (Best: 0.8256)
 [Class IoU] C0: 0.8143 C1: 0.9163 | C2: 0.8686 | C3: 0.6603
Epoch 97/400 | Train Loss: 27.8691
 Avg Train Loss: 27.8691 | Seg Loss: 0.2786 | Recon Loss: 0.0049
  Val mIoU: 0.8320 (Best: 0.8256)
 [Class IoU] C0: 0.8160 C1: 0.9270 | C2: 0.8798 | C3: 0.6893
  --> New Best Model Saved!
Epoch 98/400 | Train Loss: 28.6803
 Avg Train Loss: 28.6803 | Seg Loss: 0.2868 | Recon Loss: 0.0049
  Val mIoU: 0.7909 (Best: 0.8320)
 [Class IoU] C0: 0.8106 C1: 0.9007 | C2: 0.8527 | C3: 0.6194
Epoch 99/400 | Train Loss: 29.0271
 Avg Train Loss: 29.0271 | Seg Loss: 0.2902 | Recon Loss: 0.0050
  Val mIoU: 0.8087 (Best: 0.8320)
 [Class IoU] C0: 0.8039 C1: 0.8669 | C2: 0.8663 | C3: 0.6929
Epoch 100/400 | Train Loss: 28.5557
 Avg Train Loss: 28.5557 | Seg Loss: 0.2855 | Recon Loss: 0.0049
  Val mIoU: 0.8112 (Best: 0.8320)
 [Class IoU] C0: 0.8090 C1: 0.9031 | C2: 0.8648 | C3: 0.6658
  Saving visuals for Epoch 100...
  Visuals saved to: /zhome/d2/4/167803/Desktop/Deep_project/02456-final-project/Output_AG_vali/epoch_0100_predictions.png
Epoch 101/400 | Train Loss: 28.6678
 Avg Train Loss: 28.6678 | Seg Loss: 0.2866 | Recon Loss: 0.0050
  Val mIoU: 0.8358 (Best: 0.8320)
 [Class IoU] C0: 0.8283 C1: 0.9272 | C2: 0.8770 | C3: 0.7034
  --> New Best Model Saved!
Epoch 102/400 | Train Loss: 28.4242
 Avg Train Loss: 28.4242 | Seg Loss: 0.2842 | Recon Loss: 0.0050
  Val mIoU: 0.8190 (Best: 0.8358)
 [Class IoU] C0: 0.8110 C1: 0.8952 | C2: 0.8735 | C3: 0.6885
Epoch 103/400 | Train Loss: 28.7004
 Avg Train Loss: 28.7004 | Seg Loss: 0.2870 | Recon Loss: 0.0048
  Val mIoU: 0.7982 (Best: 0.8358)
 [Class IoU] C0: 0.8067 C1: 0.8910 | C2: 0.8604 | C3: 0.6431
Epoch 104/400 | Train Loss: 28.3963
 Avg Train Loss: 28.3963 | Seg Loss: 0.2839 | Recon Loss: 0.0049
  Val mIoU: 0.7921 (Best: 0.8358)
 [Class IoU] C0: 0.8035 C1: 0.9012 | C2: 0.8440 | C3: 0.6310
Epoch 105/400 | Train Loss: 28.9737
 Avg Train Loss: 28.9737 | Seg Loss: 0.2897 | Recon Loss: 0.0049
  Val mIoU: 0.8127 (Best: 0.8358)
 [Class IoU] C0: 0.8213 C1: 0.9211 | C2: 0.8663 | C3: 0.6508
Epoch 106/400 | Train Loss: 27.8447
 Avg Train Loss: 27.8447 | Seg Loss: 0.2784 | Recon Loss: 0.0049
  Val mIoU: 0.8277 (Best: 0.8358)
 [Class IoU] C0: 0.8208 C1: 0.9229 | C2: 0.8639 | C3: 0.6963
Epoch 107/400 | Train Loss: 29.2511
 Avg Train Loss: 29.2511 | Seg Loss: 0.2925 | Recon Loss: 0.0050
  Val mIoU: 0.7977 (Best: 0.8358)
 [Class IoU] C0: 0.8227 C1: 0.9223 | C2: 0.8496 | C3: 0.6212
Epoch 108/400 | Train Loss: 28.5788
 Avg Train Loss: 28.5788 | Seg Loss: 0.2857 | Recon Loss: 0.0050
  Val mIoU: 0.8275 (Best: 0.8358)
 [Class IoU] C0: 0.8284 C1: 0.9291 | C2: 0.8705 | C3: 0.6830
Epoch 109/400 | Train Loss: 28.6251
 Avg Train Loss: 28.6251 | Seg Loss: 0.2862 | Recon Loss: 0.0049
  Val mIoU: 0.8295 (Best: 0.8358)
 [Class IoU] C0: 0.8200 C1: 0.9065 | C2: 0.8767 | C3: 0.7053
Epoch 110/400 | Train Loss: 28.4019
 Avg Train Loss: 28.4019 | Seg Loss: 0.2840 | Recon Loss: 0.0049
  Val mIoU: 0.8041 (Best: 0.8358)
 [Class IoU] C0: 0.8144 C1: 0.8990 | C2: 0.8615 | C3: 0.6518
Epoch 111/400 | Train Loss: 28.2820
 Avg Train Loss: 28.2820 | Seg Loss: 0.2828 | Recon Loss: 0.0049
  Val mIoU: 0.7951 (Best: 0.8358)
 [Class IoU] C0: 0.8126 C1: 0.9249 | C2: 0.8484 | C3: 0.6121
Epoch 112/400 | Train Loss: 28.9075
 Avg Train Loss: 28.9075 | Seg Loss: 0.2890 | Recon Loss: 0.0050
  Val mIoU: 0.8120 (Best: 0.8358)
 [Class IoU] C0: 0.8239 C1: 0.9279 | C2: 0.8654 | C3: 0.6428
Epoch 113/400 | Train Loss: 28.8562
 Avg Train Loss: 28.8562 | Seg Loss: 0.2885 | Recon Loss: 0.0048
  Val mIoU: 0.8268 (Best: 0.8358)
 [Class IoU] C0: 0.8243 C1: 0.9191 | C2: 0.8701 | C3: 0.6911
Epoch 114/400 | Train Loss: 28.9514
 Avg Train Loss: 28.9514 | Seg Loss: 0.2895 | Recon Loss: 0.0048
  Val mIoU: 0.8194 (Best: 0.8358)
 [Class IoU] C0: 0.8184 C1: 0.9217 | C2: 0.8649 | C3: 0.6714
Epoch 115/400 | Train Loss: 28.0818
 Avg Train Loss: 28.0818 | Seg Loss: 0.2808 | Recon Loss: 0.0050
  Val mIoU: 0.7804 (Best: 0.8358)
 [Class IoU] C0: 0.8048 C1: 0.8765 | C2: 0.8511 | C3: 0.6136
Epoch 116/400 | Train Loss: 28.2497
 Avg Train Loss: 28.2497 | Seg Loss: 0.2824 | Recon Loss: 0.0047
  Val mIoU: 0.8237 (Best: 0.8358)
 [Class IoU] C0: 0.8175 C1: 0.9239 | C2: 0.8630 | C3: 0.6841
Epoch 117/400 | Train Loss: 28.3386
 Avg Train Loss: 28.3386 | Seg Loss: 0.2833 | Recon Loss: 0.0049
  Val mIoU: 0.8332 (Best: 0.8358)
 [Class IoU] C0: 0.8236 C1: 0.9210 | C2: 0.8766 | C3: 0.7021
Epoch 118/400 | Train Loss: 28.7625
 Avg Train Loss: 28.7625 | Seg Loss: 0.2876 | Recon Loss: 0.0049
  Val mIoU: 0.8040 (Best: 0.8358)
 [Class IoU] C0: 0.8237 C1: 0.9279 | C2: 0.8548 | C3: 0.6293
Epoch 119/400 | Train Loss: 27.6247
 Avg Train Loss: 27.6247 | Seg Loss: 0.2762 | Recon Loss: 0.0049
  Val mIoU: 0.8248 (Best: 0.8358)
 [Class IoU] C0: 0.8150 C1: 0.8896 | C2: 0.8752 | C3: 0.7095
Epoch 120/400 | Train Loss: 28.2754
 Avg Train Loss: 28.2754 | Seg Loss: 0.2827 | Recon Loss: 0.0049
  Val mIoU: 0.8290 (Best: 0.8358)
 [Class IoU] C0: 0.8266 C1: 0.9267 | C2: 0.8749 | C3: 0.6853
  Saving visuals for Epoch 120...
  Visuals saved to: /zhome/d2/4/167803/Desktop/Deep_project/02456-final-project/Output_AG_vali/epoch_0120_predictions.png
Epoch 121/400 | Train Loss: 28.0306
 Avg Train Loss: 28.0306 | Seg Loss: 0.2803 | Recon Loss: 0.0048
  Val mIoU: 0.8051 (Best: 0.8358)
 [Class IoU] C0: 0.8157 C1: 0.9101 | C2: 0.8576 | C3: 0.6477
Epoch 122/400 | Train Loss: 27.7866
 Avg Train Loss: 27.7866 | Seg Loss: 0.2778 | Recon Loss: 0.0048
  Val mIoU: 0.7996 (Best: 0.8358)
 [Class IoU] C0: 0.8062 C1: 0.8869 | C2: 0.8523 | C3: 0.6596
Epoch 123/400 | Train Loss: 28.2351
 Avg Train Loss: 28.2351 | Seg Loss: 0.2823 | Recon Loss: 0.0048
  Val mIoU: 0.8328 (Best: 0.8358)
 [Class IoU] C0: 0.8207 C1: 0.8973 | C2: 0.8747 | C3: 0.7263
Epoch 124/400 | Train Loss: 28.1812
 Avg Train Loss: 28.1812 | Seg Loss: 0.2818 | Recon Loss: 0.0048
  Val mIoU: 0.8181 (Best: 0.8358)
 [Class IoU] C0: 0.8108 C1: 0.8957 | C2: 0.8616 | C3: 0.6972
Epoch 125/400 | Train Loss: 27.8022
 Avg Train Loss: 27.8022 | Seg Loss: 0.2780 | Recon Loss: 0.0048
  Val mIoU: 0.8285 (Best: 0.8358)
 [Class IoU] C0: 0.8172 C1: 0.9056 | C2: 0.8710 | C3: 0.7089
Epoch 126/400 | Train Loss: 27.6129
 Avg Train Loss: 27.6129 | Seg Loss: 0.2761 | Recon Loss: 0.0048
  Val mIoU: 0.8168 (Best: 0.8358)
 [Class IoU] C0: 0.8243 C1: 0.9221 | C2: 0.8660 | C3: 0.6623
Epoch 127/400 | Train Loss: 27.6943
 Avg Train Loss: 27.6943 | Seg Loss: 0.2769 | Recon Loss: 0.0049
  Val mIoU: 0.7962 (Best: 0.8358)
 [Class IoU] C0: 0.7998 C1: 0.8277 | C2: 0.8709 | C3: 0.6901
Epoch 128/400 | Train Loss: 27.8758
 Avg Train Loss: 27.8758 | Seg Loss: 0.2787 | Recon Loss: 0.0049
  Val mIoU: 0.8441 (Best: 0.8358)
 [Class IoU] C0: 0.8311 C1: 0.9276 | C2: 0.8790 | C3: 0.7257
  --> New Best Model Saved!
Epoch 129/400 | Train Loss: 27.7827
 Avg Train Loss: 27.7827 | Seg Loss: 0.2778 | Recon Loss: 0.0048
  Val mIoU: 0.8313 (Best: 0.8441)
 [Class IoU] C0: 0.8187 C1: 0.9021 | C2: 0.8806 | C3: 0.7113
Epoch 130/400 | Train Loss: 27.5363
 Avg Train Loss: 27.5363 | Seg Loss: 0.2753 | Recon Loss: 0.0049
  Val mIoU: 0.8185 (Best: 0.8441)
 [Class IoU] C0: 0.8184 C1: 0.9094 | C2: 0.8735 | C3: 0.6725
Epoch 131/400 | Train Loss: 27.8325
 Avg Train Loss: 27.8325 | Seg Loss: 0.2783 | Recon Loss: 0.0050
  Val mIoU: 0.8082 (Best: 0.8441)
 [Class IoU] C0: 0.8127 C1: 0.8794 | C2: 0.8706 | C3: 0.6745
Epoch 132/400 | Train Loss: 27.2851
 Avg Train Loss: 27.2851 | Seg Loss: 0.2728 | Recon Loss: 0.0048
  Val mIoU: 0.8350 (Best: 0.8441)
 [Class IoU] C0: 0.8304 C1: 0.9267 | C2: 0.8811 | C3: 0.6971
Epoch 133/400 | Train Loss: 28.1131
 Avg Train Loss: 28.1131 | Seg Loss: 0.2811 | Recon Loss: 0.0048
  Val mIoU: 0.8315 (Best: 0.8441)
 [Class IoU] C0: 0.8281 C1: 0.9182 | C2: 0.8781 | C3: 0.6982
Epoch 134/400 | Train Loss: 27.6973
 Avg Train Loss: 27.6973 | Seg Loss: 0.2769 | Recon Loss: 0.0048
  Val mIoU: 0.8251 (Best: 0.8441)
 [Class IoU] C0: 0.8207 C1: 0.9118 | C2: 0.8762 | C3: 0.6874
Epoch 135/400 | Train Loss: 27.6197
 Avg Train Loss: 27.6197 | Seg Loss: 0.2761 | Recon Loss: 0.0049
  Val mIoU: 0.8238 (Best: 0.8441)
 [Class IoU] C0: 0.8292 C1: 0.9286 | C2: 0.8688 | C3: 0.6740
Epoch 136/400 | Train Loss: 28.0583
 Avg Train Loss: 28.0583 | Seg Loss: 0.2805 | Recon Loss: 0.0047
  Val mIoU: 0.8232 (Best: 0.8441)
 [Class IoU] C0: 0.8170 C1: 0.9103 | C2: 0.8690 | C3: 0.6905
Epoch 137/400 | Train Loss: 27.3909
 Avg Train Loss: 27.3909 | Seg Loss: 0.2739 | Recon Loss: 0.0048
  Val mIoU: 0.8251 (Best: 0.8441)
 [Class IoU] C0: 0.8225 C1: 0.9141 | C2: 0.8721 | C3: 0.6891
Epoch 138/400 | Train Loss: 28.0069
 Avg Train Loss: 28.0069 | Seg Loss: 0.2800 | Recon Loss: 0.0047
  Val mIoU: 0.8291 (Best: 0.8441)
 [Class IoU] C0: 0.8259 C1: 0.9193 | C2: 0.8767 | C3: 0.6913
Epoch 139/400 | Train Loss: 27.6429
 Avg Train Loss: 27.6429 | Seg Loss: 0.2764 | Recon Loss: 0.0047
  Val mIoU: 0.8381 (Best: 0.8441)
 [Class IoU] C0: 0.8212 C1: 0.9147 | C2: 0.8764 | C3: 0.7230
Epoch 140/400 | Train Loss: 28.2437
 Avg Train Loss: 28.2437 | Seg Loss: 0.2824 | Recon Loss: 0.0048
  Val mIoU: 0.8292 (Best: 0.8441)
 [Class IoU] C0: 0.8245 C1: 0.9153 | C2: 0.8711 | C3: 0.7012
  Saving visuals for Epoch 140...
  Visuals saved to: /zhome/d2/4/167803/Desktop/Deep_project/02456-final-project/Output_AG_vali/epoch_0140_predictions.png
Epoch 141/400 | Train Loss: 27.9536
 Avg Train Loss: 27.9536 | Seg Loss: 0.2795 | Recon Loss: 0.0049
  Val mIoU: 0.8252 (Best: 0.8441)
 [Class IoU] C0: 0.8219 C1: 0.9227 | C2: 0.8693 | C3: 0.6835
Epoch 142/400 | Train Loss: 28.1486
 Avg Train Loss: 28.1486 | Seg Loss: 0.2814 | Recon Loss: 0.0049
  Val mIoU: 0.8386 (Best: 0.8441)
 [Class IoU] C0: 0.8270 C1: 0.9230 | C2: 0.8787 | C3: 0.7140
