Loading CUDA module...
Loading Conda...
Environment 'MBML' activated.
Starting Python script...
Using device: cuda
Using device: cuda
/zhome/d2/4/167803/Desktop/Deep_project/02456-final-project/Task03_Liver_rs
/zhome/d2/4/167803/Desktop/Deep_project/02456-final-project/Task03_Liver_rs
Found 28 image/label pairs.
--- success ---
Found 119 unlabeled images.
--- success ---

--- Epoch 1/300 ---
Batch 0/14 | Total Loss: 1.0898 | Recon Loss: 0.2647 | Seg Loss: 0.9045

--- Epoch 2/300 ---
Batch 0/14 | Total Loss: 0.8243 | Recon Loss: 0.0709 | Seg Loss: 0.7746

--- Epoch 3/300 ---
Batch 0/14 | Total Loss: 0.7702 | Recon Loss: 0.0877 | Seg Loss: 0.7088

--- Epoch 4/300 ---
Batch 0/14 | Total Loss: 0.7469 | Recon Loss: 0.0510 | Seg Loss: 0.7112

--- Epoch 5/300 ---
Batch 0/14 | Total Loss: 0.7240 | Recon Loss: 0.0382 | Seg Loss: 0.6973

--- Epoch 6/300 ---
Batch 0/14 | Total Loss: 0.6647 | Recon Loss: 0.0276 | Seg Loss: 0.6454

--- Epoch 7/300 ---
Batch 0/14 | Total Loss: 0.6502 | Recon Loss: 0.0145 | Seg Loss: 0.6401

--- Epoch 8/300 ---
Batch 0/14 | Total Loss: 0.6190 | Recon Loss: 0.0154 | Seg Loss: 0.6082

--- Epoch 9/300 ---
Batch 0/14 | Total Loss: 0.6600 | Recon Loss: 0.0208 | Seg Loss: 0.6454

--- Epoch 10/300 ---
Batch 0/14 | Total Loss: 0.5883 | Recon Loss: 0.0115 | Seg Loss: 0.5803

--- Epoch 11/300 ---
Batch 0/14 | Total Loss: 0.5950 | Recon Loss: 0.0098 | Seg Loss: 0.5881

--- Epoch 12/300 ---
Batch 0/14 | Total Loss: 0.5572 | Recon Loss: 0.0130 | Seg Loss: 0.5481

--- Epoch 13/300 ---
Batch 0/14 | Total Loss: 0.5396 | Recon Loss: 0.0117 | Seg Loss: 0.5314

--- Epoch 14/300 ---
Batch 0/14 | Total Loss: 0.5566 | Recon Loss: 0.0107 | Seg Loss: 0.5491

--- Epoch 15/300 ---
Batch 0/14 | Total Loss: 0.5635 | Recon Loss: 0.0114 | Seg Loss: 0.5555

--- Epoch 16/300 ---
Batch 0/14 | Total Loss: 0.5609 | Recon Loss: 0.0100 | Seg Loss: 0.5539

--- Epoch 17/300 ---
Batch 0/14 | Total Loss: 0.5463 | Recon Loss: 0.0063 | Seg Loss: 0.5419

--- Epoch 18/300 ---
Batch 0/14 | Total Loss: 0.5586 | Recon Loss: 0.0126 | Seg Loss: 0.5499

--- Epoch 19/300 ---
Batch 0/14 | Total Loss: 0.5270 | Recon Loss: 0.0091 | Seg Loss: 0.5206

--- Epoch 20/300 ---
Batch 0/14 | Total Loss: 0.5247 | Recon Loss: 0.0064 | Seg Loss: 0.5202

--- Epoch 21/300 ---
Batch 0/14 | Total Loss: 0.5488 | Recon Loss: 0.0049 | Seg Loss: 0.5454

--- Epoch 22/300 ---
Batch 0/14 | Total Loss: 0.5259 | Recon Loss: 0.0080 | Seg Loss: 0.5203

--- Epoch 23/300 ---
Batch 0/14 | Total Loss: 0.5069 | Recon Loss: 0.0122 | Seg Loss: 0.4984

--- Epoch 24/300 ---
Batch 0/14 | Total Loss: 0.4963 | Recon Loss: 0.0080 | Seg Loss: 0.4907

--- Epoch 25/300 ---
Batch 0/14 | Total Loss: 0.5086 | Recon Loss: 0.0092 | Seg Loss: 0.5021

--- Epoch 26/300 ---
Batch 0/14 | Total Loss: 0.4764 | Recon Loss: 0.0119 | Seg Loss: 0.4681

--- Epoch 27/300 ---
Batch 0/14 | Total Loss: 0.4884 | Recon Loss: 0.0055 | Seg Loss: 0.4845

--- Epoch 28/300 ---
Batch 0/14 | Total Loss: 0.5808 | Recon Loss: 0.0095 | Seg Loss: 0.5741

--- Epoch 29/300 ---
Batch 0/14 | Total Loss: 0.4747 | Recon Loss: 0.0148 | Seg Loss: 0.4643

--- Epoch 30/300 ---
Batch 0/14 | Total Loss: 0.5313 | Recon Loss: 0.0359 | Seg Loss: 0.5061

--- Epoch 31/300 ---
Batch 0/14 | Total Loss: 0.4904 | Recon Loss: 0.0143 | Seg Loss: 0.4804

--- Epoch 32/300 ---
Batch 0/14 | Total Loss: 0.4894 | Recon Loss: 0.0043 | Seg Loss: 0.4864

--- Epoch 33/300 ---
Batch 0/14 | Total Loss: 0.5669 | Recon Loss: 0.0061 | Seg Loss: 0.5626

--- Epoch 34/300 ---
Batch 0/14 | Total Loss: 0.4722 | Recon Loss: 0.0052 | Seg Loss: 0.4685

--- Epoch 35/300 ---
Batch 0/14 | Total Loss: 0.5130 | Recon Loss: 0.0097 | Seg Loss: 0.5062

--- Epoch 36/300 ---
Batch 0/14 | Total Loss: 0.5633 | Recon Loss: 0.0130 | Seg Loss: 0.5542

--- Epoch 37/300 ---
Batch 0/14 | Total Loss: 0.4733 | Recon Loss: 0.0084 | Seg Loss: 0.4675

--- Epoch 38/300 ---
Batch 0/14 | Total Loss: 0.5368 | Recon Loss: 0.0077 | Seg Loss: 0.5313

--- Epoch 39/300 ---
Batch 0/14 | Total Loss: 0.4500 | Recon Loss: 0.0056 | Seg Loss: 0.4460

--- Epoch 40/300 ---
Batch 0/14 | Total Loss: 0.5473 | Recon Loss: 0.0069 | Seg Loss: 0.5425

--- Epoch 41/300 ---
Batch 0/14 | Total Loss: 0.4869 | Recon Loss: 0.0093 | Seg Loss: 0.4804

--- Epoch 42/300 ---
Batch 0/14 | Total Loss: 0.5059 | Recon Loss: 0.0033 | Seg Loss: 0.5036

--- Epoch 43/300 ---
Batch 0/14 | Total Loss: 0.5092 | Recon Loss: 0.0075 | Seg Loss: 0.5039

--- Epoch 44/300 ---
Batch 0/14 | Total Loss: 0.4655 | Recon Loss: 0.0051 | Seg Loss: 0.4620

--- Epoch 45/300 ---
Batch 0/14 | Total Loss: 0.4419 | Recon Loss: 0.0052 | Seg Loss: 0.4383

--- Epoch 46/300 ---
Batch 0/14 | Total Loss: 0.5393 | Recon Loss: 0.0046 | Seg Loss: 0.5361

--- Epoch 47/300 ---
Batch 0/14 | Total Loss: 0.4739 | Recon Loss: 0.0026 | Seg Loss: 0.4721

--- Epoch 48/300 ---
Batch 0/14 | Total Loss: 0.4606 | Recon Loss: 0.0034 | Seg Loss: 0.4582

--- Epoch 49/300 ---
Batch 0/14 | Total Loss: 0.5196 | Recon Loss: 0.0053 | Seg Loss: 0.5159

--- Epoch 50/300 ---
Batch 0/14 | Total Loss: 0.4450 | Recon Loss: 0.0064 | Seg Loss: 0.4405

--- Epoch 51/300 ---
Batch 0/14 | Total Loss: 0.5228 | Recon Loss: 0.0156 | Seg Loss: 0.5119

--- Epoch 52/300 ---
Batch 0/14 | Total Loss: 0.5681 | Recon Loss: 0.0166 | Seg Loss: 0.5565

--- Epoch 53/300 ---
Batch 0/14 | Total Loss: 0.5566 | Recon Loss: 0.0037 | Seg Loss: 0.5540

--- Epoch 54/300 ---
Batch 0/14 | Total Loss: 0.4990 | Recon Loss: 0.0068 | Seg Loss: 0.4942

--- Epoch 55/300 ---
Batch 0/14 | Total Loss: 0.4766 | Recon Loss: 0.0145 | Seg Loss: 0.4665

--- Epoch 56/300 ---
Batch 0/14 | Total Loss: 0.4572 | Recon Loss: 0.0050 | Seg Loss: 0.4537

--- Epoch 57/300 ---
Batch 0/14 | Total Loss: 0.4695 | Recon Loss: 0.0032 | Seg Loss: 0.4673

--- Epoch 58/300 ---
Batch 0/14 | Total Loss: 0.4474 | Recon Loss: 0.0133 | Seg Loss: 0.4381

--- Epoch 59/300 ---
Batch 0/14 | Total Loss: 0.4612 | Recon Loss: 0.0033 | Seg Loss: 0.4588

--- Epoch 60/300 ---
Batch 0/14 | Total Loss: 0.4791 | Recon Loss: 0.0034 | Seg Loss: 0.4767

--- Epoch 61/300 ---
Batch 0/14 | Total Loss: 0.5321 | Recon Loss: 0.0031 | Seg Loss: 0.5300

--- Epoch 62/300 ---
Batch 0/14 | Total Loss: 0.5145 | Recon Loss: 0.0078 | Seg Loss: 0.5091

--- Epoch 63/300 ---
Batch 0/14 | Total Loss: 0.4507 | Recon Loss: 0.0069 | Seg Loss: 0.4458

--- Epoch 64/300 ---
Batch 0/14 | Total Loss: 0.4525 | Recon Loss: 0.0084 | Seg Loss: 0.4466

--- Epoch 65/300 ---
Batch 0/14 | Total Loss: 0.5006 | Recon Loss: 0.0023 | Seg Loss: 0.4990

--- Epoch 66/300 ---
Batch 0/14 | Total Loss: 0.5026 | Recon Loss: 0.0028 | Seg Loss: 0.5006

--- Epoch 67/300 ---
Batch 0/14 | Total Loss: 0.4334 | Recon Loss: 0.0043 | Seg Loss: 0.4304

--- Epoch 68/300 ---
Batch 0/14 | Total Loss: 0.4567 | Recon Loss: 0.0052 | Seg Loss: 0.4531

--- Epoch 69/300 ---
Batch 0/14 | Total Loss: 0.5073 | Recon Loss: 0.0052 | Seg Loss: 0.5036

--- Epoch 70/300 ---
Batch 0/14 | Total Loss: 0.5129 | Recon Loss: 0.0023 | Seg Loss: 0.5113

--- Epoch 71/300 ---
Batch 0/14 | Total Loss: 0.5220 | Recon Loss: 0.0048 | Seg Loss: 0.5186

--- Epoch 72/300 ---
Batch 0/14 | Total Loss: 0.4442 | Recon Loss: 0.0052 | Seg Loss: 0.4405

--- Epoch 73/300 ---
Batch 0/14 | Total Loss: 0.4900 | Recon Loss: 0.0100 | Seg Loss: 0.4831

--- Epoch 74/300 ---
Batch 0/14 | Total Loss: 0.4985 | Recon Loss: 0.0054 | Seg Loss: 0.4948

--- Epoch 75/300 ---
Batch 0/14 | Total Loss: 0.4767 | Recon Loss: 0.0029 | Seg Loss: 0.4747

--- Epoch 76/300 ---
Batch 0/14 | Total Loss: 0.4321 | Recon Loss: 0.0093 | Seg Loss: 0.4256

--- Epoch 77/300 ---
Batch 0/14 | Total Loss: 0.4387 | Recon Loss: 0.0034 | Seg Loss: 0.4363

--- Epoch 78/300 ---
Batch 0/14 | Total Loss: 0.4570 | Recon Loss: 0.0035 | Seg Loss: 0.4545

--- Epoch 79/300 ---
Batch 0/14 | Total Loss: 0.4770 | Recon Loss: 0.0060 | Seg Loss: 0.4728

--- Epoch 80/300 ---
Batch 0/14 | Total Loss: 0.4620 | Recon Loss: 0.0057 | Seg Loss: 0.4580

--- Epoch 81/300 ---
Batch 0/14 | Total Loss: 0.4172 | Recon Loss: 0.0041 | Seg Loss: 0.4143

--- Epoch 82/300 ---
Batch 0/14 | Total Loss: 0.4859 | Recon Loss: 0.0131 | Seg Loss: 0.4767

--- Epoch 83/300 ---
Batch 0/14 | Total Loss: 0.4292 | Recon Loss: 0.0132 | Seg Loss: 0.4199

--- Epoch 84/300 ---
Batch 0/14 | Total Loss: 0.4751 | Recon Loss: 0.0051 | Seg Loss: 0.4715

--- Epoch 85/300 ---
Batch 0/14 | Total Loss: 0.4582 | Recon Loss: 0.0060 | Seg Loss: 0.4540

--- Epoch 86/300 ---
Batch 0/14 | Total Loss: 0.4657 | Recon Loss: 0.0027 | Seg Loss: 0.4638

--- Epoch 87/300 ---
Batch 0/14 | Total Loss: 0.4361 | Recon Loss: 0.0032 | Seg Loss: 0.4338

--- Epoch 88/300 ---
Batch 0/14 | Total Loss: 0.4176 | Recon Loss: 0.0022 | Seg Loss: 0.4160

--- Epoch 89/300 ---
Batch 0/14 | Total Loss: 0.4685 | Recon Loss: 0.0031 | Seg Loss: 0.4663

--- Epoch 90/300 ---
Batch 0/14 | Total Loss: 0.4267 | Recon Loss: 0.0041 | Seg Loss: 0.4238

--- Epoch 91/300 ---
Batch 0/14 | Total Loss: 0.4208 | Recon Loss: 0.0022 | Seg Loss: 0.4192

--- Epoch 92/300 ---
Batch 0/14 | Total Loss: 0.4220 | Recon Loss: 0.0033 | Seg Loss: 0.4197

--- Epoch 93/300 ---
Batch 0/14 | Total Loss: 0.4629 | Recon Loss: 0.0058 | Seg Loss: 0.4588

--- Epoch 94/300 ---
Batch 0/14 | Total Loss: 0.4357 | Recon Loss: 0.0046 | Seg Loss: 0.4325

--- Epoch 95/300 ---
Batch 0/14 | Total Loss: 0.4159 | Recon Loss: 0.0028 | Seg Loss: 0.4139

--- Epoch 96/300 ---
Batch 0/14 | Total Loss: 0.3937 | Recon Loss: 0.0024 | Seg Loss: 0.3920

--- Epoch 97/300 ---
Batch 0/14 | Total Loss: 0.4342 | Recon Loss: 0.0081 | Seg Loss: 0.4286

--- Epoch 98/300 ---
Batch 0/14 | Total Loss: 0.4456 | Recon Loss: 0.0021 | Seg Loss: 0.4441

--- Epoch 99/300 ---
Batch 0/14 | Total Loss: 0.5010 | Recon Loss: 0.0027 | Seg Loss: 0.4991

--- Epoch 100/300 ---
Batch 0/14 | Total Loss: 0.4690 | Recon Loss: 0.0057 | Seg Loss: 0.4650

--- Epoch 101/300 ---
Batch 0/14 | Total Loss: 0.4647 | Recon Loss: 0.0048 | Seg Loss: 0.4614

--- Epoch 102/300 ---
Batch 0/14 | Total Loss: 0.4058 | Recon Loss: 0.0033 | Seg Loss: 0.4034

--- Epoch 103/300 ---
Batch 0/14 | Total Loss: 0.4352 | Recon Loss: 0.0128 | Seg Loss: 0.4262

--- Epoch 104/300 ---
Batch 0/14 | Total Loss: 0.4392 | Recon Loss: 0.0228 | Seg Loss: 0.4232

--- Epoch 105/300 ---
Batch 0/14 | Total Loss: 0.5053 | Recon Loss: 0.0041 | Seg Loss: 0.5024

--- Epoch 106/300 ---
Batch 0/14 | Total Loss: 0.4387 | Recon Loss: 0.0060 | Seg Loss: 0.4345

--- Epoch 107/300 ---
Batch 0/14 | Total Loss: 0.3951 | Recon Loss: 0.0035 | Seg Loss: 0.3927

--- Epoch 108/300 ---
Batch 0/14 | Total Loss: 0.4588 | Recon Loss: 0.0020 | Seg Loss: 0.4574

--- Epoch 109/300 ---
Batch 0/14 | Total Loss: 0.4383 | Recon Loss: 0.0067 | Seg Loss: 0.4336

--- Epoch 110/300 ---
Batch 0/14 | Total Loss: 0.3892 | Recon Loss: 0.0044 | Seg Loss: 0.3861

--- Epoch 111/300 ---
Batch 0/14 | Total Loss: 0.4639 | Recon Loss: 0.0135 | Seg Loss: 0.4544

--- Epoch 112/300 ---
Batch 0/14 | Total Loss: 0.3959 | Recon Loss: 0.0025 | Seg Loss: 0.3941

--- Epoch 113/300 ---
Batch 0/14 | Total Loss: 0.4328 | Recon Loss: 0.0030 | Seg Loss: 0.4307

--- Epoch 114/300 ---
Batch 0/14 | Total Loss: 0.3889 | Recon Loss: 0.0040 | Seg Loss: 0.3861

--- Epoch 115/300 ---
Batch 0/14 | Total Loss: 0.4302 | Recon Loss: 0.0063 | Seg Loss: 0.4258

--- Epoch 116/300 ---
Batch 0/14 | Total Loss: 0.4291 | Recon Loss: 0.0026 | Seg Loss: 0.4273

--- Epoch 117/300 ---
Batch 0/14 | Total Loss: 0.4094 | Recon Loss: 0.0038 | Seg Loss: 0.4068

--- Epoch 118/300 ---
Batch 0/14 | Total Loss: 0.3796 | Recon Loss: 0.0026 | Seg Loss: 0.3777

--- Epoch 119/300 ---
Batch 0/14 | Total Loss: 0.4053 | Recon Loss: 0.0075 | Seg Loss: 0.4001

--- Epoch 120/300 ---
Batch 0/14 | Total Loss: 0.4111 | Recon Loss: 0.0032 | Seg Loss: 0.4089

--- Epoch 121/300 ---
Batch 0/14 | Total Loss: 0.4319 | Recon Loss: 0.0083 | Seg Loss: 0.4261

--- Epoch 122/300 ---
Batch 0/14 | Total Loss: 0.4292 | Recon Loss: 0.0058 | Seg Loss: 0.4251

--- Epoch 123/300 ---
Batch 0/14 | Total Loss: 0.4026 | Recon Loss: 0.0080 | Seg Loss: 0.3970

--- Epoch 124/300 ---
Batch 0/14 | Total Loss: 0.3998 | Recon Loss: 0.0168 | Seg Loss: 0.3880

--- Epoch 125/300 ---
Batch 0/14 | Total Loss: 0.3951 | Recon Loss: 0.0040 | Seg Loss: 0.3923

--- Epoch 126/300 ---
Batch 0/14 | Total Loss: 0.4367 | Recon Loss: 0.0045 | Seg Loss: 0.4336

--- Epoch 127/300 ---
Batch 0/14 | Total Loss: 0.4178 | Recon Loss: 0.0057 | Seg Loss: 0.4139

--- Epoch 128/300 ---
Batch 0/14 | Total Loss: 0.5477 | Recon Loss: 0.0043 | Seg Loss: 0.5447

--- Epoch 129/300 ---
Batch 0/14 | Total Loss: 0.4169 | Recon Loss: 0.0043 | Seg Loss: 0.4140

--- Epoch 130/300 ---
Batch 0/14 | Total Loss: 0.4105 | Recon Loss: 0.0053 | Seg Loss: 0.4068

--- Epoch 131/300 ---
Batch 0/14 | Total Loss: 0.4101 | Recon Loss: 0.0058 | Seg Loss: 0.4060

--- Epoch 132/300 ---
Batch 0/14 | Total Loss: 0.4337 | Recon Loss: 0.0037 | Seg Loss: 0.4311

--- Epoch 133/300 ---
Batch 0/14 | Total Loss: 0.4736 | Recon Loss: 0.0078 | Seg Loss: 0.4681

--- Epoch 134/300 ---
Batch 0/14 | Total Loss: 0.4119 | Recon Loss: 0.0025 | Seg Loss: 0.4101

--- Epoch 135/300 ---
Batch 0/14 | Total Loss: 0.4295 | Recon Loss: 0.0026 | Seg Loss: 0.4277

--- Epoch 136/300 ---
Batch 0/14 | Total Loss: 0.3847 | Recon Loss: 0.0041 | Seg Loss: 0.3819

--- Epoch 137/300 ---
Batch 0/14 | Total Loss: 0.3978 | Recon Loss: 0.0079 | Seg Loss: 0.3923

--- Epoch 138/300 ---
Batch 0/14 | Total Loss: 0.4109 | Recon Loss: 0.0051 | Seg Loss: 0.4073

--- Epoch 139/300 ---
Batch 0/14 | Total Loss: 0.5487 | Recon Loss: 0.0075 | Seg Loss: 0.5434

--- Epoch 140/300 ---
Batch 0/14 | Total Loss: 0.4556 | Recon Loss: 0.0089 | Seg Loss: 0.4494

--- Epoch 141/300 ---
Batch 0/14 | Total Loss: 0.4155 | Recon Loss: 0.0016 | Seg Loss: 0.4144

--- Epoch 142/300 ---
Batch 0/14 | Total Loss: 0.3978 | Recon Loss: 0.0026 | Seg Loss: 0.3961

--- Epoch 143/300 ---
Batch 0/14 | Total Loss: 0.4184 | Recon Loss: 0.0024 | Seg Loss: 0.4167

--- Epoch 144/300 ---
Batch 0/14 | Total Loss: 0.4150 | Recon Loss: 0.0036 | Seg Loss: 0.4125

--- Epoch 145/300 ---
Batch 0/14 | Total Loss: 0.4171 | Recon Loss: 0.0037 | Seg Loss: 0.4144

--- Epoch 146/300 ---
Batch 0/14 | Total Loss: 0.3817 | Recon Loss: 0.0023 | Seg Loss: 0.3801

--- Epoch 147/300 ---
Batch 0/14 | Total Loss: 0.4650 | Recon Loss: 0.0070 | Seg Loss: 0.4601

--- Epoch 148/300 ---
Batch 0/14 | Total Loss: 0.3709 | Recon Loss: 0.0047 | Seg Loss: 0.3677

--- Epoch 149/300 ---
Batch 0/14 | Total Loss: 0.3993 | Recon Loss: 0.0033 | Seg Loss: 0.3970

--- Epoch 150/300 ---
Batch 0/14 | Total Loss: 0.4142 | Recon Loss: 0.0103 | Seg Loss: 0.4070

--- Epoch 151/300 ---
Batch 0/14 | Total Loss: 0.3992 | Recon Loss: 0.0101 | Seg Loss: 0.3921

--- Epoch 152/300 ---
Batch 0/14 | Total Loss: 0.3813 | Recon Loss: 0.0060 | Seg Loss: 0.3770

--- Epoch 153/300 ---
Batch 0/14 | Total Loss: 0.4268 | Recon Loss: 0.0034 | Seg Loss: 0.4245

--- Epoch 154/300 ---
Batch 0/14 | Total Loss: 0.3813 | Recon Loss: 0.0055 | Seg Loss: 0.3774

--- Epoch 155/300 ---
Batch 0/14 | Total Loss: 0.3935 | Recon Loss: 0.0057 | Seg Loss: 0.3896

--- Epoch 156/300 ---
Batch 0/14 | Total Loss: 0.4198 | Recon Loss: 0.0044 | Seg Loss: 0.4167

--- Epoch 157/300 ---
Batch 0/14 | Total Loss: 0.4099 | Recon Loss: 0.0030 | Seg Loss: 0.4077

--- Epoch 158/300 ---
Batch 0/14 | Total Loss: 0.4045 | Recon Loss: 0.0027 | Seg Loss: 0.4026

--- Epoch 159/300 ---
Batch 0/14 | Total Loss: 0.4134 | Recon Loss: 0.0082 | Seg Loss: 0.4076

--- Epoch 160/300 ---
Batch 0/14 | Total Loss: 0.4490 | Recon Loss: 0.0111 | Seg Loss: 0.4412

--- Epoch 161/300 ---
Batch 0/14 | Total Loss: 0.4018 | Recon Loss: 0.0047 | Seg Loss: 0.3985

--- Epoch 162/300 ---
Batch 0/14 | Total Loss: 0.4598 | Recon Loss: 0.0019 | Seg Loss: 0.4585

--- Epoch 163/300 ---
Batch 0/14 | Total Loss: 0.3941 | Recon Loss: 0.0089 | Seg Loss: 0.3879

--- Epoch 164/300 ---
Batch 0/14 | Total Loss: 0.4132 | Recon Loss: 0.0032 | Seg Loss: 0.4110

--- Epoch 165/300 ---
Batch 0/14 | Total Loss: 0.3941 | Recon Loss: 0.0052 | Seg Loss: 0.3904

--- Epoch 166/300 ---
Batch 0/14 | Total Loss: 0.4067 | Recon Loss: 0.0039 | Seg Loss: 0.4040

--- Epoch 167/300 ---
Batch 0/14 | Total Loss: 0.4314 | Recon Loss: 0.0087 | Seg Loss: 0.4253

--- Epoch 168/300 ---
Batch 0/14 | Total Loss: 0.4225 | Recon Loss: 0.0062 | Seg Loss: 0.4182

--- Epoch 169/300 ---
Batch 0/14 | Total Loss: 0.3795 | Recon Loss: 0.0027 | Seg Loss: 0.3775

--- Epoch 170/300 ---
Batch 0/14 | Total Loss: 0.4562 | Recon Loss: 0.0069 | Seg Loss: 0.4514

--- Epoch 171/300 ---
Batch 0/14 | Total Loss: 0.4124 | Recon Loss: 0.0033 | Seg Loss: 0.4100

--- Epoch 172/300 ---
Batch 0/14 | Total Loss: 0.4392 | Recon Loss: 0.0021 | Seg Loss: 0.4377

--- Epoch 173/300 ---
Batch 0/14 | Total Loss: 0.3697 | Recon Loss: 0.0020 | Seg Loss: 0.3683

--- Epoch 174/300 ---
Batch 0/14 | Total Loss: 0.4335 | Recon Loss: 0.0055 | Seg Loss: 0.4296

--- Epoch 175/300 ---
Batch 0/14 | Total Loss: 0.3831 | Recon Loss: 0.0026 | Seg Loss: 0.3813

--- Epoch 176/300 ---
Batch 0/14 | Total Loss: 0.3732 | Recon Loss: 0.0030 | Seg Loss: 0.3711

--- Epoch 177/300 ---
Batch 0/14 | Total Loss: 0.3944 | Recon Loss: 0.0038 | Seg Loss: 0.3918

--- Epoch 178/300 ---
Batch 0/14 | Total Loss: 0.3902 | Recon Loss: 0.0038 | Seg Loss: 0.3875

--- Epoch 179/300 ---
Batch 0/14 | Total Loss: 0.3778 | Recon Loss: 0.0039 | Seg Loss: 0.3751

--- Epoch 180/300 ---
Batch 0/14 | Total Loss: 0.3785 | Recon Loss: 0.0020 | Seg Loss: 0.3770

--- Epoch 181/300 ---
Batch 0/14 | Total Loss: 0.4219 | Recon Loss: 0.0092 | Seg Loss: 0.4155

--- Epoch 182/300 ---
Batch 0/14 | Total Loss: 0.4082 | Recon Loss: 0.0110 | Seg Loss: 0.4005

--- Epoch 183/300 ---
Batch 0/14 | Total Loss: 0.4185 | Recon Loss: 0.0053 | Seg Loss: 0.4148

--- Epoch 184/300 ---
Batch 0/14 | Total Loss: 0.3965 | Recon Loss: 0.0040 | Seg Loss: 0.3937

--- Epoch 185/300 ---
Batch 0/14 | Total Loss: 0.3785 | Recon Loss: 0.0028 | Seg Loss: 0.3765

--- Epoch 186/300 ---
Batch 0/14 | Total Loss: 0.3775 | Recon Loss: 0.0145 | Seg Loss: 0.3674

--- Epoch 187/300 ---
Batch 0/14 | Total Loss: 0.3865 | Recon Loss: 0.0025 | Seg Loss: 0.3848

--- Epoch 188/300 ---
Batch 0/14 | Total Loss: 0.4063 | Recon Loss: 0.0034 | Seg Loss: 0.4039

--- Epoch 189/300 ---
Batch 0/14 | Total Loss: 0.3939 | Recon Loss: 0.0027 | Seg Loss: 0.3921

--- Epoch 190/300 ---
Batch 0/14 | Total Loss: 0.3963 | Recon Loss: 0.0034 | Seg Loss: 0.3939

--- Epoch 191/300 ---
Batch 0/14 | Total Loss: 0.3834 | Recon Loss: 0.0022 | Seg Loss: 0.3819

--- Epoch 192/300 ---
Batch 0/14 | Total Loss: 0.4038 | Recon Loss: 0.0046 | Seg Loss: 0.4006

--- Epoch 193/300 ---
Batch 0/14 | Total Loss: 0.4102 | Recon Loss: 0.0031 | Seg Loss: 0.4080

--- Epoch 194/300 ---
Batch 0/14 | Total Loss: 0.4223 | Recon Loss: 0.0068 | Seg Loss: 0.4175

--- Epoch 195/300 ---
Batch 0/14 | Total Loss: 0.3774 | Recon Loss: 0.0044 | Seg Loss: 0.3743

--- Epoch 196/300 ---
Batch 0/14 | Total Loss: 0.4020 | Recon Loss: 0.0042 | Seg Loss: 0.3991

--- Epoch 197/300 ---
Batch 0/14 | Total Loss: 0.4495 | Recon Loss: 0.0112 | Seg Loss: 0.4417

--- Epoch 198/300 ---
Batch 0/14 | Total Loss: 0.4071 | Recon Loss: 0.0022 | Seg Loss: 0.4055

--- Epoch 199/300 ---
Batch 0/14 | Total Loss: 0.4787 | Recon Loss: 0.0067 | Seg Loss: 0.4741

--- Epoch 200/300 ---
Batch 0/14 | Total Loss: 0.3906 | Recon Loss: 0.0034 | Seg Loss: 0.3883

--- Epoch 201/300 ---
Batch 0/14 | Total Loss: 0.3964 | Recon Loss: 0.0071 | Seg Loss: 0.3914

--- Epoch 202/300 ---
Batch 0/14 | Total Loss: 0.4121 | Recon Loss: 0.0022 | Seg Loss: 0.4105

--- Epoch 203/300 ---
Batch 0/14 | Total Loss: 0.3727 | Recon Loss: 0.0027 | Seg Loss: 0.3708

--- Epoch 204/300 ---
Batch 0/14 | Total Loss: 0.3794 | Recon Loss: 0.0065 | Seg Loss: 0.3749

--- Epoch 205/300 ---
Batch 0/14 | Total Loss: 0.4032 | Recon Loss: 0.0024 | Seg Loss: 0.4015

--- Epoch 206/300 ---
Batch 0/14 | Total Loss: 0.3642 | Recon Loss: 0.0079 | Seg Loss: 0.3587

--- Epoch 207/300 ---
Batch 0/14 | Total Loss: 0.3844 | Recon Loss: 0.0078 | Seg Loss: 0.3789

--- Epoch 208/300 ---
Batch 0/14 | Total Loss: 0.3779 | Recon Loss: 0.0057 | Seg Loss: 0.3739

--- Epoch 209/300 ---
Batch 0/14 | Total Loss: 0.3929 | Recon Loss: 0.0017 | Seg Loss: 0.3917

--- Epoch 210/300 ---
Batch 0/14 | Total Loss: 0.5069 | Recon Loss: 0.0088 | Seg Loss: 0.5007

--- Epoch 211/300 ---
Batch 0/14 | Total Loss: 0.4408 | Recon Loss: 0.0036 | Seg Loss: 0.4383

--- Epoch 212/300 ---
Batch 0/14 | Total Loss: 0.3911 | Recon Loss: 0.0021 | Seg Loss: 0.3897

--- Epoch 213/300 ---
Batch 0/14 | Total Loss: 0.3630 | Recon Loss: 0.0025 | Seg Loss: 0.3613

--- Epoch 214/300 ---
Batch 0/14 | Total Loss: 0.4487 | Recon Loss: 0.0018 | Seg Loss: 0.4474

--- Epoch 215/300 ---
Batch 0/14 | Total Loss: 0.4399 | Recon Loss: 0.0038 | Seg Loss: 0.4372

--- Epoch 216/300 ---
Batch 0/14 | Total Loss: 0.3804 | Recon Loss: 0.0026 | Seg Loss: 0.3786

--- Epoch 217/300 ---
Batch 0/14 | Total Loss: 0.3693 | Recon Loss: 0.0025 | Seg Loss: 0.3675

--- Epoch 218/300 ---
Batch 0/14 | Total Loss: 0.3690 | Recon Loss: 0.0046 | Seg Loss: 0.3657

--- Epoch 219/300 ---
Batch 0/14 | Total Loss: 0.3662 | Recon Loss: 0.0022 | Seg Loss: 0.3647

--- Epoch 220/300 ---
Batch 0/14 | Total Loss: 0.3465 | Recon Loss: 0.0031 | Seg Loss: 0.3443

--- Epoch 221/300 ---
Batch 0/14 | Total Loss: 0.3692 | Recon Loss: 0.0052 | Seg Loss: 0.3656

--- Epoch 222/300 ---
Batch 0/14 | Total Loss: 0.3687 | Recon Loss: 0.0077 | Seg Loss: 0.3633

--- Epoch 223/300 ---
Batch 0/14 | Total Loss: 0.3651 | Recon Loss: 0.0026 | Seg Loss: 0.3632

--- Epoch 224/300 ---
Batch 0/14 | Total Loss: 0.4032 | Recon Loss: 0.0036 | Seg Loss: 0.4006

--- Epoch 225/300 ---
Batch 0/14 | Total Loss: 0.4010 | Recon Loss: 0.0043 | Seg Loss: 0.3980

--- Epoch 226/300 ---
Batch 0/14 | Total Loss: 0.3572 | Recon Loss: 0.0027 | Seg Loss: 0.3553

--- Epoch 227/300 ---
Batch 0/14 | Total Loss: 0.3855 | Recon Loss: 0.0041 | Seg Loss: 0.3826

--- Epoch 228/300 ---
Batch 0/14 | Total Loss: 0.4044 | Recon Loss: 0.0030 | Seg Loss: 0.4023

--- Epoch 229/300 ---
Batch 0/14 | Total Loss: 0.3692 | Recon Loss: 0.0080 | Seg Loss: 0.3637

--- Epoch 230/300 ---
Batch 0/14 | Total Loss: 0.3623 | Recon Loss: 0.0278 | Seg Loss: 0.3429

--- Epoch 231/300 ---
Batch 0/14 | Total Loss: 0.3650 | Recon Loss: 0.0049 | Seg Loss: 0.3616

--- Epoch 232/300 ---
Batch 0/14 | Total Loss: 0.3939 | Recon Loss: 0.0021 | Seg Loss: 0.3924

--- Epoch 233/300 ---
Batch 0/14 | Total Loss: 0.3436 | Recon Loss: 0.0018 | Seg Loss: 0.3423

--- Epoch 234/300 ---
Batch 0/14 | Total Loss: 0.3788 | Recon Loss: 0.0373 | Seg Loss: 0.3527

--- Epoch 235/300 ---
Batch 0/14 | Total Loss: 0.3954 | Recon Loss: 0.0042 | Seg Loss: 0.3924

--- Epoch 236/300 ---
Batch 0/14 | Total Loss: 0.3528 | Recon Loss: 0.0019 | Seg Loss: 0.3514

--- Epoch 237/300 ---
Batch 0/14 | Total Loss: 0.3552 | Recon Loss: 0.0052 | Seg Loss: 0.3516

--- Epoch 238/300 ---
Batch 0/14 | Total Loss: 0.4145 | Recon Loss: 0.0050 | Seg Loss: 0.4111

--- Epoch 239/300 ---
Batch 0/14 | Total Loss: 0.3548 | Recon Loss: 0.0101 | Seg Loss: 0.3478

--- Epoch 240/300 ---
Batch 0/14 | Total Loss: 0.4148 | Recon Loss: 0.0079 | Seg Loss: 0.4093

--- Epoch 241/300 ---
Batch 0/14 | Total Loss: 0.4044 | Recon Loss: 0.0032 | Seg Loss: 0.4022

--- Epoch 242/300 ---
Batch 0/14 | Total Loss: 0.3702 | Recon Loss: 0.0023 | Seg Loss: 0.3686

--- Epoch 243/300 ---
Batch 0/14 | Total Loss: 0.3502 | Recon Loss: 0.0067 | Seg Loss: 0.3455

--- Epoch 244/300 ---
Batch 0/14 | Total Loss: 0.3672 | Recon Loss: 0.0043 | Seg Loss: 0.3642

--- Epoch 245/300 ---
Batch 0/14 | Total Loss: 0.4374 | Recon Loss: 0.0105 | Seg Loss: 0.4301

--- Epoch 246/300 ---
Batch 0/14 | Total Loss: 0.4157 | Recon Loss: 0.0029 | Seg Loss: 0.4137

--- Epoch 247/300 ---
Batch 0/14 | Total Loss: 0.3884 | Recon Loss: 0.0041 | Seg Loss: 0.3856

--- Epoch 248/300 ---
Batch 0/14 | Total Loss: 0.3730 | Recon Loss: 0.0065 | Seg Loss: 0.3685

--- Epoch 249/300 ---
Batch 0/14 | Total Loss: 0.4049 | Recon Loss: 0.0036 | Seg Loss: 0.4024

--- Epoch 250/300 ---
Batch 0/14 | Total Loss: 0.4482 | Recon Loss: 0.0028 | Seg Loss: 0.4463

--- Epoch 251/300 ---
Batch 0/14 | Total Loss: 0.3570 | Recon Loss: 0.0023 | Seg Loss: 0.3553

--- Epoch 252/300 ---
Batch 0/14 | Total Loss: 0.3741 | Recon Loss: 0.0087 | Seg Loss: 0.3680

--- Epoch 253/300 ---
Batch 0/14 | Total Loss: 0.3508 | Recon Loss: 0.0030 | Seg Loss: 0.3487

--- Epoch 254/300 ---
Batch 0/14 | Total Loss: 0.3918 | Recon Loss: 0.0022 | Seg Loss: 0.3903

--- Epoch 255/300 ---
Batch 0/14 | Total Loss: 0.3756 | Recon Loss: 0.0021 | Seg Loss: 0.3741

--- Epoch 256/300 ---
Batch 0/14 | Total Loss: 0.3784 | Recon Loss: 0.0039 | Seg Loss: 0.3756

--- Epoch 257/300 ---
Batch 0/14 | Total Loss: 0.3546 | Recon Loss: 0.0030 | Seg Loss: 0.3525

--- Epoch 258/300 ---
Batch 0/14 | Total Loss: 0.3508 | Recon Loss: 0.0037 | Seg Loss: 0.3483

--- Epoch 259/300 ---
Batch 0/14 | Total Loss: 0.3749 | Recon Loss: 0.0081 | Seg Loss: 0.3692

--- Epoch 260/300 ---
Batch 0/14 | Total Loss: 0.3637 | Recon Loss: 0.0050 | Seg Loss: 0.3602

--- Epoch 261/300 ---
Batch 0/14 | Total Loss: 0.3790 | Recon Loss: 0.0034 | Seg Loss: 0.3766

--- Epoch 262/300 ---
Batch 0/14 | Total Loss: 0.4348 | Recon Loss: 0.0073 | Seg Loss: 0.4297

--- Epoch 263/300 ---
Batch 0/14 | Total Loss: 0.3708 | Recon Loss: 0.0104 | Seg Loss: 0.3634

--- Epoch 264/300 ---
Batch 0/14 | Total Loss: 0.3736 | Recon Loss: 0.0171 | Seg Loss: 0.3616

--- Epoch 265/300 ---
Batch 0/14 | Total Loss: 0.3548 | Recon Loss: 0.0033 | Seg Loss: 0.3526

--- Epoch 266/300 ---
Batch 0/14 | Total Loss: 0.4134 | Recon Loss: 0.0055 | Seg Loss: 0.4095

--- Epoch 267/300 ---
Batch 0/14 | Total Loss: 0.3644 | Recon Loss: 0.0070 | Seg Loss: 0.3595

--- Epoch 268/300 ---
Batch 0/14 | Total Loss: 0.3724 | Recon Loss: 0.0031 | Seg Loss: 0.3703

--- Epoch 269/300 ---
Batch 0/14 | Total Loss: 0.3424 | Recon Loss: 0.0028 | Seg Loss: 0.3405

--- Epoch 270/300 ---
Batch 0/14 | Total Loss: 0.3802 | Recon Loss: 0.0084 | Seg Loss: 0.3744

--- Epoch 271/300 ---
Batch 0/14 | Total Loss: 0.3709 | Recon Loss: 0.0027 | Seg Loss: 0.3690

--- Epoch 272/300 ---
Batch 0/14 | Total Loss: 0.3532 | Recon Loss: 0.0020 | Seg Loss: 0.3518

--- Epoch 273/300 ---
Batch 0/14 | Total Loss: 0.3591 | Recon Loss: 0.0040 | Seg Loss: 0.3563

--- Epoch 274/300 ---
Batch 0/14 | Total Loss: 0.3581 | Recon Loss: 0.0044 | Seg Loss: 0.3550

--- Epoch 275/300 ---
Batch 0/14 | Total Loss: 0.3964 | Recon Loss: 0.0016 | Seg Loss: 0.3952

--- Epoch 276/300 ---
Batch 0/14 | Total Loss: 0.3874 | Recon Loss: 0.0026 | Seg Loss: 0.3855

--- Epoch 277/300 ---
Batch 0/14 | Total Loss: 0.3608 | Recon Loss: 0.0041 | Seg Loss: 0.3580

--- Epoch 278/300 ---
Batch 0/14 | Total Loss: 0.3739 | Recon Loss: 0.0034 | Seg Loss: 0.3715

--- Epoch 279/300 ---
Batch 0/14 | Total Loss: 0.3790 | Recon Loss: 0.0053 | Seg Loss: 0.3753

--- Epoch 280/300 ---
Batch 0/14 | Total Loss: 0.3793 | Recon Loss: 0.0030 | Seg Loss: 0.3772

--- Epoch 281/300 ---
Batch 0/14 | Total Loss: 0.3838 | Recon Loss: 0.0048 | Seg Loss: 0.3804

--- Epoch 282/300 ---
Batch 0/14 | Total Loss: 0.3438 | Recon Loss: 0.0041 | Seg Loss: 0.3410

--- Epoch 283/300 ---
Batch 0/14 | Total Loss: 0.3841 | Recon Loss: 0.0061 | Seg Loss: 0.3798

--- Epoch 284/300 ---
Batch 0/14 | Total Loss: 0.3648 | Recon Loss: 0.0023 | Seg Loss: 0.3631

--- Epoch 285/300 ---
Batch 0/14 | Total Loss: 0.3630 | Recon Loss: 0.0032 | Seg Loss: 0.3608

--- Epoch 286/300 ---
Batch 0/14 | Total Loss: 0.3345 | Recon Loss: 0.0047 | Seg Loss: 0.3312

--- Epoch 287/300 ---
Batch 0/14 | Total Loss: 0.3704 | Recon Loss: 0.0035 | Seg Loss: 0.3679

--- Epoch 288/300 ---
Batch 0/14 | Total Loss: 0.3767 | Recon Loss: 0.0024 | Seg Loss: 0.3750

--- Epoch 289/300 ---
Batch 0/14 | Total Loss: 0.3668 | Recon Loss: 0.0016 | Seg Loss: 0.3657

--- Epoch 290/300 ---
Batch 0/14 | Total Loss: 0.3785 | Recon Loss: 0.0104 | Seg Loss: 0.3712

--- Epoch 291/300 ---
Batch 0/14 | Total Loss: 0.3446 | Recon Loss: 0.0048 | Seg Loss: 0.3413

--- Epoch 292/300 ---
Batch 0/14 | Total Loss: 0.3715 | Recon Loss: 0.0123 | Seg Loss: 0.3630

--- Epoch 293/300 ---
Batch 0/14 | Total Loss: 0.3775 | Recon Loss: 0.0039 | Seg Loss: 0.3748

--- Epoch 294/300 ---
Batch 0/14 | Total Loss: 0.3684 | Recon Loss: 0.0036 | Seg Loss: 0.3660

--- Epoch 295/300 ---
Batch 0/14 | Total Loss: 0.3415 | Recon Loss: 0.0027 | Seg Loss: 0.3396

--- Epoch 296/300 ---
Batch 0/14 | Total Loss: 0.3500 | Recon Loss: 0.0038 | Seg Loss: 0.3474

--- Epoch 297/300 ---
Batch 0/14 | Total Loss: 0.3900 | Recon Loss: 0.0052 | Seg Loss: 0.3863

--- Epoch 298/300 ---
Batch 0/14 | Total Loss: 0.3592 | Recon Loss: 0.0040 | Seg Loss: 0.3564

--- Epoch 299/300 ---
Batch 0/14 | Total Loss: 0.3558 | Recon Loss: 0.0018 | Seg Loss: 0.3545

--- Epoch 300/300 ---
Batch 0/14 | Total Loss: 0.3671 | Recon Loss: 0.0067 | Seg Loss: 0.3624
--- Training Finished ---
Model saved to /zhome/d2/4/167803/Desktop/Deep_project/02456-final-project/Trained_models/AG.pth
Job Finished.

------------------------------------------------------------
Sender: LSF System <lsfadmin@hpc.dtu.dk>
Subject: Job 27044913: <AG_job> in cluster <dcc> Done

Job <AG_job> was submitted from host <gbarlogin1> by user <s214776> in cluster <dcc> at Sun Nov 16 16:25:00 2025
Job was executed on host(s) <4*n-62-13-18>, in queue <gpul40s>, as user <s214776> in cluster <dcc> at Sun Nov 16 18:05:37 2025
</zhome/d2/4/167803> was used as the home directory.
</zhome/d2/4/167803/Desktop/Deep_project/02456-final-project> was used as the working directory.
Started at Sun Nov 16 18:05:37 2025
Terminated at Sun Nov 16 18:48:02 2025
Results reported at Sun Nov 16 18:48:02 2025

Your job looked like:

------------------------------------------------------------
# LSBATCH: User input
#!/bin/sh
### --- Job Name ---
#BSUB -J AG_job

### --- Log files ---
#BSUB -o /zhome/d2/4/167803/Desktop/Deep_project/02456-final-project/logs/AG_job_%J.out
#BSUB -e /zhome/d2/4/167803/Desktop/Deep_project/02456-final-project/logs/AG_err_%J.err

### --- Resource Requests ---
#BSUB -q gpul40s           # Request GPU queue
#BSUB -gpu "num=1:mode=exclusive_process" # Request 1 GPU, all to myself
#BSUB -n 4                    # Request 4 CPU cores
#BSUB -R "rusage[mem=8GB]"   # Request 16GB memory
#BSUB -W 04:00                # 4 hour runtime limit

### --- Setup Environment ---
echo "Loading CUDA module..."
module load cuda/11.6         # Load CUDA module

echo "Loading Conda..."

source /zhome/d2/4/167803/miniforge3/bin/activate MBML
echo "Environment 'MBML' activated."

echo "Starting Python script..."
python /zhome/d2/4/167803/Desktop/Deep_project/02456-final-project/Model/AG.py

echo "Job Finished."
------------------------------------------------------------

Successfully completed.

Resource usage summary:

    CPU time :                                   2824.00 sec.
    Max Memory :                                 1423 MB
    Average Memory :                             1309.10 MB
    Total Requested Memory :                     32768.00 MB
    Delta Memory :                               31345.00 MB
    Max Swap :                                   -
    Max Processes :                              4
    Max Threads :                                10
    Run time :                                   2547 sec.
    Turnaround time :                            8582 sec.

The output (if any) is above this job summary.



PS:

Read file </zhome/d2/4/167803/Desktop/Deep_project/02456-final-project/logs/AG_err_27044913.err> for stderr output of this job.

