Loading CUDA module...
Loading Conda...
Environment 'MBML' activated.
Starting Python script...
Using device: cuda
Using device: cuda
/zhome/d2/4/167803/Desktop/Deep_project/02456-final-project/Task03_Liver_rs
/zhome/d2/4/167803/Desktop/Deep_project/02456-final-project/Task03_Liver_rs
Found 28 image/label pairs.
--- success ---
Found 119 unlabeled images.
--- success ---
--- Training the MultiTaskNet on Liver Data ---
--- Staged Loss ---
Stage 1 (Region)    : Epochs 1-174
Stage 2 (Boundary)  : Epochs 175-onward

--- Epoch 1/200 ---
Batch 0/7 | Total Loss: 1.1885 | Recon Loss (Total): 0.2527 | Hausdorff distance stage 2: 1.0622

--- Epoch 2/200 ---
Batch 0/7 | Total Loss: 1.0601 | Recon Loss (Total): 0.2249 | Hausdorff distance stage 2: 0.9476

--- Epoch 3/200 ---
Batch 0/7 | Total Loss: 1.0362 | Recon Loss (Total): 0.1161 | Hausdorff distance stage 2: 0.9781

--- Epoch 4/200 ---
Batch 0/7 | Total Loss: 0.8472 | Recon Loss (Total): 0.0996 | Hausdorff distance stage 2: 0.7974

--- Epoch 5/200 ---
Batch 0/7 | Total Loss: 0.8622 | Recon Loss (Total): 0.0909 | Hausdorff distance stage 2: 0.8167

--- Epoch 6/200 ---
Batch 0/7 | Total Loss: 0.7957 | Recon Loss (Total): 0.0711 | Hausdorff distance stage 2: 0.7601

--- Epoch 7/200 ---
Batch 0/7 | Total Loss: 0.7198 | Recon Loss (Total): 0.0624 | Hausdorff distance stage 2: 0.6886

--- Epoch 8/200 ---
Batch 0/7 | Total Loss: 0.7328 | Recon Loss (Total): 0.1021 | Hausdorff distance stage 2: 0.6817

--- Epoch 9/200 ---
Batch 0/7 | Total Loss: 0.7175 | Recon Loss (Total): 0.0729 | Hausdorff distance stage 2: 0.6811

--- Epoch 10/200 ---
Batch 0/7 | Total Loss: 0.6876 | Recon Loss (Total): 0.0579 | Hausdorff distance stage 2: 0.6587

--- Epoch 11/200 ---
Batch 0/7 | Total Loss: 0.6771 | Recon Loss (Total): 0.0488 | Hausdorff distance stage 2: 0.6527

--- Epoch 12/200 ---
Batch 0/7 | Total Loss: 0.6637 | Recon Loss (Total): 0.0592 | Hausdorff distance stage 2: 0.6341

--- Epoch 13/200 ---
Batch 0/7 | Total Loss: 0.6175 | Recon Loss (Total): 0.0350 | Hausdorff distance stage 2: 0.6000

--- Epoch 14/200 ---
Batch 0/7 | Total Loss: 0.6181 | Recon Loss (Total): 0.0295 | Hausdorff distance stage 2: 0.6034

--- Epoch 15/200 ---
Batch 0/7 | Total Loss: 0.6088 | Recon Loss (Total): 0.0383 | Hausdorff distance stage 2: 0.5897

--- Epoch 16/200 ---
Batch 0/7 | Total Loss: 0.6434 | Recon Loss (Total): 0.0286 | Hausdorff distance stage 2: 0.6291

--- Epoch 17/200 ---
Batch 0/7 | Total Loss: 0.6046 | Recon Loss (Total): 0.0219 | Hausdorff distance stage 2: 0.5937

--- Epoch 18/200 ---
Batch 0/7 | Total Loss: 0.6120 | Recon Loss (Total): 0.0153 | Hausdorff distance stage 2: 0.6044

--- Epoch 19/200 ---
Batch 0/7 | Total Loss: 0.5906 | Recon Loss (Total): 0.0160 | Hausdorff distance stage 2: 0.5826

--- Epoch 20/200 ---
Batch 0/7 | Total Loss: 0.5550 | Recon Loss (Total): 0.0169 | Hausdorff distance stage 2: 0.5466

--- Epoch 21/200 ---
Batch 0/7 | Total Loss: 0.5581 | Recon Loss (Total): 0.0251 | Hausdorff distance stage 2: 0.5456

--- Epoch 22/200 ---
Batch 0/7 | Total Loss: 0.5717 | Recon Loss (Total): 0.0130 | Hausdorff distance stage 2: 0.5652

--- Epoch 23/200 ---
Batch 0/7 | Total Loss: 0.5774 | Recon Loss (Total): 0.0137 | Hausdorff distance stage 2: 0.5705

--- Epoch 24/200 ---
Batch 0/7 | Total Loss: 0.5411 | Recon Loss (Total): 0.0220 | Hausdorff distance stage 2: 0.5301

--- Epoch 25/200 ---
Batch 0/7 | Total Loss: 0.5433 | Recon Loss (Total): 0.0178 | Hausdorff distance stage 2: 0.5344

--- Epoch 26/200 ---
Batch 0/7 | Total Loss: 0.5311 | Recon Loss (Total): 0.0113 | Hausdorff distance stage 2: 0.5254

--- Epoch 27/200 ---
Batch 0/7 | Total Loss: 0.5122 | Recon Loss (Total): 0.0151 | Hausdorff distance stage 2: 0.5047

--- Epoch 28/200 ---
Batch 0/7 | Total Loss: 0.5406 | Recon Loss (Total): 0.0085 | Hausdorff distance stage 2: 0.5364

--- Epoch 29/200 ---
Batch 0/7 | Total Loss: 0.4856 | Recon Loss (Total): 0.0069 | Hausdorff distance stage 2: 0.4822

--- Epoch 30/200 ---
Batch 0/7 | Total Loss: 0.5080 | Recon Loss (Total): 0.0121 | Hausdorff distance stage 2: 0.5019

--- Epoch 31/200 ---
Batch 0/7 | Total Loss: 0.5074 | Recon Loss (Total): 0.0147 | Hausdorff distance stage 2: 0.5000

--- Epoch 32/200 ---
Batch 0/7 | Total Loss: 0.4892 | Recon Loss (Total): 0.0066 | Hausdorff distance stage 2: 0.4860

--- Epoch 33/200 ---
Batch 0/7 | Total Loss: 0.5120 | Recon Loss (Total): 0.0116 | Hausdorff distance stage 2: 0.5062

--- Epoch 34/200 ---
Batch 0/7 | Total Loss: 0.4700 | Recon Loss (Total): 0.0074 | Hausdorff distance stage 2: 0.4663

--- Epoch 35/200 ---
Batch 0/7 | Total Loss: 0.4988 | Recon Loss (Total): 0.0155 | Hausdorff distance stage 2: 0.4910

--- Epoch 36/200 ---
Batch 0/7 | Total Loss: 0.5042 | Recon Loss (Total): 0.0106 | Hausdorff distance stage 2: 0.4989

--- Epoch 37/200 ---
Batch 0/7 | Total Loss: 0.4501 | Recon Loss (Total): 0.0060 | Hausdorff distance stage 2: 0.4470

--- Epoch 38/200 ---
Batch 0/7 | Total Loss: 0.4797 | Recon Loss (Total): 0.0075 | Hausdorff distance stage 2: 0.4760

--- Epoch 39/200 ---
Batch 0/7 | Total Loss: 0.4401 | Recon Loss (Total): 0.0051 | Hausdorff distance stage 2: 0.4376

--- Epoch 40/200 ---
Batch 0/7 | Total Loss: 0.4805 | Recon Loss (Total): 0.0063 | Hausdorff distance stage 2: 0.4774

--- Epoch 41/200 ---
Batch 0/7 | Total Loss: 0.4404 | Recon Loss (Total): 0.0092 | Hausdorff distance stage 2: 0.4358

--- Epoch 42/200 ---
Batch 0/7 | Total Loss: 0.4777 | Recon Loss (Total): 0.0112 | Hausdorff distance stage 2: 0.4721

--- Epoch 43/200 ---
Batch 0/7 | Total Loss: 0.4710 | Recon Loss (Total): 0.0060 | Hausdorff distance stage 2: 0.4680

--- Epoch 44/200 ---
Batch 0/7 | Total Loss: 0.4516 | Recon Loss (Total): 0.0074 | Hausdorff distance stage 2: 0.4479

--- Epoch 45/200 ---
Batch 0/7 | Total Loss: 0.4644 | Recon Loss (Total): 0.0040 | Hausdorff distance stage 2: 0.4624

--- Epoch 46/200 ---
Batch 0/7 | Total Loss: 0.4374 | Recon Loss (Total): 0.0077 | Hausdorff distance stage 2: 0.4336

--- Epoch 47/200 ---
Batch 0/7 | Total Loss: 0.4523 | Recon Loss (Total): 0.0040 | Hausdorff distance stage 2: 0.4503

--- Epoch 48/200 ---
Batch 0/7 | Total Loss: 0.4662 | Recon Loss (Total): 0.0055 | Hausdorff distance stage 2: 0.4635

--- Epoch 49/200 ---
Batch 0/7 | Total Loss: 0.4097 | Recon Loss (Total): 0.0073 | Hausdorff distance stage 2: 0.4061

--- Epoch 50/200 ---
Batch 0/7 | Total Loss: 0.4488 | Recon Loss (Total): 0.0060 | Hausdorff distance stage 2: 0.4458

--- Epoch 51/200 ---
Batch 0/7 | Total Loss: 0.4566 | Recon Loss (Total): 0.0046 | Hausdorff distance stage 2: 0.4542

--- Epoch 52/200 ---
Batch 0/7 | Total Loss: 0.4177 | Recon Loss (Total): 0.0092 | Hausdorff distance stage 2: 0.4131

--- Epoch 53/200 ---
Batch 0/7 | Total Loss: 0.4545 | Recon Loss (Total): 0.0054 | Hausdorff distance stage 2: 0.4518

--- Epoch 54/200 ---
Batch 0/7 | Total Loss: 0.4133 | Recon Loss (Total): 0.0055 | Hausdorff distance stage 2: 0.4106

--- Epoch 55/200 ---
Batch 0/7 | Total Loss: 0.4174 | Recon Loss (Total): 0.0055 | Hausdorff distance stage 2: 0.4146

--- Epoch 56/200 ---
Batch 0/7 | Total Loss: 0.4260 | Recon Loss (Total): 0.0040 | Hausdorff distance stage 2: 0.4240

--- Epoch 57/200 ---
Batch 0/7 | Total Loss: 0.4607 | Recon Loss (Total): 0.0106 | Hausdorff distance stage 2: 0.4554

--- Epoch 58/200 ---
Batch 0/7 | Total Loss: 0.4286 | Recon Loss (Total): 0.0053 | Hausdorff distance stage 2: 0.4259

--- Epoch 59/200 ---
Batch 0/7 | Total Loss: 0.4288 | Recon Loss (Total): 0.0081 | Hausdorff distance stage 2: 0.4247

--- Epoch 60/200 ---
Batch 0/7 | Total Loss: 0.3924 | Recon Loss (Total): 0.0077 | Hausdorff distance stage 2: 0.3886

--- Epoch 61/200 ---
Batch 0/7 | Total Loss: 0.4194 | Recon Loss (Total): 0.0084 | Hausdorff distance stage 2: 0.4152

--- Epoch 62/200 ---
Batch 0/7 | Total Loss: 0.4604 | Recon Loss (Total): 0.0043 | Hausdorff distance stage 2: 0.4582

--- Epoch 63/200 ---
Batch 0/7 | Total Loss: 0.4248 | Recon Loss (Total): 0.0190 | Hausdorff distance stage 2: 0.4153

--- Epoch 64/200 ---
Batch 0/7 | Total Loss: 0.4307 | Recon Loss (Total): 0.0163 | Hausdorff distance stage 2: 0.4226

--- Epoch 65/200 ---
Batch 0/7 | Total Loss: 0.4004 | Recon Loss (Total): 0.0047 | Hausdorff distance stage 2: 0.3980

--- Epoch 66/200 ---
Batch 0/7 | Total Loss: 0.4067 | Recon Loss (Total): 0.0061 | Hausdorff distance stage 2: 0.4037

--- Epoch 67/200 ---
Batch 0/7 | Total Loss: 0.4027 | Recon Loss (Total): 0.0067 | Hausdorff distance stage 2: 0.3994

--- Epoch 68/200 ---
Batch 0/7 | Total Loss: 0.4033 | Recon Loss (Total): 0.0037 | Hausdorff distance stage 2: 0.4015

--- Epoch 69/200 ---
Batch 0/7 | Total Loss: 0.4272 | Recon Loss (Total): 0.0037 | Hausdorff distance stage 2: 0.4253

--- Epoch 70/200 ---
Batch 0/7 | Total Loss: 0.4113 | Recon Loss (Total): 0.0059 | Hausdorff distance stage 2: 0.4084

--- Epoch 71/200 ---
Batch 0/7 | Total Loss: 0.4106 | Recon Loss (Total): 0.0049 | Hausdorff distance stage 2: 0.4082

--- Epoch 72/200 ---
Batch 0/7 | Total Loss: 0.4204 | Recon Loss (Total): 0.0072 | Hausdorff distance stage 2: 0.4168

--- Epoch 73/200 ---
Batch 0/7 | Total Loss: 0.4168 | Recon Loss (Total): 0.0045 | Hausdorff distance stage 2: 0.4146

--- Epoch 74/200 ---
Batch 0/7 | Total Loss: 0.4044 | Recon Loss (Total): 0.0041 | Hausdorff distance stage 2: 0.4024

--- Epoch 75/200 ---
Batch 0/7 | Total Loss: 0.4158 | Recon Loss (Total): 0.0047 | Hausdorff distance stage 2: 0.4134

--- Epoch 76/200 ---
Batch 0/7 | Total Loss: 0.4140 | Recon Loss (Total): 0.0029 | Hausdorff distance stage 2: 0.4125

--- Epoch 77/200 ---
Batch 0/7 | Total Loss: 0.3808 | Recon Loss (Total): 0.0037 | Hausdorff distance stage 2: 0.3790

--- Epoch 78/200 ---
Batch 0/7 | Total Loss: 0.3771 | Recon Loss (Total): 0.0038 | Hausdorff distance stage 2: 0.3752

--- Epoch 79/200 ---
Batch 0/7 | Total Loss: 0.4260 | Recon Loss (Total): 0.0033 | Hausdorff distance stage 2: 0.4244

--- Epoch 80/200 ---
Batch 0/7 | Total Loss: 0.4108 | Recon Loss (Total): 0.0036 | Hausdorff distance stage 2: 0.4090

--- Epoch 81/200 ---
Batch 0/7 | Total Loss: 0.4095 | Recon Loss (Total): 0.0037 | Hausdorff distance stage 2: 0.4077

--- Epoch 82/200 ---
Batch 0/7 | Total Loss: 0.3954 | Recon Loss (Total): 0.0057 | Hausdorff distance stage 2: 0.3926

--- Epoch 83/200 ---
Batch 0/7 | Total Loss: 0.3897 | Recon Loss (Total): 0.0038 | Hausdorff distance stage 2: 0.3878

--- Epoch 84/200 ---
Batch 0/7 | Total Loss: 0.3863 | Recon Loss (Total): 0.0030 | Hausdorff distance stage 2: 0.3848

--- Epoch 85/200 ---
Batch 0/7 | Total Loss: 0.3933 | Recon Loss (Total): 0.0092 | Hausdorff distance stage 2: 0.3887

--- Epoch 86/200 ---
Batch 0/7 | Total Loss: 0.3799 | Recon Loss (Total): 0.0060 | Hausdorff distance stage 2: 0.3769

--- Epoch 87/200 ---
Batch 0/7 | Total Loss: 0.3961 | Recon Loss (Total): 0.0118 | Hausdorff distance stage 2: 0.3902

--- Epoch 88/200 ---
Batch 0/7 | Total Loss: 0.4053 | Recon Loss (Total): 0.0080 | Hausdorff distance stage 2: 0.4014

--- Epoch 89/200 ---
Batch 0/7 | Total Loss: 0.3745 | Recon Loss (Total): 0.0047 | Hausdorff distance stage 2: 0.3722

--- Epoch 90/200 ---
Batch 0/7 | Total Loss: 0.4037 | Recon Loss (Total): 0.0091 | Hausdorff distance stage 2: 0.3991

--- Epoch 91/200 ---
Batch 0/7 | Total Loss: 0.3985 | Recon Loss (Total): 0.0066 | Hausdorff distance stage 2: 0.3953

--- Epoch 92/200 ---
Batch 0/7 | Total Loss: 0.3711 | Recon Loss (Total): 0.0034 | Hausdorff distance stage 2: 0.3695

--- Epoch 93/200 ---
Batch 0/7 | Total Loss: 0.3812 | Recon Loss (Total): 0.0034 | Hausdorff distance stage 2: 0.3795

--- Epoch 94/200 ---
Batch 0/7 | Total Loss: 0.4191 | Recon Loss (Total): 0.0027 | Hausdorff distance stage 2: 0.4178

--- Epoch 95/200 ---
Batch 0/7 | Total Loss: 0.3792 | Recon Loss (Total): 0.0037 | Hausdorff distance stage 2: 0.3774

--- Epoch 96/200 ---
Batch 0/7 | Total Loss: 0.3827 | Recon Loss (Total): 0.0042 | Hausdorff distance stage 2: 0.3806

--- Epoch 97/200 ---
Batch 0/7 | Total Loss: 0.3682 | Recon Loss (Total): 0.0033 | Hausdorff distance stage 2: 0.3665

--- Epoch 98/200 ---
Batch 0/7 | Total Loss: 0.3421 | Recon Loss (Total): 0.0029 | Hausdorff distance stage 2: 0.3407

--- Epoch 99/200 ---
Batch 0/7 | Total Loss: 0.3750 | Recon Loss (Total): 0.0060 | Hausdorff distance stage 2: 0.3720

--- Epoch 100/200 ---
Batch 0/7 | Total Loss: 0.3640 | Recon Loss (Total): 0.0037 | Hausdorff distance stage 2: 0.3622

--- Epoch 101/200 ---
Batch 0/7 | Total Loss: 0.3899 | Recon Loss (Total): 0.0047 | Hausdorff distance stage 2: 0.3876

--- Epoch 102/200 ---
Batch 0/7 | Total Loss: 0.3924 | Recon Loss (Total): 0.0037 | Hausdorff distance stage 2: 0.3905

--- Epoch 103/200 ---
Batch 0/7 | Total Loss: 0.3598 | Recon Loss (Total): 0.0057 | Hausdorff distance stage 2: 0.3569

--- Epoch 104/200 ---
Batch 0/7 | Total Loss: 0.3826 | Recon Loss (Total): 0.0037 | Hausdorff distance stage 2: 0.3808

--- Epoch 105/200 ---
Batch 0/7 | Total Loss: 0.4029 | Recon Loss (Total): 0.0037 | Hausdorff distance stage 2: 0.4011

--- Epoch 106/200 ---
Batch 0/7 | Total Loss: 0.3584 | Recon Loss (Total): 0.0038 | Hausdorff distance stage 2: 0.3566

--- Epoch 107/200 ---
Batch 0/7 | Total Loss: 0.3748 | Recon Loss (Total): 0.0056 | Hausdorff distance stage 2: 0.3720

--- Epoch 108/200 ---
Batch 0/7 | Total Loss: 0.3622 | Recon Loss (Total): 0.0089 | Hausdorff distance stage 2: 0.3577

--- Epoch 109/200 ---
Batch 0/7 | Total Loss: 0.3588 | Recon Loss (Total): 0.0036 | Hausdorff distance stage 2: 0.3571

--- Epoch 110/200 ---
Batch 0/7 | Total Loss: 0.3975 | Recon Loss (Total): 0.0031 | Hausdorff distance stage 2: 0.3959

--- Epoch 111/200 ---
Batch 0/7 | Total Loss: 0.3643 | Recon Loss (Total): 0.0037 | Hausdorff distance stage 2: 0.3625

--- Epoch 112/200 ---
Batch 0/7 | Total Loss: 0.3776 | Recon Loss (Total): 0.0024 | Hausdorff distance stage 2: 0.3764

--- Epoch 113/200 ---
Batch 0/7 | Total Loss: 0.3771 | Recon Loss (Total): 0.0032 | Hausdorff distance stage 2: 0.3755

--- Epoch 114/200 ---
Batch 0/7 | Total Loss: 0.3658 | Recon Loss (Total): 0.0028 | Hausdorff distance stage 2: 0.3644

--- Epoch 115/200 ---
Batch 0/7 | Total Loss: 0.3600 | Recon Loss (Total): 0.0018 | Hausdorff distance stage 2: 0.3591

--- Epoch 116/200 ---
Batch 0/7 | Total Loss: 0.3825 | Recon Loss (Total): 0.0031 | Hausdorff distance stage 2: 0.3810

--- Epoch 117/200 ---
Batch 0/7 | Total Loss: 0.4400 | Recon Loss (Total): 0.0040 | Hausdorff distance stage 2: 0.4380

--- Epoch 118/200 ---
Batch 0/7 | Total Loss: 0.3975 | Recon Loss (Total): 0.0042 | Hausdorff distance stage 2: 0.3954

--- Epoch 119/200 ---
Batch 0/7 | Total Loss: 0.3744 | Recon Loss (Total): 0.0029 | Hausdorff distance stage 2: 0.3729

--- Epoch 120/200 ---
Batch 0/7 | Total Loss: 0.3670 | Recon Loss (Total): 0.0029 | Hausdorff distance stage 2: 0.3655

--- Epoch 121/200 ---
Batch 0/7 | Total Loss: 0.3749 | Recon Loss (Total): 0.0053 | Hausdorff distance stage 2: 0.3722

--- Epoch 122/200 ---
Batch 0/7 | Total Loss: 0.3533 | Recon Loss (Total): 0.0056 | Hausdorff distance stage 2: 0.3505

--- Epoch 123/200 ---
Batch 0/7 | Total Loss: 0.3830 | Recon Loss (Total): 0.0061 | Hausdorff distance stage 2: 0.3799

--- Epoch 124/200 ---
Batch 0/7 | Total Loss: 0.3522 | Recon Loss (Total): 0.0033 | Hausdorff distance stage 2: 0.3506

--- Epoch 125/200 ---
Batch 0/7 | Total Loss: 0.3510 | Recon Loss (Total): 0.0056 | Hausdorff distance stage 2: 0.3482

--- Epoch 126/200 ---
Batch 0/7 | Total Loss: 0.3502 | Recon Loss (Total): 0.0036 | Hausdorff distance stage 2: 0.3484

--- Epoch 127/200 ---
Batch 0/7 | Total Loss: 0.3521 | Recon Loss (Total): 0.0035 | Hausdorff distance stage 2: 0.3503

--- Epoch 128/200 ---
Batch 0/7 | Total Loss: 0.3861 | Recon Loss (Total): 0.0038 | Hausdorff distance stage 2: 0.3842

--- Epoch 129/200 ---
Batch 0/7 | Total Loss: 0.3770 | Recon Loss (Total): 0.0045 | Hausdorff distance stage 2: 0.3747

--- Epoch 130/200 ---
Batch 0/7 | Total Loss: 0.3770 | Recon Loss (Total): 0.0081 | Hausdorff distance stage 2: 0.3730

--- Epoch 131/200 ---
Batch 0/7 | Total Loss: 0.4272 | Recon Loss (Total): 0.0051 | Hausdorff distance stage 2: 0.4247

--- Epoch 132/200 ---
Batch 0/7 | Total Loss: 0.3504 | Recon Loss (Total): 0.0105 | Hausdorff distance stage 2: 0.3451

--- Epoch 133/200 ---
Batch 0/7 | Total Loss: 0.3450 | Recon Loss (Total): 0.0088 | Hausdorff distance stage 2: 0.3405

--- Epoch 134/200 ---
Batch 0/7 | Total Loss: 0.3510 | Recon Loss (Total): 0.0027 | Hausdorff distance stage 2: 0.3497

--- Epoch 135/200 ---
Batch 0/7 | Total Loss: 0.3467 | Recon Loss (Total): 0.0055 | Hausdorff distance stage 2: 0.3439

--- Epoch 136/200 ---
Batch 0/7 | Total Loss: 0.3577 | Recon Loss (Total): 0.0025 | Hausdorff distance stage 2: 0.3565

--- Epoch 137/200 ---
Batch 0/7 | Total Loss: 0.3504 | Recon Loss (Total): 0.0026 | Hausdorff distance stage 2: 0.3491

--- Epoch 138/200 ---
Batch 0/7 | Total Loss: 0.3588 | Recon Loss (Total): 0.0048 | Hausdorff distance stage 2: 0.3564

--- Epoch 139/200 ---
Batch 0/7 | Total Loss: 0.3488 | Recon Loss (Total): 0.0036 | Hausdorff distance stage 2: 0.3471

--- Epoch 140/200 ---
Batch 0/7 | Total Loss: 0.3359 | Recon Loss (Total): 0.0027 | Hausdorff distance stage 2: 0.3346

--- Epoch 141/200 ---
Batch 0/7 | Total Loss: 0.3652 | Recon Loss (Total): 0.0022 | Hausdorff distance stage 2: 0.3641

--- Epoch 142/200 ---
Batch 0/7 | Total Loss: 0.3499 | Recon Loss (Total): 0.0054 | Hausdorff distance stage 2: 0.3472

--- Epoch 143/200 ---
Batch 0/7 | Total Loss: 0.3704 | Recon Loss (Total): 0.0036 | Hausdorff distance stage 2: 0.3686

--- Epoch 144/200 ---
Batch 0/7 | Total Loss: 0.3182 | Recon Loss (Total): 0.0049 | Hausdorff distance stage 2: 0.3158

--- Epoch 145/200 ---
Batch 0/7 | Total Loss: 0.3610 | Recon Loss (Total): 0.0034 | Hausdorff distance stage 2: 0.3593

--- Epoch 146/200 ---
Batch 0/7 | Total Loss: 0.3960 | Recon Loss (Total): 0.0025 | Hausdorff distance stage 2: 0.3947

--- Epoch 147/200 ---
Batch 0/7 | Total Loss: 0.3627 | Recon Loss (Total): 0.0061 | Hausdorff distance stage 2: 0.3597

--- Epoch 148/200 ---
Batch 0/7 | Total Loss: 0.3434 | Recon Loss (Total): 0.0033 | Hausdorff distance stage 2: 0.3417

--- Epoch 149/200 ---
Batch 0/7 | Total Loss: 0.3271 | Recon Loss (Total): 0.0047 | Hausdorff distance stage 2: 0.3248

--- Epoch 150/200 ---
Batch 0/7 | Total Loss: 0.3880 | Recon Loss (Total): 0.0036 | Hausdorff distance stage 2: 0.3862

--- Epoch 151/200 ---
Batch 0/7 | Total Loss: 0.3563 | Recon Loss (Total): 0.0045 | Hausdorff distance stage 2: 0.3541

--- Epoch 152/200 ---
Batch 0/7 | Total Loss: 0.3723 | Recon Loss (Total): 0.0024 | Hausdorff distance stage 2: 0.3711

--- Epoch 153/200 ---
Batch 0/7 | Total Loss: 0.3536 | Recon Loss (Total): 0.0045 | Hausdorff distance stage 2: 0.3513

--- Epoch 154/200 ---
Batch 0/7 | Total Loss: 0.3861 | Recon Loss (Total): 0.0022 | Hausdorff distance stage 2: 0.3850

--- Epoch 155/200 ---
Batch 0/7 | Total Loss: 0.3430 | Recon Loss (Total): 0.0027 | Hausdorff distance stage 2: 0.3416

--- Epoch 156/200 ---
Batch 0/7 | Total Loss: 0.3691 | Recon Loss (Total): 0.0028 | Hausdorff distance stage 2: 0.3677

--- Epoch 157/200 ---
Batch 0/7 | Total Loss: 0.3444 | Recon Loss (Total): 0.0040 | Hausdorff distance stage 2: 0.3424

--- Epoch 158/200 ---
Batch 0/7 | Total Loss: 0.3373 | Recon Loss (Total): 0.0047 | Hausdorff distance stage 2: 0.3350

--- Epoch 159/200 ---
Batch 0/7 | Total Loss: 0.3767 | Recon Loss (Total): 0.0060 | Hausdorff distance stage 2: 0.3737

--- Epoch 160/200 ---
Batch 0/7 | Total Loss: 0.3669 | Recon Loss (Total): 0.0045 | Hausdorff distance stage 2: 0.3646

--- Epoch 161/200 ---
Batch 0/7 | Total Loss: 0.3312 | Recon Loss (Total): 0.0026 | Hausdorff distance stage 2: 0.3299

--- Epoch 162/200 ---
Batch 0/7 | Total Loss: 0.3435 | Recon Loss (Total): 0.0040 | Hausdorff distance stage 2: 0.3415

--- Epoch 163/200 ---
Batch 0/7 | Total Loss: 0.3451 | Recon Loss (Total): 0.0029 | Hausdorff distance stage 2: 0.3436

--- Epoch 164/200 ---
Batch 0/7 | Total Loss: 0.3544 | Recon Loss (Total): 0.0020 | Hausdorff distance stage 2: 0.3534

--- Epoch 165/200 ---
Batch 0/7 | Total Loss: 0.3845 | Recon Loss (Total): 0.0031 | Hausdorff distance stage 2: 0.3829

--- Epoch 166/200 ---
Batch 0/7 | Total Loss: 0.3607 | Recon Loss (Total): 0.0023 | Hausdorff distance stage 2: 0.3596

--- Epoch 167/200 ---
Batch 0/7 | Total Loss: 0.3524 | Recon Loss (Total): 0.0032 | Hausdorff distance stage 2: 0.3508

--- Epoch 168/200 ---
Batch 0/7 | Total Loss: 0.3251 | Recon Loss (Total): 0.0079 | Hausdorff distance stage 2: 0.3212

--- Epoch 169/200 ---
Batch 0/7 | Total Loss: 0.3415 | Recon Loss (Total): 0.0036 | Hausdorff distance stage 2: 0.3397

--- Epoch 170/200 ---
Batch 0/7 | Total Loss: 0.3454 | Recon Loss (Total): 0.0070 | Hausdorff distance stage 2: 0.3419

--- Epoch 171/200 ---
Batch 0/7 | Total Loss: 0.3166 | Recon Loss (Total): 0.0039 | Hausdorff distance stage 2: 0.3146

--- Epoch 172/200 ---
Batch 0/7 | Total Loss: 0.3590 | Recon Loss (Total): 0.0055 | Hausdorff distance stage 2: 0.3562

--- Epoch 173/200 ---
Batch 0/7 | Total Loss: 0.3568 | Recon Loss (Total): 0.0050 | Hausdorff distance stage 2: 0.3543

--- Epoch 174/200 ---
Batch 0/7 | Total Loss: 0.3565 | Recon Loss (Total): 0.0033 | Hausdorff distance stage 2: 0.3548

--- Epoch 175/200 ---
Batch 0/7 | Total Loss: 245588.6875 | Recon Loss (Total): 0.0026 | Hausdorff distance stage 2: 245588.6875

--- Epoch 176/200 ---
Batch 0/7 | Total Loss: 14800.7432 | Recon Loss (Total): 0.0083 | Hausdorff distance stage 2: 14800.7393

--- Epoch 177/200 ---
Batch 0/7 | Total Loss: 1776.0013 | Recon Loss (Total): 0.0061 | Hausdorff distance stage 2: 1775.9983

--- Epoch 178/200 ---
Batch 0/7 | Total Loss: 2023.9885 | Recon Loss (Total): 0.0043 | Hausdorff distance stage 2: 2023.9863

--- Epoch 179/200 ---
Batch 0/7 | Total Loss: 8182.8115 | Recon Loss (Total): 0.0035 | Hausdorff distance stage 2: 8182.8096

--- Epoch 180/200 ---
Batch 0/7 | Total Loss: 120.5894 | Recon Loss (Total): 0.0037 | Hausdorff distance stage 2: 120.5876

--- Epoch 181/200 ---
Batch 0/7 | Total Loss: 3120.1167 | Recon Loss (Total): 0.0033 | Hausdorff distance stage 2: 3120.1150

--- Epoch 182/200 ---
Batch 0/7 | Total Loss: 863.2847 | Recon Loss (Total): 0.0027 | Hausdorff distance stage 2: 863.2834

--- Epoch 183/200 ---
Batch 0/7 | Total Loss: 219.6468 | Recon Loss (Total): 0.0040 | Hausdorff distance stage 2: 219.6448

--- Epoch 184/200 ---
Batch 0/7 | Total Loss: 1818.4624 | Recon Loss (Total): 0.0046 | Hausdorff distance stage 2: 1818.4601

--- Epoch 185/200 ---
Batch 0/7 | Total Loss: 85.1858 | Recon Loss (Total): 0.0028 | Hausdorff distance stage 2: 85.1844

--- Epoch 186/200 ---
Batch 0/7 | Total Loss: 173.1811 | Recon Loss (Total): 0.0052 | Hausdorff distance stage 2: 173.1785

--- Epoch 187/200 ---
Batch 0/7 | Total Loss: 75.4604 | Recon Loss (Total): 0.0026 | Hausdorff distance stage 2: 75.4592

--- Epoch 188/200 ---
Batch 0/7 | Total Loss: 157.7341 | Recon Loss (Total): 0.0031 | Hausdorff distance stage 2: 157.7325

--- Epoch 189/200 ---
Batch 0/7 | Total Loss: 188.4703 | Recon Loss (Total): 0.0029 | Hausdorff distance stage 2: 188.4688

--- Epoch 190/200 ---
Batch 0/7 | Total Loss: 456.6165 | Recon Loss (Total): 0.0030 | Hausdorff distance stage 2: 456.6151

--- Epoch 191/200 ---
Batch 0/7 | Total Loss: 235.0600 | Recon Loss (Total): 0.0074 | Hausdorff distance stage 2: 235.0562

--- Epoch 192/200 ---
Batch 0/7 | Total Loss: 1632.8960 | Recon Loss (Total): 0.0028 | Hausdorff distance stage 2: 1632.8945

--- Epoch 193/200 ---
Batch 0/7 | Total Loss: 251.1236 | Recon Loss (Total): 0.0064 | Hausdorff distance stage 2: 251.1205

--- Epoch 194/200 ---
Batch 0/7 | Total Loss: 161.7716 | Recon Loss (Total): 0.0043 | Hausdorff distance stage 2: 161.7695

--- Epoch 195/200 ---
Batch 0/7 | Total Loss: 266.8878 | Recon Loss (Total): 0.0021 | Hausdorff distance stage 2: 266.8867

--- Epoch 196/200 ---
Batch 0/7 | Total Loss: 849.3418 | Recon Loss (Total): 0.0038 | Hausdorff distance stage 2: 849.3399

--- Epoch 197/200 ---
Batch 0/7 | Total Loss: 4424.9946 | Recon Loss (Total): 0.0044 | Hausdorff distance stage 2: 4424.9927

--- Epoch 198/200 ---
Batch 0/7 | Total Loss: 29.7686 | Recon Loss (Total): 0.0031 | Hausdorff distance stage 2: 29.7670

--- Epoch 199/200 ---
Batch 0/7 | Total Loss: 20661.3340 | Recon Loss (Total): 0.0068 | Hausdorff distance stage 2: 20661.3301

--- Epoch 200/200 ---
Batch 0/7 | Total Loss: 151.3655 | Recon Loss (Total): 0.0052 | Hausdorff distance stage 2: 151.3629
--- Training Finished ---
Saving model weights...
Model saved to /zhome/d2/4/167803/Desktop/Deep_project/02456-final-project/Trained_models/DAE.pth
Job Finished.

------------------------------------------------------------
Sender: LSF System <lsfadmin@hpc.dtu.dk>
Subject: Job 27044843: <DAE_job> in cluster <dcc> Done

Job <DAE_job> was submitted from host <gbarlogin1> by user <s214776> in cluster <dcc> at Sun Nov 16 16:11:17 2025
Job was executed on host(s) <4*n-62-13-18>, in queue <gpul40s>, as user <s214776> in cluster <dcc> at Sun Nov 16 16:11:19 2025
</zhome/d2/4/167803> was used as the home directory.
</zhome/d2/4/167803/Desktop/Deep_project/02456-final-project> was used as the working directory.
Started at Sun Nov 16 16:11:19 2025
Terminated at Sun Nov 16 17:29:04 2025
Results reported at Sun Nov 16 17:29:04 2025

Your job looked like:

------------------------------------------------------------
# LSBATCH: User input
#!/bin/sh
### --- Job Name ---
#BSUB -J DAE_job

### --- Log files ---
#BSUB -o /zhome/d2/4/167803/Desktop/Deep_project/02456-final-project/logs/DAE_job_%J.out
#BSUB -e /zhome/d2/4/167803/Desktop/Deep_project/02456-final-project/logs/DAE_job_%J.err

### --- Resource Requests ---
#BSUB -q gpul40s               # Request GPU queue
#BSUB -gpu "num=1:mode=exclusive_process" # Request 1 GPU, all to myself
#BSUB -n 4                    # Request 4 CPU cores
#BSUB -R "rusage[mem=16GB]"   # Request 16GB memory
#BSUB -W 04:00                # 4 hour runtime limit

### --- Setup Environment ---
echo "Loading CUDA module..."
module load cuda/11.6         # Load CUDA module

echo "Loading Conda..."
# This is the full, correct path to your environment
source /zhome/d2/4/167803/miniforge3/bin/activate MBML
echo "Environment 'MBML' activated."

### --- Run Script ---
echo "Starting Python script..."
python /zhome/d2/4/167803/Desktop/Deep_project/02456-final-project/Model/DAE.py

echo "Job Finished."
------------------------------------------------------------

Successfully completed.

Resource usage summary:

    CPU time :                                   5484.00 sec.
    Max Memory :                                 2049 MB
    Average Memory :                             1670.57 MB
    Total Requested Memory :                     65536.00 MB
    Delta Memory :                               63487.00 MB
    Max Swap :                                   -
    Max Processes :                              4
    Max Threads :                                10
    Run time :                                   4759 sec.
    Turnaround time :                            4667 sec.

The output (if any) is above this job summary.



PS:

Read file </zhome/d2/4/167803/Desktop/Deep_project/02456-final-project/logs/DAE_job_27044843.err> for stderr output of this job.

