Loading CUDA module...
Loading Conda...
Environment 'MBML' activated.
Starting Python script...
Using device: cuda
Using device: cuda
Found 28 image/label pairs.
--- success ---
Loaded pre-trained encoder weights from Trained_models/pretrained_ae_encoder.pth
Encoder weights are FROZEN.
--- PHASE 2: Fine-tuning Segmentation Decoder ---

--- Finetune Epoch 1/200 ---
Using Stage 1 (Region) Loss
Batch 0/14 | Seg Loss: 2.2832
Batch 10/14 | Seg Loss: 1.9334

--- Finetune Epoch 2/200 ---
Batch 0/14 | Seg Loss: 1.8050
Batch 10/14 | Seg Loss: 1.6419

--- Finetune Epoch 3/200 ---
Batch 0/14 | Seg Loss: 1.7123
Batch 10/14 | Seg Loss: 1.4581

--- Finetune Epoch 4/200 ---
Batch 0/14 | Seg Loss: 1.4318
Batch 10/14 | Seg Loss: 1.3329

--- Finetune Epoch 5/200 ---
Batch 0/14 | Seg Loss: 1.4031
Batch 10/14 | Seg Loss: 1.3066

--- Finetune Epoch 6/200 ---
Batch 0/14 | Seg Loss: 1.2940
Batch 10/14 | Seg Loss: 1.2513

--- Finetune Epoch 7/200 ---
Batch 0/14 | Seg Loss: 1.1774
Batch 10/14 | Seg Loss: 1.2077

--- Finetune Epoch 8/200 ---
Batch 0/14 | Seg Loss: 1.1155
Batch 10/14 | Seg Loss: 1.0818

--- Finetune Epoch 9/200 ---
Batch 0/14 | Seg Loss: 1.0544
Batch 10/14 | Seg Loss: 1.0472

--- Finetune Epoch 10/200 ---
Batch 0/14 | Seg Loss: 1.0645
Batch 10/14 | Seg Loss: 1.0197

--- Finetune Epoch 11/200 ---
Batch 0/14 | Seg Loss: 1.0442
Batch 10/14 | Seg Loss: 1.0303

--- Finetune Epoch 12/200 ---
Batch 0/14 | Seg Loss: 1.0253
Batch 10/14 | Seg Loss: 1.0837

--- Finetune Epoch 13/200 ---
Batch 0/14 | Seg Loss: 0.9185
Batch 10/14 | Seg Loss: 0.9521

--- Finetune Epoch 14/200 ---
Batch 0/14 | Seg Loss: 0.9851
Batch 10/14 | Seg Loss: 0.9701

--- Finetune Epoch 15/200 ---
Batch 0/14 | Seg Loss: 1.0277
Batch 10/14 | Seg Loss: 0.9231

--- Finetune Epoch 16/200 ---
Batch 0/14 | Seg Loss: 1.0229
Batch 10/14 | Seg Loss: 0.8984

--- Finetune Epoch 17/200 ---
Batch 0/14 | Seg Loss: 0.9109
Batch 10/14 | Seg Loss: 0.8944

--- Finetune Epoch 18/200 ---
Batch 0/14 | Seg Loss: 0.8792
Batch 10/14 | Seg Loss: 0.8212

--- Finetune Epoch 19/200 ---
Batch 0/14 | Seg Loss: 0.8600
Batch 10/14 | Seg Loss: 0.9453

--- Finetune Epoch 20/200 ---
Batch 0/14 | Seg Loss: 0.9291
Batch 10/14 | Seg Loss: 0.8743

--- Finetune Epoch 21/200 ---
Batch 0/14 | Seg Loss: 0.8418
Batch 10/14 | Seg Loss: 0.8573

--- Finetune Epoch 22/200 ---
Batch 0/14 | Seg Loss: 0.8376
Batch 10/14 | Seg Loss: 0.7784

--- Finetune Epoch 23/200 ---
Batch 0/14 | Seg Loss: 0.8074
Batch 10/14 | Seg Loss: 0.8815

--- Finetune Epoch 24/200 ---
Batch 0/14 | Seg Loss: 0.8614
Batch 10/14 | Seg Loss: 0.9236

--- Finetune Epoch 25/200 ---
Batch 0/14 | Seg Loss: 0.8649
Batch 10/14 | Seg Loss: 0.8862

--- Finetune Epoch 26/200 ---
Batch 0/14 | Seg Loss: 0.9440
Batch 10/14 | Seg Loss: 0.8602

--- Finetune Epoch 27/200 ---
Batch 0/14 | Seg Loss: 0.8499
Batch 10/14 | Seg Loss: 0.8256

--- Finetune Epoch 28/200 ---
Batch 0/14 | Seg Loss: 0.7965
Batch 10/14 | Seg Loss: 0.7959

--- Finetune Epoch 29/200 ---
Batch 0/14 | Seg Loss: 0.7374
Batch 10/14 | Seg Loss: 0.9390

--- Finetune Epoch 30/200 ---
Batch 0/14 | Seg Loss: 0.8340
Batch 10/14 | Seg Loss: 0.8147

--- Finetune Epoch 31/200 ---
Batch 0/14 | Seg Loss: 0.8202
Batch 10/14 | Seg Loss: 0.8303

--- Finetune Epoch 32/200 ---
Batch 0/14 | Seg Loss: 0.9790
Batch 10/14 | Seg Loss: 0.8641

--- Finetune Epoch 33/200 ---
Batch 0/14 | Seg Loss: 0.8321
Batch 10/14 | Seg Loss: 0.9040

--- Finetune Epoch 34/200 ---
Batch 0/14 | Seg Loss: 0.8274
Batch 10/14 | Seg Loss: 0.8789

--- Finetune Epoch 35/200 ---
Batch 0/14 | Seg Loss: 0.8365
Batch 10/14 | Seg Loss: 0.8759

--- Finetune Epoch 36/200 ---
Batch 0/14 | Seg Loss: 0.8426
Batch 10/14 | Seg Loss: 0.8661

--- Finetune Epoch 37/200 ---
Batch 0/14 | Seg Loss: 0.7954
Batch 10/14 | Seg Loss: 0.9984

--- Finetune Epoch 38/200 ---
Batch 0/14 | Seg Loss: 0.8403
Batch 10/14 | Seg Loss: 0.7970

--- Finetune Epoch 39/200 ---
Batch 0/14 | Seg Loss: 0.7576
Batch 10/14 | Seg Loss: 0.8335

--- Finetune Epoch 40/200 ---
Batch 0/14 | Seg Loss: 0.7539
Batch 10/14 | Seg Loss: 0.8794

--- Finetune Epoch 41/200 ---
Batch 0/14 | Seg Loss: 0.7348
Batch 10/14 | Seg Loss: 0.8936

--- Finetune Epoch 42/200 ---
Batch 0/14 | Seg Loss: 0.9505
Batch 10/14 | Seg Loss: 0.8440

--- Finetune Epoch 43/200 ---
Batch 0/14 | Seg Loss: 0.8481
Batch 10/14 | Seg Loss: 0.7764

--- Finetune Epoch 44/200 ---
Batch 0/14 | Seg Loss: 0.7704
Batch 10/14 | Seg Loss: 0.8931

--- Finetune Epoch 45/200 ---
Batch 0/14 | Seg Loss: 0.7850
Batch 10/14 | Seg Loss: 0.8683

--- Finetune Epoch 46/200 ---
Batch 0/14 | Seg Loss: 0.8172
Batch 10/14 | Seg Loss: 0.7600

--- Finetune Epoch 47/200 ---
Batch 0/14 | Seg Loss: 0.7970
Batch 10/14 | Seg Loss: 0.7950

--- Finetune Epoch 48/200 ---
Batch 0/14 | Seg Loss: 0.7448
Batch 10/14 | Seg Loss: 0.9138

--- Finetune Epoch 49/200 ---
Batch 0/14 | Seg Loss: 1.0482
Batch 10/14 | Seg Loss: 0.8102

--- Finetune Epoch 50/200 ---
Batch 0/14 | Seg Loss: 0.8910
Batch 10/14 | Seg Loss: 0.7968

--- Finetune Epoch 51/200 ---
Batch 0/14 | Seg Loss: 0.8505
Batch 10/14 | Seg Loss: 0.9014

--- Finetune Epoch 52/200 ---
Batch 0/14 | Seg Loss: 0.7354
Batch 10/14 | Seg Loss: 0.8139

--- Finetune Epoch 53/200 ---
Batch 0/14 | Seg Loss: 0.7702
Batch 10/14 | Seg Loss: 0.7891

--- Finetune Epoch 54/200 ---
Batch 0/14 | Seg Loss: 0.7831
Batch 10/14 | Seg Loss: 0.8933

--- Finetune Epoch 55/200 ---
Batch 0/14 | Seg Loss: 0.7003
Batch 10/14 | Seg Loss: 0.7562

--- Finetune Epoch 56/200 ---
Batch 0/14 | Seg Loss: 0.7506
Batch 10/14 | Seg Loss: 0.7774

--- Finetune Epoch 57/200 ---
Batch 0/14 | Seg Loss: 0.8014
Batch 10/14 | Seg Loss: 0.8672

--- Finetune Epoch 58/200 ---
Batch 0/14 | Seg Loss: 0.7673
Batch 10/14 | Seg Loss: 0.7718

--- Finetune Epoch 59/200 ---
Batch 0/14 | Seg Loss: 0.6956
Batch 10/14 | Seg Loss: 0.7858

--- Finetune Epoch 60/200 ---
Batch 0/14 | Seg Loss: 0.8547
Batch 10/14 | Seg Loss: 0.8437

--- Finetune Epoch 61/200 ---
Batch 0/14 | Seg Loss: 0.8390
Batch 10/14 | Seg Loss: 0.7383

--- Finetune Epoch 62/200 ---
Batch 0/14 | Seg Loss: 0.9880
Batch 10/14 | Seg Loss: 0.8307

--- Finetune Epoch 63/200 ---
Batch 0/14 | Seg Loss: 0.8951
Batch 10/14 | Seg Loss: 0.7807

--- Finetune Epoch 64/200 ---
Batch 0/14 | Seg Loss: 0.8121
Batch 10/14 | Seg Loss: 0.8840

--- Finetune Epoch 65/200 ---
Batch 0/14 | Seg Loss: 0.7807
Batch 10/14 | Seg Loss: 0.8051

--- Finetune Epoch 66/200 ---
Batch 0/14 | Seg Loss: 0.8122
Batch 10/14 | Seg Loss: 0.7482

--- Finetune Epoch 67/200 ---
Batch 0/14 | Seg Loss: 0.7802
Batch 10/14 | Seg Loss: 0.8073

--- Finetune Epoch 68/200 ---
Batch 0/14 | Seg Loss: 0.8821
Batch 10/14 | Seg Loss: 0.7548

--- Finetune Epoch 69/200 ---
Batch 0/14 | Seg Loss: 0.7865
Batch 10/14 | Seg Loss: 0.7776

--- Finetune Epoch 70/200 ---
Batch 0/14 | Seg Loss: 0.8407
Batch 10/14 | Seg Loss: 0.8576

--- Finetune Epoch 71/200 ---
Batch 0/14 | Seg Loss: 0.8324
Batch 10/14 | Seg Loss: 0.7869

--- Finetune Epoch 72/200 ---
Batch 0/14 | Seg Loss: 0.8060
Batch 10/14 | Seg Loss: 0.9017

--- Finetune Epoch 73/200 ---
Batch 0/14 | Seg Loss: 0.7599
Batch 10/14 | Seg Loss: 0.7553

--- Finetune Epoch 74/200 ---
Batch 0/14 | Seg Loss: 0.7929
Batch 10/14 | Seg Loss: 0.7868

--- Finetune Epoch 75/200 ---
Batch 0/14 | Seg Loss: 0.7382
Batch 10/14 | Seg Loss: 0.8854

--- Finetune Epoch 76/200 ---
Batch 0/14 | Seg Loss: 0.8140
Batch 10/14 | Seg Loss: 0.7359

--- Finetune Epoch 77/200 ---
Batch 0/14 | Seg Loss: 0.8010
Batch 10/14 | Seg Loss: 0.8023

--- Finetune Epoch 78/200 ---
Batch 0/14 | Seg Loss: 0.7996
Batch 10/14 | Seg Loss: 0.7386

--- Finetune Epoch 79/200 ---
Batch 0/14 | Seg Loss: 0.7915
Batch 10/14 | Seg Loss: 0.7480

--- Finetune Epoch 80/200 ---
Batch 0/14 | Seg Loss: 0.7667
Batch 10/14 | Seg Loss: 0.8113

--- Finetune Epoch 81/200 ---
Batch 0/14 | Seg Loss: 0.9787
Batch 10/14 | Seg Loss: 0.7396

--- Finetune Epoch 82/200 ---
Batch 0/14 | Seg Loss: 0.7813
Batch 10/14 | Seg Loss: 0.7787

--- Finetune Epoch 83/200 ---
Batch 0/14 | Seg Loss: 0.9546
Batch 10/14 | Seg Loss: 0.6793

--- Finetune Epoch 84/200 ---
Batch 0/14 | Seg Loss: 0.8323
Batch 10/14 | Seg Loss: 0.7028

--- Finetune Epoch 85/200 ---
Batch 0/14 | Seg Loss: 0.8233
Batch 10/14 | Seg Loss: 0.7435

--- Finetune Epoch 86/200 ---
Batch 0/14 | Seg Loss: 0.7593
Batch 10/14 | Seg Loss: 0.8053

--- Finetune Epoch 87/200 ---
Batch 0/14 | Seg Loss: 0.7931
Batch 10/14 | Seg Loss: 0.7999

--- Finetune Epoch 88/200 ---
Batch 0/14 | Seg Loss: 0.7656
Batch 10/14 | Seg Loss: 0.7379

--- Finetune Epoch 89/200 ---
Batch 0/14 | Seg Loss: 0.7983
Batch 10/14 | Seg Loss: 0.7912

--- Finetune Epoch 90/200 ---
Batch 0/14 | Seg Loss: 0.7932
Batch 10/14 | Seg Loss: 0.7445

--- Finetune Epoch 91/200 ---
Batch 0/14 | Seg Loss: 0.8104
Batch 10/14 | Seg Loss: 0.7349

--- Finetune Epoch 92/200 ---
Batch 0/14 | Seg Loss: 0.6891
Batch 10/14 | Seg Loss: 0.9819

--- Finetune Epoch 93/200 ---
Batch 0/14 | Seg Loss: 0.7953
Batch 10/14 | Seg Loss: 0.7293

--- Finetune Epoch 94/200 ---
Batch 0/14 | Seg Loss: 0.8347
Batch 10/14 | Seg Loss: 0.6904

--- Finetune Epoch 95/200 ---
Batch 0/14 | Seg Loss: 0.7538
Batch 10/14 | Seg Loss: 0.7090

--- Finetune Epoch 96/200 ---
Batch 0/14 | Seg Loss: 0.7097
Batch 10/14 | Seg Loss: 0.8106

--- Finetune Epoch 97/200 ---
Batch 0/14 | Seg Loss: 0.7553
Batch 10/14 | Seg Loss: 0.7868

--- Finetune Epoch 98/200 ---
Batch 0/14 | Seg Loss: 0.9417
Batch 10/14 | Seg Loss: 0.7561

--- Finetune Epoch 99/200 ---
Batch 0/14 | Seg Loss: 0.7780
Batch 10/14 | Seg Loss: 0.8142

--- Finetune Epoch 100/200 ---
Batch 0/14 | Seg Loss: 0.7382
Batch 10/14 | Seg Loss: 0.7233

--- Finetune Epoch 101/200 ---
Batch 0/14 | Seg Loss: 0.7161
Batch 10/14 | Seg Loss: 0.7568

--- Finetune Epoch 102/200 ---
Batch 0/14 | Seg Loss: 0.7450
Batch 10/14 | Seg Loss: 0.7244

--- Finetune Epoch 103/200 ---
Batch 0/14 | Seg Loss: 0.7865
Batch 10/14 | Seg Loss: 0.6775

--- Finetune Epoch 104/200 ---
Batch 0/14 | Seg Loss: 0.8299
Batch 10/14 | Seg Loss: 0.7602

--- Finetune Epoch 105/200 ---
Batch 0/14 | Seg Loss: 0.7476
Batch 10/14 | Seg Loss: 0.7984

--- Finetune Epoch 106/200 ---
Batch 0/14 | Seg Loss: 0.7021
Batch 10/14 | Seg Loss: 0.7715

--- Finetune Epoch 107/200 ---
Batch 0/14 | Seg Loss: 0.9398
Batch 10/14 | Seg Loss: 0.6551

--- Finetune Epoch 108/200 ---
Batch 0/14 | Seg Loss: 0.9115
Batch 10/14 | Seg Loss: 0.8595

--- Finetune Epoch 109/200 ---
Batch 0/14 | Seg Loss: 0.7177
Batch 10/14 | Seg Loss: 0.7890

--- Finetune Epoch 110/200 ---
Batch 0/14 | Seg Loss: 0.7452
Batch 10/14 | Seg Loss: 0.9052

--- Finetune Epoch 111/200 ---
Batch 0/14 | Seg Loss: 0.7798
Batch 10/14 | Seg Loss: 0.8470

--- Finetune Epoch 112/200 ---
Batch 0/14 | Seg Loss: 0.8328
Batch 10/14 | Seg Loss: 0.8254

--- Finetune Epoch 113/200 ---
Batch 0/14 | Seg Loss: 0.7999
Batch 10/14 | Seg Loss: 0.7478

--- Finetune Epoch 114/200 ---
Batch 0/14 | Seg Loss: 0.7974
Batch 10/14 | Seg Loss: 0.8264

--- Finetune Epoch 115/200 ---
Batch 0/14 | Seg Loss: 0.7926
Batch 10/14 | Seg Loss: 0.7792

--- Finetune Epoch 116/200 ---
Batch 0/14 | Seg Loss: 0.7926
Batch 10/14 | Seg Loss: 0.7955

--- Finetune Epoch 117/200 ---
Batch 0/14 | Seg Loss: 0.8424
Batch 10/14 | Seg Loss: 0.9539

--- Finetune Epoch 118/200 ---
Batch 0/14 | Seg Loss: 0.7726
Batch 10/14 | Seg Loss: 0.7838

--- Finetune Epoch 119/200 ---
Batch 0/14 | Seg Loss: 0.7275
Batch 10/14 | Seg Loss: 0.8266

--- Finetune Epoch 120/200 ---
Batch 0/14 | Seg Loss: 0.7587
Batch 10/14 | Seg Loss: 0.7645

--- Finetune Epoch 121/200 ---
Batch 0/14 | Seg Loss: 0.7011
Batch 10/14 | Seg Loss: 0.7201

--- Finetune Epoch 122/200 ---
Batch 0/14 | Seg Loss: 0.6965
Batch 10/14 | Seg Loss: 0.8897

--- Finetune Epoch 123/200 ---
Batch 0/14 | Seg Loss: 0.7484
Batch 10/14 | Seg Loss: 0.8250

--- Finetune Epoch 124/200 ---
Batch 0/14 | Seg Loss: 0.7655
Batch 10/14 | Seg Loss: 0.7286

--- Finetune Epoch 125/200 ---
Batch 0/14 | Seg Loss: 0.7992
Batch 10/14 | Seg Loss: 0.7862

--- Finetune Epoch 126/200 ---
Batch 0/14 | Seg Loss: 0.7207
Batch 10/14 | Seg Loss: 0.7933

--- Finetune Epoch 127/200 ---
Batch 0/14 | Seg Loss: 0.7994
Batch 10/14 | Seg Loss: 0.7173

--- Finetune Epoch 128/200 ---
Batch 0/14 | Seg Loss: 0.7414
Batch 10/14 | Seg Loss: 0.7242

--- Finetune Epoch 129/200 ---
Batch 0/14 | Seg Loss: 0.8282
Batch 10/14 | Seg Loss: 0.7442

--- Finetune Epoch 130/200 ---
Batch 0/14 | Seg Loss: 0.7345
Batch 10/14 | Seg Loss: 0.7293

--- Finetune Epoch 131/200 ---
Batch 0/14 | Seg Loss: 0.8177
Batch 10/14 | Seg Loss: 0.8049

--- Finetune Epoch 132/200 ---
Batch 0/14 | Seg Loss: 0.7472
Batch 10/14 | Seg Loss: 0.6988

--- Finetune Epoch 133/200 ---
Batch 0/14 | Seg Loss: 0.8172
Batch 10/14 | Seg Loss: 0.8020

--- Finetune Epoch 134/200 ---
Batch 0/14 | Seg Loss: 0.7631
Batch 10/14 | Seg Loss: 0.7134

--- Finetune Epoch 135/200 ---
Batch 0/14 | Seg Loss: 0.7226
Batch 10/14 | Seg Loss: 0.7342

--- Finetune Epoch 136/200 ---
Batch 0/14 | Seg Loss: 0.6800
Batch 10/14 | Seg Loss: 0.7999

--- Finetune Epoch 137/200 ---
Batch 0/14 | Seg Loss: 0.8158
Batch 10/14 | Seg Loss: 0.7418

--- Finetune Epoch 138/200 ---
Batch 0/14 | Seg Loss: 0.7267
Batch 10/14 | Seg Loss: 0.8059

--- Finetune Epoch 139/200 ---
Batch 0/14 | Seg Loss: 0.7531
Batch 10/14 | Seg Loss: 0.7136

--- Finetune Epoch 140/200 ---
Batch 0/14 | Seg Loss: 0.7869
Batch 10/14 | Seg Loss: 0.8659

--- Finetune Epoch 141/200 ---
Batch 0/14 | Seg Loss: 0.7791
Batch 10/14 | Seg Loss: 0.7506

--- Finetune Epoch 142/200 ---
Batch 0/14 | Seg Loss: 0.7925
Batch 10/14 | Seg Loss: 0.8824

--- Finetune Epoch 143/200 ---
Batch 0/14 | Seg Loss: 0.7303
Batch 10/14 | Seg Loss: 0.7084

--- Finetune Epoch 144/200 ---
Batch 0/14 | Seg Loss: 0.7386
Batch 10/14 | Seg Loss: 0.6919

--- Finetune Epoch 145/200 ---
Batch 0/14 | Seg Loss: 0.7620
Batch 10/14 | Seg Loss: 0.7393

--- Finetune Epoch 146/200 ---
Batch 0/14 | Seg Loss: 0.7588
Batch 10/14 | Seg Loss: 0.9772

--- Finetune Epoch 147/200 ---
Batch 0/14 | Seg Loss: 0.7894
Batch 10/14 | Seg Loss: 0.6764

--- Finetune Epoch 148/200 ---
Batch 0/14 | Seg Loss: 0.6580
Batch 10/14 | Seg Loss: 0.9257

--- Finetune Epoch 149/200 ---
Batch 0/14 | Seg Loss: 0.7369
Batch 10/14 | Seg Loss: 0.8107

--- Finetune Epoch 150/200 ---
Batch 0/14 | Seg Loss: 0.7712
Batch 10/14 | Seg Loss: 0.7783

--- Finetune Epoch 151/200 ---
Batch 0/14 | Seg Loss: 0.8019
Batch 10/14 | Seg Loss: 0.7504

--- Finetune Epoch 152/200 ---
Batch 0/14 | Seg Loss: 0.7497
Batch 10/14 | Seg Loss: 0.6919

--- Finetune Epoch 153/200 ---
Batch 0/14 | Seg Loss: 0.7230
Batch 10/14 | Seg Loss: 0.8649

--- Finetune Epoch 154/200 ---
Batch 0/14 | Seg Loss: 0.7011
Batch 10/14 | Seg Loss: 0.9064

--- Finetune Epoch 155/200 ---
Batch 0/14 | Seg Loss: 0.7683
Batch 10/14 | Seg Loss: 0.8586

--- Finetune Epoch 156/200 ---
Batch 0/14 | Seg Loss: 0.8008
Batch 10/14 | Seg Loss: 0.7161

--- Finetune Epoch 157/200 ---
Batch 0/14 | Seg Loss: 0.8299
Batch 10/14 | Seg Loss: 0.6733

--- Finetune Epoch 158/200 ---
Batch 0/14 | Seg Loss: 0.7199
Batch 10/14 | Seg Loss: 0.7448

--- Finetune Epoch 159/200 ---
Batch 0/14 | Seg Loss: 0.6697
Batch 10/14 | Seg Loss: 0.7755

--- Finetune Epoch 160/200 ---
Batch 0/14 | Seg Loss: 0.6839
Batch 10/14 | Seg Loss: 0.7367

--- Finetune Epoch 161/200 ---
Batch 0/14 | Seg Loss: 0.7344
Batch 10/14 | Seg Loss: 0.8404

--- Finetune Epoch 162/200 ---
Batch 0/14 | Seg Loss: 0.6929
Batch 10/14 | Seg Loss: 0.9404

--- Finetune Epoch 163/200 ---
Batch 0/14 | Seg Loss: 0.7438
Batch 10/14 | Seg Loss: 0.7586

--- Finetune Epoch 164/200 ---
Batch 0/14 | Seg Loss: 0.7845
Batch 10/14 | Seg Loss: 0.7554

--- Finetune Epoch 165/200 ---
Batch 0/14 | Seg Loss: 0.6929
Batch 10/14 | Seg Loss: 0.7857

--- Finetune Epoch 166/200 ---
Batch 0/14 | Seg Loss: 0.9584
Batch 10/14 | Seg Loss: 0.7082

--- Finetune Epoch 167/200 ---
Batch 0/14 | Seg Loss: 0.7531
Batch 10/14 | Seg Loss: 0.7183

--- Finetune Epoch 168/200 ---
Batch 0/14 | Seg Loss: 0.7213
Batch 10/14 | Seg Loss: 0.6759

--- Finetune Epoch 169/200 ---
Batch 0/14 | Seg Loss: 0.8132
Batch 10/14 | Seg Loss: 0.7502

--- Finetune Epoch 170/200 ---
Batch 0/14 | Seg Loss: 0.7147
Batch 10/14 | Seg Loss: 0.6699

--- Finetune Epoch 171/200 ---
Batch 0/14 | Seg Loss: 0.7391
Batch 10/14 | Seg Loss: 0.7091

--- Finetune Epoch 172/200 ---
Batch 0/14 | Seg Loss: 0.6637
Batch 10/14 | Seg Loss: 0.8184

--- Finetune Epoch 173/200 ---
Batch 0/14 | Seg Loss: 0.7563
Batch 10/14 | Seg Loss: 0.9648

--- Finetune Epoch 174/200 ---
Batch 0/14 | Seg Loss: 0.8972
Batch 10/14 | Seg Loss: 0.7349

--- Finetune Epoch 175/200 ---
--- SWITCHING TO STAGE 2 (BOUNDARY) LOSS ---
Batch 0/14 | Seg Loss: 146069.7812
Batch 10/14 | Seg Loss: 1.8108

--- Finetune Epoch 176/200 ---
Batch 0/14 | Seg Loss: 0.6455
Batch 10/14 | Seg Loss: 0.7441

--- Finetune Epoch 177/200 ---
Batch 0/14 | Seg Loss: 0.8379
Batch 10/14 | Seg Loss: 18.6848

--- Finetune Epoch 178/200 ---
Batch 0/14 | Seg Loss: 0.4349
Batch 10/14 | Seg Loss: 0.4214

--- Finetune Epoch 179/200 ---
Batch 0/14 | Seg Loss: 0.7137
Batch 10/14 | Seg Loss: 0.5694

--- Finetune Epoch 180/200 ---
Batch 0/14 | Seg Loss: 0.4552
Batch 10/14 | Seg Loss: 0.8171

--- Finetune Epoch 181/200 ---
Batch 0/14 | Seg Loss: 0.3913
Batch 10/14 | Seg Loss: 0.5216

--- Finetune Epoch 182/200 ---
Batch 0/14 | Seg Loss: 0.4252
Batch 10/14 | Seg Loss: 0.3920

--- Finetune Epoch 183/200 ---
Batch 0/14 | Seg Loss: 0.4093
Batch 10/14 | Seg Loss: 0.3552

--- Finetune Epoch 184/200 ---
Batch 0/14 | Seg Loss: 0.4565
Batch 10/14 | Seg Loss: 0.4231

--- Finetune Epoch 185/200 ---
Batch 0/14 | Seg Loss: 0.4514
Batch 10/14 | Seg Loss: 0.4225

--- Finetune Epoch 186/200 ---
Batch 0/14 | Seg Loss: 0.7483
Batch 10/14 | Seg Loss: 0.4853

--- Finetune Epoch 187/200 ---
Batch 0/14 | Seg Loss: 0.3616
Batch 10/14 | Seg Loss: 0.5095

--- Finetune Epoch 188/200 ---
Batch 0/14 | Seg Loss: 0.6714
Batch 10/14 | Seg Loss: 0.5911

--- Finetune Epoch 189/200 ---
Batch 0/14 | Seg Loss: 0.5044
Batch 10/14 | Seg Loss: 0.7603

--- Finetune Epoch 190/200 ---
Batch 0/14 | Seg Loss: 0.8530
Batch 10/14 | Seg Loss: 0.9443

--- Finetune Epoch 191/200 ---
Batch 0/14 | Seg Loss: 0.5618
Batch 10/14 | Seg Loss: 0.4996

--- Finetune Epoch 192/200 ---
Batch 0/14 | Seg Loss: 0.7135
Batch 10/14 | Seg Loss: 0.4458

--- Finetune Epoch 193/200 ---
Batch 0/14 | Seg Loss: 0.4723
Batch 10/14 | Seg Loss: 0.5565

--- Finetune Epoch 194/200 ---
Batch 0/14 | Seg Loss: 0.6231
Batch 10/14 | Seg Loss: 0.4133

--- Finetune Epoch 195/200 ---
Batch 0/14 | Seg Loss: 5.0618
Batch 10/14 | Seg Loss: 1.2158

--- Finetune Epoch 196/200 ---
Batch 0/14 | Seg Loss: 0.3683
Batch 10/14 | Seg Loss: 0.5650

--- Finetune Epoch 197/200 ---
Batch 0/14 | Seg Loss: 0.5038
Batch 10/14 | Seg Loss: 0.4227

--- Finetune Epoch 198/200 ---
Batch 0/14 | Seg Loss: 0.4867
Batch 10/14 | Seg Loss: 0.4910

--- Finetune Epoch 199/200 ---
Batch 0/14 | Seg Loss: 0.5173
Batch 10/14 | Seg Loss: 0.5860

--- Finetune Epoch 200/200 ---
Batch 0/14 | Seg Loss: 7.8934
Batch 10/14 | Seg Loss: 0.4352
--- Fine-tuning Finished ---
Final segmentation model saved to /zhome/d2/4/167803/Desktop/Deep_project/02456-final-project/Trained_models/seg_model_finetuned.pth
Job Finished.

------------------------------------------------------------
Sender: LSF System <lsfadmin@hpc.dtu.dk>
Subject: Job 27067616: <pretain_AE_job> in cluster <dcc> Done

Job <pretain_AE_job> was submitted from host <gbarlogin1> by user <s214776> in cluster <dcc> at Tue Nov 18 11:16:20 2025
Job was executed on host(s) <4*n-62-13-15>, in queue <gpul40s>, as user <s214776> in cluster <dcc> at Tue Nov 18 11:16:21 2025
</zhome/d2/4/167803> was used as the home directory.
</zhome/d2/4/167803/Desktop/Deep_project/02456-final-project> was used as the working directory.
Started at Tue Nov 18 11:16:21 2025
Terminated at Tue Nov 18 11:34:53 2025
Results reported at Tue Nov 18 11:34:53 2025

Your job looked like:

------------------------------------------------------------
# LSBATCH: User input
#!/bin/sh
### --- Job Name ---
#BSUB -J pretain_AE_job

### --- Log files ---
#BSUB -o /zhome/d2/4/167803/Desktop/Deep_project/02456-final-project/logs/finetune_AE_job_%J.out
#BSUB -e /zhome/d2/4/167803/Desktop/Deep_project/02456-final-project/logs/finetune_AE_job_%J.err
### --- Resource Requests ---
#BSUB -q gpul40s            # Request GPU queue
#BSUB -gpu "num=1:mode=exclusive_process" # Request 1 GPU, all to myself
#BSUB -n 4                    # Request 4 CPU cores
#BSUB -R "rusage[mem=16GB]"   # Request 16GB memory
#BSUB -W 04:00                # 4 hour runtime limit

### --- Setup Environment ---
echo "Loading CUDA module..."
module load cuda/11.6         # Load CUDA module

echo "Loading Conda..."
# This is the full, correct path to your environment
source /zhome/d2/4/167803/miniforge3/bin/activate MBML
echo "Environment 'MBML' activated."

### --- Run Script ---
echo "Starting Python script..."
python /zhome/d2/4/167803/Desktop/Deep_project/02456-final-project/Model/finetune_AE.py

echo "Job Finished."
------------------------------------------------------------

Successfully completed.

Resource usage summary:

    CPU time :                                   1393.00 sec.
    Max Memory :                                 1384 MB
    Average Memory :                             1072.00 MB
    Total Requested Memory :                     65536.00 MB
    Delta Memory :                               64152.00 MB
    Max Swap :                                   -
    Max Processes :                              4
    Max Threads :                                10
    Run time :                                   1119 sec.
    Turnaround time :                            1113 sec.

The output (if any) is above this job summary.



PS:

Read file </zhome/d2/4/167803/Desktop/Deep_project/02456-final-project/logs/finetune_AE_job_27067616.err> for stderr output of this job.

