Loading Conda...
Environment 'MBML' activated.
Starting Python script...
/zhome/d2/4/167803/Desktop/Deep_project/02456-final-project
Using device: cuda
Using device: cuda
/zhome/d2/4/167803/Desktop/Deep_project/02456-final-project/Task03_Liver_rs
/zhome/d2/4/167803/Desktop/Deep_project/02456-final-project/Task03_Liver_rs
Found 123 image/label pairs.
--- success ---
Found 28 unlabeled images.
--- success ---
--- Training the MultiTaskNet on Liver Data ---

--- Epoch 1/31 ---
Batch 0/31 | Total Loss: 1.2316 | Recon Loss (Total): 0.3414 | CE Loss (Labeled): 1.0609 (Dice not active)
--- Visualizing first training batch (Labeled Data) ---
Batch 14/31 | Total Loss: 1.0271 | Recon Loss (Total): 0.1331 | CE Loss (Labeled): 0.9605 (Dice not active)
Batch 28/31 | Total Loss: 0.9304 | Recon Loss (Total): 0.0895 | CE Loss (Labeled): 0.8856 (Dice not active)

--- Epoch 2/31 ---
Batch 0/31 | Total Loss: 0.9219 | Recon Loss (Total): 0.0516 | CE Loss (Labeled): 0.8961 (Dice not active)
Batch 14/31 | Total Loss: 0.8333 | Recon Loss (Total): 0.0439 | CE Loss (Labeled): 0.8113 (Dice not active)
Batch 28/31 | Total Loss: 0.7969 | Recon Loss (Total): 0.0482 | CE Loss (Labeled): 0.7728 (Dice not active)

--- Epoch 3/31 ---
Batch 0/31 | Total Loss: 0.7849 | Recon Loss (Total): 0.0290 | CE Loss (Labeled): 0.7704 (Dice not active)
Batch 14/31 | Total Loss: 0.7673 | Recon Loss (Total): 0.0444 | CE Loss (Labeled): 0.7451 (Dice not active)
Batch 28/31 | Total Loss: 0.7168 | Recon Loss (Total): 0.0134 | CE Loss (Labeled): 0.7101 (Dice not active)

--- Epoch 4/31 ---
Batch 0/31 | Total Loss: 0.7042 | Recon Loss (Total): 0.0175 | CE Loss (Labeled): 0.6954 (Dice not active)
Batch 14/31 | Total Loss: 0.6984 | Recon Loss (Total): 0.0280 | CE Loss (Labeled): 0.6844 (Dice not active)
Batch 28/31 | Total Loss: 0.6832 | Recon Loss (Total): 0.0179 | CE Loss (Labeled): 0.6742 (Dice not active)

--- Epoch 5/31 ---
Batch 0/31 | Total Loss: 0.6640 | Recon Loss (Total): 0.0095 | CE Loss (Labeled): 0.6593 (Dice not active)
Batch 14/31 | Total Loss: 0.6410 | Recon Loss (Total): 0.0087 | CE Loss (Labeled): 0.6366 (Dice not active)
Batch 28/31 | Total Loss: 0.6339 | Recon Loss (Total): 0.0078 | CE Loss (Labeled): 0.6300 (Dice not active)

--- Epoch 6/31 ---
Batch 0/31 | Total Loss: 0.6341 | Recon Loss (Total): 0.0072 | CE Loss (Labeled): 0.6305 (Dice not active)
Batch 14/31 | Total Loss: 0.6250 | Recon Loss (Total): 0.0066 | CE Loss (Labeled): 0.6217 (Dice not active)
Batch 28/31 | Total Loss: 0.6208 | Recon Loss (Total): 0.0061 | CE Loss (Labeled): 0.6177 (Dice not active)

--- Epoch 7/31 ---
Batch 0/31 | Total Loss: 0.6122 | Recon Loss (Total): 0.0039 | CE Loss (Labeled): 0.6103 (Dice not active)
Batch 14/31 | Total Loss: 0.6129 | Recon Loss (Total): 0.0100 | CE Loss (Labeled): 0.6079 (Dice not active)
Batch 28/31 | Total Loss: 0.6014 | Recon Loss (Total): 0.0028 | CE Loss (Labeled): 0.6000 (Dice not active)

--- Epoch 8/31 ---
Batch 0/31 | Total Loss: 0.6022 | Recon Loss (Total): 0.0028 | CE Loss (Labeled): 0.6008 (Dice not active)
Batch 14/31 | Total Loss: 1.5355 | Recon Loss (Total): 0.0027 | CE Loss (Labeled): 0.5926 | DICE Loss (Labeled): 0.9415
Batch 28/31 | Total Loss: 1.5479 | Recon Loss (Total): 0.0038 | CE Loss (Labeled): 0.5928 | DICE Loss (Labeled): 0.9532

--- Epoch 9/31 ---
Batch 0/31 | Total Loss: 1.5583 | Recon Loss (Total): 0.0042 | CE Loss (Labeled): 0.5888 | DICE Loss (Labeled): 0.9674
Batch 14/31 | Total Loss: 1.5343 | Recon Loss (Total): 0.0018 | CE Loss (Labeled): 0.5893 | DICE Loss (Labeled): 0.9441
Batch 28/31 | Total Loss: 1.5416 | Recon Loss (Total): 0.0018 | CE Loss (Labeled): 0.5890 | DICE Loss (Labeled): 0.9516

--- Epoch 10/31 ---
Batch 0/31 | Total Loss: 1.5264 | Recon Loss (Total): 0.0024 | CE Loss (Labeled): 0.5814 | DICE Loss (Labeled): 0.9438
--- Visualizing first training batch (Labeled Data) ---
Batch 14/31 | Total Loss: 1.5458 | Recon Loss (Total): 0.0013 | CE Loss (Labeled): 0.5804 | DICE Loss (Labeled): 0.9646
Batch 28/31 | Total Loss: 1.5213 | Recon Loss (Total): 0.0022 | CE Loss (Labeled): 0.5779 | DICE Loss (Labeled): 0.9423

--- Epoch 11/31 ---
Batch 0/31 | Total Loss: 1.5490 | Recon Loss (Total): 0.0062 | CE Loss (Labeled): 0.5799 | DICE Loss (Labeled): 0.9660
Batch 14/31 | Total Loss: 1.5340 | Recon Loss (Total): 0.0020 | CE Loss (Labeled): 0.5777 | DICE Loss (Labeled): 0.9553
Batch 28/31 | Total Loss: 1.5269 | Recon Loss (Total): 0.0012 | CE Loss (Labeled): 0.5776 | DICE Loss (Labeled): 0.9488

--- Epoch 12/31 ---
Batch 0/31 | Total Loss: 1.5300 | Recon Loss (Total): 0.0037 | CE Loss (Labeled): 0.5762 | DICE Loss (Labeled): 0.9519
Batch 14/31 | Total Loss: 1.5449 | Recon Loss (Total): 0.0041 | CE Loss (Labeled): 0.5747 | DICE Loss (Labeled): 0.9681
Batch 28/31 | Total Loss: 1.5078 | Recon Loss (Total): 0.0029 | CE Loss (Labeled): 0.5792 | DICE Loss (Labeled): 0.9272

--- Epoch 13/31 ---
Batch 0/31 | Total Loss: 1.5198 | Recon Loss (Total): 0.0013 | CE Loss (Labeled): 0.5719 | DICE Loss (Labeled): 0.9472
Batch 14/31 | Total Loss: 1.5007 | Recon Loss (Total): 0.0023 | CE Loss (Labeled): 0.5803 | DICE Loss (Labeled): 0.9193
Batch 28/31 | Total Loss: 1.5330 | Recon Loss (Total): 0.0027 | CE Loss (Labeled): 0.5731 | DICE Loss (Labeled): 0.9585

--- Epoch 14/31 ---
Batch 0/31 | Total Loss: 1.5056 | Recon Loss (Total): 0.0022 | CE Loss (Labeled): 0.5710 | DICE Loss (Labeled): 0.9335
Batch 14/31 | Total Loss: 1.5202 | Recon Loss (Total): 0.0009 | CE Loss (Labeled): 0.5700 | DICE Loss (Labeled): 0.9497
Batch 28/31 | Total Loss: 1.5376 | Recon Loss (Total): 0.0027 | CE Loss (Labeled): 0.5695 | DICE Loss (Labeled): 0.9667

--- Epoch 15/31 ---
Batch 0/31 | Total Loss: 1.5255 | Recon Loss (Total): 0.0015 | CE Loss (Labeled): 0.5739 | DICE Loss (Labeled): 0.9508
Batch 14/31 | Total Loss: 1.5073 | Recon Loss (Total): 0.0012 | CE Loss (Labeled): 0.5680 | DICE Loss (Labeled): 0.9388
Batch 28/31 | Total Loss: 1.5154 | Recon Loss (Total): 0.0015 | CE Loss (Labeled): 0.5684 | DICE Loss (Labeled): 0.9462

--- Epoch 16/31 ---
Batch 0/31 | Total Loss: 1.4985 | Recon Loss (Total): 0.0011 | CE Loss (Labeled): 0.5695 | DICE Loss (Labeled): 0.9284
Batch 14/31 | Total Loss: 1.5157 | Recon Loss (Total): 0.0005 | CE Loss (Labeled): 0.5666 | DICE Loss (Labeled): 0.9488
Batch 28/31 | Total Loss: 1.5029 | Recon Loss (Total): 0.0009 | CE Loss (Labeled): 0.5666 | DICE Loss (Labeled): 0.9359

--- Epoch 17/31 ---
Batch 0/31 | Total Loss: 1.5256 | Recon Loss (Total): 0.0014 | CE Loss (Labeled): 0.5637 | DICE Loss (Labeled): 0.9611
Batch 14/31 | Total Loss: 1.4984 | Recon Loss (Total): 0.0006 | CE Loss (Labeled): 0.5673 | DICE Loss (Labeled): 0.9308
Batch 28/31 | Total Loss: 1.5088 | Recon Loss (Total): 0.0012 | CE Loss (Labeled): 0.5650 | DICE Loss (Labeled): 0.9431

--- Epoch 18/31 ---
Batch 0/31 | Total Loss: 1.5062 | Recon Loss (Total): 0.0005 | CE Loss (Labeled): 0.5640 | DICE Loss (Labeled): 0.9420
Batch 14/31 | Total Loss: 1.5146 | Recon Loss (Total): 0.0007 | CE Loss (Labeled): 0.5653 | DICE Loss (Labeled): 0.9490
Batch 28/31 | Total Loss: 1.5094 | Recon Loss (Total): 0.0014 | CE Loss (Labeled): 0.5651 | DICE Loss (Labeled): 0.9436

--- Epoch 19/31 ---
Batch 0/31 | Total Loss: 1.5307 | Recon Loss (Total): 0.0009 | CE Loss (Labeled): 0.5642 | DICE Loss (Labeled): 0.9660
--- Visualizing first training batch (Labeled Data) ---
Batch 14/31 | Total Loss: 1.5132 | Recon Loss (Total): 0.0004 | CE Loss (Labeled): 0.5653 | DICE Loss (Labeled): 0.9476
Batch 28/31 | Total Loss: 1.4949 | Recon Loss (Total): 0.0009 | CE Loss (Labeled): 0.5649 | DICE Loss (Labeled): 0.9295

--- Epoch 20/31 ---
Batch 0/31 | Total Loss: 1.4826 | Recon Loss (Total): 0.0016 | CE Loss (Labeled): 0.5655 | DICE Loss (Labeled): 0.9164
Batch 14/31 | Total Loss: 1.5083 | Recon Loss (Total): 0.0016 | CE Loss (Labeled): 0.5613 | DICE Loss (Labeled): 0.9462
Batch 28/31 | Total Loss: 1.5270 | Recon Loss (Total): 0.0007 | CE Loss (Labeled): 0.5616 | DICE Loss (Labeled): 0.9650

--- Epoch 21/31 ---
Batch 0/31 | Total Loss: 1.5067 | Recon Loss (Total): 0.0009 | CE Loss (Labeled): 0.5752 | DICE Loss (Labeled): 0.9311
Batch 14/31 | Total Loss: 1.5130 | Recon Loss (Total): 0.0008 | CE Loss (Labeled): 0.5647 | DICE Loss (Labeled): 0.9479
Batch 28/31 | Total Loss: 1.5139 | Recon Loss (Total): 0.0006 | CE Loss (Labeled): 0.5614 | DICE Loss (Labeled): 0.9523

--- Epoch 22/31 ---
Batch 0/31 | Total Loss: 1.5149 | Recon Loss (Total): 0.0009 | CE Loss (Labeled): 0.5602 | DICE Loss (Labeled): 0.9543
Batch 14/31 | Total Loss: 1.5163 | Recon Loss (Total): 0.0007 | CE Loss (Labeled): 0.5631 | DICE Loss (Labeled): 0.9528
Batch 28/31 | Total Loss: 1.5107 | Recon Loss (Total): 0.0007 | CE Loss (Labeled): 0.5645 | DICE Loss (Labeled): 0.9458

--- Epoch 23/31 ---
Batch 0/31 | Total Loss: 1.5081 | Recon Loss (Total): 0.0011 | CE Loss (Labeled): 0.5602 | DICE Loss (Labeled): 0.9474
Batch 14/31 | Total Loss: 1.5176 | Recon Loss (Total): 0.0009 | CE Loss (Labeled): 0.5604 | DICE Loss (Labeled): 0.9568
Batch 28/31 | Total Loss: 1.5009 | Recon Loss (Total): 0.0011 | CE Loss (Labeled): 0.5636 | DICE Loss (Labeled): 0.9367

--- Epoch 24/31 ---
Batch 0/31 | Total Loss: 1.5240 | Recon Loss (Total): 0.0006 | CE Loss (Labeled): 0.5668 | DICE Loss (Labeled): 0.9570
Batch 14/31 | Total Loss: 1.5107 | Recon Loss (Total): 0.0005 | CE Loss (Labeled): 0.5608 | DICE Loss (Labeled): 0.9496
Batch 28/31 | Total Loss: 1.5106 | Recon Loss (Total): 0.0007 | CE Loss (Labeled): 0.5622 | DICE Loss (Labeled): 0.9481

--- Epoch 25/31 ---
Batch 0/31 | Total Loss: 1.5176 | Recon Loss (Total): 0.0011 | CE Loss (Labeled): 0.5641 | DICE Loss (Labeled): 0.9530
Batch 14/31 | Total Loss: 1.5082 | Recon Loss (Total): 0.0009 | CE Loss (Labeled): 0.5624 | DICE Loss (Labeled): 0.9454
Batch 28/31 | Total Loss: 1.4999 | Recon Loss (Total): 0.0018 | CE Loss (Labeled): 0.5633 | DICE Loss (Labeled): 0.9357

--- Epoch 26/31 ---
Batch 0/31 | Total Loss: 1.4972 | Recon Loss (Total): 0.0012 | CE Loss (Labeled): 0.5632 | DICE Loss (Labeled): 0.9334
Batch 14/31 | Total Loss: 1.5243 | Recon Loss (Total): 0.0090 | CE Loss (Labeled): 0.5609 | DICE Loss (Labeled): 0.9589
Batch 28/31 | Total Loss: 1.5036 | Recon Loss (Total): 0.0006 | CE Loss (Labeled): 0.5623 | DICE Loss (Labeled): 0.9410

--- Epoch 27/31 ---
Batch 0/31 | Total Loss: 1.5192 | Recon Loss (Total): 0.0004 | CE Loss (Labeled): 0.5619 | DICE Loss (Labeled): 0.9571
Batch 14/31 | Total Loss: 1.4951 | Recon Loss (Total): 0.0012 | CE Loss (Labeled): 0.5608 | DICE Loss (Labeled): 0.9338
Batch 28/31 | Total Loss: 1.4861 | Recon Loss (Total): 0.0010 | CE Loss (Labeled): 0.5617 | DICE Loss (Labeled): 0.9239

--- Epoch 28/31 ---
Batch 0/31 | Total Loss: 1.4832 | Recon Loss (Total): 0.0011 | CE Loss (Labeled): 0.5631 | DICE Loss (Labeled): 0.9196
--- Visualizing first training batch (Labeled Data) ---
Batch 14/31 | Total Loss: 1.5258 | Recon Loss (Total): 0.0028 | CE Loss (Labeled): 0.5620 | DICE Loss (Labeled): 0.9624
Batch 28/31 | Total Loss: 1.5101 | Recon Loss (Total): 0.0012 | CE Loss (Labeled): 0.5604 | DICE Loss (Labeled): 0.9491

--- Epoch 29/31 ---
Batch 0/31 | Total Loss: 1.4963 | Recon Loss (Total): 0.0015 | CE Loss (Labeled): 0.5620 | DICE Loss (Labeled): 0.9335
Batch 14/31 | Total Loss: 1.5145 | Recon Loss (Total): 0.0013 | CE Loss (Labeled): 0.5610 | DICE Loss (Labeled): 0.9528
Batch 28/31 | Total Loss: 1.5179 | Recon Loss (Total): 0.0005 | CE Loss (Labeled): 0.5602 | DICE Loss (Labeled): 0.9574

--- Epoch 30/31 ---
Batch 0/31 | Total Loss: 1.5019 | Recon Loss (Total): 0.0003 | CE Loss (Labeled): 0.5595 | DICE Loss (Labeled): 0.9422
Batch 14/31 | Total Loss: 1.5193 | Recon Loss (Total): 0.0011 | CE Loss (Labeled): 0.5604 | DICE Loss (Labeled): 0.9584
Batch 28/31 | Total Loss: 1.5097 | Recon Loss (Total): 0.0007 | CE Loss (Labeled): 0.5603 | DICE Loss (Labeled): 0.9490

--- Epoch 31/31 ---
Batch 0/31 | Total Loss: 1.5222 | Recon Loss (Total): 0.0012 | CE Loss (Labeled): 0.5582 | DICE Loss (Labeled): 0.9634
Batch 14/31 | Total Loss: 1.4958 | Recon Loss (Total): 0.0024 | CE Loss (Labeled): 0.5602 | DICE Loss (Labeled): 0.9344
Batch 28/31 | Total Loss: 1.4920 | Recon Loss (Total): 0.0010 | CE Loss (Labeled): 0.5610 | DICE Loss (Labeled): 0.9306
Job Finished.

------------------------------------------------------------
Sender: LSF System <lsfadmin@hpc.dtu.dk>
Subject: Job 26892921: <My_MultiTask_Training> in cluster <dcc> Done

Job <My_MultiTask_Training> was submitted from host <gbarlogin1> by user <s214776> in cluster <dcc> at Tue Nov 11 21:26:43 2025
Job was executed on host(s) <4*n-62-12-20>, in queue <gpua100>, as user <s214776> in cluster <dcc> at Tue Nov 11 21:49:05 2025
</zhome/d2/4/167803> was used as the home directory.
</zhome/d2/4/167803/Desktop/Deep_project/02456-final-project> was used as the working directory.
Started at Tue Nov 11 21:49:05 2025
Terminated at Tue Nov 11 21:56:22 2025
Results reported at Tue Nov 11 21:56:22 2025

Your job looked like:

------------------------------------------------------------
# LSBATCH: User input
#!/bin/sh
### --- Job Name ---
#BSUB -J My_MultiTask_Training

### --- Log files ---
#BSUB -o /zhome/d2/4/167803/Desktop/Deep_project/02456-final-project/logs/job_%J.out
#BSUB -e /zhome/d2/4/167803/Desktop/Deep_project/02456-final-project/logs/job_%J.err

### --- Resource Requests ---
#BSUB -q gpua100              # Request the A100 queue
#BSUB -gpu "num=1:mode=exclusive_process" # Request 1 GPU, all to myself
#BSUB -n 4                    # Request 4 CPU cores for data loading
#BSUB -R "rusage[mem=32GB]"   # Request 32GB of main RAM (not GPU RAM)
#BSUB -W 04:00                # Set walltime limit to 4 hours (hh:mm)

### --- Setup Environment ---
echo "Loading Conda..."
# This is the full, correct path to your environment
source /zhome/d2/4/167803/miniforge3/bin/activate MBML
echo "Environment 'MBML' activated."

### --- Run Script ---
echo "Starting Python script..."
python /zhome/d2/4/167803/Desktop/Deep_project/02456-final-project/Model/multitask_simple.py

echo "Job Finished."

------------------------------------------------------------

Successfully completed.

Resource usage summary:

    CPU time :                                   308.84 sec.
    Max Memory :                                 1082 MB
    Average Memory :                             968.20 MB
    Total Requested Memory :                     131072.00 MB
    Delta Memory :                               129990.00 MB
    Max Swap :                                   -
    Max Processes :                              4
    Max Threads :                                8
    Run time :                                   437 sec.
    Turnaround time :                            1779 sec.

The output (if any) is above this job summary.



PS:

Read file </zhome/d2/4/167803/Desktop/Deep_project/02456-final-project/logs/job_26892921.err> for stderr output of this job.

