Loading CUDA module...
Loading Conda...
Environment 'MBML' activated.
Starting Python script...
Using device: cuda
Using device: cuda
Logging metrics to: /zhome/d2/4/167803/Desktop/Deep_project/02456-final-project/stats/training_log_big.csv
--- Data Splits ---
Labeled Train: [3, 4, 5, 6, 7, 8, 35, 36, 36, 37, 38]
Unlabeled Train: [9, 10, 11, 12, 13, 14, 15, 16, 17, 18, 19, 20, 21, 22, 23, 24, 25, 26]
Validation: [27, 28, 29, 30]
--- Loaders Ready ---
--- Starting Training ---
Job Finished.

------------------------------------------------------------
Sender: LSF System <lsfadmin@hpc.dtu.dk>
Subject: Job 27231668: <multi_big_job> in cluster <dcc> Done

Job <multi_big_job> was submitted from host <gbarlogin1> by user <s214776> in cluster <dcc> at Mon Dec  1 10:44:33 2025
Job was executed on host(s) <8*n-62-13-16>, in queue <gpul40s>, as user <s214776> in cluster <dcc> at Mon Dec  1 10:44:34 2025
</zhome/d2/4/167803> was used as the home directory.
</zhome/d2/4/167803/Desktop/Deep_project/02456-final-project> was used as the working directory.
Started at Mon Dec  1 10:44:34 2025
Terminated at Mon Dec  1 10:44:53 2025
Results reported at Mon Dec  1 10:44:53 2025

Your job looked like:

------------------------------------------------------------
# LSBATCH: User input
#!/bin/sh
### --- Job Name ---
#BSUB -J multi_big_job

### --- Log files ---
#BSUB -o /zhome/d2/4/167803/Desktop/Deep_project/02456-final-project/logs/multi_big_job_%J.out
#BSUB -e /zhome/d2/4/167803/Desktop/Deep_project/02456-final-project/logs/multi_big_job_%J.err
### --- Resource Requests ---
#BSUB -q gpul40s             # Request GPU queue
#BSUB -gpu "num=1:mode=exclusive_process" # Request 1 GPU, all to myself
#BSUB -n 8                   # Request 4 CPU cores
#BSUB -R "rusage[mem=32GB]"   # Request 8GB memory
#BSUB -W 15:00                # 4 hour runtime limit

### --- Setup Environment ---
echo "Loading CUDA module..."
module load cuda/11.6         # Load CUDA module

echo "Loading Conda..."
# This is the full, correct path to your environment
source /zhome/d2/4/167803/miniforge3/bin/activate MBML
echo "Environment 'MBML' activated."

### --- Run Script ---
echo "Starting Python script..."
python /zhome/d2/4/167803/Desktop/Deep_project/02456-final-project/Model/multi_big_vali.py

echo "Job Finished."
------------------------------------------------------------

Successfully completed.

Resource usage summary:

    CPU time :                                   66.00 sec.
    Max Memory :                                 1659 MB
    Average Memory :                             1659.00 MB
    Total Requested Memory :                     262144.00 MB
    Delta Memory :                               260485.00 MB
    Max Swap :                                   -
    Max Processes :                              20
    Max Threads :                                43
    Run time :                                   34 sec.
    Turnaround time :                            20 sec.

The output (if any) is above this job summary.



PS:

Read file </zhome/d2/4/167803/Desktop/Deep_project/02456-final-project/logs/multi_big_job_27231668.err> for stderr output of this job.

