Loading CUDA module...
Loading Conda...
Environment 'MBML' activated.
Starting Python script...
Using device: cuda
Using device: cuda
--- Data Splits ---
Labeled Train: [3, 4, 5, 6, 7, 8, 35, 36, 36, 37, 38]
Unlabeled Train: [9, 10, 11, 12, 13, 14, 15, 16, 17, 18, 19, 20, 21, 22, 23, 24, 25, 26]
Validation: [27, 28, 29, 30]
--- Loaders Ready ---
--- Starting Training ---
Epoch 1/800 | Train Loss: 3.5457
  Seg: 0.7041 | Recon: 0.0253
  Val mIoU: 0.5739 (Best: 0.0000)
  [Class IoU] C1: 0.5227 | C2: 0.7736 | C3: 0.4253
  --> New Best Model Saved!
Epoch 2/800 | Train Loss: 2.9738
  Seg: 0.5913 | Recon: 0.0174
  Val mIoU: 0.7119 (Best: 0.5739)
  [Class IoU] C1: 0.7925 | C2: 0.8037 | C3: 0.5396
  --> New Best Model Saved!
Epoch 3/800 | Train Loss: 2.8003
  Seg: 0.5574 | Recon: 0.0133
  Val mIoU: 0.7237 (Best: 0.7119)
  [Class IoU] C1: 0.8201 | C2: 0.8064 | C3: 0.5446
  --> New Best Model Saved!
Epoch 4/800 | Train Loss: 2.6831
  Seg: 0.5343 | Recon: 0.0115
  Val mIoU: 0.6527 (Best: 0.7237)
  [Class IoU] C1: 0.6146 | C2: 0.7923 | C3: 0.5510
  Patience count: 1/50
Epoch 5/800 | Train Loss: 2.6023
  Seg: 0.5186 | Recon: 0.0095
  Val mIoU: 0.6823 (Best: 0.7237)
  [Class IoU] C1: 0.8624 | C2: 0.7392 | C3: 0.4451
  Patience count: 2/50
Epoch 6/800 | Train Loss: 2.5378
  Seg: 0.5058 | Recon: 0.0087
  Val mIoU: 0.4691 (Best: 0.7237)
  [Class IoU] C1: 0.6751 | C2: 0.4838 | C3: 0.2485
  Patience count: 3/50
Epoch 7/800 | Train Loss: 2.5118
  Seg: 0.5008 | Recon: 0.0079
  Val mIoU: 0.5211 (Best: 0.7237)
  [Class IoU] C1: 0.6907 | C2: 0.5784 | C3: 0.2942
  Patience count: 4/50
Epoch 8/800 | Train Loss: 2.4572
  Seg: 0.4900 | Recon: 0.0073
  Val mIoU: 0.6907 (Best: 0.7237)
  [Class IoU] C1: 0.8925 | C2: 0.7369 | C3: 0.4426
  Patience count: 5/50
Epoch 9/800 | Train Loss: 2.3942
  Seg: 0.4775 | Recon: 0.0068
  Val mIoU: 0.6436 (Best: 0.7237)
  [Class IoU] C1: 0.8931 | C2: 0.6780 | C3: 0.3596
  Patience count: 6/50
Epoch 10/800 | Train Loss: 2.3887
  Seg: 0.4764 | Recon: 0.0064
  Val mIoU: 0.5323 (Best: 0.7237)
  [Class IoU] C1: 0.8462 | C2: 0.4975 | C3: 0.2531
  Patience count: 7/50
Epoch 11/800 | Train Loss: 2.3897
  Seg: 0.4766 | Recon: 0.0064
  Val mIoU: 0.6997 (Best: 0.7237)
  [Class IoU] C1: 0.8571 | C2: 0.7705 | C3: 0.4716
  Patience count: 8/50
Epoch 12/800 | Train Loss: 2.3281
  Seg: 0.4644 | Recon: 0.0061
  Val mIoU: 0.4900 (Best: 0.7237)
  [Class IoU] C1: 0.8797 | C2: 0.3792 | C3: 0.2111
  Patience count: 9/50
Epoch 13/800 | Train Loss: 2.3270
  Seg: 0.4642 | Recon: 0.0060
  Val mIoU: 0.7011 (Best: 0.7237)
  [Class IoU] C1: 0.8315 | C2: 0.8083 | C3: 0.4636
  Patience count: 10/50
Epoch 14/800 | Train Loss: 2.3345
  Seg: 0.4657 | Recon: 0.0061
  Val mIoU: 0.7191 (Best: 0.7237)
  [Class IoU] C1: 0.9126 | C2: 0.7952 | C3: 0.4496
  Patience count: 11/50
Epoch 15/800 | Train Loss: 2.2643
  Seg: 0.4517 | Recon: 0.0058
  Val mIoU: 0.7301 (Best: 0.7237)
  [Class IoU] C1: 0.9158 | C2: 0.7759 | C3: 0.4987
  --> New Best Model Saved!
Epoch 16/800 | Train Loss: 2.2842
  Seg: 0.4557 | Recon: 0.0059
  Val mIoU: 0.5260 (Best: 0.7301)
  [Class IoU] C1: 0.9021 | C2: 0.4417 | C3: 0.2343
  Patience count: 1/50
Epoch 17/800 | Train Loss: 2.2417
  Seg: 0.4472 | Recon: 0.0058
  Val mIoU: 0.6761 (Best: 0.7301)
  [Class IoU] C1: 0.9057 | C2: 0.7278 | C3: 0.3948
  Patience count: 2/50
Epoch 18/800 | Train Loss: 2.2088
  Seg: 0.4406 | Recon: 0.0058
  Val mIoU: 0.7429 (Best: 0.7301)
  [Class IoU] C1: 0.9081 | C2: 0.7965 | C3: 0.5240
  --> New Best Model Saved!
Epoch 19/800 | Train Loss: 2.1722
  Seg: 0.4333 | Recon: 0.0058
  Val mIoU: 0.5635 (Best: 0.7429)
  [Class IoU] C1: 0.9159 | C2: 0.5233 | C3: 0.2512
  Patience count: 1/50
Epoch 20/800 | Train Loss: 2.1486
  Seg: 0.4286 | Recon: 0.0057
  Val mIoU: 0.7511 (Best: 0.7429)
  [Class IoU] C1: 0.8700 | C2: 0.8209 | C3: 0.5625
  --> New Best Model Saved!
  Saving visuals for Epoch 20...
  Visuals saved to: /zhome/d2/4/167803/Desktop/Deep_project/02456-final-project/output_big_vali/AG_epoch_0020_predictions.png
Epoch 21/800 | Train Loss: 2.1529
  Seg: 0.4294 | Recon: 0.0057
  Val mIoU: 0.7313 (Best: 0.7511)
  [Class IoU] C1: 0.9186 | C2: 0.8076 | C3: 0.4677
  Patience count: 1/50
Epoch 22/800 | Train Loss: 2.1383
  Seg: 0.4265 | Recon: 0.0056
  Val mIoU: 0.5327 (Best: 0.7511)
  [Class IoU] C1: 0.9079 | C2: 0.4542 | C3: 0.2359
  Patience count: 2/50
Epoch 23/800 | Train Loss: 2.1539
  Seg: 0.4297 | Recon: 0.0055
  Val mIoU: 0.7505 (Best: 0.7511)
  [Class IoU] C1: 0.9173 | C2: 0.8160 | C3: 0.5183
  Patience count: 3/50
Epoch 24/800 | Train Loss: 2.1277
  Seg: 0.4244 | Recon: 0.0057
  Val mIoU: 0.5471 (Best: 0.7511)
  [Class IoU] C1: 0.9198 | C2: 0.4934 | C3: 0.2282
  Patience count: 4/50
Epoch 25/800 | Train Loss: 2.0913
  Seg: 0.4172 | Recon: 0.0055
  Val mIoU: 0.7234 (Best: 0.7511)
  [Class IoU] C1: 0.9217 | C2: 0.8074 | C3: 0.4411
  Patience count: 5/50
Epoch 26/800 | Train Loss: 2.0968
  Seg: 0.4183 | Recon: 0.0055
  Val mIoU: 0.7441 (Best: 0.7511)
  [Class IoU] C1: 0.9202 | C2: 0.8006 | C3: 0.5115
  Patience count: 6/50
Epoch 27/800 | Train Loss: 2.0941
  Seg: 0.4177 | Recon: 0.0056
  Val mIoU: 0.7494 (Best: 0.7511)
  [Class IoU] C1: 0.9175 | C2: 0.8198 | C3: 0.5108
  Patience count: 7/50
Epoch 28/800 | Train Loss: 2.0866
  Seg: 0.4162 | Recon: 0.0054
  Val mIoU: 0.7595 (Best: 0.7511)
  [Class IoU] C1: 0.9131 | C2: 0.8027 | C3: 0.5628
  --> New Best Model Saved!
Epoch 29/800 | Train Loss: 2.0607
  Seg: 0.4110 | Recon: 0.0055
  Val mIoU: 0.6488 (Best: 0.7595)
  [Class IoU] C1: 0.9076 | C2: 0.6860 | C3: 0.3527
  Patience count: 1/50
Epoch 30/800 | Train Loss: 2.0436
  Seg: 0.4076 | Recon: 0.0055
  Val mIoU: 0.7077 (Best: 0.7595)
  [Class IoU] C1: 0.9237 | C2: 0.7688 | C3: 0.4305
  Patience count: 2/50
Epoch 31/800 | Train Loss: 2.0902
  Seg: 0.4170 | Recon: 0.0054
  Val mIoU: 0.6694 (Best: 0.7595)
  [Class IoU] C1: 0.9232 | C2: 0.7191 | C3: 0.3659
  Patience count: 3/50
Epoch 32/800 | Train Loss: 2.0946
  Seg: 0.4178 | Recon: 0.0055
  Val mIoU: 0.7501 (Best: 0.7595)
  [Class IoU] C1: 0.9140 | C2: 0.8163 | C3: 0.5199
  Patience count: 4/50
Epoch 33/800 | Train Loss: 2.0282
  Seg: 0.4046 | Recon: 0.0053
  Val mIoU: 0.6124 (Best: 0.7595)
  [Class IoU] C1: 0.9084 | C2: 0.6195 | C3: 0.3094
  Patience count: 5/50
Epoch 34/800 | Train Loss: 2.0364
  Seg: 0.4062 | Recon: 0.0053
  Val mIoU: 0.7631 (Best: 0.7595)
  [Class IoU] C1: 0.9029 | C2: 0.8306 | C3: 0.5557
  --> New Best Model Saved!
Epoch 35/800 | Train Loss: 2.0231
  Seg: 0.4036 | Recon: 0.0052
  Val mIoU: 0.5951 (Best: 0.7631)
  [Class IoU] C1: 0.9257 | C2: 0.5760 | C3: 0.2836
  Patience count: 1/50
Epoch 36/800 | Train Loss: 2.0260
  Seg: 0.4041 | Recon: 0.0053
  Val mIoU: 0.7129 (Best: 0.7631)
  [Class IoU] C1: 0.9113 | C2: 0.7768 | C3: 0.4507
  Patience count: 2/50
Epoch 37/800 | Train Loss: 2.0018
  Seg: 0.3993 | Recon: 0.0051
  Val mIoU: 0.7450 (Best: 0.7631)
  [Class IoU] C1: 0.8711 | C2: 0.8254 | C3: 0.5384
  Patience count: 3/50
Epoch 38/800 | Train Loss: 1.9787
  Seg: 0.3947 | Recon: 0.0053
  Val mIoU: 0.4878 (Best: 0.7631)
  [Class IoU] C1: 0.9141 | C2: 0.3608 | C3: 0.1883
  Patience count: 4/50
Epoch 39/800 | Train Loss: 1.9850
  Seg: 0.3960 | Recon: 0.0051
  Val mIoU: 0.7513 (Best: 0.7631)
  [Class IoU] C1: 0.9098 | C2: 0.8252 | C3: 0.5189
  Patience count: 5/50
Epoch 40/800 | Train Loss: 1.9621
  Seg: 0.3914 | Recon: 0.0052
  Val mIoU: 0.7764 (Best: 0.7631)
  [Class IoU] C1: 0.9138 | C2: 0.8384 | C3: 0.5768
  --> New Best Model Saved!
  Saving visuals for Epoch 40...
  Visuals saved to: /zhome/d2/4/167803/Desktop/Deep_project/02456-final-project/output_big_vali/AG_epoch_0040_predictions.png
Epoch 41/800 | Train Loss: 1.9856
  Seg: 0.3961 | Recon: 0.0050
  Val mIoU: 0.7121 (Best: 0.7764)
  [Class IoU] C1: 0.9256 | C2: 0.8043 | C3: 0.4062
  Patience count: 1/50
Epoch 42/800 | Train Loss: 1.9915
  Seg: 0.3973 | Recon: 0.0052
  Val mIoU: 0.7376 (Best: 0.7764)
  [Class IoU] C1: 0.9164 | C2: 0.8036 | C3: 0.4929
  Patience count: 2/50
Epoch 43/800 | Train Loss: 1.9690
  Seg: 0.3928 | Recon: 0.0052
  Val mIoU: 0.7526 (Best: 0.7764)
  [Class IoU] C1: 0.8932 | C2: 0.8230 | C3: 0.5416
  Patience count: 3/50
Epoch 44/800 | Train Loss: 1.9629
  Seg: 0.3916 | Recon: 0.0051
  Val mIoU: 0.7577 (Best: 0.7764)
  [Class IoU] C1: 0.9096 | C2: 0.8245 | C3: 0.5389
  Patience count: 4/50
Epoch 45/800 | Train Loss: 1.9919
  Seg: 0.3973 | Recon: 0.0053
  Val mIoU: 0.7422 (Best: 0.7764)
  [Class IoU] C1: 0.9009 | C2: 0.8143 | C3: 0.5115
  Patience count: 5/50
Epoch 46/800 | Train Loss: 1.9528
  Seg: 0.3895 | Recon: 0.0050
  Val mIoU: 0.7624 (Best: 0.7764)
  [Class IoU] C1: 0.9249 | C2: 0.8293 | C3: 0.5331
  Patience count: 6/50
Epoch 47/800 | Train Loss: 1.9274
  Seg: 0.3845 | Recon: 0.0050
  Val mIoU: 0.7087 (Best: 0.7764)
  [Class IoU] C1: 0.9222 | C2: 0.7697 | C3: 0.4341
  Patience count: 7/50
Epoch 48/800 | Train Loss: 1.9362
  Seg: 0.3862 | Recon: 0.0050
  Val mIoU: 0.7787 (Best: 0.7764)
  [Class IoU] C1: 0.9211 | C2: 0.8420 | C3: 0.5729
  --> New Best Model Saved!
Epoch 49/800 | Train Loss: 1.9391
  Seg: 0.3868 | Recon: 0.0049
  Val mIoU: 0.7772 (Best: 0.7787)
  [Class IoU] C1: 0.9118 | C2: 0.8443 | C3: 0.5754
  Patience count: 1/50
Epoch 50/800 | Train Loss: 1.9398
  Seg: 0.3870 | Recon: 0.0048
  Val mIoU: 0.6283 (Best: 0.7787)
  [Class IoU] C1: 0.9092 | C2: 0.6544 | C3: 0.3212
  Patience count: 2/50
Epoch 51/800 | Train Loss: 1.8951
  Seg: 0.3780 | Recon: 0.0050
  Val mIoU: 0.6793 (Best: 0.7787)
  [Class IoU] C1: 0.9250 | C2: 0.7328 | C3: 0.3802
  Patience count: 3/50
Epoch 52/800 | Train Loss: 1.9276
  Seg: 0.3845 | Recon: 0.0051
  Val mIoU: 0.6591 (Best: 0.7787)
  [Class IoU] C1: 0.9211 | C2: 0.6975 | C3: 0.3588
  Patience count: 4/50
Epoch 53/800 | Train Loss: 1.9416
  Seg: 0.3873 | Recon: 0.0049
  Val mIoU: 0.7428 (Best: 0.7787)
  [Class IoU] C1: 0.9090 | C2: 0.8183 | C3: 0.5013
  Patience count: 5/50
Epoch 54/800 | Train Loss: 1.9376
  Seg: 0.3865 | Recon: 0.0050
  Val mIoU: 0.6715 (Best: 0.7787)
  [Class IoU] C1: 0.9202 | C2: 0.7055 | C3: 0.3887
  Patience count: 6/50
Epoch 55/800 | Train Loss: 1.9407
  Seg: 0.3872 | Recon: 0.0049
  Val mIoU: 0.6008 (Best: 0.7787)
  [Class IoU] C1: 0.9229 | C2: 0.5792 | C3: 0.3001
  Patience count: 7/50
Epoch 56/800 | Train Loss: 1.8903
  Seg: 0.3771 | Recon: 0.0050
  Val mIoU: 0.4697 (Best: 0.7787)
  [Class IoU] C1: 0.9229 | C2: 0.2959 | C3: 0.1904
  Patience count: 8/50
Epoch 57/800 | Train Loss: 1.9334
  Seg: 0.3857 | Recon: 0.0049
  Val mIoU: 0.6208 (Best: 0.7787)
  [Class IoU] C1: 0.9249 | C2: 0.6322 | C3: 0.3053
  Patience count: 9/50
Epoch 58/800 | Train Loss: 1.9700
  Seg: 0.3930 | Recon: 0.0049
  Val mIoU: 0.7347 (Best: 0.7787)
  [Class IoU] C1: 0.9129 | C2: 0.8075 | C3: 0.4836
  Patience count: 10/50

------------------------------------------------------------
Sender: LSF System <lsfadmin@hpc.dtu.dk>
Subject: Job 27163768: <multi_big_job> in cluster <dcc> Exited

Job <multi_big_job> was submitted from host <gbarlogin1> by user <s214776> in cluster <dcc> at Mon Nov 24 22:17:35 2025
Job was executed on host(s) <8*n-62-13-16>, in queue <gpul40s>, as user <s214776> in cluster <dcc> at Mon Nov 24 22:21:26 2025
</zhome/d2/4/167803> was used as the home directory.
</zhome/d2/4/167803/Desktop/Deep_project/02456-final-project> was used as the working directory.
Started at Mon Nov 24 22:21:26 2025
Terminated at Mon Nov 24 23:10:34 2025
Results reported at Mon Nov 24 23:10:34 2025

Your job looked like:

------------------------------------------------------------
# LSBATCH: User input
#!/bin/sh
### --- Job Name ---
#BSUB -J multi_big_job

### --- Log files ---
#BSUB -o /zhome/d2/4/167803/Desktop/Deep_project/02456-final-project/logs/multi_big_job_%J.out
#BSUB -e /zhome/d2/4/167803/Desktop/Deep_project/02456-final-project/logs/multi_big_job_%J.err
### --- Resource Requests ---
#BSUB -q gpul40s             # Request GPU queue
#BSUB -gpu "num=1:mode=exclusive_process" # Request 1 GPU, all to myself
#BSUB -n 8                   # Request 4 CPU cores
#BSUB -R "rusage[mem=32GB]"   # Request 8GB memory
#BSUB -W 15:00                # 4 hour runtime limit

### --- Setup Environment ---
echo "Loading CUDA module..."
module load cuda/11.6         # Load CUDA module

echo "Loading Conda..."
# This is the full, correct path to your environment
source /zhome/d2/4/167803/miniforge3/bin/activate MBML
echo "Environment 'MBML' activated."

### --- Run Script ---
echo "Starting Python script..."
python /zhome/d2/4/167803/Desktop/Deep_project/02456-final-project/Model/multi_big_vali.py

echo "Job Finished."
------------------------------------------------------------

TERM_OWNER: job killed by owner.
Exited with exit code 130.

Resource usage summary:

    CPU time :                                   14423.00 sec.
    Max Memory :                                 3180 MB
    Average Memory :                             2376.57 MB
    Total Requested Memory :                     262144.00 MB
    Delta Memory :                               258964.00 MB
    Max Swap :                                   -
    Max Processes :                              20
    Max Threads :                                74
    Run time :                                   2948 sec.
    Turnaround time :                            3179 sec.

The output (if any) is above this job summary.



PS:

Read file </zhome/d2/4/167803/Desktop/Deep_project/02456-final-project/logs/multi_big_job_27163768.err> for stderr output of this job.

