Loading CUDA module...
Loading Conda...
Environment 'MBML' activated.
Starting Python script...
Using device: cuda
Using device: cuda
Logging metrics to: /zhome/d2/4/167803/Desktop/Deep_project/02456-final-project/stats/training_log_big.csv
--- Data Splits ---
Labeled Train: [3, 4, 5, 6, 7, 8, 35, 36, 36, 37, 38]
Unlabeled Train: [9, 10, 11, 12, 13, 14, 15, 16, 17, 18, 19, 20, 21, 22, 23, 24, 25, 26]
Validation: [27, 28, 29, 30]
--- Loaders Ready ---
--- Starting Training ---
Epoch 1/400 | Train Loss: 63.9077
  Seg: 0.6385 | Recon: 0.0611
  Val mIoU: 0.6059 (Best: 0.0000)
  [Class IoU] C0: 0.72355602404266 | C1: 0.8433 | C2: 0.7378 | C3: 0.1189
  --> New Best Model Saved!
Epoch 2/400 | Train Loss: 54.4127
  Seg: 0.5438 | Recon: 0.0353
  Val mIoU: 0.6459 (Best: 0.6059)
  [Class IoU] C0: 0.7012666848194634 | C1: 0.6754 | C2: 0.7641 | C3: 0.4429
  --> New Best Model Saved!
Epoch 3/400 | Train Loss: 51.3832
  Seg: 0.5137 | Recon: 0.0155
  Val mIoU: 0.5984 (Best: 0.6459)
  [Class IoU] C0: 0.6689762152427062 | C1: 0.7493 | C2: 0.5957 | C3: 0.3795
  Patience count: 1/50
Epoch 4/400 | Train Loss: 49.2793
  Seg: 0.4927 | Recon: 0.0111
  Val mIoU: 0.5941 (Best: 0.6459)
  [Class IoU] C0: 0.6830802738975577 | C1: 0.3622 | C2: 0.7827 | C3: 0.5484
  Patience count: 2/50
Epoch 5/400 | Train Loss: 48.2533
  Seg: 0.4824 | Recon: 0.0102
  Val mIoU: 0.7313 (Best: 0.6459)
  [Class IoU] C0: 0.750044640911922 | C1: 0.8961 | C2: 0.7563 | C3: 0.5227
  --> New Best Model Saved!
Epoch 6/400 | Train Loss: 47.1595
  Seg: 0.4715 | Recon: 0.0096
  Val mIoU: 0.7122 (Best: 0.7313)
  [Class IoU] C0: 0.7474183983671627 | C1: 0.7777 | C2: 0.7876 | C3: 0.5360
  Patience count: 1/50
Epoch 7/400 | Train Loss: 46.1329
  Seg: 0.4612 | Recon: 0.0095
  Val mIoU: 0.7124 (Best: 0.7313)
  [Class IoU] C0: 0.7677984720425781 | C1: 0.8813 | C2: 0.7430 | C3: 0.4576
  Patience count: 2/50
Epoch 8/400 | Train Loss: 45.5389
  Seg: 0.4553 | Recon: 0.0088
  Val mIoU: 0.7181 (Best: 0.7313)
  [Class IoU] C0: 0.7473971019219515 | C1: 0.7482 | C2: 0.8046 | C3: 0.5723
  Patience count: 3/50
Epoch 9/400 | Train Loss: 46.0087
  Seg: 0.4600 | Recon: 0.0085
  Val mIoU: 0.7514 (Best: 0.7313)
  [Class IoU] C0: 0.7656022247877974 | C1: 0.8637 | C2: 0.8143 | C3: 0.5620
  --> New Best Model Saved!
Epoch 10/400 | Train Loss: 44.7714
  Seg: 0.4476 | Recon: 0.0086
  Val mIoU: 0.7603 (Best: 0.7514)
  [Class IoU] C0: 0.7745733788084492 | C1: 0.8697 | C2: 0.8174 | C3: 0.5796
  --> New Best Model Saved!
Epoch 11/400 | Train Loss: 44.5753
  Seg: 0.4457 | Recon: 0.0083
  Val mIoU: 0.5719 (Best: 0.7603)
  [Class IoU] C0: 0.7515338452746513 | C1: 0.9077 | C2: 0.3949 | C3: 0.2335
  Patience count: 1/50
Epoch 12/400 | Train Loss: 43.5131
  Seg: 0.4351 | Recon: 0.0079
  Val mIoU: 0.7514 (Best: 0.7603)
  [Class IoU] C0: 0.7824408921745281 | C1: 0.9032 | C2: 0.7980 | C3: 0.5221
  Patience count: 2/50
Epoch 13/400 | Train Loss: 42.5807
  Seg: 0.4257 | Recon: 0.0079
  Val mIoU: 0.6049 (Best: 0.7603)
  [Class IoU] C0: 0.7667900165177003 | C1: 0.9083 | C2: 0.4907 | C3: 0.2539
  Patience count: 3/50
Epoch 14/400 | Train Loss: 42.6546
  Seg: 0.4265 | Recon: 0.0074
  Val mIoU: 0.5763 (Best: 0.7603)
  [Class IoU] C0: 0.7607256463012468 | C1: 0.8719 | C2: 0.4366 | C3: 0.2359
  Patience count: 4/50
Epoch 15/400 | Train Loss: 42.6505
  Seg: 0.4264 | Recon: 0.0079
  Val mIoU: 0.5689 (Best: 0.7603)
  [Class IoU] C0: 0.7731798963819879 | C1: 0.8849 | C2: 0.3955 | C3: 0.2220
  Patience count: 5/50
Epoch 16/400 | Train Loss: 42.7148
  Seg: 0.4271 | Recon: 0.0076
  Val mIoU: 0.6169 (Best: 0.7603)
  [Class IoU] C0: 0.7439272456132001 | C1: 0.8848 | C2: 0.5393 | C3: 0.2994
  Patience count: 6/50
Epoch 17/400 | Train Loss: 41.1172
  Seg: 0.4111 | Recon: 0.0073
  Val mIoU: 0.7131 (Best: 0.7603)
  [Class IoU] C0: 0.7725344304081004 | C1: 0.8652 | C2: 0.8060 | C3: 0.4086
  Patience count: 7/50
Epoch 18/400 | Train Loss: 41.6476
  Seg: 0.4164 | Recon: 0.0074
  Val mIoU: 0.6297 (Best: 0.7603)
  [Class IoU] C0: 0.7695620226158051 | C1: 0.8858 | C2: 0.5769 | C3: 0.2865
  Patience count: 8/50
Epoch 19/400 | Train Loss: 41.1998
  Seg: 0.4119 | Recon: 0.0071
  Val mIoU: 0.5338 (Best: 0.7603)
  [Class IoU] C0: 0.7441490879351504 | C1: 0.7963 | C2: 0.3777 | C3: 0.2172
  Patience count: 9/50
Epoch 20/400 | Train Loss: 41.3729
  Seg: 0.4137 | Recon: 0.0072
  Val mIoU: 0.6148 (Best: 0.7603)
  [Class IoU] C0: 0.7533252711754603 | C1: 0.9114 | C2: 0.5094 | C3: 0.2851
  Patience count: 10/50
  Saving visuals for Epoch 20...
  Visuals saved to: /zhome/d2/4/167803/Desktop/Deep_project/02456-final-project/output_big_vali_res/epoch_0020_predictions.png
Epoch 21/400 | Train Loss: 40.5751
  Seg: 0.4057 | Recon: 0.0069
  Val mIoU: 0.7245 (Best: 0.7603)
  [Class IoU] C0: 0.7605506129364765 | C1: 0.8947 | C2: 0.7815 | C3: 0.4612
  Patience count: 11/50
Epoch 22/400 | Train Loss: 40.5194
  Seg: 0.4051 | Recon: 0.0068
  Val mIoU: 0.6103 (Best: 0.7603)
  [Class IoU] C0: 0.7693422877782986 | C1: 0.9140 | C2: 0.5074 | C3: 0.2503
  Patience count: 12/50
Epoch 23/400 | Train Loss: 40.9325
  Seg: 0.4093 | Recon: 0.0068
  Val mIoU: 0.7501 (Best: 0.7603)
  [Class IoU] C0: 0.7862887514522395 | C1: 0.9202 | C2: 0.7915 | C3: 0.5024
  Patience count: 13/50
Epoch 24/400 | Train Loss: 40.7396
  Seg: 0.4073 | Recon: 0.0066
  Val mIoU: 0.6887 (Best: 0.7603)
  [Class IoU] C0: 0.7834942869293169 | C1: 0.9231 | C2: 0.6898 | C3: 0.3584
  Patience count: 14/50
Epoch 25/400 | Train Loss: 39.4236
  Seg: 0.3942 | Recon: 0.0067
  Val mIoU: 0.6351 (Best: 0.7603)
  [Class IoU] C0: 0.7687299016313801 | C1: 0.8575 | C2: 0.6054 | C3: 0.3087
  Patience count: 15/50
Epoch 26/400 | Train Loss: 39.3481
  Seg: 0.3934 | Recon: 0.0067
  Val mIoU: 0.6579 (Best: 0.7603)
  [Class IoU] C0: 0.7638271805007777 | C1: 0.9105 | C2: 0.6230 | C3: 0.3340
  Patience count: 16/50
Epoch 27/400 | Train Loss: 38.9407
  Seg: 0.3893 | Recon: 0.0067
  Val mIoU: 0.7097 (Best: 0.7603)
  [Class IoU] C0: 0.757985122186343 | C1: 0.8963 | C2: 0.7365 | C3: 0.4481
  Patience count: 17/50
Epoch 28/400 | Train Loss: 39.7211
  Seg: 0.3971 | Recon: 0.0063
  Val mIoU: 0.6639 (Best: 0.7603)
  [Class IoU] C0: 0.7655700905392464 | C1: 0.9102 | C2: 0.6318 | C3: 0.3481
  Patience count: 18/50
Epoch 29/400 | Train Loss: 39.2269
  Seg: 0.3922 | Recon: 0.0065
  Val mIoU: 0.6813 (Best: 0.7603)
  [Class IoU] C0: 0.7796895606277121 | C1: 0.9072 | C2: 0.6794 | C3: 0.3590
  Patience count: 19/50
Epoch 30/400 | Train Loss: 39.5922
  Seg: 0.3959 | Recon: 0.0063
  Val mIoU: 0.7100 (Best: 0.7603)
  [Class IoU] C0: 0.7885603143184006 | C1: 0.9107 | C2: 0.7316 | C3: 0.4091
  Patience count: 20/50
Epoch 31/400 | Train Loss: 38.7943
  Seg: 0.3879 | Recon: 0.0065
  Val mIoU: 0.7884 (Best: 0.7603)
  [Class IoU] C0: 0.7824380759305425 | C1: 0.9237 | C2: 0.8366 | C3: 0.6108
  --> New Best Model Saved!
Epoch 32/400 | Train Loss: 38.5305
  Seg: 0.3852 | Recon: 0.0063
  Val mIoU: 0.7400 (Best: 0.7884)
  [Class IoU] C0: 0.7873859662759312 | C1: 0.9083 | C2: 0.7855 | C3: 0.4789
  Patience count: 1/50
Epoch 33/400 | Train Loss: 39.3140
  Seg: 0.3931 | Recon: 0.0065
  Val mIoU: 0.7045 (Best: 0.7884)
  [Class IoU] C0: 0.780839325090144 | C1: 0.9184 | C2: 0.7194 | C3: 0.3994
  Patience count: 2/50
Epoch 34/400 | Train Loss: 37.7541
  Seg: 0.3775 | Recon: 0.0062
  Val mIoU: 0.7809 (Best: 0.7884)
  [Class IoU] C0: 0.7852072491917615 | C1: 0.9116 | C2: 0.8362 | C3: 0.5907
  Patience count: 3/50
Epoch 35/400 | Train Loss: 38.2710
  Seg: 0.3826 | Recon: 0.0061
  Val mIoU: 0.7881 (Best: 0.7884)
  [Class IoU] C0: 0.80387293760074 | C1: 0.9250 | C2: 0.8385 | C3: 0.5849
  Patience count: 4/50
Epoch 36/400 | Train Loss: 38.5250
  Seg: 0.3852 | Recon: 0.0061
  Val mIoU: 0.7267 (Best: 0.7884)
  [Class IoU] C0: 0.770600400045995 | C1: 0.9255 | C2: 0.7750 | C3: 0.4356
  Patience count: 5/50
Epoch 37/400 | Train Loss: 37.9774
  Seg: 0.3797 | Recon: 0.0061
  Val mIoU: 0.6335 (Best: 0.7884)
  [Class IoU] C0: 0.7149975972271108 | C1: 0.8310 | C2: 0.6704 | C3: 0.3176
  Patience count: 6/50
Epoch 38/400 | Train Loss: 38.3786
  Seg: 0.3837 | Recon: 0.0059
  Val mIoU: 0.7428 (Best: 0.7884)
  [Class IoU] C0: 0.7726415620603249 | C1: 0.8469 | C2: 0.8200 | C3: 0.5317
  Patience count: 7/50
Epoch 39/400 | Train Loss: 37.8024
  Seg: 0.3780 | Recon: 0.0060
  Val mIoU: 0.8103 (Best: 0.7884)
  [Class IoU] C0: 0.8136781539677458 | C1: 0.9250 | C2: 0.8523 | C3: 0.6501
  --> New Best Model Saved!
Epoch 40/400 | Train Loss: 37.9821
  Seg: 0.3798 | Recon: 0.0059
  Val mIoU: 0.7788 (Best: 0.8103)
  [Class IoU] C0: 0.7696723800731283 | C1: 0.8844 | C2: 0.8267 | C3: 0.6346
  Patience count: 1/50
  Saving visuals for Epoch 40...
  Visuals saved to: /zhome/d2/4/167803/Desktop/Deep_project/02456-final-project/output_big_vali_res/epoch_0040_predictions.png
Epoch 41/400 | Train Loss: 37.2626
  Seg: 0.3726 | Recon: 0.0059
  Val mIoU: 0.7685 (Best: 0.8103)
  [Class IoU] C0: 0.8052432683025833 | C1: 0.9204 | C2: 0.8166 | C3: 0.5318
  Patience count: 2/50
Epoch 42/400 | Train Loss: 37.1733
  Seg: 0.3717 | Recon: 0.0059
  Val mIoU: 0.7605 (Best: 0.8103)
  [Class IoU] C0: 0.780908772592659 | C1: 0.8584 | C2: 0.8239 | C3: 0.5787
  Patience count: 3/50
Epoch 43/400 | Train Loss: 36.9529
  Seg: 0.3695 | Recon: 0.0059
  Val mIoU: 0.7549 (Best: 0.8103)
  [Class IoU] C0: 0.745213700774219 | C1: 0.9119 | C2: 0.7827 | C3: 0.5797
  Patience count: 4/50
Epoch 44/400 | Train Loss: 37.0833
  Seg: 0.3708 | Recon: 0.0059
  Val mIoU: 0.7471 (Best: 0.8103)
  [Class IoU] C0: 0.773654186041053 | C1: 0.8853 | C2: 0.7970 | C3: 0.5326
  Patience count: 5/50
Epoch 45/400 | Train Loss: 36.8410
  Seg: 0.3684 | Recon: 0.0056
  Val mIoU: 0.7221 (Best: 0.8103)
  [Class IoU] C0: 0.7818963007601503 | C1: 0.9194 | C2: 0.7576 | C3: 0.4295
  Patience count: 6/50
Epoch 46/400 | Train Loss: 36.1108
  Seg: 0.3611 | Recon: 0.0057
  Val mIoU: 0.7041 (Best: 0.8103)
  [Class IoU] C0: 0.7871272675809873 | C1: 0.9236 | C2: 0.7154 | C3: 0.3902
  Patience count: 7/50
Epoch 47/400 | Train Loss: 36.7898
  Seg: 0.3678 | Recon: 0.0058
  Val mIoU: 0.7575 (Best: 0.8103)
  [Class IoU] C0: 0.7700086979740319 | C1: 0.9098 | C2: 0.7959 | C3: 0.5543
  Patience count: 8/50
Epoch 48/400 | Train Loss: 37.1620
  Seg: 0.3716 | Recon: 0.0056
  Val mIoU: 0.7588 (Best: 0.8103)
  [Class IoU] C0: 0.7428812995234498 | C1: 0.8803 | C2: 0.7974 | C3: 0.6147
  Patience count: 9/50
Epoch 49/400 | Train Loss: 36.5520
  Seg: 0.3655 | Recon: 0.0057
  Val mIoU: 0.7594 (Best: 0.8103)
  [Class IoU] C0: 0.78131155542385 | C1: 0.9095 | C2: 0.8243 | C3: 0.5226
  Patience count: 10/50
Epoch 50/400 | Train Loss: 35.7518
  Seg: 0.3575 | Recon: 0.0057
  Val mIoU: 0.7675 (Best: 0.8103)
  [Class IoU] C0: 0.7917919707416339 | C1: 0.8839 | C2: 0.8294 | C3: 0.5650
  Patience count: 11/50
Epoch 51/400 | Train Loss: 37.1527
  Seg: 0.3715 | Recon: 0.0056
  Val mIoU: 0.7644 (Best: 0.8103)
  [Class IoU] C0: 0.80689322528248 | C1: 0.9264 | C2: 0.8060 | C3: 0.5184
  Patience count: 12/50
Epoch 52/400 | Train Loss: 36.3687
  Seg: 0.3636 | Recon: 0.0057
  Val mIoU: 0.7812 (Best: 0.8103)
  [Class IoU] C0: 0.7905730981533771 | C1: 0.9196 | C2: 0.8282 | C3: 0.5865
  Patience count: 13/50
Epoch 53/400 | Train Loss: 36.9953
  Seg: 0.3699 | Recon: 0.0055
  Val mIoU: 0.7994 (Best: 0.8103)
  [Class IoU] C0: 0.8092922883366952 | C1: 0.9275 | C2: 0.8449 | C3: 0.6158
  Patience count: 14/50
Epoch 54/400 | Train Loss: 35.6624
  Seg: 0.3566 | Recon: 0.0056
  Val mIoU: 0.7674 (Best: 0.8103)
  [Class IoU] C0: 0.7988832616525596 | C1: 0.9203 | C2: 0.8081 | C3: 0.5422
  Patience count: 15/50
Epoch 55/400 | Train Loss: 36.1488
  Seg: 0.3614 | Recon: 0.0054
  Val mIoU: 0.7762 (Best: 0.8103)
  [Class IoU] C0: 0.7910197174943258 | C1: 0.9227 | C2: 0.8110 | C3: 0.5801
  Patience count: 16/50
Epoch 56/400 | Train Loss: 37.0955
  Seg: 0.3709 | Recon: 0.0055
  Val mIoU: 0.7880 (Best: 0.8103)
  [Class IoU] C0: 0.8080785018844966 | C1: 0.9131 | C2: 0.8364 | C3: 0.5943
  Patience count: 17/50
Epoch 57/400 | Train Loss: 36.3381
  Seg: 0.3633 | Recon: 0.0055
  Val mIoU: 0.7368 (Best: 0.8103)
  [Class IoU] C0: 0.7924588821281544 | C1: 0.8847 | C2: 0.7852 | C3: 0.4849
  Patience count: 18/50
Epoch 58/400 | Train Loss: 35.9960
  Seg: 0.3599 | Recon: 0.0054
  Val mIoU: 0.7695 (Best: 0.8103)
  [Class IoU] C0: 0.7819148800122969 | C1: 0.8707 | C2: 0.8374 | C3: 0.5881
  Patience count: 19/50
Epoch 59/400 | Train Loss: 35.4949
  Seg: 0.3549 | Recon: 0.0054
  Val mIoU: 0.7594 (Best: 0.8103)
  [Class IoU] C0: 0.8005969311194108 | C1: 0.9165 | C2: 0.8113 | C3: 0.5092
  Patience count: 20/50
Epoch 60/400 | Train Loss: 36.0454
  Seg: 0.3604 | Recon: 0.0056
  Val mIoU: 0.7553 (Best: 0.8103)
  [Class IoU] C0: 0.7914131856873817 | C1: 0.9026 | C2: 0.8140 | C3: 0.5134
  Patience count: 21/50
  Saving visuals for Epoch 60...
  Visuals saved to: /zhome/d2/4/167803/Desktop/Deep_project/02456-final-project/output_big_vali_res/epoch_0060_predictions.png
Epoch 61/400 | Train Loss: 35.5319
  Seg: 0.3553 | Recon: 0.0053
  Val mIoU: 0.6469 (Best: 0.8103)
  [Class IoU] C0: 0.7538071352415835 | C1: 0.7595 | C2: 0.6975 | C3: 0.3768
  Patience count: 22/50
Epoch 62/400 | Train Loss: 36.3482
  Seg: 0.3634 | Recon: 0.0055
  Val mIoU: 0.7674 (Best: 0.8103)
  [Class IoU] C0: 0.8077130074729114 | C1: 0.9149 | C2: 0.8158 | C3: 0.5310
  Patience count: 23/50
Epoch 63/400 | Train Loss: 35.2107
  Seg: 0.3521 | Recon: 0.0054
  Val mIoU: 0.7217 (Best: 0.8103)
  [Class IoU] C0: 0.7635430925422518 | C1: 0.8668 | C2: 0.7613 | C3: 0.4951
  Patience count: 24/50
Epoch 64/400 | Train Loss: 35.3736
  Seg: 0.3537 | Recon: 0.0053
  Val mIoU: 0.7191 (Best: 0.8103)
  [Class IoU] C0: 0.7868355386271345 | C1: 0.9048 | C2: 0.7457 | C3: 0.4393
  Patience count: 25/50
Epoch 65/400 | Train Loss: 35.3530
  Seg: 0.3535 | Recon: 0.0052
  Val mIoU: 0.7434 (Best: 0.8103)
  [Class IoU] C0: 0.7974583987664441 | C1: 0.9198 | C2: 0.7761 | C3: 0.4802
  Patience count: 26/50
Epoch 66/400 | Train Loss: 34.6971
  Seg: 0.3469 | Recon: 0.0053
  Val mIoU: 0.7117 (Best: 0.8103)
  [Class IoU] C0: 0.7891738579162998 | C1: 0.8867 | C2: 0.7446 | C3: 0.4263
  Patience count: 27/50
Epoch 67/400 | Train Loss: 34.5309
  Seg: 0.3453 | Recon: 0.0054
  Val mIoU: 0.7240 (Best: 0.8103)
  [Class IoU] C0: 0.7863858305027775 | C1: 0.8802 | C2: 0.7721 | C3: 0.4573
  Patience count: 28/50
Epoch 68/400 | Train Loss: 34.6257
  Seg: 0.3462 | Recon: 0.0054
  Val mIoU: 0.7489 (Best: 0.8103)
  [Class IoU] C0: 0.7885101916784693 | C1: 0.8942 | C2: 0.8044 | C3: 0.5084
  Patience count: 29/50
Epoch 69/400 | Train Loss: 35.3532
  Seg: 0.3535 | Recon: 0.0055
  Val mIoU: 0.7480 (Best: 0.8103)
  [Class IoU] C0: 0.7959390793984514 | C1: 0.8913 | C2: 0.7995 | C3: 0.5055
  Patience count: 30/50
Epoch 70/400 | Train Loss: 34.8551
  Seg: 0.3485 | Recon: 0.0054
  Val mIoU: 0.7507 (Best: 0.8103)
  [Class IoU] C0: 0.7909111503729903 | C1: 0.8965 | C2: 0.8006 | C3: 0.5146
  Patience count: 31/50
Epoch 71/400 | Train Loss: 34.2687
  Seg: 0.3426 | Recon: 0.0053
  Val mIoU: 0.7561 (Best: 0.8103)
  [Class IoU] C0: 0.7895236485962763 | C1: 0.8573 | C2: 0.8247 | C3: 0.5529
  Patience count: 32/50
Epoch 72/400 | Train Loss: 34.4916
  Seg: 0.3449 | Recon: 0.0052
  Val mIoU: 0.7321 (Best: 0.8103)
  [Class IoU] C0: 0.7916127763823192 | C1: 0.8898 | C2: 0.7728 | C3: 0.4742
  Patience count: 33/50
Epoch 73/400 | Train Loss: 34.4444
  Seg: 0.3444 | Recon: 0.0053
  Val mIoU: 0.7334 (Best: 0.8103)
  [Class IoU] C0: 0.7892198365938158 | C1: 0.8933 | C2: 0.7822 | C3: 0.4687
  Patience count: 34/50
Epoch 74/400 | Train Loss: 35.2625
  Seg: 0.3526 | Recon: 0.0051
  Val mIoU: 0.7532 (Best: 0.8103)
  [Class IoU] C0: 0.7878218335721235 | C1: 0.8753 | C2: 0.8126 | C3: 0.5371
  Patience count: 35/50
Epoch 75/400 | Train Loss: 35.2778
  Seg: 0.3527 | Recon: 0.0051
  Val mIoU: 0.7515 (Best: 0.8103)
  [Class IoU] C0: 0.8075854753106928 | C1: 0.9245 | C2: 0.7902 | C3: 0.4835
  Patience count: 36/50
Epoch 76/400 | Train Loss: 34.8058
  Seg: 0.3480 | Recon: 0.0053
  Val mIoU: 0.7726 (Best: 0.8103)
  [Class IoU] C0: 0.8026801253284438 | C1: 0.8938 | C2: 0.8268 | C3: 0.5670
  Patience count: 37/50
Epoch 77/400 | Train Loss: 35.6664
  Seg: 0.3566 | Recon: 0.0051
  Val mIoU: 0.7470 (Best: 0.8103)
  [Class IoU] C0: 0.7874377399624513 | C1: 0.8457 | C2: 0.8188 | C3: 0.5361
  Patience count: 38/50
Epoch 78/400 | Train Loss: 34.3281
  Seg: 0.3432 | Recon: 0.0051
  Val mIoU: 0.7645 (Best: 0.8103)
  [Class IoU] C0: 0.7935227360143703 | C1: 0.8767 | C2: 0.8268 | C3: 0.5609
  Patience count: 39/50
Epoch 79/400 | Train Loss: 35.0604
  Seg: 0.3506 | Recon: 0.0052
  Val mIoU: 0.7529 (Best: 0.8103)
  [Class IoU] C0: 0.7845617382664584 | C1: 0.9026 | C2: 0.8113 | C3: 0.5131
  Patience count: 40/50
Epoch 80/400 | Train Loss: 34.3064
  Seg: 0.3430 | Recon: 0.0052
  Val mIoU: 0.7453 (Best: 0.8103)
  [Class IoU] C0: 0.7947005923016585 | C1: 0.9135 | C2: 0.7831 | C3: 0.4897
  Patience count: 41/50
  Saving visuals for Epoch 80...
  Visuals saved to: /zhome/d2/4/167803/Desktop/Deep_project/02456-final-project/output_big_vali_res/epoch_0080_predictions.png
Epoch 81/400 | Train Loss: 34.2311
  Seg: 0.3423 | Recon: 0.0052
  Val mIoU: 0.7522 (Best: 0.8103)
  [Class IoU] C0: 0.7899560040161042 | C1: 0.8885 | C2: 0.8143 | C3: 0.5160
  Patience count: 42/50
Epoch 82/400 | Train Loss: 34.6801
  Seg: 0.3467 | Recon: 0.0052
  Val mIoU: 0.7537 (Best: 0.8103)
  [Class IoU] C0: 0.798114906352649 | C1: 0.9055 | C2: 0.8021 | C3: 0.5090
  Patience count: 43/50
Epoch 83/400 | Train Loss: 34.2867
  Seg: 0.3428 | Recon: 0.0052
  Val mIoU: 0.7079 (Best: 0.8103)
  [Class IoU] C0: 0.7764162834846037 | C1: 0.8177 | C2: 0.7704 | C3: 0.4671
  Patience count: 44/50
Epoch 84/400 | Train Loss: 34.7526
  Seg: 0.3475 | Recon: 0.0050
  Val mIoU: 0.7409 (Best: 0.8103)
  [Class IoU] C0: 0.7935336914477997 | C1: 0.8918 | C2: 0.7862 | C3: 0.4919
  Patience count: 45/50
Epoch 85/400 | Train Loss: 34.6151
  Seg: 0.3461 | Recon: 0.0054
  Val mIoU: 0.7280 (Best: 0.8103)
  [Class IoU] C0: 0.7832966533564251 | C1: 0.8638 | C2: 0.7881 | C3: 0.4767
  Patience count: 46/50
Epoch 86/400 | Train Loss: 34.2531
  Seg: 0.3425 | Recon: 0.0052
  Val mIoU: 0.7491 (Best: 0.8103)
  [Class IoU] C0: 0.7892191731955931 | C1: 0.8915 | C2: 0.8074 | C3: 0.5083
  Patience count: 47/50
Epoch 87/400 | Train Loss: 34.7678
  Seg: 0.3476 | Recon: 0.0052
  Val mIoU: 0.7518 (Best: 0.8103)
  [Class IoU] C0: 0.7955673016701298 | C1: 0.9027 | C2: 0.8061 | C3: 0.5027
  Patience count: 48/50
Epoch 88/400 | Train Loss: 34.4607
  Seg: 0.3446 | Recon: 0.0053
  Val mIoU: 0.7235 (Best: 0.8103)
  [Class IoU] C0: 0.7849542675142778 | C1: 0.8580 | C2: 0.7787 | C3: 0.4723
  Patience count: 49/50
Epoch 89/400 | Train Loss: 34.2153
  Seg: 0.3421 | Recon: 0.0053
  Val mIoU: 0.7577 (Best: 0.8103)
  [Class IoU] C0: 0.8013071613373415 | C1: 0.9027 | C2: 0.8075 | C3: 0.5192
  Patience count: 50/50
Epoch 90/400 | Train Loss: 34.3116
  Seg: 0.3431 | Recon: 0.0052
  Val mIoU: 0.7300 (Best: 0.8103)
  [Class IoU] C0: 0.7841658716491116 | C1: 0.8620 | C2: 0.7921 | C3: 0.4816
  Patience count: 51/50
Epoch 91/400 | Train Loss: 34.0311
  Seg: 0.3403 | Recon: 0.0050
  Val mIoU: 0.7627 (Best: 0.8103)
  [Class IoU] C0: 0.7983426026951163 | C1: 0.8965 | C2: 0.8165 | C3: 0.5395
  Patience count: 52/50
Epoch 92/400 | Train Loss: 33.9348
  Seg: 0.3393 | Recon: 0.0052
  Val mIoU: 0.7540 (Best: 0.8103)
  [Class IoU] C0: 0.7931754475061115 | C1: 0.8979 | C2: 0.8044 | C3: 0.5205
  Patience count: 53/50
Epoch 93/400 | Train Loss: 34.1052
  Seg: 0.3410 | Recon: 0.0051
  Val mIoU: 0.7235 (Best: 0.8103)
  [Class IoU] C0: 0.7738818654199328 | C1: 0.8998 | C2: 0.7536 | C3: 0.4668
  Patience count: 54/50
Epoch 94/400 | Train Loss: 34.4571
  Seg: 0.3445 | Recon: 0.0051
  Val mIoU: 0.7563 (Best: 0.8103)
  [Class IoU] C0: 0.7972091857777601 | C1: 0.9201 | C2: 0.7948 | C3: 0.5129
  Patience count: 55/50
Epoch 95/400 | Train Loss: 34.3847
  Seg: 0.3438 | Recon: 0.0052
  Val mIoU: 0.7520 (Best: 0.8103)
  [Class IoU] C0: 0.791104739439356 | C1: 0.9088 | C2: 0.8068 | C3: 0.5013
  Patience count: 56/50
Epoch 96/400 | Train Loss: 34.2020
  Seg: 0.3420 | Recon: 0.0051
  Val mIoU: 0.7433 (Best: 0.8103)
  [Class IoU] C0: 0.7886767391386952 | C1: 0.8775 | C2: 0.8047 | C3: 0.5022
  Patience count: 57/50
Epoch 97/400 | Train Loss: 34.0145
  Seg: 0.3401 | Recon: 0.0051
  Val mIoU: 0.7511 (Best: 0.8103)
  [Class IoU] C0: 0.8012119763353313 | C1: 0.9222 | C2: 0.7978 | C3: 0.4831
  Patience count: 58/50
Epoch 98/400 | Train Loss: 34.8528
  Seg: 0.3485 | Recon: 0.0051
  Val mIoU: 0.7590 (Best: 0.8103)
  [Class IoU] C0: 0.8078708109951445 | C1: 0.9227 | C2: 0.8020 | C3: 0.5035
  Patience count: 59/50
Epoch 99/400 | Train Loss: 33.6783
  Seg: 0.3367 | Recon: 0.0051
  Val mIoU: 0.7822 (Best: 0.8103)
  [Class IoU] C0: 0.8094385243703711 | C1: 0.9156 | C2: 0.8299 | C3: 0.5740
  Patience count: 60/50
Epoch 100/400 | Train Loss: 34.2071
  Seg: 0.3420 | Recon: 0.0050
  Val mIoU: 0.7373 (Best: 0.8103)
  [Class IoU] C0: 0.7891891967445179 | C1: 0.8599 | C2: 0.8005 | C3: 0.4995
  Patience count: 61/50
  Saving visuals for Epoch 100...
  Visuals saved to: /zhome/d2/4/167803/Desktop/Deep_project/02456-final-project/output_big_vali_res/epoch_0100_predictions.png
Epoch 101/400 | Train Loss: 34.3843
  Seg: 0.3438 | Recon: 0.0051
  Val mIoU: 0.7394 (Best: 0.8103)
  [Class IoU] C0: 0.7924697995496978 | C1: 0.8847 | C2: 0.7945 | C3: 0.4861
  Patience count: 62/50
Epoch 102/400 | Train Loss: 33.6591
  Seg: 0.3365 | Recon: 0.0051
  Val mIoU: 0.7657 (Best: 0.8103)
  [Class IoU] C0: 0.8047612443016292 | C1: 0.9134 | C2: 0.8133 | C3: 0.5314
  Patience count: 63/50
Epoch 103/400 | Train Loss: 34.0372
  Seg: 0.3403 | Recon: 0.0051
  Val mIoU: 0.7662 (Best: 0.8103)
  [Class IoU] C0: 0.80708418204971 | C1: 0.9077 | C2: 0.8176 | C3: 0.5326
  Patience count: 64/50
Epoch 104/400 | Train Loss: 34.3641
  Seg: 0.3436 | Recon: 0.0051
  Val mIoU: 0.7519 (Best: 0.8103)
  [Class IoU] C0: 0.7967076486877352 | C1: 0.8866 | C2: 0.8110 | C3: 0.5134
  Patience count: 65/50
Epoch 105/400 | Train Loss: 33.2751
  Seg: 0.3327 | Recon: 0.0051
  Val mIoU: 0.7422 (Best: 0.8103)
  [Class IoU] C0: 0.7926348796669173 | C1: 0.8704 | C2: 0.8026 | C3: 0.5032
  Patience count: 66/50
Epoch 106/400 | Train Loss: 34.0078
  Seg: 0.3400 | Recon: 0.0050
  Val mIoU: 0.7520 (Best: 0.8103)
  [Class IoU] C0: 0.8021503642894595 | C1: 0.9014 | C2: 0.8013 | C3: 0.5030
  Patience count: 67/50
Epoch 107/400 | Train Loss: 33.7587
  Seg: 0.3375 | Recon: 0.0050
  Val mIoU: 0.7489 (Best: 0.8103)
  [Class IoU] C0: 0.7923244134116328 | C1: 0.8794 | C2: 0.8127 | C3: 0.5113
  Patience count: 68/50
Epoch 108/400 | Train Loss: 34.3389
  Seg: 0.3433 | Recon: 0.0052
  Val mIoU: 0.7527 (Best: 0.8103)
  [Class IoU] C0: 0.7985063739879186 | C1: 0.8930 | C2: 0.8069 | C3: 0.5124
  Patience count: 69/50
Epoch 109/400 | Train Loss: 34.3745
  Seg: 0.3437 | Recon: 0.0051
  Val mIoU: 0.7666 (Best: 0.8103)
  [Class IoU] C0: 0.8084843179460585 | C1: 0.9120 | C2: 0.8165 | C3: 0.5295
  Patience count: 70/50
Epoch 110/400 | Train Loss: 34.4280
  Seg: 0.3442 | Recon: 0.0051
  Val mIoU: 0.7655 (Best: 0.8103)
  [Class IoU] C0: 0.8067979892805655 | C1: 0.9178 | C2: 0.8089 | C3: 0.5284
  Patience count: 71/50
Epoch 111/400 | Train Loss: 33.6507
  Seg: 0.3365 | Recon: 0.0051
  Val mIoU: 0.7216 (Best: 0.8103)
  [Class IoU] C0: 0.7830244147172781 | C1: 0.8526 | C2: 0.7814 | C3: 0.4693
  Patience count: 72/50
Epoch 112/400 | Train Loss: 33.9314
  Seg: 0.3393 | Recon: 0.0048
  Val mIoU: 0.7512 (Best: 0.8103)
  [Class IoU] C0: 0.7985157194293507 | C1: 0.8976 | C2: 0.8043 | C3: 0.5044
  Patience count: 73/50
Epoch 113/400 | Train Loss: 34.6150
  Seg: 0.3461 | Recon: 0.0051
  Val mIoU: 0.7584 (Best: 0.8103)
  [Class IoU] C0: 0.8029802511119276 | C1: 0.9159 | C2: 0.8041 | C3: 0.5106
  Patience count: 74/50
Epoch 114/400 | Train Loss: 33.9749
  Seg: 0.3397 | Recon: 0.0051
  Val mIoU: 0.7537 (Best: 0.8103)
  [Class IoU] C0: 0.7978570952676873 | C1: 0.9045 | C2: 0.8021 | C3: 0.5103
  Patience count: 75/50
Epoch 115/400 | Train Loss: 33.6461
  Seg: 0.3364 | Recon: 0.0051
  Val mIoU: 0.7639 (Best: 0.8103)
  [Class IoU] C0: 0.8062432091613341 | C1: 0.9098 | C2: 0.8125 | C3: 0.5271
  Patience count: 76/50
Epoch 116/400 | Train Loss: 33.1856
  Seg: 0.3318 | Recon: 0.0051
  Val mIoU: 0.7665 (Best: 0.8103)
  [Class IoU] C0: 0.8032804102704073 | C1: 0.9093 | C2: 0.8163 | C3: 0.5370
  Patience count: 77/50
Epoch 117/400 | Train Loss: 33.9899
  Seg: 0.3399 | Recon: 0.0049
  Val mIoU: 0.7468 (Best: 0.8103)
  [Class IoU] C0: 0.7990628973105689 | C1: 0.9094 | C2: 0.7913 | C3: 0.4875
  Patience count: 78/50
Epoch 118/400 | Train Loss: 34.7403
  Seg: 0.3474 | Recon: 0.0050
  Val mIoU: 0.7526 (Best: 0.8103)
  [Class IoU] C0: 0.8075589041019953 | C1: 0.9213 | C2: 0.7896 | C3: 0.4919
  Patience count: 79/50
Epoch 119/400 | Train Loss: 34.2339
  Seg: 0.3423 | Recon: 0.0050
  Val mIoU: 0.7552 (Best: 0.8103)
  [Class IoU] C0: 0.7954562996644934 | C1: 0.8827 | C2: 0.8132 | C3: 0.5293
  Patience count: 80/50
Epoch 120/400 | Train Loss: 33.9634
  Seg: 0.3396 | Recon: 0.0051
  Val mIoU: 0.7417 (Best: 0.8103)
  [Class IoU] C0: 0.7823876484072578 | C1: 0.8692 | C2: 0.8052 | C3: 0.5100
  Patience count: 81/50
  Saving visuals for Epoch 120...
  Visuals saved to: /zhome/d2/4/167803/Desktop/Deep_project/02456-final-project/output_big_vali_res/epoch_0120_predictions.png
Epoch 121/400 | Train Loss: 33.5257
  Seg: 0.3352 | Recon: 0.0051
  Val mIoU: 0.7427 (Best: 0.8103)
  [Class IoU] C0: 0.7902985018229344 | C1: 0.8706 | C2: 0.8026 | C3: 0.5074
  Patience count: 82/50
Epoch 122/400 | Train Loss: 33.2511
  Seg: 0.3325 | Recon: 0.0050
  Val mIoU: 0.7525 (Best: 0.8103)
  [Class IoU] C0: 0.800370036911658 | C1: 0.9038 | C2: 0.8020 | C3: 0.5037
  Patience count: 83/50
Epoch 123/400 | Train Loss: 33.6961
  Seg: 0.3369 | Recon: 0.0048
  Val mIoU: 0.7521 (Best: 0.8103)
  [Class IoU] C0: 0.7943689813398268 | C1: 0.8742 | C2: 0.8130 | C3: 0.5267
  Patience count: 84/50
Epoch 124/400 | Train Loss: 34.0298
  Seg: 0.3402 | Recon: 0.0052
  Val mIoU: 0.7361 (Best: 0.8103)
  [Class IoU] C0: 0.7772940778858984 | C1: 0.8394 | C2: 0.8100 | C3: 0.5178
  Patience count: 85/50
Epoch 125/400 | Train Loss: 34.0152
  Seg: 0.3401 | Recon: 0.0050
  Val mIoU: 0.7448 (Best: 0.8103)
  [Class IoU] C0: 0.7939809215111161 | C1: 0.8772 | C2: 0.7996 | C3: 0.5085
  Patience count: 86/50
Epoch 126/400 | Train Loss: 33.9146
  Seg: 0.3391 | Recon: 0.0051
  Val mIoU: 0.7491 (Best: 0.8103)
  [Class IoU] C0: 0.7909603080762085 | C1: 0.8687 | C2: 0.8116 | C3: 0.5251
  Patience count: 87/50
Epoch 127/400 | Train Loss: 33.4240
  Seg: 0.3342 | Recon: 0.0050
  Val mIoU: 0.7281 (Best: 0.8103)
  [Class IoU] C0: 0.7755168335953586 | C1: 0.8338 | C2: 0.8034 | C3: 0.4996
  Patience count: 88/50
Epoch 128/400 | Train Loss: 33.9807
  Seg: 0.3398 | Recon: 0.0050
  Val mIoU: 0.7726 (Best: 0.8103)
  [Class IoU] C0: 0.8112500293525031 | C1: 0.9142 | C2: 0.8159 | C3: 0.5493
  Patience count: 89/50
Epoch 129/400 | Train Loss: 33.7704
  Seg: 0.3377 | Recon: 0.0051
  Val mIoU: 0.7512 (Best: 0.8103)
  [Class IoU] C0: 0.8053943556268511 | C1: 0.9076 | C2: 0.7961 | C3: 0.4954
  Patience count: 90/50
Epoch 130/400 | Train Loss: 33.6098
  Seg: 0.3360 | Recon: 0.0050
  Val mIoU: 0.7316 (Best: 0.8103)
  [Class IoU] C0: 0.7903298346000938 | C1: 0.8768 | C2: 0.7838 | C3: 0.4754
  Patience count: 91/50
Epoch 131/400 | Train Loss: 33.0542
  Seg: 0.3305 | Recon: 0.0051
  Val mIoU: 0.7555 (Best: 0.8103)
  [Class IoU] C0: 0.8040349506129548 | C1: 0.9102 | C2: 0.8023 | C3: 0.5053
  Patience count: 92/50
Epoch 132/400 | Train Loss: 33.7508
  Seg: 0.3375 | Recon: 0.0049
  Val mIoU: 0.7220 (Best: 0.8103)
  [Class IoU] C0: 0.7767582631644897 | C1: 0.8161 | C2: 0.7992 | C3: 0.4961
  Patience count: 93/50
Epoch 133/400 | Train Loss: 33.7952
  Seg: 0.3379 | Recon: 0.0051
  Val mIoU: 0.7349 (Best: 0.8103)
  [Class IoU] C0: 0.7892272382211535 | C1: 0.8820 | C2: 0.7882 | C3: 0.4801
  Patience count: 94/50
Epoch 134/400 | Train Loss: 33.3196
  Seg: 0.3331 | Recon: 0.0049
  Val mIoU: 0.7501 (Best: 0.8103)
  [Class IoU] C0: 0.7953540302462959 | C1: 0.8728 | C2: 0.8096 | C3: 0.5227
  Patience count: 95/50
Epoch 135/400 | Train Loss: 34.3648
  Seg: 0.3436 | Recon: 0.0049
  Val mIoU: 0.7393 (Best: 0.8103)
  [Class IoU] C0: 0.7969011097497913 | C1: 0.8975 | C2: 0.7862 | C3: 0.4767
  Patience count: 96/50
Epoch 136/400 | Train Loss: 33.8872
  Seg: 0.3388 | Recon: 0.0050
  Val mIoU: 0.7388 (Best: 0.8103)
  [Class IoU] C0: 0.793779498564252 | C1: 0.8827 | C2: 0.7933 | C3: 0.4854
  Patience count: 97/50
Epoch 137/400 | Train Loss: 34.0233
  Seg: 0.3402 | Recon: 0.0050
  Val mIoU: 0.7311 (Best: 0.8103)
  [Class IoU] C0: 0.7848305691312129 | C1: 0.8666 | C2: 0.7901 | C3: 0.4828
  Patience count: 98/50
Epoch 138/400 | Train Loss: 33.8193
  Seg: 0.3381 | Recon: 0.0052
  Val mIoU: 0.7664 (Best: 0.8103)
  [Class IoU] C0: 0.806759619684341 | C1: 0.9125 | C2: 0.8158 | C3: 0.5305
  Patience count: 99/50
Epoch 139/400 | Train Loss: 34.4040
  Seg: 0.3440 | Recon: 0.0051
  Val mIoU: 0.7348 (Best: 0.8103)
  [Class IoU] C0: 0.7945559865456175 | C1: 0.8840 | C2: 0.7827 | C3: 0.4780
  Patience count: 100/50
Epoch 140/400 | Train Loss: 33.5613
  Seg: 0.3356 | Recon: 0.0050
  Val mIoU: 0.7375 (Best: 0.8103)
  [Class IoU] C0: 0.7871047986822455 | C1: 0.8569 | C2: 0.8019 | C3: 0.5041
  Patience count: 101/50
  Saving visuals for Epoch 140...
  Visuals saved to: /zhome/d2/4/167803/Desktop/Deep_project/02456-final-project/output_big_vali_res/epoch_0140_predictions.png
Epoch 141/400 | Train Loss: 33.9077
  Seg: 0.3390 | Recon: 0.0050
  Val mIoU: 0.7332 (Best: 0.8103)
  [Class IoU] C0: 0.7836884328038244 | C1: 0.8593 | C2: 0.7987 | C3: 0.4910
  Patience count: 102/50
Epoch 142/400 | Train Loss: 34.1452
  Seg: 0.3414 | Recon: 0.0050
  Val mIoU: 0.7599 (Best: 0.8103)
  [Class IoU] C0: 0.7974129846206568 | C1: 0.8903 | C2: 0.8174 | C3: 0.5346
  Patience count: 103/50
Epoch 143/400 | Train Loss: 33.0814
  Seg: 0.3308 | Recon: 0.0051
  Val mIoU: 0.7335 (Best: 0.8103)
  [Class IoU] C0: 0.7835399169349054 | C1: 0.8288 | C2: 0.8050 | C3: 0.5168
  Patience count: 104/50
Epoch 144/400 | Train Loss: 33.6652
  Seg: 0.3366 | Recon: 0.0049
  Val mIoU: 0.7438 (Best: 0.8103)
  [Class IoU] C0: 0.7870685350583131 | C1: 0.8558 | C2: 0.8110 | C3: 0.5213
  Patience count: 105/50
Epoch 145/400 | Train Loss: 34.0671
  Seg: 0.3406 | Recon: 0.0051
  Val mIoU: 0.7482 (Best: 0.8103)
  [Class IoU] C0: 0.7896731958108673 | C1: 0.8732 | C2: 0.8152 | C3: 0.5148
  Patience count: 106/50
Epoch 146/400 | Train Loss: 33.3691
  Seg: 0.3336 | Recon: 0.0051
  Val mIoU: 0.7575 (Best: 0.8103)
  [Class IoU] C0: 0.8016712452566238 | C1: 0.9072 | C2: 0.8103 | C3: 0.5110
  Patience count: 107/50
Epoch 147/400 | Train Loss: 34.5098
  Seg: 0.3450 | Recon: 0.0051
  Val mIoU: 0.7683 (Best: 0.8103)
  [Class IoU] C0: 0.811983088659319 | C1: 0.9247 | C2: 0.8138 | C3: 0.5229
  Patience count: 108/50
Epoch 148/400 | Train Loss: 34.2184
  Seg: 0.3421 | Recon: 0.0050
  Val mIoU: 0.7297 (Best: 0.8103)
  [Class IoU] C0: 0.7792226507076293 | C1: 0.8167 | C2: 0.8064 | C3: 0.5166
  Patience count: 109/50
Epoch 149/400 | Train Loss: 33.5279
  Seg: 0.3352 | Recon: 0.0051
  Val mIoU: 0.7455 (Best: 0.8103)
  [Class IoU] C0: 0.7957959229126425 | C1: 0.8964 | C2: 0.7983 | C3: 0.4914
  Patience count: 110/50
Epoch 150/400 | Train Loss: 33.9511
  Seg: 0.3395 | Recon: 0.0049
  Val mIoU: 0.7629 (Best: 0.8103)
  [Class IoU] C0: 0.8057419092990358 | C1: 0.9073 | C2: 0.8113 | C3: 0.5273
  Patience count: 111/50
Epoch 151/400 | Train Loss: 34.0842
  Seg: 0.3408 | Recon: 0.0052
  Val mIoU: 0.7513 (Best: 0.8103)
  [Class IoU] C0: 0.7924243640570324 | C1: 0.8775 | C2: 0.8117 | C3: 0.5235
  Patience count: 112/50
Epoch 152/400 | Train Loss: 33.9084
  Seg: 0.3390 | Recon: 0.0050
  Val mIoU: 0.7571 (Best: 0.8103)
  [Class IoU] C0: 0.7997707033671984 | C1: 0.9065 | C2: 0.8092 | C3: 0.5130
  Patience count: 113/50

------------------------------------------------------------
Sender: LSF System <lsfadmin@hpc.dtu.dk>
Subject: Job 27237051: <multi_big_job_gpua> in cluster <dcc> Exited

Job <multi_big_job_gpua> was submitted from host <gbarlogin1> by user <s214776> in cluster <dcc> at Mon Dec  1 14:58:40 2025
Job was executed on host(s) <8*n-62-12-20>, in queue <gpua100>, as user <s214776> in cluster <dcc> at Mon Dec  1 15:46:14 2025
</zhome/d2/4/167803> was used as the home directory.
</zhome/d2/4/167803/Desktop/Deep_project/02456-final-project> was used as the working directory.
Started at Mon Dec  1 15:46:14 2025
Terminated at Mon Dec  1 17:24:13 2025
Results reported at Mon Dec  1 17:24:13 2025

Your job looked like:

------------------------------------------------------------
# LSBATCH: User input
#!/bin/sh
### --- Job Name ---
#BSUB -J multi_big_job_gpua

### --- Log files ---
#BSUB -o /zhome/d2/4/167803/Desktop/Deep_project/02456-final-project/logs/multi_big_job_%J.out
#BSUB -e /zhome/d2/4/167803/Desktop/Deep_project/02456-final-project/logs/multi_big_job_%J.err
### --- Resource Requests ---
#BSUB -q gpua100             # Request GPU queue
#BSUB -gpu "num=1:mode=exclusive_process" # Request 1 GPU, all to myself
#BSUB -n 8                   # Request 4 CPU cores
#BSUB -R "rusage[mem=32GB]"   # Request 8GB memory
#BSUB -W 15:00                # 4 hour runtime limit

### --- Setup Environment ---
echo "Loading CUDA module..."
module load cuda/11.6         # Load CUDA module

echo "Loading Conda..."
# This is the full, correct path to your environment
source /zhome/d2/4/167803/miniforge3/bin/activate MBML
echo "Environment 'MBML' activated."

### --- Run Script ---
echo "Starting Python script..."
python /zhome/d2/4/167803/Desktop/Deep_project/02456-final-project/Model/multi_big_vali.py

echo "Job Finished."
------------------------------------------------------------

TERM_OWNER: job killed by owner.
Exited with exit code 130.

Resource usage summary:

    CPU time :                                   18543.00 sec.
    Max Memory :                                 3649 MB
    Average Memory :                             2938.84 MB
    Total Requested Memory :                     262144.00 MB
    Delta Memory :                               258495.00 MB
    Max Swap :                                   -
    Max Processes :                              20
    Max Threads :                                72
    Run time :                                   5879 sec.
    Turnaround time :                            8733 sec.

The output (if any) is above this job summary.



PS:

Read file </zhome/d2/4/167803/Desktop/Deep_project/02456-final-project/logs/multi_big_job_27237051.err> for stderr output of this job.

