Loading CUDA module...
Loading Conda...
Environment 'MBML' activated.
Starting Python script...
Using device: cuda
Using device: cuda
Found 28 image/label pairs.
--- success ---
Found 119 unlabeled images.
--- success ---
--- Training the MultiTaskNet on Liver Data ---

--- Epoch 1/300 ---
Batch 0/14 | Total Loss: 1.3437 | Recon Loss (Total): 0.4170 | Combo (CE+dice): 1.0935 

--- Epoch 2/300 ---
Batch 0/14 | Total Loss: 0.9484 | Recon Loss (Total): 0.1760 | Combo (CE+dice): 0.8428 

--- Epoch 3/300 ---
Batch 0/14 | Total Loss: 0.7890 | Recon Loss (Total): 0.0954 | Combo (CE+dice): 0.7318 

--- Epoch 4/300 ---
Batch 0/14 | Total Loss: 0.7492 | Recon Loss (Total): 0.0972 | Combo (CE+dice): 0.6909 

--- Epoch 5/300 ---
Batch 0/14 | Total Loss: 0.6619 | Recon Loss (Total): 0.0938 | Combo (CE+dice): 0.6056 

--- Epoch 6/300 ---
Batch 0/14 | Total Loss: 0.5692 | Recon Loss (Total): 0.0694 | Combo (CE+dice): 0.5276 

--- Epoch 7/300 ---
Batch 0/14 | Total Loss: 0.5667 | Recon Loss (Total): 0.0705 | Combo (CE+dice): 0.5244 

--- Epoch 8/300 ---
Batch 0/14 | Total Loss: 0.4897 | Recon Loss (Total): 0.0403 | Combo (CE+dice): 0.4655 

--- Epoch 9/300 ---
Batch 0/14 | Total Loss: 0.4841 | Recon Loss (Total): 0.0349 | Combo (CE+dice): 0.4631 

--- Epoch 10/300 ---
Batch 0/14 | Total Loss: 0.4328 | Recon Loss (Total): 0.0326 | Combo (CE+dice): 0.4133 

--- Epoch 11/300 ---
Batch 0/14 | Total Loss: 0.4634 | Recon Loss (Total): 0.0226 | Combo (CE+dice): 0.4499 

--- Epoch 12/300 ---
Batch 0/14 | Total Loss: 0.4717 | Recon Loss (Total): 0.0257 | Combo (CE+dice): 0.4563 

--- Epoch 13/300 ---
Batch 0/14 | Total Loss: 0.3838 | Recon Loss (Total): 0.0220 | Combo (CE+dice): 0.3706 

--- Epoch 14/300 ---
Batch 0/14 | Total Loss: 0.3798 | Recon Loss (Total): 0.0196 | Combo (CE+dice): 0.3681 

--- Epoch 15/300 ---
Batch 0/14 | Total Loss: 0.3675 | Recon Loss (Total): 0.0126 | Combo (CE+dice): 0.3599 

--- Epoch 16/300 ---
Batch 0/14 | Total Loss: 0.3413 | Recon Loss (Total): 0.0190 | Combo (CE+dice): 0.3299 

--- Epoch 17/300 ---
Batch 0/14 | Total Loss: 0.4004 | Recon Loss (Total): 0.0194 | Combo (CE+dice): 0.3888 

--- Epoch 18/300 ---
Batch 0/14 | Total Loss: 0.4138 | Recon Loss (Total): 0.0096 | Combo (CE+dice): 0.4080 

--- Epoch 19/300 ---
Batch 0/14 | Total Loss: 0.4118 | Recon Loss (Total): 0.0159 | Combo (CE+dice): 0.4023 

--- Epoch 20/300 ---
Batch 0/14 | Total Loss: 0.3296 | Recon Loss (Total): 0.0161 | Combo (CE+dice): 0.3199 

--- Epoch 21/300 ---
Batch 0/14 | Total Loss: 0.3755 | Recon Loss (Total): 0.0094 | Combo (CE+dice): 0.3699 

--- Epoch 22/300 ---
Batch 0/14 | Total Loss: 0.3472 | Recon Loss (Total): 0.0136 | Combo (CE+dice): 0.3390 

--- Epoch 23/300 ---
Batch 0/14 | Total Loss: 0.3383 | Recon Loss (Total): 0.0087 | Combo (CE+dice): 0.3331 

--- Epoch 24/300 ---
Batch 0/14 | Total Loss: 0.3523 | Recon Loss (Total): 0.0112 | Combo (CE+dice): 0.3455 

--- Epoch 25/300 ---
Batch 0/14 | Total Loss: 0.3710 | Recon Loss (Total): 0.0272 | Combo (CE+dice): 0.3547 

--- Epoch 26/300 ---
Batch 0/14 | Total Loss: 0.4045 | Recon Loss (Total): 0.0080 | Combo (CE+dice): 0.3997 

--- Epoch 27/300 ---
Batch 0/14 | Total Loss: 0.3193 | Recon Loss (Total): 0.0184 | Combo (CE+dice): 0.3082 

--- Epoch 28/300 ---
Batch 0/14 | Total Loss: 0.3074 | Recon Loss (Total): 0.0086 | Combo (CE+dice): 0.3023 

--- Epoch 29/300 ---
Batch 0/14 | Total Loss: 0.3227 | Recon Loss (Total): 0.0133 | Combo (CE+dice): 0.3148 

--- Epoch 30/300 ---
Batch 0/14 | Total Loss: 0.3546 | Recon Loss (Total): 0.0213 | Combo (CE+dice): 0.3419 

--- Epoch 31/300 ---
Batch 0/14 | Total Loss: 0.3366 | Recon Loss (Total): 0.0100 | Combo (CE+dice): 0.3306 

--- Epoch 32/300 ---
Batch 0/14 | Total Loss: 0.3544 | Recon Loss (Total): 0.0081 | Combo (CE+dice): 0.3495 

--- Epoch 33/300 ---
Batch 0/14 | Total Loss: 0.3175 | Recon Loss (Total): 0.0128 | Combo (CE+dice): 0.3098 

--- Epoch 34/300 ---
Batch 0/14 | Total Loss: 0.2998 | Recon Loss (Total): 0.0074 | Combo (CE+dice): 0.2954 

--- Epoch 35/300 ---
Batch 0/14 | Total Loss: 0.3179 | Recon Loss (Total): 0.0070 | Combo (CE+dice): 0.3137 

--- Epoch 36/300 ---
Batch 0/14 | Total Loss: 0.3080 | Recon Loss (Total): 0.0158 | Combo (CE+dice): 0.2986 

--- Epoch 37/300 ---
Batch 0/14 | Total Loss: 0.3163 | Recon Loss (Total): 0.0076 | Combo (CE+dice): 0.3118 

--- Epoch 38/300 ---
Batch 0/14 | Total Loss: 0.3465 | Recon Loss (Total): 0.0075 | Combo (CE+dice): 0.3420 

--- Epoch 39/300 ---
Batch 0/14 | Total Loss: 0.3287 | Recon Loss (Total): 0.0144 | Combo (CE+dice): 0.3200 

--- Epoch 40/300 ---
Batch 0/14 | Total Loss: 0.3096 | Recon Loss (Total): 0.0111 | Combo (CE+dice): 0.3030 

--- Epoch 41/300 ---
Batch 0/14 | Total Loss: 0.3045 | Recon Loss (Total): 0.0096 | Combo (CE+dice): 0.2987 

--- Epoch 42/300 ---
Batch 0/14 | Total Loss: 0.3063 | Recon Loss (Total): 0.0124 | Combo (CE+dice): 0.2989 

--- Epoch 43/300 ---
Batch 0/14 | Total Loss: 0.3093 | Recon Loss (Total): 0.0095 | Combo (CE+dice): 0.3036 

--- Epoch 44/300 ---
Batch 0/14 | Total Loss: 0.3226 | Recon Loss (Total): 0.0085 | Combo (CE+dice): 0.3175 

--- Epoch 45/300 ---
Batch 0/14 | Total Loss: 0.3244 | Recon Loss (Total): 0.0072 | Combo (CE+dice): 0.3200 

--- Epoch 46/300 ---
Batch 0/14 | Total Loss: 0.3203 | Recon Loss (Total): 0.0116 | Combo (CE+dice): 0.3133 

--- Epoch 47/300 ---
Batch 0/14 | Total Loss: 0.3058 | Recon Loss (Total): 0.0179 | Combo (CE+dice): 0.2951 

--- Epoch 48/300 ---
Batch 0/14 | Total Loss: 0.2933 | Recon Loss (Total): 0.0075 | Combo (CE+dice): 0.2889 

--- Epoch 49/300 ---
Batch 0/14 | Total Loss: 0.2923 | Recon Loss (Total): 0.0062 | Combo (CE+dice): 0.2885 

--- Epoch 50/300 ---
Batch 0/14 | Total Loss: 0.3048 | Recon Loss (Total): 0.0075 | Combo (CE+dice): 0.3003 

--- Epoch 51/300 ---
Batch 0/14 | Total Loss: 0.2931 | Recon Loss (Total): 0.0108 | Combo (CE+dice): 0.2866 

--- Epoch 52/300 ---
Batch 0/14 | Total Loss: 0.2893 | Recon Loss (Total): 0.0071 | Combo (CE+dice): 0.2850 

--- Epoch 53/300 ---
Batch 0/14 | Total Loss: 0.2884 | Recon Loss (Total): 0.0094 | Combo (CE+dice): 0.2828 

--- Epoch 54/300 ---
Batch 0/14 | Total Loss: 0.3251 | Recon Loss (Total): 0.0072 | Combo (CE+dice): 0.3208 

--- Epoch 55/300 ---
Batch 0/14 | Total Loss: 0.2918 | Recon Loss (Total): 0.0064 | Combo (CE+dice): 0.2880 

--- Epoch 56/300 ---
Batch 0/14 | Total Loss: 0.3030 | Recon Loss (Total): 0.0097 | Combo (CE+dice): 0.2972 

--- Epoch 57/300 ---
Batch 0/14 | Total Loss: 0.3009 | Recon Loss (Total): 0.0096 | Combo (CE+dice): 0.2951 

--- Epoch 58/300 ---
Batch 0/14 | Total Loss: 0.2834 | Recon Loss (Total): 0.0056 | Combo (CE+dice): 0.2800 

--- Epoch 59/300 ---
Batch 0/14 | Total Loss: 0.2967 | Recon Loss (Total): 0.0117 | Combo (CE+dice): 0.2897 

--- Epoch 60/300 ---
Batch 0/14 | Total Loss: 0.2914 | Recon Loss (Total): 0.0083 | Combo (CE+dice): 0.2864 

--- Epoch 61/300 ---
Batch 0/14 | Total Loss: 0.2868 | Recon Loss (Total): 0.0072 | Combo (CE+dice): 0.2825 

--- Epoch 62/300 ---
Batch 0/14 | Total Loss: 0.3155 | Recon Loss (Total): 0.0078 | Combo (CE+dice): 0.3108 

--- Epoch 63/300 ---
Batch 0/14 | Total Loss: 0.2930 | Recon Loss (Total): 0.0060 | Combo (CE+dice): 0.2894 

--- Epoch 64/300 ---
Batch 0/14 | Total Loss: 0.3050 | Recon Loss (Total): 0.0057 | Combo (CE+dice): 0.3016 

--- Epoch 65/300 ---
Batch 0/14 | Total Loss: 0.2981 | Recon Loss (Total): 0.0082 | Combo (CE+dice): 0.2932 

--- Epoch 66/300 ---
Batch 0/14 | Total Loss: 0.3033 | Recon Loss (Total): 0.0073 | Combo (CE+dice): 0.2990 

--- Epoch 67/300 ---
Batch 0/14 | Total Loss: 0.2950 | Recon Loss (Total): 0.0097 | Combo (CE+dice): 0.2892 

--- Epoch 68/300 ---
Batch 0/14 | Total Loss: 0.3042 | Recon Loss (Total): 0.0056 | Combo (CE+dice): 0.3009 

--- Epoch 69/300 ---
Batch 0/14 | Total Loss: 0.3027 | Recon Loss (Total): 0.0073 | Combo (CE+dice): 0.2984 

--- Epoch 70/300 ---
Batch 0/14 | Total Loss: 0.3457 | Recon Loss (Total): 0.0095 | Combo (CE+dice): 0.3400 

--- Epoch 71/300 ---
Batch 0/14 | Total Loss: 0.2854 | Recon Loss (Total): 0.0067 | Combo (CE+dice): 0.2813 

--- Epoch 72/300 ---
Batch 0/14 | Total Loss: 0.2951 | Recon Loss (Total): 0.0073 | Combo (CE+dice): 0.2907 

--- Epoch 73/300 ---
Batch 0/14 | Total Loss: 0.2777 | Recon Loss (Total): 0.0055 | Combo (CE+dice): 0.2743 

--- Epoch 74/300 ---
Batch 0/14 | Total Loss: 0.2801 | Recon Loss (Total): 0.0101 | Combo (CE+dice): 0.2740 

--- Epoch 75/300 ---
Batch 0/14 | Total Loss: 0.2903 | Recon Loss (Total): 0.0073 | Combo (CE+dice): 0.2859 

--- Epoch 76/300 ---
Batch 0/14 | Total Loss: 0.3133 | Recon Loss (Total): 0.0076 | Combo (CE+dice): 0.3088 

--- Epoch 77/300 ---
Batch 0/14 | Total Loss: 0.2953 | Recon Loss (Total): 0.0078 | Combo (CE+dice): 0.2906 

--- Epoch 78/300 ---
Batch 0/14 | Total Loss: 0.2822 | Recon Loss (Total): 0.0108 | Combo (CE+dice): 0.2757 

--- Epoch 79/300 ---
Batch 0/14 | Total Loss: 0.2747 | Recon Loss (Total): 0.0055 | Combo (CE+dice): 0.2714 

--- Epoch 80/300 ---
Batch 0/14 | Total Loss: 0.2912 | Recon Loss (Total): 0.0068 | Combo (CE+dice): 0.2871 

--- Epoch 81/300 ---
Batch 0/14 | Total Loss: 0.2828 | Recon Loss (Total): 0.0081 | Combo (CE+dice): 0.2780 

--- Epoch 82/300 ---
Batch 0/14 | Total Loss: 0.2769 | Recon Loss (Total): 0.0077 | Combo (CE+dice): 0.2723 

--- Epoch 83/300 ---
Batch 0/14 | Total Loss: 0.2961 | Recon Loss (Total): 0.0063 | Combo (CE+dice): 0.2922 

--- Epoch 84/300 ---
Batch 0/14 | Total Loss: 0.3044 | Recon Loss (Total): 0.0075 | Combo (CE+dice): 0.3000 

--- Epoch 85/300 ---
Batch 0/14 | Total Loss: 0.2875 | Recon Loss (Total): 0.0061 | Combo (CE+dice): 0.2838 

--- Epoch 86/300 ---
Batch 0/14 | Total Loss: 0.2972 | Recon Loss (Total): 0.0088 | Combo (CE+dice): 0.2919 

--- Epoch 87/300 ---
Batch 0/14 | Total Loss: 0.3338 | Recon Loss (Total): 0.0057 | Combo (CE+dice): 0.3303 

--- Epoch 88/300 ---
Batch 0/14 | Total Loss: 0.2817 | Recon Loss (Total): 0.0105 | Combo (CE+dice): 0.2754 

--- Epoch 89/300 ---
Batch 0/14 | Total Loss: 0.2796 | Recon Loss (Total): 0.0136 | Combo (CE+dice): 0.2715 

--- Epoch 90/300 ---
Batch 0/14 | Total Loss: 0.2829 | Recon Loss (Total): 0.0067 | Combo (CE+dice): 0.2789 

--- Epoch 91/300 ---
Batch 0/14 | Total Loss: 0.2809 | Recon Loss (Total): 0.0079 | Combo (CE+dice): 0.2761 

--- Epoch 92/300 ---
Batch 0/14 | Total Loss: 0.2950 | Recon Loss (Total): 0.0103 | Combo (CE+dice): 0.2889 

--- Epoch 93/300 ---
Batch 0/14 | Total Loss: 0.2631 | Recon Loss (Total): 0.0075 | Combo (CE+dice): 0.2586 

--- Epoch 94/300 ---
Batch 0/14 | Total Loss: 0.2764 | Recon Loss (Total): 0.0067 | Combo (CE+dice): 0.2724 

--- Epoch 95/300 ---
Batch 0/14 | Total Loss: 0.2695 | Recon Loss (Total): 0.0039 | Combo (CE+dice): 0.2671 

--- Epoch 96/300 ---
Batch 0/14 | Total Loss: 0.2997 | Recon Loss (Total): 0.0053 | Combo (CE+dice): 0.2965 

--- Epoch 97/300 ---
Batch 0/14 | Total Loss: 0.2823 | Recon Loss (Total): 0.0078 | Combo (CE+dice): 0.2777 

--- Epoch 98/300 ---
Batch 0/14 | Total Loss: 0.2677 | Recon Loss (Total): 0.0069 | Combo (CE+dice): 0.2635 

--- Epoch 99/300 ---
Batch 0/14 | Total Loss: 0.2846 | Recon Loss (Total): 0.0078 | Combo (CE+dice): 0.2800 

--- Epoch 100/300 ---
Batch 0/14 | Total Loss: 0.2647 | Recon Loss (Total): 0.0042 | Combo (CE+dice): 0.2621 

--- Epoch 101/300 ---
Batch 0/14 | Total Loss: 0.2807 | Recon Loss (Total): 0.0066 | Combo (CE+dice): 0.2767 

--- Epoch 102/300 ---
Batch 0/14 | Total Loss: 0.2776 | Recon Loss (Total): 0.0070 | Combo (CE+dice): 0.2734 

--- Epoch 103/300 ---
Batch 0/14 | Total Loss: 0.3018 | Recon Loss (Total): 0.0072 | Combo (CE+dice): 0.2975 

--- Epoch 104/300 ---
Batch 0/14 | Total Loss: 0.2727 | Recon Loss (Total): 0.0074 | Combo (CE+dice): 0.2683 

--- Epoch 105/300 ---
Batch 0/14 | Total Loss: 0.2852 | Recon Loss (Total): 0.0057 | Combo (CE+dice): 0.2818 

--- Epoch 106/300 ---
Batch 0/14 | Total Loss: 0.2840 | Recon Loss (Total): 0.0048 | Combo (CE+dice): 0.2811 

--- Epoch 107/300 ---
Batch 0/14 | Total Loss: 0.2641 | Recon Loss (Total): 0.0046 | Combo (CE+dice): 0.2613 

--- Epoch 108/300 ---
Batch 0/14 | Total Loss: 0.2682 | Recon Loss (Total): 0.0071 | Combo (CE+dice): 0.2639 

--- Epoch 109/300 ---
Batch 0/14 | Total Loss: 0.3252 | Recon Loss (Total): 0.0065 | Combo (CE+dice): 0.3213 

--- Epoch 110/300 ---
Batch 0/14 | Total Loss: 0.2841 | Recon Loss (Total): 0.0044 | Combo (CE+dice): 0.2815 

--- Epoch 111/300 ---
Batch 0/14 | Total Loss: 0.2610 | Recon Loss (Total): 0.0062 | Combo (CE+dice): 0.2572 

--- Epoch 112/300 ---
Batch 0/14 | Total Loss: 0.2709 | Recon Loss (Total): 0.0068 | Combo (CE+dice): 0.2668 

--- Epoch 113/300 ---
Batch 0/14 | Total Loss: 0.2842 | Recon Loss (Total): 0.0088 | Combo (CE+dice): 0.2789 

--- Epoch 114/300 ---
Batch 0/14 | Total Loss: 0.2912 | Recon Loss (Total): 0.0047 | Combo (CE+dice): 0.2884 

--- Epoch 115/300 ---
Batch 0/14 | Total Loss: 0.2515 | Recon Loss (Total): 0.0080 | Combo (CE+dice): 0.2467 

--- Epoch 116/300 ---
Batch 0/14 | Total Loss: 0.2390 | Recon Loss (Total): 0.0078 | Combo (CE+dice): 0.2343 

--- Epoch 117/300 ---
Batch 0/14 | Total Loss: 0.2839 | Recon Loss (Total): 0.0051 | Combo (CE+dice): 0.2808 

--- Epoch 118/300 ---
Batch 0/14 | Total Loss: 0.2983 | Recon Loss (Total): 0.0085 | Combo (CE+dice): 0.2933 

--- Epoch 119/300 ---
Batch 0/14 | Total Loss: 0.2019 | Recon Loss (Total): 0.0092 | Combo (CE+dice): 0.1964 

--- Epoch 120/300 ---
Batch 0/14 | Total Loss: 0.2903 | Recon Loss (Total): 0.0060 | Combo (CE+dice): 0.2867 

--- Epoch 121/300 ---
Batch 0/14 | Total Loss: 0.2638 | Recon Loss (Total): 0.0047 | Combo (CE+dice): 0.2610 

--- Epoch 122/300 ---
Batch 0/14 | Total Loss: 0.3067 | Recon Loss (Total): 0.0067 | Combo (CE+dice): 0.3027 

--- Epoch 123/300 ---
Batch 0/14 | Total Loss: 0.2305 | Recon Loss (Total): 0.0046 | Combo (CE+dice): 0.2277 

--- Epoch 124/300 ---
Batch 0/14 | Total Loss: 0.2339 | Recon Loss (Total): 0.0048 | Combo (CE+dice): 0.2310 

--- Epoch 125/300 ---
Batch 0/14 | Total Loss: 0.2684 | Recon Loss (Total): 0.0037 | Combo (CE+dice): 0.2662 

--- Epoch 126/300 ---
Batch 0/14 | Total Loss: 0.2717 | Recon Loss (Total): 0.0047 | Combo (CE+dice): 0.2689 

--- Epoch 127/300 ---
Batch 0/14 | Total Loss: 0.2947 | Recon Loss (Total): 0.0110 | Combo (CE+dice): 0.2881 

--- Epoch 128/300 ---
Batch 0/14 | Total Loss: 0.2443 | Recon Loss (Total): 0.0067 | Combo (CE+dice): 0.2403 

--- Epoch 129/300 ---
Batch 0/14 | Total Loss: 0.2075 | Recon Loss (Total): 0.0063 | Combo (CE+dice): 0.2037 

--- Epoch 130/300 ---
Batch 0/14 | Total Loss: 0.2329 | Recon Loss (Total): 0.0042 | Combo (CE+dice): 0.2304 

--- Epoch 131/300 ---
Batch 0/14 | Total Loss: 0.1659 | Recon Loss (Total): 0.0069 | Combo (CE+dice): 0.1618 

--- Epoch 132/300 ---
Batch 0/14 | Total Loss: 0.2800 | Recon Loss (Total): 0.0050 | Combo (CE+dice): 0.2769 

--- Epoch 133/300 ---
Batch 0/14 | Total Loss: 0.2837 | Recon Loss (Total): 0.0064 | Combo (CE+dice): 0.2798 

--- Epoch 134/300 ---
Batch 0/14 | Total Loss: 0.2943 | Recon Loss (Total): 0.0056 | Combo (CE+dice): 0.2910 

--- Epoch 135/300 ---
Batch 0/14 | Total Loss: 0.2370 | Recon Loss (Total): 0.0053 | Combo (CE+dice): 0.2339 

--- Epoch 136/300 ---
Batch 0/14 | Total Loss: 0.2454 | Recon Loss (Total): 0.0051 | Combo (CE+dice): 0.2423 

--- Epoch 137/300 ---
Batch 0/14 | Total Loss: 0.2796 | Recon Loss (Total): 0.0048 | Combo (CE+dice): 0.2768 

--- Epoch 138/300 ---
Batch 0/14 | Total Loss: 0.2583 | Recon Loss (Total): 0.0049 | Combo (CE+dice): 0.2553 

--- Epoch 139/300 ---
Batch 0/14 | Total Loss: 0.2031 | Recon Loss (Total): 0.0066 | Combo (CE+dice): 0.1991 

--- Epoch 140/300 ---
Batch 0/14 | Total Loss: 0.2868 | Recon Loss (Total): 0.0053 | Combo (CE+dice): 0.2836 

--- Epoch 141/300 ---
Batch 0/14 | Total Loss: 0.2360 | Recon Loss (Total): 0.0063 | Combo (CE+dice): 0.2322 

--- Epoch 142/300 ---
Batch 0/14 | Total Loss: 0.2773 | Recon Loss (Total): 0.0047 | Combo (CE+dice): 0.2745 

--- Epoch 143/300 ---
Batch 0/14 | Total Loss: 0.2064 | Recon Loss (Total): 0.0068 | Combo (CE+dice): 0.2023 

--- Epoch 144/300 ---
Batch 0/14 | Total Loss: 0.2443 | Recon Loss (Total): 0.0072 | Combo (CE+dice): 0.2400 

--- Epoch 145/300 ---
Batch 0/14 | Total Loss: 0.2942 | Recon Loss (Total): 0.0064 | Combo (CE+dice): 0.2903 

--- Epoch 146/300 ---
Batch 0/14 | Total Loss: 0.2011 | Recon Loss (Total): 0.0041 | Combo (CE+dice): 0.1986 

--- Epoch 147/300 ---
Batch 0/14 | Total Loss: 0.2550 | Recon Loss (Total): 0.0054 | Combo (CE+dice): 0.2518 

--- Epoch 148/300 ---
Batch 0/14 | Total Loss: 0.2206 | Recon Loss (Total): 0.0040 | Combo (CE+dice): 0.2182 

--- Epoch 149/300 ---
Batch 0/14 | Total Loss: 0.3089 | Recon Loss (Total): 0.0047 | Combo (CE+dice): 0.3061 

--- Epoch 150/300 ---
Batch 0/14 | Total Loss: 0.2629 | Recon Loss (Total): 0.0054 | Combo (CE+dice): 0.2597 

--- Epoch 151/300 ---
Batch 0/14 | Total Loss: 0.2250 | Recon Loss (Total): 0.0061 | Combo (CE+dice): 0.2214 

--- Epoch 152/300 ---
Batch 0/14 | Total Loss: 0.2717 | Recon Loss (Total): 0.0056 | Combo (CE+dice): 0.2684 

--- Epoch 153/300 ---
Batch 0/14 | Total Loss: 0.2475 | Recon Loss (Total): 0.0054 | Combo (CE+dice): 0.2443 

--- Epoch 154/300 ---
Batch 0/14 | Total Loss: 0.1657 | Recon Loss (Total): 0.0048 | Combo (CE+dice): 0.1628 

--- Epoch 155/300 ---
Batch 0/14 | Total Loss: 0.2698 | Recon Loss (Total): 0.0057 | Combo (CE+dice): 0.2664 

--- Epoch 156/300 ---
Batch 0/14 | Total Loss: 0.2265 | Recon Loss (Total): 0.0039 | Combo (CE+dice): 0.2241 

--- Epoch 157/300 ---
Batch 0/14 | Total Loss: 0.2916 | Recon Loss (Total): 0.0057 | Combo (CE+dice): 0.2882 

--- Epoch 158/300 ---
Batch 0/14 | Total Loss: 0.2482 | Recon Loss (Total): 0.0095 | Combo (CE+dice): 0.2425 

--- Epoch 159/300 ---
Batch 0/14 | Total Loss: 0.2010 | Recon Loss (Total): 0.0048 | Combo (CE+dice): 0.1981 

--- Epoch 160/300 ---
Batch 0/14 | Total Loss: 0.2063 | Recon Loss (Total): 0.0075 | Combo (CE+dice): 0.2018 

--- Epoch 161/300 ---
Batch 0/14 | Total Loss: 0.1731 | Recon Loss (Total): 0.0038 | Combo (CE+dice): 0.1708 

--- Epoch 162/300 ---
Batch 0/14 | Total Loss: 0.1895 | Recon Loss (Total): 0.0056 | Combo (CE+dice): 0.1862 

--- Epoch 163/300 ---
Batch 0/14 | Total Loss: 0.2238 | Recon Loss (Total): 0.0050 | Combo (CE+dice): 0.2209 

--- Epoch 164/300 ---
Batch 0/14 | Total Loss: 0.2842 | Recon Loss (Total): 0.0091 | Combo (CE+dice): 0.2788 

--- Epoch 165/300 ---
Batch 0/14 | Total Loss: 0.2298 | Recon Loss (Total): 0.0036 | Combo (CE+dice): 0.2276 

--- Epoch 166/300 ---
Batch 0/14 | Total Loss: 0.2856 | Recon Loss (Total): 0.0063 | Combo (CE+dice): 0.2818 

--- Epoch 167/300 ---
Batch 0/14 | Total Loss: 0.1439 | Recon Loss (Total): 0.0063 | Combo (CE+dice): 0.1402 

--- Epoch 168/300 ---
Batch 0/14 | Total Loss: 0.1845 | Recon Loss (Total): 0.0042 | Combo (CE+dice): 0.1820 

--- Epoch 169/300 ---
Batch 0/14 | Total Loss: 0.3023 | Recon Loss (Total): 0.0043 | Combo (CE+dice): 0.2997 

--- Epoch 170/300 ---
Batch 0/14 | Total Loss: 0.2748 | Recon Loss (Total): 0.0076 | Combo (CE+dice): 0.2702 

--- Epoch 171/300 ---
Batch 0/14 | Total Loss: 0.2632 | Recon Loss (Total): 0.0056 | Combo (CE+dice): 0.2598 

--- Epoch 172/300 ---
Batch 0/14 | Total Loss: 0.1285 | Recon Loss (Total): 0.0055 | Combo (CE+dice): 0.1252 

--- Epoch 173/300 ---
Batch 0/14 | Total Loss: 0.2055 | Recon Loss (Total): 0.0059 | Combo (CE+dice): 0.2020 

--- Epoch 174/300 ---
Batch 0/14 | Total Loss: 0.1535 | Recon Loss (Total): 0.0043 | Combo (CE+dice): 0.1510 

--- Epoch 175/300 ---
Batch 0/14 | Total Loss: 0.2515 | Recon Loss (Total): 0.0049 | Combo (CE+dice): 0.2486 

--- Epoch 176/300 ---
Batch 0/14 | Total Loss: 0.2499 | Recon Loss (Total): 0.0036 | Combo (CE+dice): 0.2477 

--- Epoch 177/300 ---
Batch 0/14 | Total Loss: 0.2480 | Recon Loss (Total): 0.0073 | Combo (CE+dice): 0.2437 

--- Epoch 178/300 ---
Batch 0/14 | Total Loss: 0.1406 | Recon Loss (Total): 0.0056 | Combo (CE+dice): 0.1372 

--- Epoch 179/300 ---
Batch 0/14 | Total Loss: 0.3236 | Recon Loss (Total): 0.0053 | Combo (CE+dice): 0.3204 

--- Epoch 180/300 ---
Batch 0/14 | Total Loss: 0.1939 | Recon Loss (Total): 0.0043 | Combo (CE+dice): 0.1914 

--- Epoch 181/300 ---
Batch 0/14 | Total Loss: 0.1840 | Recon Loss (Total): 0.0042 | Combo (CE+dice): 0.1815 

--- Epoch 182/300 ---
Batch 0/14 | Total Loss: 0.1579 | Recon Loss (Total): 0.0041 | Combo (CE+dice): 0.1555 

--- Epoch 183/300 ---
Batch 0/14 | Total Loss: 0.2841 | Recon Loss (Total): 0.0045 | Combo (CE+dice): 0.2814 

--- Epoch 184/300 ---
Batch 0/14 | Total Loss: 0.2931 | Recon Loss (Total): 0.0065 | Combo (CE+dice): 0.2892 

--- Epoch 185/300 ---
Batch 0/14 | Total Loss: 0.2734 | Recon Loss (Total): 0.0041 | Combo (CE+dice): 0.2709 

--- Epoch 186/300 ---
Batch 0/14 | Total Loss: 0.2450 | Recon Loss (Total): 0.0083 | Combo (CE+dice): 0.2400 

--- Epoch 187/300 ---
Batch 0/14 | Total Loss: 0.1934 | Recon Loss (Total): 0.0042 | Combo (CE+dice): 0.1909 

--- Epoch 188/300 ---
Batch 0/14 | Total Loss: 0.2327 | Recon Loss (Total): 0.0056 | Combo (CE+dice): 0.2293 

--- Epoch 189/300 ---
Batch 0/14 | Total Loss: 0.1838 | Recon Loss (Total): 0.0051 | Combo (CE+dice): 0.1807 

--- Epoch 190/300 ---
Batch 0/14 | Total Loss: 0.1821 | Recon Loss (Total): 0.0048 | Combo (CE+dice): 0.1792 

--- Epoch 191/300 ---
Batch 0/14 | Total Loss: 0.2041 | Recon Loss (Total): 0.0057 | Combo (CE+dice): 0.2007 

--- Epoch 192/300 ---
Batch 0/14 | Total Loss: 0.1497 | Recon Loss (Total): 0.0054 | Combo (CE+dice): 0.1465 

--- Epoch 193/300 ---
Batch 0/14 | Total Loss: 0.1247 | Recon Loss (Total): 0.0048 | Combo (CE+dice): 0.1218 

--- Epoch 194/300 ---
Batch 0/14 | Total Loss: 0.2063 | Recon Loss (Total): 0.0052 | Combo (CE+dice): 0.2032 

--- Epoch 195/300 ---
Batch 0/14 | Total Loss: 0.1148 | Recon Loss (Total): 0.0062 | Combo (CE+dice): 0.1111 

--- Epoch 196/300 ---
Batch 0/14 | Total Loss: 0.2056 | Recon Loss (Total): 0.0109 | Combo (CE+dice): 0.1991 

--- Epoch 197/300 ---
Batch 0/14 | Total Loss: 0.2242 | Recon Loss (Total): 0.0047 | Combo (CE+dice): 0.2213 

--- Epoch 198/300 ---
Batch 0/14 | Total Loss: 0.2144 | Recon Loss (Total): 0.0054 | Combo (CE+dice): 0.2111 

--- Epoch 199/300 ---
Batch 0/14 | Total Loss: 0.2248 | Recon Loss (Total): 0.0080 | Combo (CE+dice): 0.2200 

--- Epoch 200/300 ---
Batch 0/14 | Total Loss: 0.2011 | Recon Loss (Total): 0.0056 | Combo (CE+dice): 0.1977 

--- Epoch 201/300 ---
Batch 0/14 | Total Loss: 0.1788 | Recon Loss (Total): 0.0038 | Combo (CE+dice): 0.1766 

--- Epoch 202/300 ---
Batch 0/14 | Total Loss: 0.2025 | Recon Loss (Total): 0.0051 | Combo (CE+dice): 0.1995 

--- Epoch 203/300 ---
Batch 0/14 | Total Loss: 0.2254 | Recon Loss (Total): 0.0038 | Combo (CE+dice): 0.2231 

--- Epoch 204/300 ---
Batch 0/14 | Total Loss: 0.1744 | Recon Loss (Total): 0.0050 | Combo (CE+dice): 0.1714 

--- Epoch 205/300 ---
Batch 0/14 | Total Loss: 0.1255 | Recon Loss (Total): 0.0050 | Combo (CE+dice): 0.1225 

--- Epoch 206/300 ---
Batch 0/14 | Total Loss: 0.2334 | Recon Loss (Total): 0.0050 | Combo (CE+dice): 0.2304 

--- Epoch 207/300 ---
Batch 0/14 | Total Loss: 0.2224 | Recon Loss (Total): 0.0058 | Combo (CE+dice): 0.2189 

--- Epoch 208/300 ---
Batch 0/14 | Total Loss: 0.1077 | Recon Loss (Total): 0.0069 | Combo (CE+dice): 0.1036 

--- Epoch 209/300 ---
Batch 0/14 | Total Loss: 0.1380 | Recon Loss (Total): 0.0051 | Combo (CE+dice): 0.1349 

--- Epoch 210/300 ---
Batch 0/14 | Total Loss: 0.1342 | Recon Loss (Total): 0.0045 | Combo (CE+dice): 0.1315 

--- Epoch 211/300 ---
Batch 0/14 | Total Loss: 0.2515 | Recon Loss (Total): 0.0044 | Combo (CE+dice): 0.2489 

--- Epoch 212/300 ---
Batch 0/14 | Total Loss: 0.1298 | Recon Loss (Total): 0.0048 | Combo (CE+dice): 0.1269 

--- Epoch 213/300 ---
Batch 0/14 | Total Loss: 0.1049 | Recon Loss (Total): 0.0035 | Combo (CE+dice): 0.1027 

--- Epoch 214/300 ---
Batch 0/14 | Total Loss: 0.1325 | Recon Loss (Total): 0.0044 | Combo (CE+dice): 0.1298 

--- Epoch 215/300 ---
Batch 0/14 | Total Loss: 0.1969 | Recon Loss (Total): 0.0074 | Combo (CE+dice): 0.1924 

--- Epoch 216/300 ---
Batch 0/14 | Total Loss: 0.1526 | Recon Loss (Total): 0.0061 | Combo (CE+dice): 0.1489 

--- Epoch 217/300 ---
Batch 0/14 | Total Loss: 0.1027 | Recon Loss (Total): 0.0079 | Combo (CE+dice): 0.0979 

--- Epoch 218/300 ---
Batch 0/14 | Total Loss: 0.2735 | Recon Loss (Total): 0.0058 | Combo (CE+dice): 0.2700 

--- Epoch 219/300 ---
Batch 0/14 | Total Loss: 0.1981 | Recon Loss (Total): 0.0043 | Combo (CE+dice): 0.1955 

--- Epoch 220/300 ---
Batch 0/14 | Total Loss: 0.1400 | Recon Loss (Total): 0.0041 | Combo (CE+dice): 0.1375 

--- Epoch 221/300 ---
Batch 0/14 | Total Loss: 0.1030 | Recon Loss (Total): 0.0040 | Combo (CE+dice): 0.1006 

--- Epoch 222/300 ---
Batch 0/14 | Total Loss: 0.2765 | Recon Loss (Total): 0.0052 | Combo (CE+dice): 0.2734 

--- Epoch 223/300 ---
Batch 0/14 | Total Loss: 0.0894 | Recon Loss (Total): 0.0057 | Combo (CE+dice): 0.0860 

--- Epoch 224/300 ---
Batch 0/14 | Total Loss: 0.0815 | Recon Loss (Total): 0.0047 | Combo (CE+dice): 0.0787 

--- Epoch 225/300 ---
Batch 0/14 | Total Loss: 0.2173 | Recon Loss (Total): 0.0065 | Combo (CE+dice): 0.2134 

--- Epoch 226/300 ---
Batch 0/14 | Total Loss: 0.1181 | Recon Loss (Total): 0.0071 | Combo (CE+dice): 0.1138 

--- Epoch 227/300 ---
Batch 0/14 | Total Loss: 0.2712 | Recon Loss (Total): 0.0067 | Combo (CE+dice): 0.2672 

--- Epoch 228/300 ---
Batch 0/14 | Total Loss: 0.1036 | Recon Loss (Total): 0.0063 | Combo (CE+dice): 0.0998 

--- Epoch 229/300 ---
Batch 0/14 | Total Loss: 0.1351 | Recon Loss (Total): 0.0046 | Combo (CE+dice): 0.1323 

--- Epoch 230/300 ---
Batch 0/14 | Total Loss: 0.2207 | Recon Loss (Total): 0.0051 | Combo (CE+dice): 0.2177 

--- Epoch 231/300 ---
Batch 0/14 | Total Loss: 0.1847 | Recon Loss (Total): 0.0043 | Combo (CE+dice): 0.1821 

--- Epoch 232/300 ---
Batch 0/14 | Total Loss: 0.1047 | Recon Loss (Total): 0.0046 | Combo (CE+dice): 0.1020 

--- Epoch 233/300 ---
Batch 0/14 | Total Loss: 0.2422 | Recon Loss (Total): 0.0034 | Combo (CE+dice): 0.2401 

--- Epoch 234/300 ---
Batch 0/14 | Total Loss: 0.2390 | Recon Loss (Total): 0.0043 | Combo (CE+dice): 0.2364 

--- Epoch 235/300 ---
Batch 0/14 | Total Loss: 0.2716 | Recon Loss (Total): 0.0049 | Combo (CE+dice): 0.2687 

--- Epoch 236/300 ---
Batch 0/14 | Total Loss: 0.2310 | Recon Loss (Total): 0.0045 | Combo (CE+dice): 0.2284 

--- Epoch 237/300 ---
Batch 0/14 | Total Loss: 0.1930 | Recon Loss (Total): 0.0041 | Combo (CE+dice): 0.1905 

--- Epoch 238/300 ---
Batch 0/14 | Total Loss: 0.1598 | Recon Loss (Total): 0.0061 | Combo (CE+dice): 0.1562 

--- Epoch 239/300 ---
Batch 0/14 | Total Loss: 0.1645 | Recon Loss (Total): 0.0049 | Combo (CE+dice): 0.1615 

--- Epoch 240/300 ---
Batch 0/14 | Total Loss: 0.2338 | Recon Loss (Total): 0.0074 | Combo (CE+dice): 0.2294 

--- Epoch 241/300 ---
Batch 0/14 | Total Loss: 0.1317 | Recon Loss (Total): 0.0041 | Combo (CE+dice): 0.1292 

--- Epoch 242/300 ---
Batch 0/14 | Total Loss: 0.1844 | Recon Loss (Total): 0.0059 | Combo (CE+dice): 0.1809 

--- Epoch 243/300 ---
Batch 0/14 | Total Loss: 0.1720 | Recon Loss (Total): 0.0035 | Combo (CE+dice): 0.1699 

--- Epoch 244/300 ---
Batch 0/14 | Total Loss: 0.2445 | Recon Loss (Total): 0.0065 | Combo (CE+dice): 0.2406 

--- Epoch 245/300 ---
Batch 0/14 | Total Loss: 0.2490 | Recon Loss (Total): 0.0049 | Combo (CE+dice): 0.2461 

--- Epoch 246/300 ---
Batch 0/14 | Total Loss: 0.1814 | Recon Loss (Total): 0.0041 | Combo (CE+dice): 0.1790 

--- Epoch 247/300 ---
Batch 0/14 | Total Loss: 0.0816 | Recon Loss (Total): 0.0033 | Combo (CE+dice): 0.0796 

--- Epoch 248/300 ---
Batch 0/14 | Total Loss: 0.1713 | Recon Loss (Total): 0.0058 | Combo (CE+dice): 0.1678 

--- Epoch 249/300 ---
Batch 0/14 | Total Loss: 0.1501 | Recon Loss (Total): 0.0037 | Combo (CE+dice): 0.1479 

--- Epoch 250/300 ---
Batch 0/14 | Total Loss: 0.1037 | Recon Loss (Total): 0.0049 | Combo (CE+dice): 0.1008 

--- Epoch 251/300 ---
Batch 0/14 | Total Loss: 0.0705 | Recon Loss (Total): 0.0067 | Combo (CE+dice): 0.0665 

--- Epoch 252/300 ---
Batch 0/14 | Total Loss: 0.2794 | Recon Loss (Total): 0.0055 | Combo (CE+dice): 0.2761 

--- Epoch 253/300 ---
Batch 0/14 | Total Loss: 0.1850 | Recon Loss (Total): 0.0043 | Combo (CE+dice): 0.1824 

--- Epoch 254/300 ---
Batch 0/14 | Total Loss: 0.1634 | Recon Loss (Total): 0.0032 | Combo (CE+dice): 0.1615 

--- Epoch 255/300 ---
Batch 0/14 | Total Loss: 0.0945 | Recon Loss (Total): 0.0073 | Combo (CE+dice): 0.0902 

--- Epoch 256/300 ---
Batch 0/14 | Total Loss: 0.1903 | Recon Loss (Total): 0.0047 | Combo (CE+dice): 0.1875 

--- Epoch 257/300 ---
Batch 0/14 | Total Loss: 0.1732 | Recon Loss (Total): 0.0035 | Combo (CE+dice): 0.1711 

--- Epoch 258/300 ---
Batch 0/14 | Total Loss: 0.2806 | Recon Loss (Total): 0.0079 | Combo (CE+dice): 0.2758 

--- Epoch 259/300 ---
Batch 0/14 | Total Loss: 0.2088 | Recon Loss (Total): 0.0050 | Combo (CE+dice): 0.2058 

--- Epoch 260/300 ---
Batch 0/14 | Total Loss: 0.2288 | Recon Loss (Total): 0.0038 | Combo (CE+dice): 0.2265 

--- Epoch 261/300 ---
Batch 0/14 | Total Loss: 0.1138 | Recon Loss (Total): 0.0044 | Combo (CE+dice): 0.1112 

--- Epoch 262/300 ---
Batch 0/14 | Total Loss: 0.0897 | Recon Loss (Total): 0.0039 | Combo (CE+dice): 0.0873 

--- Epoch 263/300 ---
Batch 0/14 | Total Loss: 0.1332 | Recon Loss (Total): 0.0033 | Combo (CE+dice): 0.1312 

--- Epoch 264/300 ---
Batch 0/14 | Total Loss: 0.1805 | Recon Loss (Total): 0.0034 | Combo (CE+dice): 0.1785 

--- Epoch 265/300 ---
Batch 0/14 | Total Loss: 0.2335 | Recon Loss (Total): 0.0043 | Combo (CE+dice): 0.2309 

--- Epoch 266/300 ---
Batch 0/14 | Total Loss: 0.0643 | Recon Loss (Total): 0.0049 | Combo (CE+dice): 0.0613 

--- Epoch 267/300 ---
Batch 0/14 | Total Loss: 0.2250 | Recon Loss (Total): 0.0040 | Combo (CE+dice): 0.2226 

--- Epoch 268/300 ---
Batch 0/14 | Total Loss: 0.1776 | Recon Loss (Total): 0.0049 | Combo (CE+dice): 0.1747 

--- Epoch 269/300 ---
Batch 0/14 | Total Loss: 0.0957 | Recon Loss (Total): 0.0071 | Combo (CE+dice): 0.0915 

--- Epoch 270/300 ---
Batch 0/14 | Total Loss: 0.1231 | Recon Loss (Total): 0.0036 | Combo (CE+dice): 0.1210 

--- Epoch 271/300 ---
Batch 0/14 | Total Loss: 0.1724 | Recon Loss (Total): 0.0049 | Combo (CE+dice): 0.1694 

--- Epoch 272/300 ---
Batch 0/14 | Total Loss: 0.2540 | Recon Loss (Total): 0.0066 | Combo (CE+dice): 0.2500 

--- Epoch 273/300 ---
Batch 0/14 | Total Loss: 0.1384 | Recon Loss (Total): 0.0044 | Combo (CE+dice): 0.1357 

--- Epoch 274/300 ---
Batch 0/14 | Total Loss: 0.1510 | Recon Loss (Total): 0.0070 | Combo (CE+dice): 0.1469 

--- Epoch 275/300 ---
Batch 0/14 | Total Loss: 0.1704 | Recon Loss (Total): 0.0049 | Combo (CE+dice): 0.1674 

--- Epoch 276/300 ---
Batch 0/14 | Total Loss: 0.1437 | Recon Loss (Total): 0.0041 | Combo (CE+dice): 0.1412 

--- Epoch 277/300 ---
Batch 0/14 | Total Loss: 0.1667 | Recon Loss (Total): 0.0054 | Combo (CE+dice): 0.1634 

--- Epoch 278/300 ---
Batch 0/14 | Total Loss: 0.1672 | Recon Loss (Total): 0.0042 | Combo (CE+dice): 0.1647 

--- Epoch 279/300 ---
Batch 0/14 | Total Loss: 0.1256 | Recon Loss (Total): 0.0048 | Combo (CE+dice): 0.1228 

--- Epoch 280/300 ---
Batch 0/14 | Total Loss: 0.1128 | Recon Loss (Total): 0.0073 | Combo (CE+dice): 0.1083 

--- Epoch 281/300 ---
Batch 0/14 | Total Loss: 0.1552 | Recon Loss (Total): 0.0036 | Combo (CE+dice): 0.1531 

--- Epoch 282/300 ---
Batch 0/14 | Total Loss: 0.1598 | Recon Loss (Total): 0.0061 | Combo (CE+dice): 0.1561 

--- Epoch 283/300 ---
Batch 0/14 | Total Loss: 0.1844 | Recon Loss (Total): 0.0049 | Combo (CE+dice): 0.1815 

--- Epoch 284/300 ---
Batch 0/14 | Total Loss: 0.1872 | Recon Loss (Total): 0.0040 | Combo (CE+dice): 0.1848 

--- Epoch 285/300 ---
Batch 0/14 | Total Loss: 0.1789 | Recon Loss (Total): 0.0076 | Combo (CE+dice): 0.1743 

--- Epoch 286/300 ---
Batch 0/14 | Total Loss: 0.1706 | Recon Loss (Total): 0.0040 | Combo (CE+dice): 0.1682 

--- Epoch 287/300 ---
Batch 0/14 | Total Loss: 0.1800 | Recon Loss (Total): 0.0049 | Combo (CE+dice): 0.1771 

--- Epoch 288/300 ---
Batch 0/14 | Total Loss: 0.1643 | Recon Loss (Total): 0.0042 | Combo (CE+dice): 0.1618 

--- Epoch 289/300 ---
Batch 0/14 | Total Loss: 0.1881 | Recon Loss (Total): 0.0041 | Combo (CE+dice): 0.1857 

--- Epoch 290/300 ---
Batch 0/14 | Total Loss: 0.2009 | Recon Loss (Total): 0.0064 | Combo (CE+dice): 0.1971 

--- Epoch 291/300 ---
Batch 0/14 | Total Loss: 0.1668 | Recon Loss (Total): 0.0070 | Combo (CE+dice): 0.1625 

--- Epoch 292/300 ---
Batch 0/14 | Total Loss: 0.1945 | Recon Loss (Total): 0.0045 | Combo (CE+dice): 0.1918 

--- Epoch 293/300 ---
Batch 0/14 | Total Loss: 0.1711 | Recon Loss (Total): 0.0036 | Combo (CE+dice): 0.1689 

--- Epoch 294/300 ---
Batch 0/14 | Total Loss: 0.1687 | Recon Loss (Total): 0.0056 | Combo (CE+dice): 0.1653 

--- Epoch 295/300 ---
Batch 0/14 | Total Loss: 0.1380 | Recon Loss (Total): 0.0039 | Combo (CE+dice): 0.1356 

--- Epoch 296/300 ---
Batch 0/14 | Total Loss: 0.0880 | Recon Loss (Total): 0.0042 | Combo (CE+dice): 0.0855 

--- Epoch 297/300 ---
Batch 0/14 | Total Loss: 0.1183 | Recon Loss (Total): 0.0045 | Combo (CE+dice): 0.1156 

--- Epoch 298/300 ---
Batch 0/14 | Total Loss: 0.1191 | Recon Loss (Total): 0.0071 | Combo (CE+dice): 0.1149 

--- Epoch 299/300 ---
Batch 0/14 | Total Loss: 0.1140 | Recon Loss (Total): 0.0050 | Combo (CE+dice): 0.1110 

--- Epoch 300/300 ---
Batch 0/14 | Total Loss: 0.1492 | Recon Loss (Total): 0.0038 | Combo (CE+dice): 0.1469 
--- Training Finished ---
Saving model weights...
Model saved to /zhome/d2/4/167803/Desktop/Deep_project/02456-final-project/Trained_models/multi_big.pth
Job Finished.

------------------------------------------------------------
Sender: LSF System <lsfadmin@hpc.dtu.dk>
Subject: Job 27050250: <multi_big_job> in cluster <dcc> Done

Job <multi_big_job> was submitted from host <gbarlogin1> by user <s214776> in cluster <dcc> at Mon Nov 17 10:21:09 2025
Job was executed on host(s) <8*n-62-13-17>, in queue <gpul40s>, as user <s214776> in cluster <dcc> at Mon Nov 17 15:35:47 2025
</zhome/d2/4/167803> was used as the home directory.
</zhome/d2/4/167803/Desktop/Deep_project/02456-final-project> was used as the working directory.
Started at Mon Nov 17 15:35:47 2025
Terminated at Mon Nov 17 16:22:24 2025
Results reported at Mon Nov 17 16:22:24 2025

Your job looked like:

------------------------------------------------------------
# LSBATCH: User input
#!/bin/sh
### --- Job Name ---
#BSUB -J multi_big_job

### --- Log files ---
#BSUB -o /zhome/d2/4/167803/Desktop/Deep_project/02456-final-project/logs/multi_big_job_%J.out
#BSUB -e /zhome/d2/4/167803/Desktop/Deep_project/02456-final-project/logs/multi_big_job_%J.err
### --- Resource Requests ---
#BSUB -q gpul40s             # Request GPU queue
#BSUB -gpu "num=1:mode=exclusive_process" # Request 1 GPU, all to myself
#BSUB -n 8                   # Request 4 CPU cores
#BSUB -R "rusage[mem=32GB]"   # Request 8GB memory
#BSUB -W 04:00                # 4 hour runtime limit

### --- Setup Environment ---
echo "Loading CUDA module..."
module load cuda/11.6         # Load CUDA module

echo "Loading Conda..."
# This is the full, correct path to your environment
source /zhome/d2/4/167803/miniforge3/bin/activate MBML
echo "Environment 'MBML' activated."

### --- Run Script ---
echo "Starting Python script..."
python /zhome/d2/4/167803/Desktop/Deep_project/02456-final-project/Model/multitask_big.py

echo "Job Finished."
------------------------------------------------------------

Successfully completed.

Resource usage summary:

    CPU time :                                   3029.00 sec.
    Max Memory :                                 1777 MB
    Average Memory :                             1517.60 MB
    Total Requested Memory :                     262144.00 MB
    Delta Memory :                               260367.00 MB
    Max Swap :                                   -
    Max Processes :                              4
    Max Threads :                                10
    Run time :                                   2799 sec.
    Turnaround time :                            21675 sec.

The output (if any) is above this job summary.



PS:

Read file </zhome/d2/4/167803/Desktop/Deep_project/02456-final-project/logs/multi_big_job_27050250.err> for stderr output of this job.

