Loading CUDA module...
Loading Conda...
Environment 'MBML' activated.
Starting Python script...
Using device: cuda
Using device: cuda
Found 28 image/label pairs.
--- success ---
Found 119 unlabeled images.
--- success ---
--- Training the MultiTaskNet on Liver Data ---

--- Epoch 1/300 ---
Batch 0/14 | Total Loss: 1.2529 | Recon Loss (Total): 0.5112 | Combo (CE+dice): 0.9973

--- Epoch 2/300 ---
Batch 0/14 | Total Loss: 1.0171 | Recon Loss (Total): 0.2024 | Combo (CE+dice): 0.9159

--- Epoch 3/300 ---
Batch 0/14 | Total Loss: 0.8147 | Recon Loss (Total): 0.1479 | Combo (CE+dice): 0.7408

--- Epoch 4/300 ---
Batch 0/14 | Total Loss: 0.6707 | Recon Loss (Total): 0.1185 | Combo (CE+dice): 0.6115

--- Epoch 5/300 ---
Batch 0/14 | Total Loss: 0.6452 | Recon Loss (Total): 0.0772 | Combo (CE+dice): 0.6066

--- Epoch 6/300 ---
Batch 0/14 | Total Loss: 0.5760 | Recon Loss (Total): 0.0816 | Combo (CE+dice): 0.5352

--- Epoch 7/300 ---
Batch 0/14 | Total Loss: 0.5775 | Recon Loss (Total): 0.0581 | Combo (CE+dice): 0.5484

--- Epoch 8/300 ---
Batch 0/14 | Total Loss: 0.5306 | Recon Loss (Total): 0.0645 | Combo (CE+dice): 0.4983

--- Epoch 9/300 ---
Batch 0/14 | Total Loss: 0.4758 | Recon Loss (Total): 0.0317 | Combo (CE+dice): 0.4599

--- Epoch 10/300 ---
Batch 0/14 | Total Loss: 0.5221 | Recon Loss (Total): 0.0284 | Combo (CE+dice): 0.5079

--- Epoch 11/300 ---
Batch 0/14 | Total Loss: 0.4483 | Recon Loss (Total): 0.0211 | Combo (CE+dice): 0.4378

--- Epoch 12/300 ---
Batch 0/14 | Total Loss: 0.4318 | Recon Loss (Total): 0.0204 | Combo (CE+dice): 0.4216

--- Epoch 13/300 ---
Batch 0/14 | Total Loss: 0.4292 | Recon Loss (Total): 0.0201 | Combo (CE+dice): 0.4192

--- Epoch 14/300 ---
Batch 0/14 | Total Loss: 0.4731 | Recon Loss (Total): 0.0327 | Combo (CE+dice): 0.4568

--- Epoch 15/300 ---
Batch 0/14 | Total Loss: 0.4292 | Recon Loss (Total): 0.0192 | Combo (CE+dice): 0.4196

--- Epoch 16/300 ---
Batch 0/14 | Total Loss: 0.4105 | Recon Loss (Total): 0.0416 | Combo (CE+dice): 0.3898

--- Epoch 17/300 ---
Batch 0/14 | Total Loss: 0.3897 | Recon Loss (Total): 0.0133 | Combo (CE+dice): 0.3831

--- Epoch 18/300 ---
Batch 0/14 | Total Loss: 0.4488 | Recon Loss (Total): 0.0234 | Combo (CE+dice): 0.4372

--- Epoch 19/300 ---
Batch 0/14 | Total Loss: 0.3830 | Recon Loss (Total): 0.0158 | Combo (CE+dice): 0.3751

--- Epoch 20/300 ---
Batch 0/14 | Total Loss: 0.3581 | Recon Loss (Total): 0.0139 | Combo (CE+dice): 0.3512

--- Epoch 21/300 ---
Batch 0/14 | Total Loss: 0.4435 | Recon Loss (Total): 0.0266 | Combo (CE+dice): 0.4302

--- Epoch 22/300 ---
Batch 0/14 | Total Loss: 0.4437 | Recon Loss (Total): 0.0242 | Combo (CE+dice): 0.4316

--- Epoch 23/300 ---
Batch 0/14 | Total Loss: 0.3523 | Recon Loss (Total): 0.0084 | Combo (CE+dice): 0.3480

--- Epoch 24/300 ---
Batch 0/14 | Total Loss: 0.3815 | Recon Loss (Total): 0.0118 | Combo (CE+dice): 0.3756

--- Epoch 25/300 ---
Batch 0/14 | Total Loss: 0.3603 | Recon Loss (Total): 0.0120 | Combo (CE+dice): 0.3543

--- Epoch 26/300 ---
Batch 0/14 | Total Loss: 0.4414 | Recon Loss (Total): 0.0146 | Combo (CE+dice): 0.4341

--- Epoch 27/300 ---
Batch 0/14 | Total Loss: 0.3964 | Recon Loss (Total): 0.0102 | Combo (CE+dice): 0.3913

--- Epoch 28/300 ---
Batch 0/14 | Total Loss: 0.3761 | Recon Loss (Total): 0.0109 | Combo (CE+dice): 0.3707

--- Epoch 29/300 ---
Batch 0/14 | Total Loss: 0.3568 | Recon Loss (Total): 0.0069 | Combo (CE+dice): 0.3534

--- Epoch 30/300 ---
Batch 0/14 | Total Loss: 0.3395 | Recon Loss (Total): 0.0080 | Combo (CE+dice): 0.3355

--- Epoch 31/300 ---
Batch 0/14 | Total Loss: 0.3554 | Recon Loss (Total): 0.0106 | Combo (CE+dice): 0.3501

--- Epoch 32/300 ---
Batch 0/14 | Total Loss: 0.3285 | Recon Loss (Total): 0.0080 | Combo (CE+dice): 0.3245

--- Epoch 33/300 ---
Batch 0/14 | Total Loss: 0.3622 | Recon Loss (Total): 0.0079 | Combo (CE+dice): 0.3583

--- Epoch 34/300 ---
Batch 0/14 | Total Loss: 0.3333 | Recon Loss (Total): 0.0106 | Combo (CE+dice): 0.3280

--- Epoch 35/300 ---
Batch 0/14 | Total Loss: 0.3471 | Recon Loss (Total): 0.0167 | Combo (CE+dice): 0.3387

--- Epoch 36/300 ---
Batch 0/14 | Total Loss: 0.3325 | Recon Loss (Total): 0.0071 | Combo (CE+dice): 0.3290

--- Epoch 37/300 ---
Batch 0/14 | Total Loss: 0.3544 | Recon Loss (Total): 0.0097 | Combo (CE+dice): 0.3496

--- Epoch 38/300 ---
Batch 0/14 | Total Loss: 0.3246 | Recon Loss (Total): 0.0123 | Combo (CE+dice): 0.3184

--- Epoch 39/300 ---
Batch 0/14 | Total Loss: 0.3539 | Recon Loss (Total): 0.0063 | Combo (CE+dice): 0.3507

--- Epoch 40/300 ---
Batch 0/14 | Total Loss: 0.3516 | Recon Loss (Total): 0.0071 | Combo (CE+dice): 0.3481

--- Epoch 41/300 ---
Batch 0/14 | Total Loss: 0.4265 | Recon Loss (Total): 0.0082 | Combo (CE+dice): 0.4224

--- Epoch 42/300 ---
Batch 0/14 | Total Loss: 0.3845 | Recon Loss (Total): 0.0076 | Combo (CE+dice): 0.3806

--- Epoch 43/300 ---
Batch 0/14 | Total Loss: 0.3295 | Recon Loss (Total): 0.0090 | Combo (CE+dice): 0.3250

--- Epoch 44/300 ---
Batch 0/14 | Total Loss: 0.4170 | Recon Loss (Total): 0.0095 | Combo (CE+dice): 0.4122

--- Epoch 45/300 ---
Batch 0/14 | Total Loss: 0.3233 | Recon Loss (Total): 0.0066 | Combo (CE+dice): 0.3200

--- Epoch 46/300 ---
Batch 0/14 | Total Loss: 0.3662 | Recon Loss (Total): 0.0084 | Combo (CE+dice): 0.3620

--- Epoch 47/300 ---
Batch 0/14 | Total Loss: 0.3816 | Recon Loss (Total): 0.0102 | Combo (CE+dice): 0.3765

--- Epoch 48/300 ---
Batch 0/14 | Total Loss: 0.3565 | Recon Loss (Total): 0.0117 | Combo (CE+dice): 0.3507

--- Epoch 49/300 ---
Batch 0/14 | Total Loss: 0.3690 | Recon Loss (Total): 0.0066 | Combo (CE+dice): 0.3657

--- Epoch 50/300 ---
Batch 0/14 | Total Loss: 0.3516 | Recon Loss (Total): 0.0071 | Combo (CE+dice): 0.3481

--- Epoch 51/300 ---
Batch 0/14 | Total Loss: 0.3656 | Recon Loss (Total): 0.0093 | Combo (CE+dice): 0.3609

--- Epoch 52/300 ---
Batch 0/14 | Total Loss: 0.3268 | Recon Loss (Total): 0.0066 | Combo (CE+dice): 0.3235

--- Epoch 53/300 ---
Batch 0/14 | Total Loss: 0.3278 | Recon Loss (Total): 0.0099 | Combo (CE+dice): 0.3229

--- Epoch 54/300 ---
Batch 0/14 | Total Loss: 0.3689 | Recon Loss (Total): 0.0092 | Combo (CE+dice): 0.3643

--- Epoch 55/300 ---
Batch 0/14 | Total Loss: 0.3449 | Recon Loss (Total): 0.0073 | Combo (CE+dice): 0.3412

--- Epoch 56/300 ---
Batch 0/14 | Total Loss: 0.3876 | Recon Loss (Total): 0.0115 | Combo (CE+dice): 0.3818

--- Epoch 57/300 ---
Batch 0/14 | Total Loss: 0.3383 | Recon Loss (Total): 0.0155 | Combo (CE+dice): 0.3306

--- Epoch 58/300 ---
Batch 0/14 | Total Loss: 0.3677 | Recon Loss (Total): 0.0095 | Combo (CE+dice): 0.3629

--- Epoch 59/300 ---
Batch 0/14 | Total Loss: 0.3111 | Recon Loss (Total): 0.0105 | Combo (CE+dice): 0.3059

--- Epoch 60/300 ---
Batch 0/14 | Total Loss: 0.3474 | Recon Loss (Total): 0.0057 | Combo (CE+dice): 0.3446

--- Epoch 61/300 ---
Batch 0/14 | Total Loss: 0.2967 | Recon Loss (Total): 0.0062 | Combo (CE+dice): 0.2936

--- Epoch 62/300 ---
Batch 0/14 | Total Loss: 0.3182 | Recon Loss (Total): 0.0053 | Combo (CE+dice): 0.3156

--- Epoch 63/300 ---
Batch 0/14 | Total Loss: 0.3791 | Recon Loss (Total): 0.0069 | Combo (CE+dice): 0.3756

--- Epoch 64/300 ---
Batch 0/14 | Total Loss: 0.3238 | Recon Loss (Total): 0.0065 | Combo (CE+dice): 0.3205

--- Epoch 65/300 ---
Batch 0/14 | Total Loss: 0.3997 | Recon Loss (Total): 0.0061 | Combo (CE+dice): 0.3967

--- Epoch 66/300 ---
Batch 0/14 | Total Loss: 0.2974 | Recon Loss (Total): 0.0050 | Combo (CE+dice): 0.2949

--- Epoch 67/300 ---
Batch 0/14 | Total Loss: 0.3187 | Recon Loss (Total): 0.0054 | Combo (CE+dice): 0.3160

--- Epoch 68/300 ---
Batch 0/14 | Total Loss: 0.3292 | Recon Loss (Total): 0.0125 | Combo (CE+dice): 0.3230

--- Epoch 69/300 ---
Batch 0/14 | Total Loss: 0.3230 | Recon Loss (Total): 0.0095 | Combo (CE+dice): 0.3183

--- Epoch 70/300 ---
Batch 0/14 | Total Loss: 0.3213 | Recon Loss (Total): 0.0066 | Combo (CE+dice): 0.3180

--- Epoch 71/300 ---
Batch 0/14 | Total Loss: 0.3313 | Recon Loss (Total): 0.0086 | Combo (CE+dice): 0.3270

--- Epoch 72/300 ---
Batch 0/14 | Total Loss: 0.3466 | Recon Loss (Total): 0.0076 | Combo (CE+dice): 0.3428

--- Epoch 73/300 ---
Batch 0/14 | Total Loss: 0.3702 | Recon Loss (Total): 0.0071 | Combo (CE+dice): 0.3666

--- Epoch 74/300 ---
Batch 0/14 | Total Loss: 0.4172 | Recon Loss (Total): 0.0051 | Combo (CE+dice): 0.4147

--- Epoch 75/300 ---
Batch 0/14 | Total Loss: 0.4687 | Recon Loss (Total): 0.0132 | Combo (CE+dice): 0.4621

--- Epoch 76/300 ---
Batch 0/14 | Total Loss: 0.3413 | Recon Loss (Total): 0.0078 | Combo (CE+dice): 0.3374

--- Epoch 77/300 ---
Batch 0/14 | Total Loss: 0.3659 | Recon Loss (Total): 0.0069 | Combo (CE+dice): 0.3624

--- Epoch 78/300 ---
Batch 0/14 | Total Loss: 0.3456 | Recon Loss (Total): 0.0121 | Combo (CE+dice): 0.3396

--- Epoch 79/300 ---
Batch 0/14 | Total Loss: 0.3559 | Recon Loss (Total): 0.0061 | Combo (CE+dice): 0.3529

--- Epoch 80/300 ---
Batch 0/14 | Total Loss: 0.3034 | Recon Loss (Total): 0.0114 | Combo (CE+dice): 0.2977

--- Epoch 81/300 ---
Batch 0/14 | Total Loss: 0.3177 | Recon Loss (Total): 0.0116 | Combo (CE+dice): 0.3119

--- Epoch 82/300 ---
Batch 0/14 | Total Loss: 0.3004 | Recon Loss (Total): 0.0061 | Combo (CE+dice): 0.2974

--- Epoch 83/300 ---
Batch 0/14 | Total Loss: 0.3056 | Recon Loss (Total): 0.0085 | Combo (CE+dice): 0.3013

--- Epoch 84/300 ---
Batch 0/14 | Total Loss: 0.3120 | Recon Loss (Total): 0.0041 | Combo (CE+dice): 0.3099

--- Epoch 85/300 ---
Batch 0/14 | Total Loss: 0.3752 | Recon Loss (Total): 0.0052 | Combo (CE+dice): 0.3725

--- Epoch 86/300 ---
Batch 0/14 | Total Loss: 0.3153 | Recon Loss (Total): 0.0082 | Combo (CE+dice): 0.3112

--- Epoch 87/300 ---
Batch 0/14 | Total Loss: 0.3211 | Recon Loss (Total): 0.0068 | Combo (CE+dice): 0.3177

--- Epoch 88/300 ---
Batch 0/14 | Total Loss: 0.3358 | Recon Loss (Total): 0.0056 | Combo (CE+dice): 0.3330

--- Epoch 89/300 ---
Batch 0/14 | Total Loss: 0.3348 | Recon Loss (Total): 0.0113 | Combo (CE+dice): 0.3291

--- Epoch 90/300 ---
Batch 0/14 | Total Loss: 0.3444 | Recon Loss (Total): 0.0076 | Combo (CE+dice): 0.3406

--- Epoch 91/300 ---
Batch 0/14 | Total Loss: 0.3117 | Recon Loss (Total): 0.0067 | Combo (CE+dice): 0.3083

--- Epoch 92/300 ---
Batch 0/14 | Total Loss: 0.3166 | Recon Loss (Total): 0.0109 | Combo (CE+dice): 0.3112

--- Epoch 93/300 ---
Batch 0/14 | Total Loss: 0.3199 | Recon Loss (Total): 0.0047 | Combo (CE+dice): 0.3176

--- Epoch 94/300 ---
Batch 0/14 | Total Loss: 0.2986 | Recon Loss (Total): 0.0042 | Combo (CE+dice): 0.2965

--- Epoch 95/300 ---
Batch 0/14 | Total Loss: 0.3000 | Recon Loss (Total): 0.0061 | Combo (CE+dice): 0.2970

--- Epoch 96/300 ---
Batch 0/14 | Total Loss: 0.3159 | Recon Loss (Total): 0.0071 | Combo (CE+dice): 0.3123

--- Epoch 97/300 ---
Batch 0/14 | Total Loss: 0.3338 | Recon Loss (Total): 0.0051 | Combo (CE+dice): 0.3313

--- Epoch 98/300 ---
Batch 0/14 | Total Loss: 0.3016 | Recon Loss (Total): 0.0074 | Combo (CE+dice): 0.2979

--- Epoch 99/300 ---
Batch 0/14 | Total Loss: 0.3020 | Recon Loss (Total): 0.0070 | Combo (CE+dice): 0.2985

--- Epoch 100/300 ---
Batch 0/14 | Total Loss: 0.3374 | Recon Loss (Total): 0.0052 | Combo (CE+dice): 0.3348

--- Epoch 101/300 ---
Batch 0/14 | Total Loss: 0.3002 | Recon Loss (Total): 0.0058 | Combo (CE+dice): 0.2973

--- Epoch 102/300 ---
Batch 0/14 | Total Loss: 0.3156 | Recon Loss (Total): 0.0064 | Combo (CE+dice): 0.3124

--- Epoch 103/300 ---
Batch 0/14 | Total Loss: 0.3194 | Recon Loss (Total): 0.0075 | Combo (CE+dice): 0.3157

--- Epoch 104/300 ---
Batch 0/14 | Total Loss: 0.4047 | Recon Loss (Total): 0.0052 | Combo (CE+dice): 0.4021

--- Epoch 105/300 ---
Batch 0/14 | Total Loss: 0.3276 | Recon Loss (Total): 0.0077 | Combo (CE+dice): 0.3238

--- Epoch 106/300 ---
Batch 0/14 | Total Loss: 0.3349 | Recon Loss (Total): 0.0070 | Combo (CE+dice): 0.3314

--- Epoch 107/300 ---
Batch 0/14 | Total Loss: 0.3409 | Recon Loss (Total): 0.0178 | Combo (CE+dice): 0.3320

--- Epoch 108/300 ---
Batch 0/14 | Total Loss: 0.3067 | Recon Loss (Total): 0.0072 | Combo (CE+dice): 0.3031

--- Epoch 109/300 ---
Batch 0/14 | Total Loss: 0.3163 | Recon Loss (Total): 0.0071 | Combo (CE+dice): 0.3127

--- Epoch 110/300 ---
Batch 0/14 | Total Loss: 0.3374 | Recon Loss (Total): 0.0058 | Combo (CE+dice): 0.3344

--- Epoch 111/300 ---
Batch 0/14 | Total Loss: 0.3222 | Recon Loss (Total): 0.0079 | Combo (CE+dice): 0.3183

--- Epoch 112/300 ---
Batch 0/14 | Total Loss: 0.3149 | Recon Loss (Total): 0.0074 | Combo (CE+dice): 0.3112

--- Epoch 113/300 ---
Batch 0/14 | Total Loss: 0.3135 | Recon Loss (Total): 0.0062 | Combo (CE+dice): 0.3104

--- Epoch 114/300 ---
Batch 0/14 | Total Loss: 0.3492 | Recon Loss (Total): 0.0053 | Combo (CE+dice): 0.3465

--- Epoch 115/300 ---
Batch 0/14 | Total Loss: 0.3006 | Recon Loss (Total): 0.0073 | Combo (CE+dice): 0.2969

--- Epoch 116/300 ---
Batch 0/14 | Total Loss: 0.3105 | Recon Loss (Total): 0.0070 | Combo (CE+dice): 0.3070

--- Epoch 117/300 ---
Batch 0/14 | Total Loss: 0.3148 | Recon Loss (Total): 0.0044 | Combo (CE+dice): 0.3126

--- Epoch 118/300 ---
Batch 0/14 | Total Loss: 0.2969 | Recon Loss (Total): 0.0088 | Combo (CE+dice): 0.2925

--- Epoch 119/300 ---
Batch 0/14 | Total Loss: 0.2870 | Recon Loss (Total): 0.0063 | Combo (CE+dice): 0.2839

--- Epoch 120/300 ---
Batch 0/14 | Total Loss: 0.2902 | Recon Loss (Total): 0.0067 | Combo (CE+dice): 0.2869

--- Epoch 121/300 ---
Batch 0/14 | Total Loss: 0.2953 | Recon Loss (Total): 0.0057 | Combo (CE+dice): 0.2925

--- Epoch 122/300 ---
Batch 0/14 | Total Loss: 0.3293 | Recon Loss (Total): 0.0053 | Combo (CE+dice): 0.3267

--- Epoch 123/300 ---
Batch 0/14 | Total Loss: 0.3201 | Recon Loss (Total): 0.0048 | Combo (CE+dice): 0.3177

--- Epoch 124/300 ---
Batch 0/14 | Total Loss: 0.3960 | Recon Loss (Total): 0.0055 | Combo (CE+dice): 0.3933

--- Epoch 125/300 ---
Batch 0/14 | Total Loss: 0.3094 | Recon Loss (Total): 0.0058 | Combo (CE+dice): 0.3065

--- Epoch 126/300 ---
Batch 0/14 | Total Loss: 0.3402 | Recon Loss (Total): 0.0046 | Combo (CE+dice): 0.3378

--- Epoch 127/300 ---
Batch 0/14 | Total Loss: 0.3491 | Recon Loss (Total): 0.0079 | Combo (CE+dice): 0.3452

--- Epoch 128/300 ---
Batch 0/14 | Total Loss: 0.3046 | Recon Loss (Total): 0.0070 | Combo (CE+dice): 0.3011

--- Epoch 129/300 ---
Batch 0/14 | Total Loss: 0.3180 | Recon Loss (Total): 0.0064 | Combo (CE+dice): 0.3148

--- Epoch 130/300 ---
Batch 0/14 | Total Loss: 0.3490 | Recon Loss (Total): 0.0052 | Combo (CE+dice): 0.3464

--- Epoch 131/300 ---
Batch 0/14 | Total Loss: 0.3296 | Recon Loss (Total): 0.0056 | Combo (CE+dice): 0.3268

--- Epoch 132/300 ---
Batch 0/14 | Total Loss: 0.3543 | Recon Loss (Total): 0.0047 | Combo (CE+dice): 0.3519

--- Epoch 133/300 ---
Batch 0/14 | Total Loss: 0.3200 | Recon Loss (Total): 0.0076 | Combo (CE+dice): 0.3162

--- Epoch 134/300 ---
Batch 0/14 | Total Loss: 0.3017 | Recon Loss (Total): 0.0109 | Combo (CE+dice): 0.2963

--- Epoch 135/300 ---
Batch 0/14 | Total Loss: 0.2768 | Recon Loss (Total): 0.0058 | Combo (CE+dice): 0.2739

--- Epoch 136/300 ---
Batch 0/14 | Total Loss: 0.3547 | Recon Loss (Total): 0.0053 | Combo (CE+dice): 0.3520

--- Epoch 137/300 ---
Batch 0/14 | Total Loss: 0.3310 | Recon Loss (Total): 0.0092 | Combo (CE+dice): 0.3264

--- Epoch 138/300 ---
Batch 0/14 | Total Loss: 0.2830 | Recon Loss (Total): 0.0069 | Combo (CE+dice): 0.2796

--- Epoch 139/300 ---
Batch 0/14 | Total Loss: 0.3240 | Recon Loss (Total): 0.0050 | Combo (CE+dice): 0.3215

--- Epoch 140/300 ---
Batch 0/14 | Total Loss: 0.2770 | Recon Loss (Total): 0.0060 | Combo (CE+dice): 0.2740

--- Epoch 141/300 ---
Batch 0/14 | Total Loss: 0.2938 | Recon Loss (Total): 0.0066 | Combo (CE+dice): 0.2905

--- Epoch 142/300 ---
Batch 0/14 | Total Loss: 0.2965 | Recon Loss (Total): 0.0063 | Combo (CE+dice): 0.2934

--- Epoch 143/300 ---
Batch 0/14 | Total Loss: 0.3224 | Recon Loss (Total): 0.0064 | Combo (CE+dice): 0.3192

--- Epoch 144/300 ---
Batch 0/14 | Total Loss: 0.3048 | Recon Loss (Total): 0.0083 | Combo (CE+dice): 0.3007

--- Epoch 145/300 ---
Batch 0/14 | Total Loss: 0.2944 | Recon Loss (Total): 0.0065 | Combo (CE+dice): 0.2912

--- Epoch 146/300 ---
Batch 0/14 | Total Loss: 0.2737 | Recon Loss (Total): 0.0066 | Combo (CE+dice): 0.2705

--- Epoch 147/300 ---
Batch 0/14 | Total Loss: 0.3127 | Recon Loss (Total): 0.0058 | Combo (CE+dice): 0.3098

--- Epoch 148/300 ---
Batch 0/14 | Total Loss: 0.3258 | Recon Loss (Total): 0.0075 | Combo (CE+dice): 0.3220

--- Epoch 149/300 ---
Batch 0/14 | Total Loss: 0.2829 | Recon Loss (Total): 0.0058 | Combo (CE+dice): 0.2801

--- Epoch 150/300 ---
Batch 0/14 | Total Loss: 0.2872 | Recon Loss (Total): 0.0068 | Combo (CE+dice): 0.2838

--- Epoch 151/300 ---
Batch 0/14 | Total Loss: 0.3118 | Recon Loss (Total): 0.0053 | Combo (CE+dice): 0.3092

--- Epoch 152/300 ---
Batch 0/14 | Total Loss: 0.3486 | Recon Loss (Total): 0.0062 | Combo (CE+dice): 0.3455

--- Epoch 153/300 ---
Batch 0/14 | Total Loss: 0.3258 | Recon Loss (Total): 0.0055 | Combo (CE+dice): 0.3231

--- Epoch 154/300 ---
Batch 0/14 | Total Loss: 0.2922 | Recon Loss (Total): 0.0066 | Combo (CE+dice): 0.2889

--- Epoch 155/300 ---
Batch 0/14 | Total Loss: 0.3255 | Recon Loss (Total): 0.0054 | Combo (CE+dice): 0.3228

--- Epoch 156/300 ---
Batch 0/14 | Total Loss: 0.3090 | Recon Loss (Total): 0.0081 | Combo (CE+dice): 0.3049

--- Epoch 157/300 ---
Batch 0/14 | Total Loss: 0.2784 | Recon Loss (Total): 0.0055 | Combo (CE+dice): 0.2756

--- Epoch 158/300 ---
Batch 0/14 | Total Loss: 0.2657 | Recon Loss (Total): 0.0068 | Combo (CE+dice): 0.2623

--- Epoch 159/300 ---
Batch 0/14 | Total Loss: 0.2898 | Recon Loss (Total): 0.0064 | Combo (CE+dice): 0.2866

--- Epoch 160/300 ---
Batch 0/14 | Total Loss: 0.3115 | Recon Loss (Total): 0.0052 | Combo (CE+dice): 0.3089

--- Epoch 161/300 ---
Batch 0/14 | Total Loss: 0.2825 | Recon Loss (Total): 0.0052 | Combo (CE+dice): 0.2799

--- Epoch 162/300 ---
Batch 0/14 | Total Loss: 0.2925 | Recon Loss (Total): 0.0042 | Combo (CE+dice): 0.2904

--- Epoch 163/300 ---
Batch 0/14 | Total Loss: 0.3234 | Recon Loss (Total): 0.0061 | Combo (CE+dice): 0.3203

--- Epoch 164/300 ---
Batch 0/14 | Total Loss: 0.3322 | Recon Loss (Total): 0.0051 | Combo (CE+dice): 0.3297

--- Epoch 165/300 ---
Batch 0/14 | Total Loss: 0.3172 | Recon Loss (Total): 0.0084 | Combo (CE+dice): 0.3130

--- Epoch 166/300 ---
Batch 0/14 | Total Loss: 0.2618 | Recon Loss (Total): 0.0049 | Combo (CE+dice): 0.2593

--- Epoch 167/300 ---
Batch 0/14 | Total Loss: 0.3053 | Recon Loss (Total): 0.0046 | Combo (CE+dice): 0.3031

--- Epoch 168/300 ---
Batch 0/14 | Total Loss: 0.3138 | Recon Loss (Total): 0.0058 | Combo (CE+dice): 0.3109

--- Epoch 169/300 ---
Batch 0/14 | Total Loss: 0.2870 | Recon Loss (Total): 0.0063 | Combo (CE+dice): 0.2839

--- Epoch 170/300 ---
Batch 0/14 | Total Loss: 0.3215 | Recon Loss (Total): 0.0052 | Combo (CE+dice): 0.3189

--- Epoch 171/300 ---
Batch 0/14 | Total Loss: 0.2397 | Recon Loss (Total): 0.0077 | Combo (CE+dice): 0.2359

--- Epoch 172/300 ---
Batch 0/14 | Total Loss: 0.2908 | Recon Loss (Total): 0.0065 | Combo (CE+dice): 0.2875

--- Epoch 173/300 ---
Batch 0/14 | Total Loss: 0.2744 | Recon Loss (Total): 0.0078 | Combo (CE+dice): 0.2705

--- Epoch 174/300 ---
Batch 0/14 | Total Loss: 0.3170 | Recon Loss (Total): 0.0085 | Combo (CE+dice): 0.3127

--- Epoch 175/300 ---
Batch 0/14 | Total Loss: 0.2795 | Recon Loss (Total): 0.0059 | Combo (CE+dice): 0.2766

--- Epoch 176/300 ---
Batch 0/14 | Total Loss: 0.2797 | Recon Loss (Total): 0.0086 | Combo (CE+dice): 0.2754

--- Epoch 177/300 ---
Batch 0/14 | Total Loss: 0.3109 | Recon Loss (Total): 0.0132 | Combo (CE+dice): 0.3043

--- Epoch 178/300 ---
Batch 0/14 | Total Loss: 0.1869 | Recon Loss (Total): 0.0054 | Combo (CE+dice): 0.1842

--- Epoch 179/300 ---
Batch 0/14 | Total Loss: 0.2889 | Recon Loss (Total): 0.0052 | Combo (CE+dice): 0.2863

--- Epoch 180/300 ---
Batch 0/14 | Total Loss: 0.2976 | Recon Loss (Total): 0.0070 | Combo (CE+dice): 0.2942

--- Epoch 181/300 ---
Batch 0/14 | Total Loss: 0.2798 | Recon Loss (Total): 0.0108 | Combo (CE+dice): 0.2744

--- Epoch 182/300 ---
Batch 0/14 | Total Loss: 0.3536 | Recon Loss (Total): 0.0097 | Combo (CE+dice): 0.3488

--- Epoch 183/300 ---
Batch 0/14 | Total Loss: 0.3192 | Recon Loss (Total): 0.0085 | Combo (CE+dice): 0.3150

--- Epoch 184/300 ---
Batch 0/14 | Total Loss: 0.2581 | Recon Loss (Total): 0.0060 | Combo (CE+dice): 0.2551

--- Epoch 185/300 ---
Batch 0/14 | Total Loss: 0.3115 | Recon Loss (Total): 0.0060 | Combo (CE+dice): 0.3085

--- Epoch 186/300 ---
Batch 0/14 | Total Loss: 0.1673 | Recon Loss (Total): 0.0040 | Combo (CE+dice): 0.1654

--- Epoch 187/300 ---
Batch 0/14 | Total Loss: 0.3202 | Recon Loss (Total): 0.0063 | Combo (CE+dice): 0.3170

--- Epoch 188/300 ---
Batch 0/14 | Total Loss: 0.2845 | Recon Loss (Total): 0.0074 | Combo (CE+dice): 0.2809

--- Epoch 189/300 ---
Batch 0/14 | Total Loss: 0.2771 | Recon Loss (Total): 0.0053 | Combo (CE+dice): 0.2745

--- Epoch 190/300 ---
Batch 0/14 | Total Loss: 0.2925 | Recon Loss (Total): 0.0062 | Combo (CE+dice): 0.2895

--- Epoch 191/300 ---
Batch 0/14 | Total Loss: 0.2626 | Recon Loss (Total): 0.0045 | Combo (CE+dice): 0.2603

--- Epoch 192/300 ---
Batch 0/14 | Total Loss: 0.3075 | Recon Loss (Total): 0.0079 | Combo (CE+dice): 0.3035

--- Epoch 193/300 ---
Batch 0/14 | Total Loss: 0.2336 | Recon Loss (Total): 0.0042 | Combo (CE+dice): 0.2315

--- Epoch 194/300 ---
Batch 0/14 | Total Loss: 0.2570 | Recon Loss (Total): 0.0052 | Combo (CE+dice): 0.2544

--- Epoch 195/300 ---
Batch 0/14 | Total Loss: 0.2794 | Recon Loss (Total): 0.0048 | Combo (CE+dice): 0.2770

--- Epoch 196/300 ---
Batch 0/14 | Total Loss: 0.2729 | Recon Loss (Total): 0.0064 | Combo (CE+dice): 0.2696

--- Epoch 197/300 ---
Batch 0/14 | Total Loss: 0.3822 | Recon Loss (Total): 0.0053 | Combo (CE+dice): 0.3795

--- Epoch 198/300 ---
Batch 0/14 | Total Loss: 0.3070 | Recon Loss (Total): 0.0054 | Combo (CE+dice): 0.3043

--- Epoch 199/300 ---
Batch 0/14 | Total Loss: 0.3018 | Recon Loss (Total): 0.0053 | Combo (CE+dice): 0.2991

--- Epoch 200/300 ---
Batch 0/14 | Total Loss: 0.3105 | Recon Loss (Total): 0.0043 | Combo (CE+dice): 0.3084

--- Epoch 201/300 ---
Batch 0/14 | Total Loss: 0.3024 | Recon Loss (Total): 0.0045 | Combo (CE+dice): 0.3001

--- Epoch 202/300 ---
Batch 0/14 | Total Loss: 0.1067 | Recon Loss (Total): 0.0060 | Combo (CE+dice): 0.1037

--- Epoch 203/300 ---
Batch 0/14 | Total Loss: 0.3208 | Recon Loss (Total): 0.0044 | Combo (CE+dice): 0.3186

--- Epoch 204/300 ---
Batch 0/14 | Total Loss: 0.2636 | Recon Loss (Total): 0.0066 | Combo (CE+dice): 0.2603

--- Epoch 205/300 ---
Batch 0/14 | Total Loss: 0.2371 | Recon Loss (Total): 0.0043 | Combo (CE+dice): 0.2350

--- Epoch 206/300 ---
Batch 0/14 | Total Loss: 0.2850 | Recon Loss (Total): 0.0098 | Combo (CE+dice): 0.2802

--- Epoch 207/300 ---
Batch 0/14 | Total Loss: 0.2442 | Recon Loss (Total): 0.0042 | Combo (CE+dice): 0.2421

--- Epoch 208/300 ---
Batch 0/14 | Total Loss: 0.2310 | Recon Loss (Total): 0.0053 | Combo (CE+dice): 0.2284

--- Epoch 209/300 ---
Batch 0/14 | Total Loss: 0.2976 | Recon Loss (Total): 0.0062 | Combo (CE+dice): 0.2944

--- Epoch 210/300 ---
Batch 0/14 | Total Loss: 0.2602 | Recon Loss (Total): 0.0058 | Combo (CE+dice): 0.2573

--- Epoch 211/300 ---
Batch 0/14 | Total Loss: 0.1212 | Recon Loss (Total): 0.0050 | Combo (CE+dice): 0.1187

--- Epoch 212/300 ---
Batch 0/14 | Total Loss: 0.2236 | Recon Loss (Total): 0.0060 | Combo (CE+dice): 0.2206

--- Epoch 213/300 ---
Batch 0/14 | Total Loss: 0.2714 | Recon Loss (Total): 0.0049 | Combo (CE+dice): 0.2689

--- Epoch 214/300 ---
Batch 0/14 | Total Loss: 0.2143 | Recon Loss (Total): 0.0045 | Combo (CE+dice): 0.2120

--- Epoch 215/300 ---
Batch 0/14 | Total Loss: 0.3359 | Recon Loss (Total): 0.0049 | Combo (CE+dice): 0.3334

--- Epoch 216/300 ---
Batch 0/14 | Total Loss: 0.3013 | Recon Loss (Total): 0.0046 | Combo (CE+dice): 0.2990

--- Epoch 217/300 ---
Batch 0/14 | Total Loss: 0.2224 | Recon Loss (Total): 0.0077 | Combo (CE+dice): 0.2186

--- Epoch 218/300 ---
Batch 0/14 | Total Loss: 0.2262 | Recon Loss (Total): 0.0036 | Combo (CE+dice): 0.2244

--- Epoch 219/300 ---
Batch 0/14 | Total Loss: 0.2948 | Recon Loss (Total): 0.0054 | Combo (CE+dice): 0.2921

--- Epoch 220/300 ---
Batch 0/14 | Total Loss: 0.2588 | Recon Loss (Total): 0.0055 | Combo (CE+dice): 0.2561

--- Epoch 221/300 ---
Batch 0/14 | Total Loss: 0.2926 | Recon Loss (Total): 0.0057 | Combo (CE+dice): 0.2897

--- Epoch 222/300 ---
Batch 0/14 | Total Loss: 0.2604 | Recon Loss (Total): 0.0059 | Combo (CE+dice): 0.2575

--- Epoch 223/300 ---
Batch 0/14 | Total Loss: 0.2381 | Recon Loss (Total): 0.0050 | Combo (CE+dice): 0.2356

--- Epoch 224/300 ---
Batch 0/14 | Total Loss: 0.2433 | Recon Loss (Total): 0.0052 | Combo (CE+dice): 0.2407

--- Epoch 225/300 ---
Batch 0/14 | Total Loss: 0.2364 | Recon Loss (Total): 0.0048 | Combo (CE+dice): 0.2340

--- Epoch 226/300 ---
Batch 0/14 | Total Loss: 0.1659 | Recon Loss (Total): 0.0038 | Combo (CE+dice): 0.1641

--- Epoch 227/300 ---
Batch 0/14 | Total Loss: 0.3007 | Recon Loss (Total): 0.0045 | Combo (CE+dice): 0.2984

--- Epoch 228/300 ---
Batch 0/14 | Total Loss: 0.3186 | Recon Loss (Total): 0.0046 | Combo (CE+dice): 0.3164

--- Epoch 229/300 ---
Batch 0/14 | Total Loss: 0.2350 | Recon Loss (Total): 0.0051 | Combo (CE+dice): 0.2324

--- Epoch 230/300 ---
Batch 0/14 | Total Loss: 0.1715 | Recon Loss (Total): 0.0059 | Combo (CE+dice): 0.1686

--- Epoch 231/300 ---
Batch 0/14 | Total Loss: 0.1837 | Recon Loss (Total): 0.0046 | Combo (CE+dice): 0.1814

--- Epoch 232/300 ---
Batch 0/14 | Total Loss: 0.2199 | Recon Loss (Total): 0.0036 | Combo (CE+dice): 0.2181

--- Epoch 233/300 ---
Batch 0/14 | Total Loss: 0.2124 | Recon Loss (Total): 0.0048 | Combo (CE+dice): 0.2100

--- Epoch 234/300 ---
Batch 0/14 | Total Loss: 0.2204 | Recon Loss (Total): 0.0055 | Combo (CE+dice): 0.2176

--- Epoch 235/300 ---
Batch 0/14 | Total Loss: 0.2183 | Recon Loss (Total): 0.0047 | Combo (CE+dice): 0.2159

--- Epoch 236/300 ---
Batch 0/14 | Total Loss: 0.2759 | Recon Loss (Total): 0.0065 | Combo (CE+dice): 0.2726

--- Epoch 237/300 ---
Batch 0/14 | Total Loss: 0.3177 | Recon Loss (Total): 0.0078 | Combo (CE+dice): 0.3138

--- Epoch 238/300 ---
Batch 0/14 | Total Loss: 0.3427 | Recon Loss (Total): 0.0053 | Combo (CE+dice): 0.3400

--- Epoch 239/300 ---
Batch 0/14 | Total Loss: 0.3395 | Recon Loss (Total): 0.0053 | Combo (CE+dice): 0.3369

--- Epoch 240/300 ---
Batch 0/14 | Total Loss: 0.1365 | Recon Loss (Total): 0.0059 | Combo (CE+dice): 0.1336

--- Epoch 241/300 ---
Batch 0/14 | Total Loss: 0.1739 | Recon Loss (Total): 0.0045 | Combo (CE+dice): 0.1716

--- Epoch 242/300 ---
Batch 0/14 | Total Loss: 0.3293 | Recon Loss (Total): 0.0062 | Combo (CE+dice): 0.3262

--- Epoch 243/300 ---
Batch 0/14 | Total Loss: 0.2309 | Recon Loss (Total): 0.0047 | Combo (CE+dice): 0.2285

--- Epoch 244/300 ---
Batch 0/14 | Total Loss: 0.2689 | Recon Loss (Total): 0.0070 | Combo (CE+dice): 0.2654

--- Epoch 245/300 ---
Batch 0/14 | Total Loss: 0.1629 | Recon Loss (Total): 0.0059 | Combo (CE+dice): 0.1600

--- Epoch 246/300 ---
Batch 0/14 | Total Loss: 0.2529 | Recon Loss (Total): 0.0064 | Combo (CE+dice): 0.2497

--- Epoch 247/300 ---
Batch 0/14 | Total Loss: 0.0867 | Recon Loss (Total): 0.0038 | Combo (CE+dice): 0.0848

--- Epoch 248/300 ---
Batch 0/14 | Total Loss: 0.1743 | Recon Loss (Total): 0.0057 | Combo (CE+dice): 0.1715

--- Epoch 249/300 ---
Batch 0/14 | Total Loss: 0.3001 | Recon Loss (Total): 0.0060 | Combo (CE+dice): 0.2971

--- Epoch 250/300 ---
Batch 0/14 | Total Loss: 0.2164 | Recon Loss (Total): 0.0055 | Combo (CE+dice): 0.2136

--- Epoch 251/300 ---
Batch 0/14 | Total Loss: 0.2335 | Recon Loss (Total): 0.0056 | Combo (CE+dice): 0.2307

--- Epoch 252/300 ---
Batch 0/14 | Total Loss: 0.2397 | Recon Loss (Total): 0.0045 | Combo (CE+dice): 0.2374

--- Epoch 253/300 ---
Batch 0/14 | Total Loss: 0.2445 | Recon Loss (Total): 0.0054 | Combo (CE+dice): 0.2418

--- Epoch 254/300 ---
Batch 0/14 | Total Loss: 0.2539 | Recon Loss (Total): 0.0044 | Combo (CE+dice): 0.2517

--- Epoch 255/300 ---
Batch 0/14 | Total Loss: 0.3604 | Recon Loss (Total): 0.0049 | Combo (CE+dice): 0.3580

--- Epoch 256/300 ---
Batch 0/14 | Total Loss: 0.3350 | Recon Loss (Total): 0.0041 | Combo (CE+dice): 0.3330

--- Epoch 257/300 ---
Batch 0/14 | Total Loss: 0.2960 | Recon Loss (Total): 0.0061 | Combo (CE+dice): 0.2930

--- Epoch 258/300 ---
Batch 0/14 | Total Loss: 0.3134 | Recon Loss (Total): 0.0042 | Combo (CE+dice): 0.3112

--- Epoch 259/300 ---
Batch 0/14 | Total Loss: 0.2558 | Recon Loss (Total): 0.0048 | Combo (CE+dice): 0.2534

--- Epoch 260/300 ---
Batch 0/14 | Total Loss: 0.2045 | Recon Loss (Total): 0.0070 | Combo (CE+dice): 0.2010

--- Epoch 261/300 ---
Batch 0/14 | Total Loss: 0.2612 | Recon Loss (Total): 0.0057 | Combo (CE+dice): 0.2583

--- Epoch 262/300 ---
Batch 0/14 | Total Loss: 0.2921 | Recon Loss (Total): 0.0058 | Combo (CE+dice): 0.2892

--- Epoch 263/300 ---
Batch 0/14 | Total Loss: 0.2602 | Recon Loss (Total): 0.0035 | Combo (CE+dice): 0.2584

--- Epoch 264/300 ---
Batch 0/14 | Total Loss: 0.2146 | Recon Loss (Total): 0.0053 | Combo (CE+dice): 0.2119

--- Epoch 265/300 ---
Batch 0/14 | Total Loss: 0.1883 | Recon Loss (Total): 0.0054 | Combo (CE+dice): 0.1856

--- Epoch 266/300 ---
Batch 0/14 | Total Loss: 0.2455 | Recon Loss (Total): 0.0060 | Combo (CE+dice): 0.2425

--- Epoch 267/300 ---
Batch 0/14 | Total Loss: 0.1654 | Recon Loss (Total): 0.0051 | Combo (CE+dice): 0.1629

--- Epoch 268/300 ---
Batch 0/14 | Total Loss: 0.2315 | Recon Loss (Total): 0.0052 | Combo (CE+dice): 0.2288

--- Epoch 269/300 ---
Batch 0/14 | Total Loss: 0.1267 | Recon Loss (Total): 0.0054 | Combo (CE+dice): 0.1240

--- Epoch 270/300 ---
Batch 0/14 | Total Loss: 0.2600 | Recon Loss (Total): 0.0048 | Combo (CE+dice): 0.2577

--- Epoch 271/300 ---
Batch 0/14 | Total Loss: 0.2437 | Recon Loss (Total): 0.0043 | Combo (CE+dice): 0.2415

--- Epoch 272/300 ---
Batch 0/14 | Total Loss: 0.3130 | Recon Loss (Total): 0.0043 | Combo (CE+dice): 0.3109

--- Epoch 273/300 ---
Batch 0/14 | Total Loss: 0.2058 | Recon Loss (Total): 0.0069 | Combo (CE+dice): 0.2023

--- Epoch 274/300 ---
Batch 0/14 | Total Loss: 0.2071 | Recon Loss (Total): 0.0087 | Combo (CE+dice): 0.2028

--- Epoch 275/300 ---
Batch 0/14 | Total Loss: 0.2000 | Recon Loss (Total): 0.0054 | Combo (CE+dice): 0.1973

--- Epoch 276/300 ---
Batch 0/14 | Total Loss: 0.1760 | Recon Loss (Total): 0.0076 | Combo (CE+dice): 0.1721

--- Epoch 277/300 ---
Batch 0/14 | Total Loss: 0.2454 | Recon Loss (Total): 0.0052 | Combo (CE+dice): 0.2428

--- Epoch 278/300 ---
Batch 0/14 | Total Loss: 0.2210 | Recon Loss (Total): 0.0069 | Combo (CE+dice): 0.2175

--- Epoch 279/300 ---
Batch 0/14 | Total Loss: 0.2240 | Recon Loss (Total): 0.0040 | Combo (CE+dice): 0.2220

--- Epoch 280/300 ---
Batch 0/14 | Total Loss: 0.2305 | Recon Loss (Total): 0.0049 | Combo (CE+dice): 0.2280

--- Epoch 281/300 ---
Batch 0/14 | Total Loss: 0.2893 | Recon Loss (Total): 0.0043 | Combo (CE+dice): 0.2872

--- Epoch 282/300 ---
Batch 0/14 | Total Loss: 0.2011 | Recon Loss (Total): 0.0048 | Combo (CE+dice): 0.1988

--- Epoch 283/300 ---
Batch 0/14 | Total Loss: 0.3022 | Recon Loss (Total): 0.0058 | Combo (CE+dice): 0.2993

--- Epoch 284/300 ---
Batch 0/14 | Total Loss: 0.2209 | Recon Loss (Total): 0.0065 | Combo (CE+dice): 0.2176

--- Epoch 285/300 ---
Batch 0/14 | Total Loss: 0.2512 | Recon Loss (Total): 0.0056 | Combo (CE+dice): 0.2484

--- Epoch 286/300 ---
Batch 0/14 | Total Loss: 0.2167 | Recon Loss (Total): 0.0046 | Combo (CE+dice): 0.2144

--- Epoch 287/300 ---
Batch 0/14 | Total Loss: 0.2022 | Recon Loss (Total): 0.0071 | Combo (CE+dice): 0.1987

--- Epoch 288/300 ---
Batch 0/14 | Total Loss: 0.2616 | Recon Loss (Total): 0.0044 | Combo (CE+dice): 0.2594

--- Epoch 289/300 ---
Batch 0/14 | Total Loss: 0.2379 | Recon Loss (Total): 0.0046 | Combo (CE+dice): 0.2356

--- Epoch 290/300 ---
Batch 0/14 | Total Loss: 0.1842 | Recon Loss (Total): 0.0062 | Combo (CE+dice): 0.1811

--- Epoch 291/300 ---
Batch 0/14 | Total Loss: 0.2324 | Recon Loss (Total): 0.0050 | Combo (CE+dice): 0.2299

--- Epoch 292/300 ---
Batch 0/14 | Total Loss: 0.2956 | Recon Loss (Total): 0.0055 | Combo (CE+dice): 0.2929

--- Epoch 293/300 ---
Batch 0/14 | Total Loss: 0.2894 | Recon Loss (Total): 0.0045 | Combo (CE+dice): 0.2871

--- Epoch 294/300 ---
Batch 0/14 | Total Loss: 0.1855 | Recon Loss (Total): 0.0044 | Combo (CE+dice): 0.1833

--- Epoch 295/300 ---
Batch 0/14 | Total Loss: 0.2253 | Recon Loss (Total): 0.0061 | Combo (CE+dice): 0.2222

--- Epoch 296/300 ---
Batch 0/14 | Total Loss: 0.2199 | Recon Loss (Total): 0.0047 | Combo (CE+dice): 0.2176

--- Epoch 297/300 ---
Batch 0/14 | Total Loss: 0.2056 | Recon Loss (Total): 0.0051 | Combo (CE+dice): 0.2031

--- Epoch 298/300 ---
Batch 0/14 | Total Loss: 0.1831 | Recon Loss (Total): 0.0038 | Combo (CE+dice): 0.1812

--- Epoch 299/300 ---
Batch 0/14 | Total Loss: 0.1448 | Recon Loss (Total): 0.0077 | Combo (CE+dice): 0.1409

--- Epoch 300/300 ---
Batch 0/14 | Total Loss: 0.3253 | Recon Loss (Total): 0.0063 | Combo (CE+dice): 0.3221
--- Training Finished ---
Saving model weights...
Model saved to /zhome/d2/4/167803/Desktop/Deep_project/02456-final-project/Trained_models/multi_simple.pth
Job Finished.

------------------------------------------------------------
Sender: LSF System <lsfadmin@hpc.dtu.dk>
Subject: Job 27050248: <multi_simple_job> in cluster <dcc> Done

Job <multi_simple_job> was submitted from host <gbarlogin1> by user <s214776> in cluster <dcc> at Mon Nov 17 10:21:05 2025
Job was executed on host(s) <8*n-62-12-22>, in queue <gpua100>, as user <s214776> in cluster <dcc> at Mon Nov 17 10:34:22 2025
</zhome/d2/4/167803> was used as the home directory.
</zhome/d2/4/167803/Desktop/Deep_project/02456-final-project> was used as the working directory.
Started at Mon Nov 17 10:34:22 2025
Terminated at Mon Nov 17 11:15:38 2025
Results reported at Mon Nov 17 11:15:38 2025

Your job looked like:

------------------------------------------------------------
# LSBATCH: User input
#!/bin/sh
### --- Job Name ---
#BSUB -J multi_simple_job

### --- Log files ---
#BSUB -o /zhome/d2/4/167803/Desktop/Deep_project/02456-final-project/logs/multi_simple_job_%J.out
#BSUB -e /zhome/d2/4/167803/Desktop/Deep_project/02456-final-project/logs/multi_simple_job_%J.err
### --- Resource Requests ---
#BSUB -q gpua100             # Request GPU queue
#BSUB -gpu "num=1:mode=exclusive_process" # Request 1 GPU, all to myself
#BSUB -n 8                    # Request 4 CPU cores
#BSUB -R "rusage[mem=50GB]"   # Request 16GB memory
#BSUB -W 04:00                # 4 hour runtime limit

### --- Setup Environment ---
echo "Loading CUDA module..."
module load cuda/11.6         # Load CUDA module

echo "Loading Conda..."
# This is the full, correct path to your environment
source /zhome/d2/4/167803/miniforge3/bin/activate MBML
echo "Environment 'MBML' activated."

### --- Run Script ---
echo "Starting Python script..."
python /zhome/d2/4/167803/Desktop/Deep_project/02456-final-project/Model/multitask_simple.py

echo "Job Finished."
------------------------------------------------------------

Successfully completed.

Resource usage summary:

    CPU time :                                   2395.54 sec.
    Max Memory :                                 1837 MB
    Average Memory :                             1579.44 MB
    Total Requested Memory :                     409600.00 MB
    Delta Memory :                               407763.00 MB
    Max Swap :                                   -
    Max Processes :                              4
    Max Threads :                                8
    Run time :                                   2478 sec.
    Turnaround time :                            3273 sec.

The output (if any) is above this job summary.



PS:

Read file </zhome/d2/4/167803/Desktop/Deep_project/02456-final-project/logs/multi_simple_job_27050248.err> for stderr output of this job.

