Loading CUDA module...
Loading Conda...
Environment 'MBML' activated.
Starting Python script...
Using device: cuda
Using device: cuda
Found 28 image/label pairs.
--- success ---
Found 119 unlabeled images.
--- success ---
--- Training the MultiTaskNet on Liver Data ---

--- Epoch 1/300 ---
Batch 0/28 | Total Loss: 1.2335 | Recon Loss (Total): 0.4340 | Combo (CE+dice): 1.0164

--- Epoch 2/300 ---
Batch 0/28 | Total Loss: 0.7257 | Recon Loss (Total): 0.1298 | Combo (CE+dice): 0.6608

--- Epoch 3/300 ---
Batch 0/28 | Total Loss: 0.6476 | Recon Loss (Total): 0.1006 | Combo (CE+dice): 0.5973

--- Epoch 4/300 ---
Batch 0/28 | Total Loss: 0.5308 | Recon Loss (Total): 0.0670 | Combo (CE+dice): 0.4973

--- Epoch 5/300 ---
Batch 0/28 | Total Loss: 0.4989 | Recon Loss (Total): 0.0443 | Combo (CE+dice): 0.4768

--- Epoch 6/300 ---
Batch 0/28 | Total Loss: 0.4544 | Recon Loss (Total): 0.0461 | Combo (CE+dice): 0.4314

--- Epoch 7/300 ---
Batch 0/28 | Total Loss: 0.4166 | Recon Loss (Total): 0.0160 | Combo (CE+dice): 0.4086

--- Epoch 8/300 ---
Batch 0/28 | Total Loss: 0.4849 | Recon Loss (Total): 0.0434 | Combo (CE+dice): 0.4632

--- Epoch 9/300 ---
Batch 0/28 | Total Loss: 0.3583 | Recon Loss (Total): 0.0135 | Combo (CE+dice): 0.3516

--- Epoch 10/300 ---
Batch 0/28 | Total Loss: 0.4247 | Recon Loss (Total): 0.0282 | Combo (CE+dice): 0.4106

--- Epoch 11/300 ---
Batch 0/28 | Total Loss: 0.3613 | Recon Loss (Total): 0.0143 | Combo (CE+dice): 0.3541

--- Epoch 12/300 ---
Batch 0/28 | Total Loss: 0.3960 | Recon Loss (Total): 0.0118 | Combo (CE+dice): 0.3901

--- Epoch 13/300 ---
Batch 0/28 | Total Loss: 0.3310 | Recon Loss (Total): 0.0102 | Combo (CE+dice): 0.3259

--- Epoch 14/300 ---
Batch 0/28 | Total Loss: 0.4044 | Recon Loss (Total): 0.0141 | Combo (CE+dice): 0.3973

--- Epoch 15/300 ---
Batch 0/28 | Total Loss: 0.4033 | Recon Loss (Total): 0.0087 | Combo (CE+dice): 0.3989

--- Epoch 16/300 ---
Batch 0/28 | Total Loss: 0.3435 | Recon Loss (Total): 0.0067 | Combo (CE+dice): 0.3401

--- Epoch 17/300 ---
Batch 0/28 | Total Loss: 0.3463 | Recon Loss (Total): 0.0064 | Combo (CE+dice): 0.3431

--- Epoch 18/300 ---
Batch 0/28 | Total Loss: 0.3596 | Recon Loss (Total): 0.0067 | Combo (CE+dice): 0.3563

--- Epoch 19/300 ---
Batch 0/28 | Total Loss: 0.3398 | Recon Loss (Total): 0.0074 | Combo (CE+dice): 0.3361

--- Epoch 20/300 ---
Batch 0/28 | Total Loss: 0.3766 | Recon Loss (Total): 0.0062 | Combo (CE+dice): 0.3735

--- Epoch 21/300 ---
Batch 0/28 | Total Loss: 0.3353 | Recon Loss (Total): 0.0134 | Combo (CE+dice): 0.3285

--- Epoch 22/300 ---
Batch 0/28 | Total Loss: 0.3273 | Recon Loss (Total): 0.0034 | Combo (CE+dice): 0.3255

--- Epoch 23/300 ---
Batch 0/28 | Total Loss: 0.3362 | Recon Loss (Total): 0.0041 | Combo (CE+dice): 0.3342

--- Epoch 24/300 ---
Batch 0/28 | Total Loss: 0.3556 | Recon Loss (Total): 0.0051 | Combo (CE+dice): 0.3530

--- Epoch 25/300 ---
Batch 0/28 | Total Loss: 0.3176 | Recon Loss (Total): 0.0080 | Combo (CE+dice): 0.3136

--- Epoch 26/300 ---
Batch 0/28 | Total Loss: 0.3731 | Recon Loss (Total): 0.0040 | Combo (CE+dice): 0.3711

--- Epoch 27/300 ---
Batch 0/28 | Total Loss: 0.3331 | Recon Loss (Total): 0.0047 | Combo (CE+dice): 0.3307

--- Epoch 28/300 ---
Batch 0/28 | Total Loss: 0.3568 | Recon Loss (Total): 0.0037 | Combo (CE+dice): 0.3550

--- Epoch 29/300 ---
Batch 0/28 | Total Loss: 0.3114 | Recon Loss (Total): 0.0044 | Combo (CE+dice): 0.3092

--- Epoch 30/300 ---
Batch 0/28 | Total Loss: 0.3189 | Recon Loss (Total): 0.0087 | Combo (CE+dice): 0.3146

--- Epoch 31/300 ---
Batch 0/28 | Total Loss: 0.3349 | Recon Loss (Total): 0.0055 | Combo (CE+dice): 0.3322

--- Epoch 32/300 ---
Batch 0/28 | Total Loss: 0.3296 | Recon Loss (Total): 0.0098 | Combo (CE+dice): 0.3247

--- Epoch 33/300 ---
Batch 0/28 | Total Loss: 0.3220 | Recon Loss (Total): 0.0055 | Combo (CE+dice): 0.3192

--- Epoch 34/300 ---
Batch 0/28 | Total Loss: 0.3198 | Recon Loss (Total): 0.0059 | Combo (CE+dice): 0.3169

--- Epoch 35/300 ---
Batch 0/28 | Total Loss: 0.3440 | Recon Loss (Total): 0.0083 | Combo (CE+dice): 0.3398

--- Epoch 36/300 ---
Batch 0/28 | Total Loss: 0.3485 | Recon Loss (Total): 0.0050 | Combo (CE+dice): 0.3460

--- Epoch 37/300 ---
Batch 0/28 | Total Loss: 0.3818 | Recon Loss (Total): 0.0046 | Combo (CE+dice): 0.3795

--- Epoch 38/300 ---
Batch 0/28 | Total Loss: 0.3003 | Recon Loss (Total): 0.0034 | Combo (CE+dice): 0.2986

--- Epoch 39/300 ---
Batch 0/28 | Total Loss: 0.3340 | Recon Loss (Total): 0.0029 | Combo (CE+dice): 0.3326

--- Epoch 40/300 ---
Batch 0/28 | Total Loss: 0.3045 | Recon Loss (Total): 0.0048 | Combo (CE+dice): 0.3022

--- Epoch 41/300 ---
Batch 0/28 | Total Loss: 0.3307 | Recon Loss (Total): 0.0030 | Combo (CE+dice): 0.3292

--- Epoch 42/300 ---
Batch 0/28 | Total Loss: 0.2936 | Recon Loss (Total): 0.0056 | Combo (CE+dice): 0.2908

--- Epoch 43/300 ---
Batch 0/28 | Total Loss: 0.2914 | Recon Loss (Total): 0.0034 | Combo (CE+dice): 0.2897

--- Epoch 44/300 ---
Batch 0/28 | Total Loss: 0.2991 | Recon Loss (Total): 0.0044 | Combo (CE+dice): 0.2969

--- Epoch 45/300 ---
Batch 0/28 | Total Loss: 0.3048 | Recon Loss (Total): 0.0072 | Combo (CE+dice): 0.3011

--- Epoch 46/300 ---
Batch 0/28 | Total Loss: 0.3582 | Recon Loss (Total): 0.0147 | Combo (CE+dice): 0.3508

--- Epoch 47/300 ---
Batch 0/28 | Total Loss: 0.2962 | Recon Loss (Total): 0.0022 | Combo (CE+dice): 0.2951

--- Epoch 48/300 ---
Batch 0/28 | Total Loss: 0.2914 | Recon Loss (Total): 0.0031 | Combo (CE+dice): 0.2898

--- Epoch 49/300 ---
Batch 0/28 | Total Loss: 0.2887 | Recon Loss (Total): 0.0031 | Combo (CE+dice): 0.2871

--- Epoch 50/300 ---
Batch 0/28 | Total Loss: 0.3761 | Recon Loss (Total): 0.0030 | Combo (CE+dice): 0.3746

--- Epoch 51/300 ---
Batch 0/28 | Total Loss: 0.3065 | Recon Loss (Total): 0.0125 | Combo (CE+dice): 0.3002

--- Epoch 52/300 ---
Batch 0/28 | Total Loss: 0.3522 | Recon Loss (Total): 0.0065 | Combo (CE+dice): 0.3489

--- Epoch 53/300 ---
Batch 0/28 | Total Loss: 0.3619 | Recon Loss (Total): 0.0044 | Combo (CE+dice): 0.3597

--- Epoch 54/300 ---
Batch 0/28 | Total Loss: 0.3719 | Recon Loss (Total): 0.0041 | Combo (CE+dice): 0.3698

--- Epoch 55/300 ---
Batch 0/28 | Total Loss: 0.3227 | Recon Loss (Total): 0.0037 | Combo (CE+dice): 0.3208

--- Epoch 56/300 ---
Batch 0/28 | Total Loss: 0.3069 | Recon Loss (Total): 0.0045 | Combo (CE+dice): 0.3046

--- Epoch 57/300 ---
Batch 0/28 | Total Loss: 0.2941 | Recon Loss (Total): 0.0037 | Combo (CE+dice): 0.2923

--- Epoch 58/300 ---
Batch 0/28 | Total Loss: 0.3411 | Recon Loss (Total): 0.0027 | Combo (CE+dice): 0.3398

--- Epoch 59/300 ---
Batch 0/28 | Total Loss: 0.3043 | Recon Loss (Total): 0.0027 | Combo (CE+dice): 0.3029

--- Epoch 60/300 ---
Batch 0/28 | Total Loss: 0.3248 | Recon Loss (Total): 0.0036 | Combo (CE+dice): 0.3231

--- Epoch 61/300 ---
Batch 0/28 | Total Loss: 0.3141 | Recon Loss (Total): 0.0033 | Combo (CE+dice): 0.3124

--- Epoch 62/300 ---
Batch 0/28 | Total Loss: 0.5389 | Recon Loss (Total): 0.0057 | Combo (CE+dice): 0.5361

--- Epoch 63/300 ---
Batch 0/28 | Total Loss: 0.2956 | Recon Loss (Total): 0.0028 | Combo (CE+dice): 0.2942

--- Epoch 64/300 ---
Batch 0/28 | Total Loss: 0.3396 | Recon Loss (Total): 0.0038 | Combo (CE+dice): 0.3377

--- Epoch 65/300 ---
Batch 0/28 | Total Loss: 0.3092 | Recon Loss (Total): 0.0017 | Combo (CE+dice): 0.3084

--- Epoch 66/300 ---
Batch 0/28 | Total Loss: 0.2943 | Recon Loss (Total): 0.0057 | Combo (CE+dice): 0.2914

--- Epoch 67/300 ---
Batch 0/28 | Total Loss: 0.3367 | Recon Loss (Total): 0.0043 | Combo (CE+dice): 0.3346

--- Epoch 68/300 ---
Batch 0/28 | Total Loss: 0.3656 | Recon Loss (Total): 0.0029 | Combo (CE+dice): 0.3642

--- Epoch 69/300 ---
Batch 0/28 | Total Loss: 0.2937 | Recon Loss (Total): 0.0026 | Combo (CE+dice): 0.2924

--- Epoch 70/300 ---
Batch 0/28 | Total Loss: 0.2981 | Recon Loss (Total): 0.0032 | Combo (CE+dice): 0.2965

--- Epoch 71/300 ---
Batch 0/28 | Total Loss: 0.2976 | Recon Loss (Total): 0.0053 | Combo (CE+dice): 0.2949

--- Epoch 72/300 ---
Batch 0/28 | Total Loss: 0.3354 | Recon Loss (Total): 0.0028 | Combo (CE+dice): 0.3340

--- Epoch 73/300 ---
Batch 0/28 | Total Loss: 0.3538 | Recon Loss (Total): 0.0026 | Combo (CE+dice): 0.3526

--- Epoch 74/300 ---
Batch 0/28 | Total Loss: 0.3316 | Recon Loss (Total): 0.0036 | Combo (CE+dice): 0.3298

--- Epoch 75/300 ---
Batch 0/28 | Total Loss: 0.2882 | Recon Loss (Total): 0.0039 | Combo (CE+dice): 0.2863

--- Epoch 76/300 ---
Batch 0/28 | Total Loss: 0.3059 | Recon Loss (Total): 0.0039 | Combo (CE+dice): 0.3040

--- Epoch 77/300 ---
Batch 0/28 | Total Loss: 0.3556 | Recon Loss (Total): 0.0028 | Combo (CE+dice): 0.3543

--- Epoch 78/300 ---
Batch 0/28 | Total Loss: 0.3169 | Recon Loss (Total): 0.0059 | Combo (CE+dice): 0.3140

--- Epoch 79/300 ---
Batch 0/28 | Total Loss: 0.3214 | Recon Loss (Total): 0.0025 | Combo (CE+dice): 0.3202

--- Epoch 80/300 ---
Batch 0/28 | Total Loss: 0.2974 | Recon Loss (Total): 0.0040 | Combo (CE+dice): 0.2954

--- Epoch 81/300 ---
Batch 0/28 | Total Loss: 0.2729 | Recon Loss (Total): 0.0049 | Combo (CE+dice): 0.2705

--- Epoch 82/300 ---
Batch 0/28 | Total Loss: 0.2628 | Recon Loss (Total): 0.0026 | Combo (CE+dice): 0.2616

--- Epoch 83/300 ---
Batch 0/28 | Total Loss: 0.2911 | Recon Loss (Total): 0.0038 | Combo (CE+dice): 0.2892

--- Epoch 84/300 ---
Batch 0/28 | Total Loss: 0.2957 | Recon Loss (Total): 0.0028 | Combo (CE+dice): 0.2943

--- Epoch 85/300 ---
Batch 0/28 | Total Loss: 0.3298 | Recon Loss (Total): 0.0043 | Combo (CE+dice): 0.3276

--- Epoch 86/300 ---
Batch 0/28 | Total Loss: 0.3472 | Recon Loss (Total): 0.0025 | Combo (CE+dice): 0.3459

--- Epoch 87/300 ---
Batch 0/28 | Total Loss: 0.2950 | Recon Loss (Total): 0.0031 | Combo (CE+dice): 0.2934

--- Epoch 88/300 ---
Batch 0/28 | Total Loss: 0.2666 | Recon Loss (Total): 0.0031 | Combo (CE+dice): 0.2651

--- Epoch 89/300 ---
Batch 0/28 | Total Loss: 0.3023 | Recon Loss (Total): 0.0052 | Combo (CE+dice): 0.2998

--- Epoch 90/300 ---
Batch 0/28 | Total Loss: 0.4253 | Recon Loss (Total): 0.0045 | Combo (CE+dice): 0.4231

--- Epoch 91/300 ---
Batch 0/28 | Total Loss: 0.2753 | Recon Loss (Total): 0.0020 | Combo (CE+dice): 0.2743

--- Epoch 92/300 ---
Batch 0/28 | Total Loss: 0.2765 | Recon Loss (Total): 0.0023 | Combo (CE+dice): 0.2753

--- Epoch 93/300 ---
Batch 0/28 | Total Loss: 0.3045 | Recon Loss (Total): 0.0036 | Combo (CE+dice): 0.3027

--- Epoch 94/300 ---
Batch 0/28 | Total Loss: 0.3226 | Recon Loss (Total): 0.0022 | Combo (CE+dice): 0.3215

--- Epoch 95/300 ---
Batch 0/28 | Total Loss: 0.2692 | Recon Loss (Total): 0.0021 | Combo (CE+dice): 0.2682

--- Epoch 96/300 ---
Batch 0/28 | Total Loss: 0.2862 | Recon Loss (Total): 0.0025 | Combo (CE+dice): 0.2849

--- Epoch 97/300 ---
Batch 0/28 | Total Loss: 0.2998 | Recon Loss (Total): 0.0026 | Combo (CE+dice): 0.2985

--- Epoch 98/300 ---
Batch 0/28 | Total Loss: 0.2887 | Recon Loss (Total): 0.0027 | Combo (CE+dice): 0.2874

--- Epoch 99/300 ---
Batch 0/28 | Total Loss: 0.2938 | Recon Loss (Total): 0.0049 | Combo (CE+dice): 0.2914

--- Epoch 100/300 ---
Batch 0/28 | Total Loss: 0.2492 | Recon Loss (Total): 0.0029 | Combo (CE+dice): 0.2478

--- Epoch 101/300 ---
Batch 0/28 | Total Loss: 0.2769 | Recon Loss (Total): 0.0057 | Combo (CE+dice): 0.2740

--- Epoch 102/300 ---
Batch 0/28 | Total Loss: 0.3062 | Recon Loss (Total): 0.0039 | Combo (CE+dice): 0.3043

--- Epoch 103/300 ---
Batch 0/28 | Total Loss: 0.3062 | Recon Loss (Total): 0.0022 | Combo (CE+dice): 0.3051

--- Epoch 104/300 ---
Batch 0/28 | Total Loss: 0.2359 | Recon Loss (Total): 0.0026 | Combo (CE+dice): 0.2346

--- Epoch 105/300 ---
Batch 0/28 | Total Loss: 0.3121 | Recon Loss (Total): 0.0035 | Combo (CE+dice): 0.3104

--- Epoch 106/300 ---
Batch 0/28 | Total Loss: 0.3030 | Recon Loss (Total): 0.0018 | Combo (CE+dice): 0.3021

--- Epoch 107/300 ---
Batch 0/28 | Total Loss: 0.2876 | Recon Loss (Total): 0.0031 | Combo (CE+dice): 0.2860

--- Epoch 108/300 ---
Batch 0/28 | Total Loss: 0.3146 | Recon Loss (Total): 0.0037 | Combo (CE+dice): 0.3127

--- Epoch 109/300 ---
Batch 0/28 | Total Loss: 0.2826 | Recon Loss (Total): 0.0038 | Combo (CE+dice): 0.2807

--- Epoch 110/300 ---
Batch 0/28 | Total Loss: 0.3331 | Recon Loss (Total): 0.0044 | Combo (CE+dice): 0.3309

--- Epoch 111/300 ---
Batch 0/28 | Total Loss: 0.2830 | Recon Loss (Total): 0.0032 | Combo (CE+dice): 0.2814

--- Epoch 112/300 ---
Batch 0/28 | Total Loss: 0.3126 | Recon Loss (Total): 0.0029 | Combo (CE+dice): 0.3111

--- Epoch 113/300 ---
Batch 0/28 | Total Loss: 0.3058 | Recon Loss (Total): 0.0035 | Combo (CE+dice): 0.3041

--- Epoch 114/300 ---
Batch 0/28 | Total Loss: 0.3083 | Recon Loss (Total): 0.0046 | Combo (CE+dice): 0.3060

--- Epoch 115/300 ---
Batch 0/28 | Total Loss: 0.2968 | Recon Loss (Total): 0.0043 | Combo (CE+dice): 0.2946

--- Epoch 116/300 ---
Batch 0/28 | Total Loss: 0.2868 | Recon Loss (Total): 0.0023 | Combo (CE+dice): 0.2856

--- Epoch 117/300 ---
Batch 0/28 | Total Loss: 0.3493 | Recon Loss (Total): 0.0029 | Combo (CE+dice): 0.3478

--- Epoch 118/300 ---
Batch 0/28 | Total Loss: 0.3094 | Recon Loss (Total): 0.0039 | Combo (CE+dice): 0.3075

--- Epoch 119/300 ---
Batch 0/28 | Total Loss: 0.2320 | Recon Loss (Total): 0.0034 | Combo (CE+dice): 0.2303

--- Epoch 120/300 ---
Batch 0/28 | Total Loss: 0.2596 | Recon Loss (Total): 0.0025 | Combo (CE+dice): 0.2583

--- Epoch 121/300 ---
Batch 0/28 | Total Loss: 0.2200 | Recon Loss (Total): 0.0028 | Combo (CE+dice): 0.2186

--- Epoch 122/300 ---
Batch 0/28 | Total Loss: 0.3093 | Recon Loss (Total): 0.0029 | Combo (CE+dice): 0.3078

--- Epoch 123/300 ---
Batch 0/28 | Total Loss: 0.2932 | Recon Loss (Total): 0.0023 | Combo (CE+dice): 0.2921

--- Epoch 124/300 ---
Batch 0/28 | Total Loss: 0.3065 | Recon Loss (Total): 0.0061 | Combo (CE+dice): 0.3034

--- Epoch 125/300 ---
Batch 0/28 | Total Loss: 0.2706 | Recon Loss (Total): 0.0018 | Combo (CE+dice): 0.2697

--- Epoch 126/300 ---
Batch 0/28 | Total Loss: 0.2974 | Recon Loss (Total): 0.0025 | Combo (CE+dice): 0.2961

--- Epoch 127/300 ---
Batch 0/28 | Total Loss: 0.2825 | Recon Loss (Total): 0.0039 | Combo (CE+dice): 0.2805

--- Epoch 128/300 ---
Batch 0/28 | Total Loss: 0.3030 | Recon Loss (Total): 0.0019 | Combo (CE+dice): 0.3020

--- Epoch 129/300 ---
Batch 0/28 | Total Loss: 0.2903 | Recon Loss (Total): 0.0038 | Combo (CE+dice): 0.2884

--- Epoch 130/300 ---
Batch 0/28 | Total Loss: 0.2648 | Recon Loss (Total): 0.0036 | Combo (CE+dice): 0.2630

--- Epoch 131/300 ---
Batch 0/28 | Total Loss: 0.2361 | Recon Loss (Total): 0.0032 | Combo (CE+dice): 0.2345

--- Epoch 132/300 ---
Batch 0/28 | Total Loss: 0.2682 | Recon Loss (Total): 0.0019 | Combo (CE+dice): 0.2673

--- Epoch 133/300 ---
Batch 0/28 | Total Loss: 0.2504 | Recon Loss (Total): 0.0019 | Combo (CE+dice): 0.2495

--- Epoch 134/300 ---
Batch 0/28 | Total Loss: 0.2925 | Recon Loss (Total): 0.0017 | Combo (CE+dice): 0.2916

--- Epoch 135/300 ---
Batch 0/28 | Total Loss: 0.3019 | Recon Loss (Total): 0.0026 | Combo (CE+dice): 0.3006

--- Epoch 136/300 ---
Batch 0/28 | Total Loss: 0.2817 | Recon Loss (Total): 0.0037 | Combo (CE+dice): 0.2799

--- Epoch 137/300 ---
Batch 0/28 | Total Loss: 0.2921 | Recon Loss (Total): 0.0029 | Combo (CE+dice): 0.2906

--- Epoch 138/300 ---
Batch 0/28 | Total Loss: 0.3184 | Recon Loss (Total): 0.0026 | Combo (CE+dice): 0.3171

--- Epoch 139/300 ---
Batch 0/28 | Total Loss: 0.2774 | Recon Loss (Total): 0.0023 | Combo (CE+dice): 0.2763

--- Epoch 140/300 ---
Batch 0/28 | Total Loss: 0.2902 | Recon Loss (Total): 0.0029 | Combo (CE+dice): 0.2888

--- Epoch 141/300 ---
Batch 0/28 | Total Loss: 0.1520 | Recon Loss (Total): 0.0034 | Combo (CE+dice): 0.1503

--- Epoch 142/300 ---
Batch 0/28 | Total Loss: 0.2858 | Recon Loss (Total): 0.0033 | Combo (CE+dice): 0.2842

--- Epoch 143/300 ---
Batch 0/28 | Total Loss: 0.2828 | Recon Loss (Total): 0.0034 | Combo (CE+dice): 0.2810

--- Epoch 144/300 ---
Batch 0/28 | Total Loss: 0.1959 | Recon Loss (Total): 0.0022 | Combo (CE+dice): 0.1948

--- Epoch 145/300 ---
Batch 0/28 | Total Loss: 0.3002 | Recon Loss (Total): 0.0023 | Combo (CE+dice): 0.2991

--- Epoch 146/300 ---
Batch 0/28 | Total Loss: 0.3048 | Recon Loss (Total): 0.0031 | Combo (CE+dice): 0.3032

--- Epoch 147/300 ---
Batch 0/28 | Total Loss: 0.2433 | Recon Loss (Total): 0.0025 | Combo (CE+dice): 0.2420

--- Epoch 148/300 ---
Batch 0/28 | Total Loss: 0.1634 | Recon Loss (Total): 0.0021 | Combo (CE+dice): 0.1624

--- Epoch 149/300 ---
Batch 0/28 | Total Loss: 0.2883 | Recon Loss (Total): 0.0022 | Combo (CE+dice): 0.2872

--- Epoch 150/300 ---
Batch 0/28 | Total Loss: 0.2297 | Recon Loss (Total): 0.0024 | Combo (CE+dice): 0.2285

--- Epoch 151/300 ---
Batch 0/28 | Total Loss: 0.2768 | Recon Loss (Total): 0.0027 | Combo (CE+dice): 0.2755

--- Epoch 152/300 ---
Batch 0/28 | Total Loss: 0.3117 | Recon Loss (Total): 0.0038 | Combo (CE+dice): 0.3098

--- Epoch 153/300 ---
Batch 0/28 | Total Loss: 0.3068 | Recon Loss (Total): 0.0024 | Combo (CE+dice): 0.3056

--- Epoch 154/300 ---
Batch 0/28 | Total Loss: 0.1898 | Recon Loss (Total): 0.0034 | Combo (CE+dice): 0.1881

--- Epoch 155/300 ---
Batch 0/28 | Total Loss: 0.2875 | Recon Loss (Total): 0.0027 | Combo (CE+dice): 0.2862

--- Epoch 156/300 ---
Batch 0/28 | Total Loss: 0.1360 | Recon Loss (Total): 0.0027 | Combo (CE+dice): 0.1347

--- Epoch 157/300 ---
Batch 0/28 | Total Loss: 0.2753 | Recon Loss (Total): 0.0024 | Combo (CE+dice): 0.2741

--- Epoch 158/300 ---
Batch 0/28 | Total Loss: 0.2057 | Recon Loss (Total): 0.0034 | Combo (CE+dice): 0.2040

--- Epoch 159/300 ---
Batch 0/28 | Total Loss: 0.3166 | Recon Loss (Total): 0.0023 | Combo (CE+dice): 0.3154

--- Epoch 160/300 ---
Batch 0/28 | Total Loss: 0.2187 | Recon Loss (Total): 0.0032 | Combo (CE+dice): 0.2171

--- Epoch 161/300 ---
Batch 0/28 | Total Loss: 0.2743 | Recon Loss (Total): 0.0028 | Combo (CE+dice): 0.2728

--- Epoch 162/300 ---
Batch 0/28 | Total Loss: 0.2785 | Recon Loss (Total): 0.0038 | Combo (CE+dice): 0.2766

--- Epoch 163/300 ---
Batch 0/28 | Total Loss: 0.2879 | Recon Loss (Total): 0.0014 | Combo (CE+dice): 0.2872

--- Epoch 164/300 ---
Batch 0/28 | Total Loss: 0.1782 | Recon Loss (Total): 0.0021 | Combo (CE+dice): 0.1772

--- Epoch 165/300 ---
Batch 0/28 | Total Loss: 0.3211 | Recon Loss (Total): 0.0023 | Combo (CE+dice): 0.3199

--- Epoch 166/300 ---
Batch 0/28 | Total Loss: 0.2053 | Recon Loss (Total): 0.0046 | Combo (CE+dice): 0.2030

--- Epoch 167/300 ---
Batch 0/28 | Total Loss: 0.2887 | Recon Loss (Total): 0.0030 | Combo (CE+dice): 0.2872

--- Epoch 168/300 ---
Batch 0/28 | Total Loss: 0.2115 | Recon Loss (Total): 0.0044 | Combo (CE+dice): 0.2093

--- Epoch 169/300 ---
Batch 0/28 | Total Loss: 0.2247 | Recon Loss (Total): 0.0040 | Combo (CE+dice): 0.2227

--- Epoch 170/300 ---
Batch 0/28 | Total Loss: 0.2497 | Recon Loss (Total): 0.0023 | Combo (CE+dice): 0.2486

--- Epoch 171/300 ---
Batch 0/28 | Total Loss: 0.1173 | Recon Loss (Total): 0.0041 | Combo (CE+dice): 0.1153

--- Epoch 172/300 ---
Batch 0/28 | Total Loss: 0.2898 | Recon Loss (Total): 0.0028 | Combo (CE+dice): 0.2884

--- Epoch 173/300 ---
Batch 0/28 | Total Loss: 0.2161 | Recon Loss (Total): 0.0039 | Combo (CE+dice): 0.2141

--- Epoch 174/300 ---
Batch 0/28 | Total Loss: 0.2296 | Recon Loss (Total): 0.0019 | Combo (CE+dice): 0.2286

--- Epoch 175/300 ---
Batch 0/28 | Total Loss: 0.0854 | Recon Loss (Total): 0.0029 | Combo (CE+dice): 0.0839

--- Epoch 176/300 ---
Batch 0/28 | Total Loss: 0.2566 | Recon Loss (Total): 0.0019 | Combo (CE+dice): 0.2557

--- Epoch 177/300 ---
Batch 0/28 | Total Loss: 0.1540 | Recon Loss (Total): 0.0025 | Combo (CE+dice): 0.1528

--- Epoch 178/300 ---
Batch 0/28 | Total Loss: 0.3064 | Recon Loss (Total): 0.0036 | Combo (CE+dice): 0.3046

--- Epoch 179/300 ---
Batch 0/28 | Total Loss: 0.1579 | Recon Loss (Total): 0.0027 | Combo (CE+dice): 0.1566

--- Epoch 180/300 ---
Batch 0/28 | Total Loss: 0.0932 | Recon Loss (Total): 0.0028 | Combo (CE+dice): 0.0918

--- Epoch 181/300 ---
Batch 0/28 | Total Loss: 0.2004 | Recon Loss (Total): 0.0026 | Combo (CE+dice): 0.1991

--- Epoch 182/300 ---
Batch 0/28 | Total Loss: 0.2770 | Recon Loss (Total): 0.0023 | Combo (CE+dice): 0.2759

--- Epoch 183/300 ---
Batch 0/28 | Total Loss: 0.2864 | Recon Loss (Total): 0.0019 | Combo (CE+dice): 0.2854

--- Epoch 184/300 ---
Batch 0/28 | Total Loss: 0.1961 | Recon Loss (Total): 0.0021 | Combo (CE+dice): 0.1950

--- Epoch 185/300 ---
Batch 0/28 | Total Loss: 0.2911 | Recon Loss (Total): 0.0029 | Combo (CE+dice): 0.2896

--- Epoch 186/300 ---
Batch 0/28 | Total Loss: 0.2994 | Recon Loss (Total): 0.0029 | Combo (CE+dice): 0.2980

--- Epoch 187/300 ---
Batch 0/28 | Total Loss: 0.2318 | Recon Loss (Total): 0.0017 | Combo (CE+dice): 0.2309

--- Epoch 188/300 ---
Batch 0/28 | Total Loss: 0.2808 | Recon Loss (Total): 0.0053 | Combo (CE+dice): 0.2781

--- Epoch 189/300 ---
Batch 0/28 | Total Loss: 0.2755 | Recon Loss (Total): 0.0020 | Combo (CE+dice): 0.2745

--- Epoch 190/300 ---
Batch 0/28 | Total Loss: 0.1012 | Recon Loss (Total): 0.0052 | Combo (CE+dice): 0.0986

--- Epoch 191/300 ---
Batch 0/28 | Total Loss: 0.0896 | Recon Loss (Total): 0.0030 | Combo (CE+dice): 0.0881

--- Epoch 192/300 ---
Batch 0/28 | Total Loss: 0.0741 | Recon Loss (Total): 0.0028 | Combo (CE+dice): 0.0727

--- Epoch 193/300 ---
Batch 0/28 | Total Loss: 0.2848 | Recon Loss (Total): 0.0026 | Combo (CE+dice): 0.2835

--- Epoch 194/300 ---
Batch 0/28 | Total Loss: 0.0765 | Recon Loss (Total): 0.0020 | Combo (CE+dice): 0.0755

--- Epoch 195/300 ---
Batch 0/28 | Total Loss: 0.3323 | Recon Loss (Total): 0.0029 | Combo (CE+dice): 0.3308

--- Epoch 196/300 ---
Batch 0/28 | Total Loss: 0.1953 | Recon Loss (Total): 0.0026 | Combo (CE+dice): 0.1940

--- Epoch 197/300 ---
Batch 0/28 | Total Loss: 0.2966 | Recon Loss (Total): 0.0033 | Combo (CE+dice): 0.2950

--- Epoch 198/300 ---
Batch 0/28 | Total Loss: 0.2040 | Recon Loss (Total): 0.0028 | Combo (CE+dice): 0.2027

--- Epoch 199/300 ---
Batch 0/28 | Total Loss: 0.2794 | Recon Loss (Total): 0.0018 | Combo (CE+dice): 0.2785

--- Epoch 200/300 ---
Batch 0/28 | Total Loss: 0.2753 | Recon Loss (Total): 0.0020 | Combo (CE+dice): 0.2744

--- Epoch 201/300 ---
Batch 0/28 | Total Loss: 0.1604 | Recon Loss (Total): 0.0017 | Combo (CE+dice): 0.1595

--- Epoch 202/300 ---
Batch 0/28 | Total Loss: 0.1479 | Recon Loss (Total): 0.0022 | Combo (CE+dice): 0.1467

--- Epoch 203/300 ---
Batch 0/28 | Total Loss: 0.1490 | Recon Loss (Total): 0.0028 | Combo (CE+dice): 0.1476

--- Epoch 204/300 ---
Batch 0/28 | Total Loss: 0.1728 | Recon Loss (Total): 0.0024 | Combo (CE+dice): 0.1716

--- Epoch 205/300 ---
Batch 0/28 | Total Loss: 0.1286 | Recon Loss (Total): 0.0016 | Combo (CE+dice): 0.1278

--- Epoch 206/300 ---
Batch 0/28 | Total Loss: 0.2936 | Recon Loss (Total): 0.0027 | Combo (CE+dice): 0.2922

--- Epoch 207/300 ---
Batch 0/28 | Total Loss: 0.1509 | Recon Loss (Total): 0.0023 | Combo (CE+dice): 0.1498

--- Epoch 208/300 ---
Batch 0/28 | Total Loss: 0.2250 | Recon Loss (Total): 0.0029 | Combo (CE+dice): 0.2235

--- Epoch 209/300 ---
Batch 0/28 | Total Loss: 0.2920 | Recon Loss (Total): 0.0043 | Combo (CE+dice): 0.2898

--- Epoch 210/300 ---
Batch 0/28 | Total Loss: 0.1606 | Recon Loss (Total): 0.0037 | Combo (CE+dice): 0.1587

--- Epoch 211/300 ---
Batch 0/28 | Total Loss: 0.2955 | Recon Loss (Total): 0.0018 | Combo (CE+dice): 0.2946

--- Epoch 212/300 ---
Batch 0/28 | Total Loss: 0.1863 | Recon Loss (Total): 0.0023 | Combo (CE+dice): 0.1851

--- Epoch 213/300 ---
Batch 0/28 | Total Loss: 0.2171 | Recon Loss (Total): 0.0025 | Combo (CE+dice): 0.2159

--- Epoch 214/300 ---
Batch 0/28 | Total Loss: 0.1776 | Recon Loss (Total): 0.0022 | Combo (CE+dice): 0.1765

--- Epoch 215/300 ---
Batch 0/28 | Total Loss: 0.1313 | Recon Loss (Total): 0.0018 | Combo (CE+dice): 0.1304

--- Epoch 216/300 ---
Batch 0/28 | Total Loss: 0.3072 | Recon Loss (Total): 0.0042 | Combo (CE+dice): 0.3050

--- Epoch 217/300 ---
Batch 0/28 | Total Loss: 0.3011 | Recon Loss (Total): 0.0017 | Combo (CE+dice): 0.3003

--- Epoch 218/300 ---
Batch 0/28 | Total Loss: 0.2782 | Recon Loss (Total): 0.0035 | Combo (CE+dice): 0.2764

--- Epoch 219/300 ---
Batch 0/28 | Total Loss: 0.1814 | Recon Loss (Total): 0.0022 | Combo (CE+dice): 0.1803

--- Epoch 220/300 ---
Batch 0/28 | Total Loss: 0.2783 | Recon Loss (Total): 0.0020 | Combo (CE+dice): 0.2773

--- Epoch 221/300 ---
Batch 0/28 | Total Loss: 0.3232 | Recon Loss (Total): 0.0025 | Combo (CE+dice): 0.3219

--- Epoch 222/300 ---
Batch 0/28 | Total Loss: 0.0863 | Recon Loss (Total): 0.0021 | Combo (CE+dice): 0.0852

--- Epoch 223/300 ---
Batch 0/28 | Total Loss: 0.2908 | Recon Loss (Total): 0.0029 | Combo (CE+dice): 0.2893

--- Epoch 224/300 ---
Batch 0/28 | Total Loss: 0.2057 | Recon Loss (Total): 0.0024 | Combo (CE+dice): 0.2045

--- Epoch 225/300 ---
Batch 0/28 | Total Loss: 0.1121 | Recon Loss (Total): 0.0026 | Combo (CE+dice): 0.1108

--- Epoch 226/300 ---
Batch 0/28 | Total Loss: 0.2880 | Recon Loss (Total): 0.0021 | Combo (CE+dice): 0.2869

--- Epoch 227/300 ---
Batch 0/28 | Total Loss: 0.1483 | Recon Loss (Total): 0.0019 | Combo (CE+dice): 0.1473

--- Epoch 228/300 ---
Batch 0/28 | Total Loss: 0.2306 | Recon Loss (Total): 0.0044 | Combo (CE+dice): 0.2284

--- Epoch 229/300 ---
Batch 0/28 | Total Loss: 0.0643 | Recon Loss (Total): 0.0027 | Combo (CE+dice): 0.0629

--- Epoch 230/300 ---
Batch 0/28 | Total Loss: 0.1477 | Recon Loss (Total): 0.0020 | Combo (CE+dice): 0.1467

--- Epoch 231/300 ---
Batch 0/28 | Total Loss: 0.3401 | Recon Loss (Total): 0.0037 | Combo (CE+dice): 0.3383

--- Epoch 232/300 ---
Batch 0/28 | Total Loss: 0.2021 | Recon Loss (Total): 0.0026 | Combo (CE+dice): 0.2008

--- Epoch 233/300 ---
Batch 0/28 | Total Loss: 0.0725 | Recon Loss (Total): 0.0050 | Combo (CE+dice): 0.0700

--- Epoch 234/300 ---
Batch 0/28 | Total Loss: 0.1978 | Recon Loss (Total): 0.0020 | Combo (CE+dice): 0.1969

--- Epoch 235/300 ---
Batch 0/28 | Total Loss: 0.1325 | Recon Loss (Total): 0.0027 | Combo (CE+dice): 0.1312

--- Epoch 236/300 ---
Batch 0/28 | Total Loss: 0.2947 | Recon Loss (Total): 0.0031 | Combo (CE+dice): 0.2932

--- Epoch 237/300 ---
Batch 0/28 | Total Loss: 0.3042 | Recon Loss (Total): 0.0021 | Combo (CE+dice): 0.3032

--- Epoch 238/300 ---
Batch 0/28 | Total Loss: 0.2866 | Recon Loss (Total): 0.0017 | Combo (CE+dice): 0.2857

--- Epoch 239/300 ---
Batch 0/28 | Total Loss: 0.2803 | Recon Loss (Total): 0.0027 | Combo (CE+dice): 0.2790

--- Epoch 240/300 ---
Batch 0/28 | Total Loss: 0.1065 | Recon Loss (Total): 0.0026 | Combo (CE+dice): 0.1051

--- Epoch 241/300 ---
Batch 0/28 | Total Loss: 0.1206 | Recon Loss (Total): 0.0018 | Combo (CE+dice): 0.1197

--- Epoch 242/300 ---
Batch 0/28 | Total Loss: 0.2920 | Recon Loss (Total): 0.0012 | Combo (CE+dice): 0.2914

--- Epoch 243/300 ---
Batch 0/28 | Total Loss: 0.2282 | Recon Loss (Total): 0.0022 | Combo (CE+dice): 0.2271

--- Epoch 244/300 ---
Batch 0/28 | Total Loss: 0.1562 | Recon Loss (Total): 0.0028 | Combo (CE+dice): 0.1548

--- Epoch 245/300 ---
Batch 0/28 | Total Loss: 0.0687 | Recon Loss (Total): 0.0020 | Combo (CE+dice): 0.0677

--- Epoch 246/300 ---
Batch 0/28 | Total Loss: 0.2821 | Recon Loss (Total): 0.0022 | Combo (CE+dice): 0.2810

--- Epoch 247/300 ---
Batch 0/28 | Total Loss: 0.1090 | Recon Loss (Total): 0.0021 | Combo (CE+dice): 0.1080

--- Epoch 248/300 ---
Batch 0/28 | Total Loss: 0.0932 | Recon Loss (Total): 0.0022 | Combo (CE+dice): 0.0921

--- Epoch 249/300 ---
Batch 0/28 | Total Loss: 0.2831 | Recon Loss (Total): 0.0037 | Combo (CE+dice): 0.2812

--- Epoch 250/300 ---
Batch 0/28 | Total Loss: 0.0983 | Recon Loss (Total): 0.0021 | Combo (CE+dice): 0.0973

--- Epoch 251/300 ---
Batch 0/28 | Total Loss: 0.1098 | Recon Loss (Total): 0.0021 | Combo (CE+dice): 0.1088

--- Epoch 252/300 ---
Batch 0/28 | Total Loss: 0.2819 | Recon Loss (Total): 0.0020 | Combo (CE+dice): 0.2809

--- Epoch 253/300 ---
Batch 0/28 | Total Loss: 0.1869 | Recon Loss (Total): 0.0043 | Combo (CE+dice): 0.1847

--- Epoch 254/300 ---
Batch 0/28 | Total Loss: 0.2520 | Recon Loss (Total): 0.0021 | Combo (CE+dice): 0.2510

--- Epoch 255/300 ---
Batch 0/28 | Total Loss: 0.0723 | Recon Loss (Total): 0.0017 | Combo (CE+dice): 0.0714

--- Epoch 256/300 ---
Batch 0/28 | Total Loss: 0.2627 | Recon Loss (Total): 0.0021 | Combo (CE+dice): 0.2617

--- Epoch 257/300 ---
Batch 0/28 | Total Loss: 0.1923 | Recon Loss (Total): 0.0020 | Combo (CE+dice): 0.1913

--- Epoch 258/300 ---
Batch 0/28 | Total Loss: 0.1739 | Recon Loss (Total): 0.0027 | Combo (CE+dice): 0.1725

--- Epoch 259/300 ---
Batch 0/28 | Total Loss: 0.1529 | Recon Loss (Total): 0.0021 | Combo (CE+dice): 0.1518

--- Epoch 260/300 ---
Batch 0/28 | Total Loss: 0.2162 | Recon Loss (Total): 0.0016 | Combo (CE+dice): 0.2154

--- Epoch 261/300 ---
Batch 0/28 | Total Loss: 0.2127 | Recon Loss (Total): 0.0017 | Combo (CE+dice): 0.2118

--- Epoch 262/300 ---
Batch 0/28 | Total Loss: 0.2844 | Recon Loss (Total): 0.0023 | Combo (CE+dice): 0.2832

--- Epoch 263/300 ---
Batch 0/28 | Total Loss: 0.1231 | Recon Loss (Total): 0.0020 | Combo (CE+dice): 0.1222

--- Epoch 264/300 ---
Batch 0/28 | Total Loss: 0.1406 | Recon Loss (Total): 0.0029 | Combo (CE+dice): 0.1391

--- Epoch 265/300 ---
Batch 0/28 | Total Loss: 0.2775 | Recon Loss (Total): 0.0022 | Combo (CE+dice): 0.2763

--- Epoch 266/300 ---
Batch 0/28 | Total Loss: 0.1752 | Recon Loss (Total): 0.0017 | Combo (CE+dice): 0.1744

--- Epoch 267/300 ---
Batch 0/28 | Total Loss: 0.2864 | Recon Loss (Total): 0.0022 | Combo (CE+dice): 0.2853

--- Epoch 268/300 ---
Batch 0/28 | Total Loss: 0.2252 | Recon Loss (Total): 0.0039 | Combo (CE+dice): 0.2233

--- Epoch 269/300 ---
Batch 0/28 | Total Loss: 0.4219 | Recon Loss (Total): 0.0036 | Combo (CE+dice): 0.4201

--- Epoch 270/300 ---
Batch 0/28 | Total Loss: 0.0777 | Recon Loss (Total): 0.0027 | Combo (CE+dice): 0.0763

--- Epoch 271/300 ---
Batch 0/28 | Total Loss: 0.0575 | Recon Loss (Total): 0.0019 | Combo (CE+dice): 0.0565

--- Epoch 272/300 ---
Batch 0/28 | Total Loss: 0.2310 | Recon Loss (Total): 0.0035 | Combo (CE+dice): 0.2293

--- Epoch 273/300 ---
Batch 0/28 | Total Loss: 0.2363 | Recon Loss (Total): 0.0018 | Combo (CE+dice): 0.2354

--- Epoch 274/300 ---
Batch 0/28 | Total Loss: 0.2785 | Recon Loss (Total): 0.0020 | Combo (CE+dice): 0.2775

--- Epoch 275/300 ---
Batch 0/28 | Total Loss: 0.0852 | Recon Loss (Total): 0.0016 | Combo (CE+dice): 0.0844

--- Epoch 276/300 ---
Batch 0/28 | Total Loss: 0.1768 | Recon Loss (Total): 0.0020 | Combo (CE+dice): 0.1758

--- Epoch 277/300 ---
Batch 0/28 | Total Loss: 0.1397 | Recon Loss (Total): 0.0029 | Combo (CE+dice): 0.1383

--- Epoch 278/300 ---
Batch 0/28 | Total Loss: 0.1034 | Recon Loss (Total): 0.0019 | Combo (CE+dice): 0.1024

--- Epoch 279/300 ---
Batch 0/28 | Total Loss: 0.2864 | Recon Loss (Total): 0.0021 | Combo (CE+dice): 0.2854

--- Epoch 280/300 ---
Batch 0/28 | Total Loss: 0.1157 | Recon Loss (Total): 0.0019 | Combo (CE+dice): 0.1147

--- Epoch 281/300 ---
Batch 0/28 | Total Loss: 0.1568 | Recon Loss (Total): 0.0024 | Combo (CE+dice): 0.1557

--- Epoch 282/300 ---
Batch 0/28 | Total Loss: 0.2511 | Recon Loss (Total): 0.0027 | Combo (CE+dice): 0.2498

--- Epoch 283/300 ---
Batch 0/28 | Total Loss: 0.3144 | Recon Loss (Total): 0.0042 | Combo (CE+dice): 0.3123

--- Epoch 284/300 ---
Batch 0/28 | Total Loss: 0.0573 | Recon Loss (Total): 0.0021 | Combo (CE+dice): 0.0563

--- Epoch 285/300 ---
Batch 0/28 | Total Loss: 0.0628 | Recon Loss (Total): 0.0016 | Combo (CE+dice): 0.0620

--- Epoch 286/300 ---
Batch 0/28 | Total Loss: 0.1240 | Recon Loss (Total): 0.0033 | Combo (CE+dice): 0.1223

--- Epoch 287/300 ---
Batch 0/28 | Total Loss: 0.1977 | Recon Loss (Total): 0.0020 | Combo (CE+dice): 0.1967

--- Epoch 288/300 ---
Batch 0/28 | Total Loss: 0.2375 | Recon Loss (Total): 0.0018 | Combo (CE+dice): 0.2366

--- Epoch 289/300 ---
Batch 0/28 | Total Loss: 0.1932 | Recon Loss (Total): 0.0021 | Combo (CE+dice): 0.1921

--- Epoch 290/300 ---
Batch 0/28 | Total Loss: 0.0674 | Recon Loss (Total): 0.0030 | Combo (CE+dice): 0.0659

--- Epoch 291/300 ---
Batch 0/28 | Total Loss: 0.0944 | Recon Loss (Total): 0.0026 | Combo (CE+dice): 0.0931

--- Epoch 292/300 ---
Batch 0/28 | Total Loss: 0.2761 | Recon Loss (Total): 0.0020 | Combo (CE+dice): 0.2751

--- Epoch 293/300 ---
Batch 0/28 | Total Loss: 0.2812 | Recon Loss (Total): 0.0034 | Combo (CE+dice): 0.2795

--- Epoch 294/300 ---
Batch 0/28 | Total Loss: 0.2139 | Recon Loss (Total): 0.0021 | Combo (CE+dice): 0.2128

--- Epoch 295/300 ---
Batch 0/28 | Total Loss: 0.2645 | Recon Loss (Total): 0.0017 | Combo (CE+dice): 0.2636

--- Epoch 296/300 ---
Batch 0/28 | Total Loss: 0.1185 | Recon Loss (Total): 0.0052 | Combo (CE+dice): 0.1159

--- Epoch 297/300 ---
Batch 0/28 | Total Loss: 0.0577 | Recon Loss (Total): 0.0024 | Combo (CE+dice): 0.0565

--- Epoch 298/300 ---
Batch 0/28 | Total Loss: 0.0987 | Recon Loss (Total): 0.0018 | Combo (CE+dice): 0.0978

--- Epoch 299/300 ---
Batch 0/28 | Total Loss: 0.0643 | Recon Loss (Total): 0.0072 | Combo (CE+dice): 0.0607

--- Epoch 300/300 ---
Batch 0/28 | Total Loss: 0.1605 | Recon Loss (Total): 0.0021 | Combo (CE+dice): 0.1595
--- Training Finished ---
Saving model weights...
Model saved to /zhome/d2/4/167803/Desktop/Deep_project/02456-final-project/Trained_models/multi_simple.pth
Job Finished.

------------------------------------------------------------
Sender: LSF System <lsfadmin@hpc.dtu.dk>
Subject: Job 27046376: <multi_simple_job> in cluster <dcc> Done

Job <multi_simple_job> was submitted from host <gbarlogin1> by user <s214776> in cluster <dcc> at Mon Nov 17 02:36:08 2025
Job was executed on host(s) <8*n-62-12-21>, in queue <gpua100>, as user <s214776> in cluster <dcc> at Mon Nov 17 02:36:08 2025
</zhome/d2/4/167803> was used as the home directory.
</zhome/d2/4/167803/Desktop/Deep_project/02456-final-project> was used as the working directory.
Started at Mon Nov 17 02:36:08 2025
Terminated at Mon Nov 17 03:54:58 2025
Results reported at Mon Nov 17 03:54:58 2025

Your job looked like:

------------------------------------------------------------
# LSBATCH: User input
#!/bin/sh
### --- Job Name ---
#BSUB -J multi_simple_job

### --- Log files ---
#BSUB -o /zhome/d2/4/167803/Desktop/Deep_project/02456-final-project/logs/multi_simple_job_%J.out
#BSUB -e /zhome/d2/4/167803/Desktop/Deep_project/02456-final-project/logs/multi_simple_job_%J.err
### --- Resource Requests ---
#BSUB -q gpua100             # Request GPU queue
#BSUB -gpu "num=1:mode=exclusive_process" # Request 1 GPU, all to myself
#BSUB -n 8                    # Request 4 CPU cores
#BSUB -R "rusage[mem=50GB]"   # Request 16GB memory
#BSUB -W 04:00                # 4 hour runtime limit

### --- Setup Environment ---
echo "Loading CUDA module..."
module load cuda/11.6         # Load CUDA module

echo "Loading Conda..."
# This is the full, correct path to your environment
source /zhome/d2/4/167803/miniforge3/bin/activate MBML
echo "Environment 'MBML' activated."

### --- Run Script ---
echo "Starting Python script..."
python /zhome/d2/4/167803/Desktop/Deep_project/02456-final-project/Model/multitask_simple.py

echo "Job Finished."
------------------------------------------------------------

Successfully completed.

Resource usage summary:

    CPU time :                                   4704.54 sec.
    Max Memory :                                 2232 MB
    Average Memory :                             1916.89 MB
    Total Requested Memory :                     409600.00 MB
    Delta Memory :                               407368.00 MB
    Max Swap :                                   -
    Max Processes :                              4
    Max Threads :                                8
    Run time :                                   4730 sec.
    Turnaround time :                            4730 sec.

The output (if any) is above this job summary.



PS:

Read file </zhome/d2/4/167803/Desktop/Deep_project/02456-final-project/logs/multi_simple_job_27046376.err> for stderr output of this job.

