Loading CUDA module...
Loading Conda...
Environment 'MBML' activated.
Starting Python script...
Using device: cuda
Using device: cuda
Dataset initialized with 512 total patches.
--- Labeled DataLoader created successfully ---
Dataset initialized with 512 total patches.
--- Unlabeled DataLoader created successfully ---
--- Training the MultiTaskNet on Patched Volumetric Data ---

--- Epoch 1/300 ---
Epoch 1/300 | Avg Train Loss: 0.6250
  Seg Loss: 0.6199 | Recon Loss: 0.0085

--- Epoch 2/300 ---
Epoch 2/300 | Avg Train Loss: 0.5112
  Seg Loss: 0.5076 | Recon Loss: 0.0060

--- Epoch 3/300 ---
Epoch 3/300 | Avg Train Loss: 0.4911
  Seg Loss: 0.4877 | Recon Loss: 0.0055

--- Epoch 4/300 ---
Epoch 4/300 | Avg Train Loss: 0.4878
  Seg Loss: 0.4845 | Recon Loss: 0.0054

--- Epoch 5/300 ---
Epoch 5/300 | Avg Train Loss: 0.4822
  Seg Loss: 0.4790 | Recon Loss: 0.0053

--- Epoch 6/300 ---
Epoch 6/300 | Avg Train Loss: 0.4743
  Seg Loss: 0.4712 | Recon Loss: 0.0052

--- Epoch 7/300 ---
Epoch 7/300 | Avg Train Loss: 0.4679
  Seg Loss: 0.4648 | Recon Loss: 0.0051

--- Epoch 8/300 ---
Epoch 8/300 | Avg Train Loss: 0.4621
  Seg Loss: 0.4590 | Recon Loss: 0.0051

--- Epoch 9/300 ---
Epoch 9/300 | Avg Train Loss: 0.4619
  Seg Loss: 0.4589 | Recon Loss: 0.0051

--- Epoch 10/300 ---
Epoch 10/300 | Avg Train Loss: 0.4546
  Seg Loss: 0.4516 | Recon Loss: 0.0051

--- Epoch 11/300 ---
Epoch 11/300 | Avg Train Loss: 0.4545
  Seg Loss: 0.4514 | Recon Loss: 0.0050

--- Epoch 12/300 ---
Epoch 12/300 | Avg Train Loss: 0.4451
  Seg Loss: 0.4421 | Recon Loss: 0.0050

--- Epoch 13/300 ---
Epoch 13/300 | Avg Train Loss: 0.4488
  Seg Loss: 0.4458 | Recon Loss: 0.0050

--- Epoch 14/300 ---
Epoch 14/300 | Avg Train Loss: 0.4376
  Seg Loss: 0.4347 | Recon Loss: 0.0049

--- Epoch 15/300 ---
Epoch 15/300 | Avg Train Loss: 0.4395
  Seg Loss: 0.4366 | Recon Loss: 0.0049

--- Epoch 16/300 ---
Epoch 16/300 | Avg Train Loss: 0.4428
  Seg Loss: 0.4399 | Recon Loss: 0.0049

--- Epoch 17/300 ---
Epoch 17/300 | Avg Train Loss: 0.4363
  Seg Loss: 0.4334 | Recon Loss: 0.0049

--- Epoch 18/300 ---
Epoch 18/300 | Avg Train Loss: 0.4262
  Seg Loss: 0.4232 | Recon Loss: 0.0049

--- Epoch 19/300 ---
Epoch 19/300 | Avg Train Loss: 0.4279
  Seg Loss: 0.4250 | Recon Loss: 0.0049

--- Epoch 20/300 ---
Epoch 20/300 | Avg Train Loss: 0.4204
  Seg Loss: 0.4175 | Recon Loss: 0.0049
  Visuals saved to: /zhome/d2/4/167803/Desktop/Deep_project/02456-final-project/output_big/AG_epoch_0020_predictions.png

--- Epoch 21/300 ---
Epoch 21/300 | Avg Train Loss: 0.4199
  Seg Loss: 0.4170 | Recon Loss: 0.0048

--- Epoch 22/300 ---
Epoch 22/300 | Avg Train Loss: 0.4191
  Seg Loss: 0.4162 | Recon Loss: 0.0048

--- Epoch 23/300 ---
Epoch 23/300 | Avg Train Loss: 0.4203
  Seg Loss: 0.4174 | Recon Loss: 0.0047

--- Epoch 24/300 ---
Epoch 24/300 | Avg Train Loss: 0.4088
  Seg Loss: 0.4060 | Recon Loss: 0.0048

--- Epoch 25/300 ---
Epoch 25/300 | Avg Train Loss: 0.4059
  Seg Loss: 0.4030 | Recon Loss: 0.0048

--- Epoch 26/300 ---
Epoch 26/300 | Avg Train Loss: 0.4119
  Seg Loss: 0.4090 | Recon Loss: 0.0048

--- Epoch 27/300 ---
Epoch 27/300 | Avg Train Loss: 0.4056
  Seg Loss: 0.4027 | Recon Loss: 0.0047

--- Epoch 28/300 ---
Epoch 28/300 | Avg Train Loss: 0.4084
  Seg Loss: 0.4056 | Recon Loss: 0.0047

--- Epoch 29/300 ---
Epoch 29/300 | Avg Train Loss: 0.3997
  Seg Loss: 0.3969 | Recon Loss: 0.0047

--- Epoch 30/300 ---
Epoch 30/300 | Avg Train Loss: 0.3967
  Seg Loss: 0.3939 | Recon Loss: 0.0047

--- Epoch 31/300 ---
Epoch 31/300 | Avg Train Loss: 0.3998
  Seg Loss: 0.3970 | Recon Loss: 0.0047

--- Epoch 32/300 ---
Epoch 32/300 | Avg Train Loss: 0.3907
  Seg Loss: 0.3880 | Recon Loss: 0.0046

--- Epoch 33/300 ---
Epoch 33/300 | Avg Train Loss: 0.3936
  Seg Loss: 0.3908 | Recon Loss: 0.0047

--- Epoch 34/300 ---
Epoch 34/300 | Avg Train Loss: 0.3935
  Seg Loss: 0.3907 | Recon Loss: 0.0046

--- Epoch 35/300 ---
Epoch 35/300 | Avg Train Loss: 0.3872
  Seg Loss: 0.3844 | Recon Loss: 0.0047

--- Epoch 36/300 ---
Epoch 36/300 | Avg Train Loss: 0.3889
  Seg Loss: 0.3861 | Recon Loss: 0.0047

--- Epoch 37/300 ---
Epoch 37/300 | Avg Train Loss: 0.3749
  Seg Loss: 0.3721 | Recon Loss: 0.0046

--- Epoch 38/300 ---
Epoch 38/300 | Avg Train Loss: 0.3804
  Seg Loss: 0.3777 | Recon Loss: 0.0046

--- Epoch 39/300 ---
Epoch 39/300 | Avg Train Loss: 0.3871
  Seg Loss: 0.3844 | Recon Loss: 0.0046

--- Epoch 40/300 ---
Epoch 40/300 | Avg Train Loss: 0.3775
  Seg Loss: 0.3747 | Recon Loss: 0.0046
  Visuals saved to: /zhome/d2/4/167803/Desktop/Deep_project/02456-final-project/output_big/AG_epoch_0040_predictions.png

--- Epoch 41/300 ---
Epoch 41/300 | Avg Train Loss: 0.3764
  Seg Loss: 0.3737 | Recon Loss: 0.0046

--- Epoch 42/300 ---
Epoch 42/300 | Avg Train Loss: 0.3797
  Seg Loss: 0.3769 | Recon Loss: 0.0045

--- Epoch 43/300 ---
Epoch 43/300 | Avg Train Loss: 0.3762
  Seg Loss: 0.3734 | Recon Loss: 0.0047

--- Epoch 44/300 ---
Epoch 44/300 | Avg Train Loss: 0.3801
  Seg Loss: 0.3774 | Recon Loss: 0.0046

--- Epoch 45/300 ---
Epoch 45/300 | Avg Train Loss: 0.3703
  Seg Loss: 0.3676 | Recon Loss: 0.0046

--- Epoch 46/300 ---
Epoch 46/300 | Avg Train Loss: 0.3773
  Seg Loss: 0.3746 | Recon Loss: 0.0046

--- Epoch 47/300 ---
Epoch 47/300 | Avg Train Loss: 0.3727
  Seg Loss: 0.3699 | Recon Loss: 0.0046

--- Epoch 48/300 ---
Epoch 48/300 | Avg Train Loss: 0.3757
  Seg Loss: 0.3730 | Recon Loss: 0.0046

--- Epoch 49/300 ---
Epoch 49/300 | Avg Train Loss: 0.3708
  Seg Loss: 0.3681 | Recon Loss: 0.0046

--- Epoch 50/300 ---
Epoch 50/300 | Avg Train Loss: 0.3669
  Seg Loss: 0.3642 | Recon Loss: 0.0045

--- Epoch 51/300 ---
Epoch 51/300 | Avg Train Loss: 0.3585
  Seg Loss: 0.3558 | Recon Loss: 0.0045

--- Epoch 52/300 ---
Epoch 52/300 | Avg Train Loss: 0.3663
  Seg Loss: 0.3636 | Recon Loss: 0.0045

--- Epoch 53/300 ---
Epoch 53/300 | Avg Train Loss: 0.3655
  Seg Loss: 0.3629 | Recon Loss: 0.0045

--- Epoch 54/300 ---
Epoch 54/300 | Avg Train Loss: 0.3688
  Seg Loss: 0.3661 | Recon Loss: 0.0045

--- Epoch 55/300 ---
Epoch 55/300 | Avg Train Loss: 0.3636
  Seg Loss: 0.3609 | Recon Loss: 0.0045

--- Epoch 56/300 ---
Epoch 56/300 | Avg Train Loss: 0.3607
  Seg Loss: 0.3579 | Recon Loss: 0.0046

--- Epoch 57/300 ---
Epoch 57/300 | Avg Train Loss: 0.3639
  Seg Loss: 0.3612 | Recon Loss: 0.0046

--- Epoch 58/300 ---
Epoch 58/300 | Avg Train Loss: 0.3591
  Seg Loss: 0.3564 | Recon Loss: 0.0045

--- Epoch 59/300 ---
Epoch 59/300 | Avg Train Loss: 0.3614
  Seg Loss: 0.3587 | Recon Loss: 0.0045

--- Epoch 60/300 ---
Epoch 60/300 | Avg Train Loss: 0.3583
  Seg Loss: 0.3556 | Recon Loss: 0.0045
  Visuals saved to: /zhome/d2/4/167803/Desktop/Deep_project/02456-final-project/output_big/AG_epoch_0060_predictions.png

--- Epoch 61/300 ---
Epoch 61/300 | Avg Train Loss: 0.3568
  Seg Loss: 0.3541 | Recon Loss: 0.0045

--- Epoch 62/300 ---
Epoch 62/300 | Avg Train Loss: 0.3586
  Seg Loss: 0.3559 | Recon Loss: 0.0045

--- Epoch 63/300 ---
Epoch 63/300 | Avg Train Loss: 0.3620
  Seg Loss: 0.3593 | Recon Loss: 0.0045

--- Epoch 64/300 ---
Epoch 64/300 | Avg Train Loss: 0.3545
  Seg Loss: 0.3519 | Recon Loss: 0.0044

--- Epoch 65/300 ---
Epoch 65/300 | Avg Train Loss: 0.3561
  Seg Loss: 0.3534 | Recon Loss: 0.0045

--- Epoch 66/300 ---
Epoch 66/300 | Avg Train Loss: 0.3541
  Seg Loss: 0.3514 | Recon Loss: 0.0045

--- Epoch 67/300 ---
Epoch 67/300 | Avg Train Loss: 0.3573
  Seg Loss: 0.3546 | Recon Loss: 0.0045

--- Epoch 68/300 ---
Epoch 68/300 | Avg Train Loss: 0.3551
  Seg Loss: 0.3524 | Recon Loss: 0.0044

--- Epoch 69/300 ---
Epoch 69/300 | Avg Train Loss: 0.3597
  Seg Loss: 0.3570 | Recon Loss: 0.0045

--- Epoch 70/300 ---
Epoch 70/300 | Avg Train Loss: 0.3518
  Seg Loss: 0.3491 | Recon Loss: 0.0045

--- Epoch 71/300 ---
Epoch 71/300 | Avg Train Loss: 0.3602
  Seg Loss: 0.3575 | Recon Loss: 0.0045

--- Epoch 72/300 ---
Epoch 72/300 | Avg Train Loss: 0.3528
  Seg Loss: 0.3502 | Recon Loss: 0.0044

--- Epoch 73/300 ---
Epoch 73/300 | Avg Train Loss: 0.3538
  Seg Loss: 0.3512 | Recon Loss: 0.0044

--- Epoch 74/300 ---
Epoch 74/300 | Avg Train Loss: 0.3533
  Seg Loss: 0.3506 | Recon Loss: 0.0044

--- Epoch 75/300 ---
Epoch 75/300 | Avg Train Loss: 0.3467
  Seg Loss: 0.3441 | Recon Loss: 0.0044

--- Epoch 76/300 ---
Epoch 76/300 | Avg Train Loss: 0.3487
  Seg Loss: 0.3460 | Recon Loss: 0.0044

--- Epoch 77/300 ---
Epoch 77/300 | Avg Train Loss: 0.3542
  Seg Loss: 0.3516 | Recon Loss: 0.0044

--- Epoch 78/300 ---
Epoch 78/300 | Avg Train Loss: 0.3482
  Seg Loss: 0.3456 | Recon Loss: 0.0044

--- Epoch 79/300 ---
Epoch 79/300 | Avg Train Loss: 0.3540
  Seg Loss: 0.3514 | Recon Loss: 0.0043

--- Epoch 80/300 ---
Epoch 80/300 | Avg Train Loss: 0.3502
  Seg Loss: 0.3476 | Recon Loss: 0.0043
  Visuals saved to: /zhome/d2/4/167803/Desktop/Deep_project/02456-final-project/output_big/AG_epoch_0080_predictions.png

--- Epoch 81/300 ---
Epoch 81/300 | Avg Train Loss: 0.3510
  Seg Loss: 0.3484 | Recon Loss: 0.0043

--- Epoch 82/300 ---
Epoch 82/300 | Avg Train Loss: 0.3503
  Seg Loss: 0.3476 | Recon Loss: 0.0044

--- Epoch 83/300 ---
Epoch 83/300 | Avg Train Loss: 0.3529
  Seg Loss: 0.3504 | Recon Loss: 0.0042

--- Epoch 84/300 ---
Epoch 84/300 | Avg Train Loss: 0.3467
  Seg Loss: 0.3442 | Recon Loss: 0.0043

--- Epoch 85/300 ---
Epoch 85/300 | Avg Train Loss: 0.3422
  Seg Loss: 0.3397 | Recon Loss: 0.0042

--- Epoch 86/300 ---
Epoch 86/300 | Avg Train Loss: 0.3509
  Seg Loss: 0.3483 | Recon Loss: 0.0043

--- Epoch 87/300 ---
Epoch 87/300 | Avg Train Loss: 0.3454
  Seg Loss: 0.3429 | Recon Loss: 0.0042

--- Epoch 88/300 ---
Epoch 88/300 | Avg Train Loss: 0.3470
  Seg Loss: 0.3445 | Recon Loss: 0.0042

--- Epoch 89/300 ---
Epoch 89/300 | Avg Train Loss: 0.3451
  Seg Loss: 0.3426 | Recon Loss: 0.0042

--- Epoch 90/300 ---
Epoch 90/300 | Avg Train Loss: 0.3431
  Seg Loss: 0.3406 | Recon Loss: 0.0042

--- Epoch 91/300 ---
Epoch 91/300 | Avg Train Loss: 0.3444
  Seg Loss: 0.3419 | Recon Loss: 0.0042

--- Epoch 92/300 ---
Epoch 92/300 | Avg Train Loss: 0.3484
  Seg Loss: 0.3459 | Recon Loss: 0.0042

--- Epoch 93/300 ---
Epoch 93/300 | Avg Train Loss: 0.3442
  Seg Loss: 0.3417 | Recon Loss: 0.0041

--- Epoch 94/300 ---
Epoch 94/300 | Avg Train Loss: 0.3459
  Seg Loss: 0.3434 | Recon Loss: 0.0042

--- Epoch 95/300 ---
Epoch 95/300 | Avg Train Loss: 0.3417
  Seg Loss: 0.3392 | Recon Loss: 0.0042

--- Epoch 96/300 ---
Epoch 96/300 | Avg Train Loss: 0.3407
  Seg Loss: 0.3382 | Recon Loss: 0.0041

--- Epoch 97/300 ---
Epoch 97/300 | Avg Train Loss: 0.3411
  Seg Loss: 0.3387 | Recon Loss: 0.0041

--- Epoch 98/300 ---
Epoch 98/300 | Avg Train Loss: 0.3448
  Seg Loss: 0.3424 | Recon Loss: 0.0040

--- Epoch 99/300 ---
Epoch 99/300 | Avg Train Loss: 0.3396
  Seg Loss: 0.3372 | Recon Loss: 0.0041

--- Epoch 100/300 ---
Epoch 100/300 | Avg Train Loss: 0.3434
  Seg Loss: 0.3410 | Recon Loss: 0.0041
  Visuals saved to: /zhome/d2/4/167803/Desktop/Deep_project/02456-final-project/output_big/AG_epoch_0100_predictions.png

--- Epoch 101/300 ---
Epoch 101/300 | Avg Train Loss: 0.3422
  Seg Loss: 0.3398 | Recon Loss: 0.0040

--- Epoch 102/300 ---
Epoch 102/300 | Avg Train Loss: 0.3392
  Seg Loss: 0.3368 | Recon Loss: 0.0040

--- Epoch 103/300 ---
Epoch 103/300 | Avg Train Loss: 0.3402
  Seg Loss: 0.3378 | Recon Loss: 0.0040

--- Epoch 104/300 ---
Epoch 104/300 | Avg Train Loss: 0.3423
  Seg Loss: 0.3399 | Recon Loss: 0.0040

--- Epoch 105/300 ---
Epoch 105/300 | Avg Train Loss: 0.3355
  Seg Loss: 0.3331 | Recon Loss: 0.0040

--- Epoch 106/300 ---
Epoch 106/300 | Avg Train Loss: 0.3448
  Seg Loss: 0.3424 | Recon Loss: 0.0039

--- Epoch 107/300 ---
Epoch 107/300 | Avg Train Loss: 0.3338
  Seg Loss: 0.3314 | Recon Loss: 0.0039

--- Epoch 108/300 ---
Epoch 108/300 | Avg Train Loss: 0.3410
  Seg Loss: 0.3387 | Recon Loss: 0.0039

--- Epoch 109/300 ---
Epoch 109/300 | Avg Train Loss: 0.3393
  Seg Loss: 0.3369 | Recon Loss: 0.0039

--- Epoch 110/300 ---
Epoch 110/300 | Avg Train Loss: 0.3403
  Seg Loss: 0.3380 | Recon Loss: 0.0039

--- Epoch 111/300 ---
Epoch 111/300 | Avg Train Loss: 0.3322
  Seg Loss: 0.3299 | Recon Loss: 0.0039

--- Epoch 112/300 ---
Epoch 112/300 | Avg Train Loss: 0.3411
  Seg Loss: 0.3388 | Recon Loss: 0.0038

--- Epoch 113/300 ---
Epoch 113/300 | Avg Train Loss: 0.3377
  Seg Loss: 0.3354 | Recon Loss: 0.0038

--- Epoch 114/300 ---
Epoch 114/300 | Avg Train Loss: 0.3388
  Seg Loss: 0.3365 | Recon Loss: 0.0037

--- Epoch 115/300 ---
Epoch 115/300 | Avg Train Loss: 0.3383
  Seg Loss: 0.3360 | Recon Loss: 0.0038

--- Epoch 116/300 ---
Epoch 116/300 | Avg Train Loss: 0.3338
  Seg Loss: 0.3315 | Recon Loss: 0.0038

--- Epoch 117/300 ---
Epoch 117/300 | Avg Train Loss: 0.3383
  Seg Loss: 0.3361 | Recon Loss: 0.0037

--- Epoch 118/300 ---
Epoch 118/300 | Avg Train Loss: 0.3384
  Seg Loss: 0.3362 | Recon Loss: 0.0037

--- Epoch 119/300 ---
Epoch 119/300 | Avg Train Loss: 0.3336
  Seg Loss: 0.3314 | Recon Loss: 0.0037

--- Epoch 120/300 ---
Epoch 120/300 | Avg Train Loss: 0.3376
  Seg Loss: 0.3354 | Recon Loss: 0.0037
  Visuals saved to: /zhome/d2/4/167803/Desktop/Deep_project/02456-final-project/output_big/AG_epoch_0120_predictions.png

--- Epoch 121/300 ---
Epoch 121/300 | Avg Train Loss: 0.3352
  Seg Loss: 0.3329 | Recon Loss: 0.0037

--- Epoch 122/300 ---
Epoch 122/300 | Avg Train Loss: 0.3358
  Seg Loss: 0.3336 | Recon Loss: 0.0037

--- Epoch 123/300 ---
Epoch 123/300 | Avg Train Loss: 0.3315
  Seg Loss: 0.3293 | Recon Loss: 0.0036

--- Epoch 124/300 ---
Epoch 124/300 | Avg Train Loss: 0.3325
  Seg Loss: 0.3304 | Recon Loss: 0.0035

--- Epoch 125/300 ---
Epoch 125/300 | Avg Train Loss: 0.3387
  Seg Loss: 0.3365 | Recon Loss: 0.0037

--- Epoch 126/300 ---
Epoch 126/300 | Avg Train Loss: 0.3370
  Seg Loss: 0.3348 | Recon Loss: 0.0037

--- Epoch 127/300 ---
Epoch 127/300 | Avg Train Loss: 0.3312
  Seg Loss: 0.3291 | Recon Loss: 0.0036

--- Epoch 128/300 ---
Epoch 128/300 | Avg Train Loss: 0.3286
  Seg Loss: 0.3265 | Recon Loss: 0.0035

--- Epoch 129/300 ---
Epoch 129/300 | Avg Train Loss: 0.3329
  Seg Loss: 0.3307 | Recon Loss: 0.0037

--- Epoch 130/300 ---
Epoch 130/300 | Avg Train Loss: 0.3331
  Seg Loss: 0.3310 | Recon Loss: 0.0035

--- Epoch 131/300 ---
Epoch 131/300 | Avg Train Loss: 0.3294
  Seg Loss: 0.3273 | Recon Loss: 0.0035

--- Epoch 132/300 ---
Epoch 132/300 | Avg Train Loss: 0.3318
  Seg Loss: 0.3297 | Recon Loss: 0.0036

--- Epoch 133/300 ---
Epoch 133/300 | Avg Train Loss: 0.3300
  Seg Loss: 0.3279 | Recon Loss: 0.0035

--- Epoch 134/300 ---
Epoch 134/300 | Avg Train Loss: 0.3310
  Seg Loss: 0.3289 | Recon Loss: 0.0035

--- Epoch 135/300 ---
Epoch 135/300 | Avg Train Loss: 0.3308
  Seg Loss: 0.3287 | Recon Loss: 0.0035

--- Epoch 136/300 ---
Epoch 136/300 | Avg Train Loss: 0.3325
  Seg Loss: 0.3305 | Recon Loss: 0.0034

--- Epoch 137/300 ---
Epoch 137/300 | Avg Train Loss: 0.3286
  Seg Loss: 0.3264 | Recon Loss: 0.0036

--- Epoch 138/300 ---
Epoch 138/300 | Avg Train Loss: 0.3295
  Seg Loss: 0.3274 | Recon Loss: 0.0035

--- Epoch 139/300 ---
Epoch 139/300 | Avg Train Loss: 0.3300
  Seg Loss: 0.3279 | Recon Loss: 0.0034

--- Epoch 140/300 ---
Epoch 140/300 | Avg Train Loss: 0.3268
  Seg Loss: 0.3248 | Recon Loss: 0.0034
  Visuals saved to: /zhome/d2/4/167803/Desktop/Deep_project/02456-final-project/output_big/AG_epoch_0140_predictions.png

--- Epoch 141/300 ---
Epoch 141/300 | Avg Train Loss: 0.3302
  Seg Loss: 0.3281 | Recon Loss: 0.0034

--- Epoch 142/300 ---
Epoch 142/300 | Avg Train Loss: 0.3323
  Seg Loss: 0.3302 | Recon Loss: 0.0035

--- Epoch 143/300 ---
Epoch 143/300 | Avg Train Loss: 0.3280
  Seg Loss: 0.3259 | Recon Loss: 0.0034

--- Epoch 144/300 ---
Epoch 144/300 | Avg Train Loss: 0.3311
  Seg Loss: 0.3291 | Recon Loss: 0.0033

--- Epoch 145/300 ---
Epoch 145/300 | Avg Train Loss: 0.3315
  Seg Loss: 0.3294 | Recon Loss: 0.0034

--- Epoch 146/300 ---
Epoch 146/300 | Avg Train Loss: 0.3298
  Seg Loss: 0.3278 | Recon Loss: 0.0034

--- Epoch 147/300 ---
Epoch 147/300 | Avg Train Loss: 0.3281
  Seg Loss: 0.3261 | Recon Loss: 0.0033

--- Epoch 148/300 ---
Epoch 148/300 | Avg Train Loss: 0.3251
  Seg Loss: 0.3231 | Recon Loss: 0.0032

--- Epoch 149/300 ---
Epoch 149/300 | Avg Train Loss: 0.3265
  Seg Loss: 0.3245 | Recon Loss: 0.0034

--- Epoch 150/300 ---
Epoch 150/300 | Avg Train Loss: 0.3297
  Seg Loss: 0.3278 | Recon Loss: 0.0033

--- Epoch 151/300 ---
Epoch 151/300 | Avg Train Loss: 0.3293
  Seg Loss: 0.3274 | Recon Loss: 0.0033

--- Epoch 152/300 ---
Epoch 152/300 | Avg Train Loss: 0.3256
  Seg Loss: 0.3237 | Recon Loss: 0.0032

--- Epoch 153/300 ---
Epoch 153/300 | Avg Train Loss: 0.3262
  Seg Loss: 0.3242 | Recon Loss: 0.0033

--- Epoch 154/300 ---
Epoch 154/300 | Avg Train Loss: 0.3273
  Seg Loss: 0.3253 | Recon Loss: 0.0033

--- Epoch 155/300 ---
Epoch 155/300 | Avg Train Loss: 0.3279
  Seg Loss: 0.3259 | Recon Loss: 0.0032

--- Epoch 156/300 ---
Epoch 156/300 | Avg Train Loss: 0.3278
  Seg Loss: 0.3259 | Recon Loss: 0.0033

--- Epoch 157/300 ---
Epoch 157/300 | Avg Train Loss: 0.3281
  Seg Loss: 0.3261 | Recon Loss: 0.0032

--- Epoch 158/300 ---
Epoch 158/300 | Avg Train Loss: 0.3295
  Seg Loss: 0.3276 | Recon Loss: 0.0032

--- Epoch 159/300 ---
Epoch 159/300 | Avg Train Loss: 0.3226
  Seg Loss: 0.3206 | Recon Loss: 0.0033

--- Epoch 160/300 ---
Epoch 160/300 | Avg Train Loss: 0.3313
  Seg Loss: 0.3293 | Recon Loss: 0.0033
  Visuals saved to: /zhome/d2/4/167803/Desktop/Deep_project/02456-final-project/output_big/AG_epoch_0160_predictions.png

--- Epoch 161/300 ---
Epoch 161/300 | Avg Train Loss: 0.3281
  Seg Loss: 0.3262 | Recon Loss: 0.0032

--- Epoch 162/300 ---
Epoch 162/300 | Avg Train Loss: 0.3233
  Seg Loss: 0.3213 | Recon Loss: 0.0033

--- Epoch 163/300 ---
Epoch 163/300 | Avg Train Loss: 0.3307
  Seg Loss: 0.3288 | Recon Loss: 0.0032

--- Epoch 164/300 ---
Epoch 164/300 | Avg Train Loss: 0.3259
  Seg Loss: 0.3241 | Recon Loss: 0.0031

--- Epoch 165/300 ---
Epoch 165/300 | Avg Train Loss: 0.3257
  Seg Loss: 0.3239 | Recon Loss: 0.0031

--- Epoch 166/300 ---
Epoch 166/300 | Avg Train Loss: 0.3240
  Seg Loss: 0.3221 | Recon Loss: 0.0031

--- Epoch 167/300 ---
Epoch 167/300 | Avg Train Loss: 0.3207
  Seg Loss: 0.3188 | Recon Loss: 0.0031

--- Epoch 168/300 ---
Epoch 168/300 | Avg Train Loss: 0.3248
  Seg Loss: 0.3229 | Recon Loss: 0.0032

--- Epoch 169/300 ---
Epoch 169/300 | Avg Train Loss: 0.3223
  Seg Loss: 0.3204 | Recon Loss: 0.0032

--- Epoch 170/300 ---
Epoch 170/300 | Avg Train Loss: 0.3230
  Seg Loss: 0.3211 | Recon Loss: 0.0032

--- Epoch 171/300 ---
Epoch 171/300 | Avg Train Loss: 0.3225
  Seg Loss: 0.3206 | Recon Loss: 0.0031

--- Epoch 172/300 ---
Epoch 172/300 | Avg Train Loss: 0.3233
  Seg Loss: 0.3215 | Recon Loss: 0.0030

--- Epoch 173/300 ---
Epoch 173/300 | Avg Train Loss: 0.3233
  Seg Loss: 0.3215 | Recon Loss: 0.0030

--- Epoch 174/300 ---
Epoch 174/300 | Avg Train Loss: 0.3205
  Seg Loss: 0.3188 | Recon Loss: 0.0030

--- Epoch 175/300 ---
Epoch 175/300 | Avg Train Loss: 0.3237
  Seg Loss: 0.3219 | Recon Loss: 0.0031

--- Epoch 176/300 ---
Epoch 176/300 | Avg Train Loss: 0.3194
  Seg Loss: 0.3176 | Recon Loss: 0.0031

--- Epoch 177/300 ---
Epoch 177/300 | Avg Train Loss: 0.3250
  Seg Loss: 0.3231 | Recon Loss: 0.0031

--- Epoch 178/300 ---
Epoch 178/300 | Avg Train Loss: 0.3244
  Seg Loss: 0.3225 | Recon Loss: 0.0031

--- Epoch 179/300 ---
Epoch 179/300 | Avg Train Loss: 0.3188
  Seg Loss: 0.3170 | Recon Loss: 0.0031

--- Epoch 180/300 ---
Epoch 180/300 | Avg Train Loss: 0.3214
  Seg Loss: 0.3196 | Recon Loss: 0.0030
  Visuals saved to: /zhome/d2/4/167803/Desktop/Deep_project/02456-final-project/output_big/AG_epoch_0180_predictions.png

--- Epoch 181/300 ---
Epoch 181/300 | Avg Train Loss: 0.3171
  Seg Loss: 0.3153 | Recon Loss: 0.0030

--- Epoch 182/300 ---
Epoch 182/300 | Avg Train Loss: 0.3226
  Seg Loss: 0.3208 | Recon Loss: 0.0030

--- Epoch 183/300 ---
Epoch 183/300 | Avg Train Loss: 0.3275
  Seg Loss: 0.3257 | Recon Loss: 0.0030

--- Epoch 184/300 ---
Epoch 184/300 | Avg Train Loss: 0.3198
  Seg Loss: 0.3179 | Recon Loss: 0.0031

--- Epoch 185/300 ---
Epoch 185/300 | Avg Train Loss: 0.3179
  Seg Loss: 0.3162 | Recon Loss: 0.0029

--- Epoch 186/300 ---
Epoch 186/300 | Avg Train Loss: 0.3209
  Seg Loss: 0.3191 | Recon Loss: 0.0031

--- Epoch 187/300 ---
Epoch 187/300 | Avg Train Loss: 0.3174
  Seg Loss: 0.3156 | Recon Loss: 0.0030

--- Epoch 188/300 ---
Epoch 188/300 | Avg Train Loss: 0.3201
  Seg Loss: 0.3183 | Recon Loss: 0.0031

--- Epoch 189/300 ---
Epoch 189/300 | Avg Train Loss: 0.3179
  Seg Loss: 0.3161 | Recon Loss: 0.0030

--- Epoch 190/300 ---
Epoch 190/300 | Avg Train Loss: 0.3235
  Seg Loss: 0.3217 | Recon Loss: 0.0030

--- Epoch 191/300 ---
Epoch 191/300 | Avg Train Loss: 0.3209
  Seg Loss: 0.3191 | Recon Loss: 0.0030

--- Epoch 192/300 ---
Epoch 192/300 | Avg Train Loss: 0.3211
  Seg Loss: 0.3192 | Recon Loss: 0.0031

--- Epoch 193/300 ---
Epoch 193/300 | Avg Train Loss: 0.3142
  Seg Loss: 0.3124 | Recon Loss: 0.0030

--- Epoch 194/300 ---
Epoch 194/300 | Avg Train Loss: 0.3161
  Seg Loss: 0.3142 | Recon Loss: 0.0031

--- Epoch 195/300 ---
Epoch 195/300 | Avg Train Loss: 0.3131
  Seg Loss: 0.3113 | Recon Loss: 0.0030

--- Epoch 196/300 ---
Epoch 196/300 | Avg Train Loss: 0.3196
  Seg Loss: 0.3178 | Recon Loss: 0.0030

--- Epoch 197/300 ---
Epoch 197/300 | Avg Train Loss: 0.3211
  Seg Loss: 0.3194 | Recon Loss: 0.0029

--- Epoch 198/300 ---
Epoch 198/300 | Avg Train Loss: 0.3197
  Seg Loss: 0.3179 | Recon Loss: 0.0029

--- Epoch 199/300 ---
Epoch 199/300 | Avg Train Loss: 0.3143
  Seg Loss: 0.3125 | Recon Loss: 0.0029

--- Epoch 200/300 ---
Epoch 200/300 | Avg Train Loss: 0.3236
  Seg Loss: 0.3218 | Recon Loss: 0.0030
  Visuals saved to: /zhome/d2/4/167803/Desktop/Deep_project/02456-final-project/output_big/AG_epoch_0200_predictions.png

--- Epoch 201/300 ---
Epoch 201/300 | Avg Train Loss: 0.3187
  Seg Loss: 0.3169 | Recon Loss: 0.0029

--- Epoch 202/300 ---
Epoch 202/300 | Avg Train Loss: 0.3213
  Seg Loss: 0.3194 | Recon Loss: 0.0031

--- Epoch 203/300 ---
Epoch 203/300 | Avg Train Loss: 0.3169
  Seg Loss: 0.3151 | Recon Loss: 0.0030

--- Epoch 204/300 ---
Epoch 204/300 | Avg Train Loss: 0.3242
  Seg Loss: 0.3224 | Recon Loss: 0.0031

--- Epoch 205/300 ---
Epoch 205/300 | Avg Train Loss: 0.3196
  Seg Loss: 0.3177 | Recon Loss: 0.0030

--- Epoch 206/300 ---
Epoch 206/300 | Avg Train Loss: 0.3238
  Seg Loss: 0.3220 | Recon Loss: 0.0030

--- Epoch 207/300 ---
Epoch 207/300 | Avg Train Loss: 0.3153
  Seg Loss: 0.3136 | Recon Loss: 0.0029

--- Epoch 208/300 ---
Epoch 208/300 | Avg Train Loss: 0.3158
  Seg Loss: 0.3141 | Recon Loss: 0.0029

--- Epoch 209/300 ---
Epoch 209/300 | Avg Train Loss: 0.3190
  Seg Loss: 0.3173 | Recon Loss: 0.0029

--- Epoch 210/300 ---
Epoch 210/300 | Avg Train Loss: 0.3224
  Seg Loss: 0.3206 | Recon Loss: 0.0029

--- Epoch 211/300 ---
Epoch 211/300 | Avg Train Loss: 0.3215
  Seg Loss: 0.3197 | Recon Loss: 0.0030

--- Epoch 212/300 ---
Epoch 212/300 | Avg Train Loss: 0.3195
  Seg Loss: 0.3178 | Recon Loss: 0.0029

--- Epoch 213/300 ---
Epoch 213/300 | Avg Train Loss: 0.3162
  Seg Loss: 0.3145 | Recon Loss: 0.0028

--- Epoch 214/300 ---
Epoch 214/300 | Avg Train Loss: 0.3123
  Seg Loss: 0.3106 | Recon Loss: 0.0028

--- Epoch 215/300 ---
Epoch 215/300 | Avg Train Loss: 0.3153
  Seg Loss: 0.3136 | Recon Loss: 0.0029

--- Epoch 216/300 ---
Epoch 216/300 | Avg Train Loss: 0.3184
  Seg Loss: 0.3166 | Recon Loss: 0.0029

--- Epoch 217/300 ---
Epoch 217/300 | Avg Train Loss: 0.3156
  Seg Loss: 0.3138 | Recon Loss: 0.0029

--- Epoch 218/300 ---
Epoch 218/300 | Avg Train Loss: 0.3135
  Seg Loss: 0.3118 | Recon Loss: 0.0028

--- Epoch 219/300 ---
Epoch 219/300 | Avg Train Loss: 0.3133
  Seg Loss: 0.3116 | Recon Loss: 0.0029

--- Epoch 220/300 ---
Epoch 220/300 | Avg Train Loss: 0.3164
  Seg Loss: 0.3147 | Recon Loss: 0.0029
  Visuals saved to: /zhome/d2/4/167803/Desktop/Deep_project/02456-final-project/output_big/AG_epoch_0220_predictions.png

--- Epoch 221/300 ---
Epoch 221/300 | Avg Train Loss: 0.3197
  Seg Loss: 0.3180 | Recon Loss: 0.0029

--- Epoch 222/300 ---
Epoch 222/300 | Avg Train Loss: 0.3188
  Seg Loss: 0.3170 | Recon Loss: 0.0029

--- Epoch 223/300 ---
Epoch 223/300 | Avg Train Loss: 0.3113
  Seg Loss: 0.3096 | Recon Loss: 0.0030

--- Epoch 224/300 ---
Epoch 224/300 | Avg Train Loss: 0.3168
  Seg Loss: 0.3151 | Recon Loss: 0.0029

--- Epoch 225/300 ---
Epoch 225/300 | Avg Train Loss: 0.3137
  Seg Loss: 0.3120 | Recon Loss: 0.0028

--- Epoch 226/300 ---
Epoch 226/300 | Avg Train Loss: 0.3217
  Seg Loss: 0.3200 | Recon Loss: 0.0029

--- Epoch 227/300 ---
Epoch 227/300 | Avg Train Loss: 0.3188
  Seg Loss: 0.3171 | Recon Loss: 0.0029

--- Epoch 228/300 ---
Epoch 228/300 | Avg Train Loss: 0.3144
  Seg Loss: 0.3127 | Recon Loss: 0.0028

--- Epoch 229/300 ---
Epoch 229/300 | Avg Train Loss: 0.3164
  Seg Loss: 0.3147 | Recon Loss: 0.0029

--- Epoch 230/300 ---
Epoch 230/300 | Avg Train Loss: 0.3137
  Seg Loss: 0.3120 | Recon Loss: 0.0029

--- Epoch 231/300 ---
Epoch 231/300 | Avg Train Loss: 0.3106
  Seg Loss: 0.3089 | Recon Loss: 0.0028

--- Epoch 232/300 ---
Epoch 232/300 | Avg Train Loss: 0.3163
  Seg Loss: 0.3146 | Recon Loss: 0.0028

--- Epoch 233/300 ---
Epoch 233/300 | Avg Train Loss: 0.3152
  Seg Loss: 0.3135 | Recon Loss: 0.0028

--- Epoch 234/300 ---
Epoch 234/300 | Avg Train Loss: 0.3166
  Seg Loss: 0.3150 | Recon Loss: 0.0027

--- Epoch 235/300 ---
Epoch 235/300 | Avg Train Loss: 0.3165
  Seg Loss: 0.3148 | Recon Loss: 0.0029

--- Epoch 236/300 ---
Epoch 236/300 | Avg Train Loss: 0.3173
  Seg Loss: 0.3156 | Recon Loss: 0.0029

--- Epoch 237/300 ---
Epoch 237/300 | Avg Train Loss: 0.3158
  Seg Loss: 0.3142 | Recon Loss: 0.0028

--- Epoch 238/300 ---
Epoch 238/300 | Avg Train Loss: 0.3143
  Seg Loss: 0.3125 | Recon Loss: 0.0029

--- Epoch 239/300 ---
Epoch 239/300 | Avg Train Loss: 0.3187
  Seg Loss: 0.3171 | Recon Loss: 0.0027

--- Epoch 240/300 ---
Epoch 240/300 | Avg Train Loss: 0.3173
  Seg Loss: 0.3155 | Recon Loss: 0.0029
  Visuals saved to: /zhome/d2/4/167803/Desktop/Deep_project/02456-final-project/output_big/AG_epoch_0240_predictions.png

--- Epoch 241/300 ---
Epoch 241/300 | Avg Train Loss: 0.3130
  Seg Loss: 0.3113 | Recon Loss: 0.0028

--- Epoch 242/300 ---
Epoch 242/300 | Avg Train Loss: 0.3169
  Seg Loss: 0.3152 | Recon Loss: 0.0028

--- Epoch 243/300 ---
Epoch 243/300 | Avg Train Loss: 0.3079
  Seg Loss: 0.3062 | Recon Loss: 0.0028

--- Epoch 244/300 ---
Epoch 244/300 | Avg Train Loss: 0.3203
  Seg Loss: 0.3186 | Recon Loss: 0.0028

--- Epoch 245/300 ---
Epoch 245/300 | Avg Train Loss: 0.3120
  Seg Loss: 0.3104 | Recon Loss: 0.0028

--- Epoch 246/300 ---
Epoch 246/300 | Avg Train Loss: 0.3129
  Seg Loss: 0.3112 | Recon Loss: 0.0028

--- Epoch 247/300 ---
Epoch 247/300 | Avg Train Loss: 0.3152
  Seg Loss: 0.3135 | Recon Loss: 0.0028

--- Epoch 248/300 ---
Epoch 248/300 | Avg Train Loss: 0.3180
  Seg Loss: 0.3164 | Recon Loss: 0.0028

--- Epoch 249/300 ---
Epoch 249/300 | Avg Train Loss: 0.3097
  Seg Loss: 0.3080 | Recon Loss: 0.0027

--- Epoch 250/300 ---
Epoch 250/300 | Avg Train Loss: 0.3065
  Seg Loss: 0.3049 | Recon Loss: 0.0027

--- Epoch 251/300 ---
Epoch 251/300 | Avg Train Loss: 0.3168
  Seg Loss: 0.3151 | Recon Loss: 0.0028

--- Epoch 252/300 ---
Epoch 252/300 | Avg Train Loss: 0.3159
  Seg Loss: 0.3143 | Recon Loss: 0.0028

--- Epoch 253/300 ---
Epoch 253/300 | Avg Train Loss: 0.3113
  Seg Loss: 0.3097 | Recon Loss: 0.0027

--- Epoch 254/300 ---
Epoch 254/300 | Avg Train Loss: 0.3161
  Seg Loss: 0.3144 | Recon Loss: 0.0029

--- Epoch 255/300 ---
Epoch 255/300 | Avg Train Loss: 0.3071
  Seg Loss: 0.3054 | Recon Loss: 0.0028

--- Epoch 256/300 ---
Epoch 256/300 | Avg Train Loss: 0.3152
  Seg Loss: 0.3135 | Recon Loss: 0.0028

--- Epoch 257/300 ---
Epoch 257/300 | Avg Train Loss: 0.3162
  Seg Loss: 0.3145 | Recon Loss: 0.0028

--- Epoch 258/300 ---
Epoch 258/300 | Avg Train Loss: 0.3139
  Seg Loss: 0.3122 | Recon Loss: 0.0028

--- Epoch 259/300 ---
Epoch 259/300 | Avg Train Loss: 0.3090
  Seg Loss: 0.3074 | Recon Loss: 0.0027

--- Epoch 260/300 ---
Epoch 260/300 | Avg Train Loss: 0.3137
  Seg Loss: 0.3120 | Recon Loss: 0.0027
  Visuals saved to: /zhome/d2/4/167803/Desktop/Deep_project/02456-final-project/output_big/AG_epoch_0260_predictions.png

--- Epoch 261/300 ---
Epoch 261/300 | Avg Train Loss: 0.3168
  Seg Loss: 0.3152 | Recon Loss: 0.0026

--- Epoch 262/300 ---
Epoch 262/300 | Avg Train Loss: 0.3135
  Seg Loss: 0.3119 | Recon Loss: 0.0027

--- Epoch 263/300 ---
Epoch 263/300 | Avg Train Loss: 0.3103
  Seg Loss: 0.3087 | Recon Loss: 0.0027

--- Epoch 264/300 ---
Epoch 264/300 | Avg Train Loss: 0.3085
  Seg Loss: 0.3069 | Recon Loss: 0.0027

--- Epoch 265/300 ---
Epoch 265/300 | Avg Train Loss: 0.3139
  Seg Loss: 0.3122 | Recon Loss: 0.0028

--- Epoch 266/300 ---
Epoch 266/300 | Avg Train Loss: 0.3124
  Seg Loss: 0.3108 | Recon Loss: 0.0028

--- Epoch 267/300 ---
Epoch 267/300 | Avg Train Loss: 0.3146
  Seg Loss: 0.3130 | Recon Loss: 0.0028

--- Epoch 268/300 ---
Epoch 268/300 | Avg Train Loss: 0.3146
  Seg Loss: 0.3129 | Recon Loss: 0.0028

--- Epoch 269/300 ---
Epoch 269/300 | Avg Train Loss: 0.3182
  Seg Loss: 0.3165 | Recon Loss: 0.0028

--- Epoch 270/300 ---
Epoch 270/300 | Avg Train Loss: 0.3178
  Seg Loss: 0.3162 | Recon Loss: 0.0026

--- Epoch 271/300 ---
Epoch 271/300 | Avg Train Loss: 0.3125
  Seg Loss: 0.3109 | Recon Loss: 0.0028

--- Epoch 272/300 ---
Epoch 272/300 | Avg Train Loss: 0.3166
  Seg Loss: 0.3150 | Recon Loss: 0.0027

--- Epoch 273/300 ---
Epoch 273/300 | Avg Train Loss: 0.3075
  Seg Loss: 0.3058 | Recon Loss: 0.0029

--- Epoch 274/300 ---
Epoch 274/300 | Avg Train Loss: 0.3101
  Seg Loss: 0.3084 | Recon Loss: 0.0028

--- Epoch 275/300 ---
Epoch 275/300 | Avg Train Loss: 0.3087
  Seg Loss: 0.3070 | Recon Loss: 0.0027

--- Epoch 276/300 ---
Epoch 276/300 | Avg Train Loss: 0.3054
  Seg Loss: 0.3038 | Recon Loss: 0.0027

--- Epoch 277/300 ---
Epoch 277/300 | Avg Train Loss: 0.3097
  Seg Loss: 0.3081 | Recon Loss: 0.0027

--- Epoch 278/300 ---
Epoch 278/300 | Avg Train Loss: 0.3019
  Seg Loss: 0.3004 | Recon Loss: 0.0026

--- Epoch 279/300 ---
Epoch 279/300 | Avg Train Loss: 0.3077
  Seg Loss: 0.3062 | Recon Loss: 0.0026

--- Epoch 280/300 ---
Epoch 280/300 | Avg Train Loss: 0.3166
  Seg Loss: 0.3150 | Recon Loss: 0.0027
  Visuals saved to: /zhome/d2/4/167803/Desktop/Deep_project/02456-final-project/output_big/AG_epoch_0280_predictions.png

--- Epoch 281/300 ---
Epoch 281/300 | Avg Train Loss: 0.3098
  Seg Loss: 0.3082 | Recon Loss: 0.0027

--- Epoch 282/300 ---
Epoch 282/300 | Avg Train Loss: 0.3054
  Seg Loss: 0.3037 | Recon Loss: 0.0028

--- Epoch 283/300 ---
Epoch 283/300 | Avg Train Loss: 0.3146
  Seg Loss: 0.3129 | Recon Loss: 0.0028

--- Epoch 284/300 ---
Epoch 284/300 | Avg Train Loss: 0.3135
  Seg Loss: 0.3118 | Recon Loss: 0.0027

--- Epoch 285/300 ---
Epoch 285/300 | Avg Train Loss: 0.3067
  Seg Loss: 0.3050 | Recon Loss: 0.0027

--- Epoch 286/300 ---
Epoch 286/300 | Avg Train Loss: 0.3114
  Seg Loss: 0.3097 | Recon Loss: 0.0028

--- Epoch 287/300 ---
Epoch 287/300 | Avg Train Loss: 0.3112
  Seg Loss: 0.3096 | Recon Loss: 0.0027

--- Epoch 288/300 ---
Epoch 288/300 | Avg Train Loss: 0.3072
  Seg Loss: 0.3056 | Recon Loss: 0.0027

--- Epoch 289/300 ---
Epoch 289/300 | Avg Train Loss: 0.3124
  Seg Loss: 0.3107 | Recon Loss: 0.0028

--- Epoch 290/300 ---
Epoch 290/300 | Avg Train Loss: 0.3169
  Seg Loss: 0.3153 | Recon Loss: 0.0027

--- Epoch 291/300 ---
Epoch 291/300 | Avg Train Loss: 0.3078
  Seg Loss: 0.3062 | Recon Loss: 0.0028

--- Epoch 292/300 ---
Epoch 292/300 | Avg Train Loss: 0.3121
  Seg Loss: 0.3105 | Recon Loss: 0.0026

--- Epoch 293/300 ---
Epoch 293/300 | Avg Train Loss: 0.3032
  Seg Loss: 0.3016 | Recon Loss: 0.0027

--- Epoch 294/300 ---
Epoch 294/300 | Avg Train Loss: 0.3081
  Seg Loss: 0.3065 | Recon Loss: 0.0026

--- Epoch 295/300 ---
Epoch 295/300 | Avg Train Loss: 0.3143
  Seg Loss: 0.3127 | Recon Loss: 0.0027

--- Epoch 296/300 ---
Epoch 296/300 | Avg Train Loss: 0.3047
  Seg Loss: 0.3031 | Recon Loss: 0.0026

--- Epoch 297/300 ---
Epoch 297/300 | Avg Train Loss: 0.3097
  Seg Loss: 0.3081 | Recon Loss: 0.0027

--- Epoch 298/300 ---
Epoch 298/300 | Avg Train Loss: 0.3096
  Seg Loss: 0.3080 | Recon Loss: 0.0026

--- Epoch 299/300 ---
Epoch 299/300 | Avg Train Loss: 0.3092
  Seg Loss: 0.3076 | Recon Loss: 0.0027

--- Epoch 300/300 ---
Epoch 300/300 | Avg Train Loss: 0.3018
  Seg Loss: 0.3001 | Recon Loss: 0.0028
  Visuals saved to: /zhome/d2/4/167803/Desktop/Deep_project/02456-final-project/output_big/AG_epoch_0300_predictions.png
--- Training Finished ---
Saving model weights...
Model saved to /zhome/d2/4/167803/Desktop/Deep_project/02456-final-project/Trained_models/multi_big.pth
Job Finished.

------------------------------------------------------------
Sender: LSF System <lsfadmin@hpc.dtu.dk>
Subject: Job 27096193: <multi_big_job> in cluster <dcc> Done

Job <multi_big_job> was submitted from host <gbarlogin1> by user <s214776> in cluster <dcc> at Wed Nov 19 16:49:45 2025
Job was executed on host(s) <8*n-62-13-15>, in queue <gpul40s>, as user <s214776> in cluster <dcc> at Wed Nov 19 17:06:52 2025
</zhome/d2/4/167803> was used as the home directory.
</zhome/d2/4/167803/Desktop/Deep_project/02456-final-project> was used as the working directory.
Started at Wed Nov 19 17:06:52 2025
Terminated at Thu Nov 20 02:33:06 2025
Results reported at Thu Nov 20 02:33:06 2025

Your job looked like:

------------------------------------------------------------
# LSBATCH: User input
#!/bin/sh
### --- Job Name ---
#BSUB -J multi_big_job

### --- Log files ---
#BSUB -o /zhome/d2/4/167803/Desktop/Deep_project/02456-final-project/logs/multi_big_job_%J.out
#BSUB -e /zhome/d2/4/167803/Desktop/Deep_project/02456-final-project/logs/multi_big_job_%J.err
### --- Resource Requests ---
#BSUB -q gpul40s             # Request GPU queue
#BSUB -gpu "num=1:mode=exclusive_process" # Request 1 GPU, all to myself
#BSUB -n 8                   # Request 4 CPU cores
#BSUB -R "rusage[mem=32GB]"   # Request 8GB memory
#BSUB -W 10:00                # 4 hour runtime limit

### --- Setup Environment ---
echo "Loading CUDA module..."
module load cuda/11.6         # Load CUDA module

echo "Loading Conda..."
# This is the full, correct path to your environment
source /zhome/d2/4/167803/miniforge3/bin/activate MBML
echo "Environment 'MBML' activated."

### --- Run Script ---
echo "Starting Python script..."
python /zhome/d2/4/167803/Desktop/Deep_project/02456-final-project/Model/multi_big.py

echo "Job Finished."
------------------------------------------------------------

Successfully completed.

Resource usage summary:

    CPU time :                                   108786.00 sec.
    Max Memory :                                 1752 MB
    Average Memory :                             1517.46 MB
    Total Requested Memory :                     262144.00 MB
    Delta Memory :                               260392.00 MB
    Max Swap :                                   -
    Max Processes :                              12
    Max Threads :                                141
    Run time :                                   33976 sec.
    Turnaround time :                            35001 sec.

The output (if any) is above this job summary.



PS:

Read file </zhome/d2/4/167803/Desktop/Deep_project/02456-final-project/logs/multi_big_job_27096193.err> for stderr output of this job.

