Loading CUDA module...
Loading Conda...
Environment 'MBML' activated.
Starting Python script...
Using device: cuda
Using device: cuda
Logging metrics to: /zhome/d2/4/167803/Desktop/Deep_project/02456-final-project/stats/training_log_big.csv
--- Data Splits ---
Labeled Train: [3, 4, 5, 6, 7, 8, 35, 36, 36, 37, 38]
Unlabeled Train: [9, 10, 11, 12, 13, 14, 15, 16, 17, 18, 19, 20, 21, 22, 23, 24, 25, 26, 40, 41, 42, 43]
Validation: [27, 28, 29, 30]
--- Loaders Ready ---
--- Starting Training ---
Epoch 1/400 | Train Loss: 75.3834
  Seg: 0.7535 | Recon: 0.0324
  Val mIoU: 0.6609 (Best: 0.0000)
  [Class IoU] C0: 0.7237597009919962 | C1: 0.7139 | C2: 0.7238 | C3: 0.4820
  --> New Best Model Saved!
Epoch 2/400 | Train Loss: 63.7235
  Seg: 0.6370 | Recon: 0.0193
  Val mIoU: 0.6465 (Best: 0.6609)
  [Class IoU] C0: 0.6984275436638218 | C1: 0.6044 | C2: 0.7628 | C3: 0.5204
  Patience count: 1/50
Epoch 3/400 | Train Loss: 58.7911
  Seg: 0.5878 | Recon: 0.0121
  Val mIoU: 0.6015 (Best: 0.6609)
  [Class IoU] C0: 0.7679272991652379 | C1: 0.8721 | C2: 0.5054 | C3: 0.2607
  Patience count: 2/50
Epoch 4/400 | Train Loss: 56.2383
  Seg: 0.5623 | Recon: 0.0101
  Val mIoU: 0.5225 (Best: 0.6609)
  [Class IoU] C0: 0.7359582066697816 | C1: 0.7625 | C2: 0.3782 | C3: 0.2134
  Patience count: 3/50
Epoch 5/400 | Train Loss: 54.2370
  Seg: 0.5423 | Recon: 0.0085
  Val mIoU: 0.2903 (Best: 0.6609)
  [Class IoU] C0: 0.616307627996051 | C1: 0.0993 | C2: 0.2596 | C3: 0.1858
  Patience count: 4/50
Epoch 6/400 | Train Loss: 52.8449
  Seg: 0.5284 | Recon: 0.0081
  Val mIoU: 0.5348 (Best: 0.6609)
  [Class IoU] C0: 0.7674429289627455 | C1: 0.8454 | C2: 0.3277 | C3: 0.1987
  Patience count: 5/50
Epoch 7/400 | Train Loss: 51.3693
  Seg: 0.5136 | Recon: 0.0074
  Val mIoU: 0.6352 (Best: 0.6609)
  [Class IoU] C0: 0.7272478112374996 | C1: 0.8095 | C2: 0.6551 | C3: 0.3491
  Patience count: 6/50
Epoch 8/400 | Train Loss: 49.9580
  Seg: 0.4995 | Recon: 0.0073
  Val mIoU: 0.5512 (Best: 0.6609)
  [Class IoU] C0: 0.7300176452199459 | C1: 0.8103 | C2: 0.4344 | C3: 0.2302
  Patience count: 7/50
Epoch 9/400 | Train Loss: 49.2513
  Seg: 0.4924 | Recon: 0.0070
  Val mIoU: 0.4937 (Best: 0.6609)
  [Class IoU] C0: 0.748299581944878 | C1: 0.8251 | C2: 0.2289 | C3: 0.1727
  Patience count: 8/50
Epoch 10/400 | Train Loss: 48.1464
  Seg: 0.4814 | Recon: 0.0070
  Val mIoU: 0.4600 (Best: 0.6609)
  [Class IoU] C0: 0.7165372078213696 | C1: 0.8556 | C2: 0.1183 | C3: 0.1497
  Patience count: 9/50
Epoch 11/400 | Train Loss: 47.7406
  Seg: 0.4773 | Recon: 0.0067
  Val mIoU: 0.5474 (Best: 0.6609)
  [Class IoU] C0: 0.7725061939304356 | C1: 0.8951 | C2: 0.3234 | C3: 0.1987
  Patience count: 10/50
Epoch 12/400 | Train Loss: 46.7457
  Seg: 0.4674 | Recon: 0.0066
  Val mIoU: 0.4770 (Best: 0.6609)
  [Class IoU] C0: 0.7552180534633964 | C1: 0.7709 | C2: 0.2079 | C3: 0.1740
  Patience count: 11/50
Epoch 13/400 | Train Loss: 45.6648
  Seg: 0.4566 | Recon: 0.0064
  Val mIoU: 0.5282 (Best: 0.6609)
  [Class IoU] C0: 0.7622373068670288 | C1: 0.8738 | C2: 0.2916 | C3: 0.1850
  Patience count: 12/50
Epoch 14/400 | Train Loss: 45.1446
  Seg: 0.4514 | Recon: 0.0062
  Val mIoU: 0.5052 (Best: 0.6609)
  [Class IoU] C0: 0.7820490709063488 | C1: 0.9056 | C2: 0.1668 | C3: 0.1664
  Patience count: 13/50
Epoch 15/400 | Train Loss: 44.4403
  Seg: 0.4443 | Recon: 0.0063
  Val mIoU: 0.5950 (Best: 0.6609)
  [Class IoU] C0: 0.7758497611232885 | C1: 0.8657 | C2: 0.4887 | C3: 0.2497
  Patience count: 14/50
Epoch 16/400 | Train Loss: 44.5522
  Seg: 0.4455 | Recon: 0.0061
  Val mIoU: 0.6093 (Best: 0.6609)
  [Class IoU] C0: 0.7775503204930622 | C1: 0.9059 | C2: 0.4956 | C3: 0.2580
  Patience count: 15/50
Epoch 17/400 | Train Loss: 43.9216
  Seg: 0.4392 | Recon: 0.0062
  Val mIoU: 0.5667 (Best: 0.6609)
  [Class IoU] C0: 0.7871521705378044 | C1: 0.9160 | C2: 0.3533 | C3: 0.2104
  Patience count: 16/50
Epoch 18/400 | Train Loss: 43.7285
  Seg: 0.4372 | Recon: 0.0062
  Val mIoU: 0.6153 (Best: 0.6609)
  [Class IoU] C0: 0.7700123796634962 | C1: 0.8772 | C2: 0.5364 | C3: 0.2777
  Patience count: 17/50
Epoch 19/400 | Train Loss: 43.2962
  Seg: 0.4329 | Recon: 0.0062
  Val mIoU: 0.6119 (Best: 0.6609)
  [Class IoU] C0: 0.7914202787505675 | C1: 0.9172 | C2: 0.4838 | C3: 0.2553
  Patience count: 18/50
Epoch 20/400 | Train Loss: 43.5667
  Seg: 0.4356 | Recon: 0.0062
  Val mIoU: 0.7146 (Best: 0.6609)
  [Class IoU] C0: 0.7978704400879063 | C1: 0.9165 | C2: 0.7196 | C3: 0.4246
  --> New Best Model Saved!
  Saving visuals for Epoch 20...
  Visuals saved to: /zhome/d2/4/167803/Desktop/Deep_project/02456-final-project/output_big_vali_res/epoch_0020_predictions.png
Epoch 21/400 | Train Loss: 43.0413
  Seg: 0.4304 | Recon: 0.0058
  Val mIoU: 0.5598 (Best: 0.7146)
  [Class IoU] C0: 0.7722720216439151 | C1: 0.9144 | C2: 0.3418 | C3: 0.2108
  Patience count: 1/50
Epoch 22/400 | Train Loss: 42.0966
  Seg: 0.4209 | Recon: 0.0057
  Val mIoU: 0.5133 (Best: 0.7146)
  [Class IoU] C0: 0.7439742344876605 | C1: 0.7565 | C2: 0.3456 | C3: 0.2073
  Patience count: 2/50
Epoch 23/400 | Train Loss: 41.4232
  Seg: 0.4142 | Recon: 0.0057
  Val mIoU: 0.6503 (Best: 0.7146)
  [Class IoU] C0: 0.783889654551263 | C1: 0.9119 | C2: 0.6043 | C3: 0.3012
  Patience count: 3/50
Epoch 24/400 | Train Loss: 41.6529
  Seg: 0.4165 | Recon: 0.0055
  Val mIoU: 0.6238 (Best: 0.7146)
  [Class IoU] C0: 0.7857957917299012 | C1: 0.9205 | C2: 0.5182 | C3: 0.2706
  Patience count: 4/50
Epoch 25/400 | Train Loss: 41.7370
  Seg: 0.4173 | Recon: 0.0058
  Val mIoU: 0.6757 (Best: 0.7146)
  [Class IoU] C0: 0.7743176214593488 | C1: 0.9048 | C2: 0.6579 | C3: 0.3658
  Patience count: 5/50
Epoch 26/400 | Train Loss: 40.6154
  Seg: 0.4061 | Recon: 0.0058
  Val mIoU: 0.6404 (Best: 0.7146)
  [Class IoU] C0: 0.7878103664687685 | C1: 0.9156 | C2: 0.5682 | C3: 0.2899
  Patience count: 6/50
Epoch 27/400 | Train Loss: 41.0499
  Seg: 0.4104 | Recon: 0.0054
  Val mIoU: 0.6131 (Best: 0.7146)
  [Class IoU] C0: 0.792498032298479 | C1: 0.9268 | C2: 0.4804 | C3: 0.2528
  Patience count: 7/50
Epoch 28/400 | Train Loss: 40.9019
  Seg: 0.4090 | Recon: 0.0054
  Val mIoU: 0.7438 (Best: 0.7146)
  [Class IoU] C0: 0.7814206534816717 | C1: 0.8645 | C2: 0.7987 | C3: 0.5306
  --> New Best Model Saved!
Epoch 29/400 | Train Loss: 40.2326
  Seg: 0.4023 | Recon: 0.0054
  Val mIoU: 0.6546 (Best: 0.7438)
  [Class IoU] C0: 0.7842749732183807 | C1: 0.9220 | C2: 0.6068 | C3: 0.3053
  Patience count: 1/50
Epoch 30/400 | Train Loss: 40.2091
  Seg: 0.4020 | Recon: 0.0057
  Val mIoU: 0.6186 (Best: 0.7438)
  [Class IoU] C0: 0.7760441439043316 | C1: 0.8834 | C2: 0.5390 | C3: 0.2761
  Patience count: 2/50
Epoch 31/400 | Train Loss: 39.9870
  Seg: 0.3998 | Recon: 0.0054
  Val mIoU: 0.7222 (Best: 0.7438)
  [Class IoU] C0: 0.7996620638823804 | C1: 0.9270 | C2: 0.7412 | C3: 0.4210
  Patience count: 3/50
Epoch 32/400 | Train Loss: 40.2821
  Seg: 0.4028 | Recon: 0.0054
  Val mIoU: 0.5445 (Best: 0.7438)
  [Class IoU] C0: 0.7775490507038009 | C1: 0.9253 | C2: 0.2835 | C3: 0.1915
  Patience count: 4/50
Epoch 33/400 | Train Loss: 39.0099
  Seg: 0.3900 | Recon: 0.0053
  Val mIoU: 0.6907 (Best: 0.7438)
  [Class IoU] C0: 0.7891867929452824 | C1: 0.9165 | C2: 0.6851 | C3: 0.3718
  Patience count: 5/50
Epoch 34/400 | Train Loss: 39.3017
  Seg: 0.3930 | Recon: 0.0053
  Val mIoU: 0.7101 (Best: 0.7438)
  [Class IoU] C0: 0.7923816244345855 | C1: 0.9226 | C2: 0.7185 | C3: 0.4069
  Patience count: 6/50
Epoch 35/400 | Train Loss: 40.0617
  Seg: 0.4006 | Recon: 0.0052
  Val mIoU: 0.7578 (Best: 0.7438)
  [Class IoU] C0: 0.7951613296033385 | C1: 0.9182 | C2: 0.7939 | C3: 0.5239
  --> New Best Model Saved!
Epoch 36/400 | Train Loss: 39.1620
  Seg: 0.3916 | Recon: 0.0053
  Val mIoU: 0.7370 (Best: 0.7578)
  [Class IoU] C0: 0.7964013214326143 | C1: 0.9186 | C2: 0.7647 | C3: 0.4685
  Patience count: 1/50
Epoch 37/400 | Train Loss: 38.8997
  Seg: 0.3889 | Recon: 0.0051
  Val mIoU: 0.6486 (Best: 0.7578)
  [Class IoU] C0: 0.7972210596178653 | C1: 0.9268 | C2: 0.5761 | C3: 0.2941
  Patience count: 2/50
Epoch 38/400 | Train Loss: 38.8852
  Seg: 0.3888 | Recon: 0.0050
  Val mIoU: 0.5958 (Best: 0.7578)
  [Class IoU] C0: 0.7690036116753686 | C1: 0.9174 | C2: 0.4626 | C3: 0.2342
  Patience count: 3/50
Epoch 39/400 | Train Loss: 38.9814
  Seg: 0.3898 | Recon: 0.0052
  Val mIoU: 0.7131 (Best: 0.7578)
  [Class IoU] C0: 0.7957393716626666 | C1: 0.9226 | C2: 0.7267 | C3: 0.4075
  Patience count: 4/50
Epoch 40/400 | Train Loss: 38.8565
  Seg: 0.3885 | Recon: 0.0051
  Val mIoU: 0.6927 (Best: 0.7578)
  [Class IoU] C0: 0.7985238197053057 | C1: 0.9254 | C2: 0.6874 | C3: 0.3596
  Patience count: 5/50
  Saving visuals for Epoch 40...
  Visuals saved to: /zhome/d2/4/167803/Desktop/Deep_project/02456-final-project/output_big_vali_res/epoch_0040_predictions.png
Epoch 41/400 | Train Loss: 38.2730
  Seg: 0.3827 | Recon: 0.0052
  Val mIoU: 0.7390 (Best: 0.7578)
  [Class IoU] C0: 0.7912997205074335 | C1: 0.9162 | C2: 0.7714 | C3: 0.4770
  Patience count: 6/50
Epoch 42/400 | Train Loss: 38.3815
  Seg: 0.3838 | Recon: 0.0051
  Val mIoU: 0.6756 (Best: 0.7578)
  [Class IoU] C0: 0.7872788707888628 | C1: 0.9150 | C2: 0.6568 | C3: 0.3435
  Patience count: 7/50
Epoch 43/400 | Train Loss: 37.9737
  Seg: 0.3797 | Recon: 0.0050
  Val mIoU: 0.6854 (Best: 0.7578)
  [Class IoU] C0: 0.7651322891550268 | C1: 0.9134 | C2: 0.6919 | C3: 0.3710
  Patience count: 8/50
Epoch 44/400 | Train Loss: 37.7033
  Seg: 0.3770 | Recon: 0.0051
  Val mIoU: 0.7403 (Best: 0.7578)
  [Class IoU] C0: 0.7842392623050598 | C1: 0.9227 | C2: 0.7795 | C3: 0.4746
  Patience count: 9/50
Epoch 45/400 | Train Loss: 37.2410
  Seg: 0.3724 | Recon: 0.0050
  Val mIoU: 0.7665 (Best: 0.7578)
  [Class IoU] C0: 0.7885091597713784 | C1: 0.9204 | C2: 0.8200 | C3: 0.5370
  --> New Best Model Saved!
Epoch 46/400 | Train Loss: 38.1525
  Seg: 0.3815 | Recon: 0.0050
  Val mIoU: 0.7833 (Best: 0.7665)
  [Class IoU] C0: 0.803595530076831 | C1: 0.9254 | C2: 0.8291 | C3: 0.5750
  --> New Best Model Saved!
Epoch 47/400 | Train Loss: 37.8977
  Seg: 0.3789 | Recon: 0.0049
  Val mIoU: 0.6740 (Best: 0.7833)
  [Class IoU] C0: 0.7959836718474993 | C1: 0.9269 | C2: 0.6381 | C3: 0.3349
  Patience count: 1/50
Epoch 48/400 | Train Loss: 37.8424
  Seg: 0.3784 | Recon: 0.0050
  Val mIoU: 0.5915 (Best: 0.7833)
  [Class IoU] C0: 0.7739090668307671 | C1: 0.9175 | C2: 0.4448 | C3: 0.2298
  Patience count: 2/50
Epoch 49/400 | Train Loss: 37.6016
  Seg: 0.3760 | Recon: 0.0050
  Val mIoU: 0.6826 (Best: 0.7833)
  [Class IoU] C0: 0.7706918270673488 | C1: 0.8290 | C2: 0.7224 | C3: 0.4084
  Patience count: 3/50
Epoch 50/400 | Train Loss: 37.1529
  Seg: 0.3715 | Recon: 0.0050
  Val mIoU: 0.7016 (Best: 0.7833)
  [Class IoU] C0: 0.7722735883322411 | C1: 0.8811 | C2: 0.7376 | C3: 0.4156
  Patience count: 4/50
Epoch 51/400 | Train Loss: 37.0051
  Seg: 0.3700 | Recon: 0.0049
  Val mIoU: 0.7034 (Best: 0.7833)
  [Class IoU] C0: 0.7887360388037113 | C1: 0.9185 | C2: 0.7137 | C3: 0.3928
  Patience count: 5/50
Epoch 52/400 | Train Loss: 37.6845
  Seg: 0.3768 | Recon: 0.0048
  Val mIoU: 0.7068 (Best: 0.7833)
  [Class IoU] C0: 0.7876484882988453 | C1: 0.9259 | C2: 0.7244 | C3: 0.3892
  Patience count: 6/50
Epoch 53/400 | Train Loss: 36.6759
  Seg: 0.3667 | Recon: 0.0049
  Val mIoU: 0.7505 (Best: 0.7833)
  [Class IoU] C0: 0.7972663390974852 | C1: 0.9216 | C2: 0.7925 | C3: 0.4907
  Patience count: 7/50
Epoch 54/400 | Train Loss: 36.6140
  Seg: 0.3661 | Recon: 0.0049
  Val mIoU: 0.7188 (Best: 0.7833)
  [Class IoU] C0: 0.7955464462357232 | C1: 0.9122 | C2: 0.7399 | C3: 0.4276
  Patience count: 8/50
Epoch 55/400 | Train Loss: 36.6175
  Seg: 0.3661 | Recon: 0.0047
  Val mIoU: 0.7672 (Best: 0.7833)
  [Class IoU] C0: 0.7909035878554936 | C1: 0.9030 | C2: 0.8197 | C3: 0.5553
  Patience count: 9/50
Epoch 56/400 | Train Loss: 36.2748
  Seg: 0.3627 | Recon: 0.0048
  Val mIoU: 0.7557 (Best: 0.7833)
  [Class IoU] C0: 0.7587075489042832 | C1: 0.9167 | C2: 0.8027 | C3: 0.5445
  Patience count: 10/50
Epoch 57/400 | Train Loss: 37.0504
  Seg: 0.3705 | Recon: 0.0049
  Val mIoU: 0.7163 (Best: 0.7833)
  [Class IoU] C0: 0.7915620161232906 | C1: 0.9107 | C2: 0.7452 | C3: 0.4177
  Patience count: 11/50
Epoch 58/400 | Train Loss: 36.9153
  Seg: 0.3691 | Recon: 0.0049
  Val mIoU: 0.7559 (Best: 0.7833)
  [Class IoU] C0: 0.8031579006023303 | C1: 0.9259 | C2: 0.7989 | C3: 0.4958
  Patience count: 12/50
Epoch 59/400 | Train Loss: 36.3157
  Seg: 0.3631 | Recon: 0.0049
  Val mIoU: 0.7056 (Best: 0.7833)
  [Class IoU] C0: 0.796328777527889 | C1: 0.9249 | C2: 0.7169 | C3: 0.3844
  Patience count: 13/50
Epoch 60/400 | Train Loss: 36.5119
  Seg: 0.3651 | Recon: 0.0048
  Val mIoU: 0.7764 (Best: 0.7833)
  [Class IoU] C0: 0.8117939371554013 | C1: 0.9265 | C2: 0.8239 | C3: 0.5435
  Patience count: 14/50
  Saving visuals for Epoch 60...
  Visuals saved to: /zhome/d2/4/167803/Desktop/Deep_project/02456-final-project/output_big_vali_res/epoch_0060_predictions.png
Epoch 61/400 | Train Loss: 35.7269
  Seg: 0.3572 | Recon: 0.0049
  Val mIoU: 0.7649 (Best: 0.7833)
  [Class IoU] C0: 0.8015342676676103 | C1: 0.9171 | C2: 0.8116 | C3: 0.5294
  Patience count: 15/50
Epoch 62/400 | Train Loss: 35.4438
  Seg: 0.3544 | Recon: 0.0048
  Val mIoU: 0.7411 (Best: 0.7833)
  [Class IoU] C0: 0.7965100360543677 | C1: 0.9167 | C2: 0.7778 | C3: 0.4734
  Patience count: 16/50
Epoch 63/400 | Train Loss: 36.5708
  Seg: 0.3657 | Recon: 0.0047
  Val mIoU: 0.6222 (Best: 0.7833)
  [Class IoU] C0: 0.7783699590883442 | C1: 0.9131 | C2: 0.5280 | C3: 0.2695
  Patience count: 17/50
Epoch 64/400 | Train Loss: 36.6765
  Seg: 0.3667 | Recon: 0.0048
  Val mIoU: 0.7549 (Best: 0.7833)
  [Class IoU] C0: 0.7968070761787673 | C1: 0.9173 | C2: 0.8055 | C3: 0.5001
  Patience count: 18/50
Epoch 65/400 | Train Loss: 36.4951
  Seg: 0.3649 | Recon: 0.0047
  Val mIoU: 0.7030 (Best: 0.7833)
  [Class IoU] C0: 0.7934681000944335 | C1: 0.9278 | C2: 0.7053 | C3: 0.3854
  Patience count: 19/50
Epoch 66/400 | Train Loss: 35.8724
  Seg: 0.3587 | Recon: 0.0047
  Val mIoU: 0.7494 (Best: 0.7833)
  [Class IoU] C0: 0.8066600503866087 | C1: 0.9284 | C2: 0.7878 | C3: 0.4746
  Patience count: 20/50
Epoch 67/400 | Train Loss: 35.4396
  Seg: 0.3544 | Recon: 0.0046
  Val mIoU: 0.7614 (Best: 0.7833)
  [Class IoU] C0: 0.7960029187900928 | C1: 0.9258 | C2: 0.8147 | C3: 0.5092
  Patience count: 21/50
Epoch 68/400 | Train Loss: 36.3877
  Seg: 0.3638 | Recon: 0.0046
  Val mIoU: 0.7276 (Best: 0.7833)
  [Class IoU] C0: 0.7856396898980523 | C1: 0.9226 | C2: 0.7695 | C3: 0.4325
  Patience count: 22/50
Epoch 69/400 | Train Loss: 35.4546
  Seg: 0.3545 | Recon: 0.0047
  Val mIoU: 0.7748 (Best: 0.7833)
  [Class IoU] C0: 0.8048586065107523 | C1: 0.9243 | C2: 0.8277 | C3: 0.5421
  Patience count: 23/50
Epoch 70/400 | Train Loss: 35.9334
  Seg: 0.3593 | Recon: 0.0047
  Val mIoU: 0.7661 (Best: 0.7833)
  [Class IoU] C0: 0.8025130163564226 | C1: 0.9271 | C2: 0.8197 | C3: 0.5152
  Patience count: 24/50
Epoch 71/400 | Train Loss: 35.3006
  Seg: 0.3530 | Recon: 0.0047
  Val mIoU: 0.6878 (Best: 0.7833)
  [Class IoU] C0: 0.7652196579346515 | C1: 0.9033 | C2: 0.7121 | C3: 0.3703
  Patience count: 25/50
Epoch 72/400 | Train Loss: 34.8032
  Seg: 0.3480 | Recon: 0.0046
  Val mIoU: 0.7247 (Best: 0.7833)
  [Class IoU] C0: 0.7838567903282393 | C1: 0.9268 | C2: 0.7650 | C3: 0.4230
  Patience count: 26/50
Epoch 73/400 | Train Loss: 35.2543
  Seg: 0.3525 | Recon: 0.0048
  Val mIoU: 0.7235 (Best: 0.7833)
  [Class IoU] C0: 0.7863750320379709 | C1: 0.9202 | C2: 0.7624 | C3: 0.4250
  Patience count: 27/50
Epoch 74/400 | Train Loss: 34.7311
  Seg: 0.3473 | Recon: 0.0046
  Val mIoU: 0.7026 (Best: 0.7833)
  [Class IoU] C0: 0.774848508429732 | C1: 0.9040 | C2: 0.7386 | C3: 0.3931
  Patience count: 28/50
Epoch 75/400 | Train Loss: 35.3942
  Seg: 0.3539 | Recon: 0.0046
  Val mIoU: 0.7275 (Best: 0.7833)
  [Class IoU] C0: 0.8005342853328066 | C1: 0.9236 | C2: 0.7519 | C3: 0.4338
  Patience count: 29/50
Epoch 76/400 | Train Loss: 35.5497
  Seg: 0.3555 | Recon: 0.0046
  Val mIoU: 0.7312 (Best: 0.7833)
  [Class IoU] C0: 0.7931717393736745 | C1: 0.9147 | C2: 0.7704 | C3: 0.4464
  Patience count: 30/50
Epoch 77/400 | Train Loss: 35.0837
  Seg: 0.3508 | Recon: 0.0047
  Val mIoU: 0.7496 (Best: 0.7833)
  [Class IoU] C0: 0.7864247529543075 | C1: 0.9155 | C2: 0.7970 | C3: 0.4993
  Patience count: 31/50
Epoch 78/400 | Train Loss: 35.2314
  Seg: 0.3523 | Recon: 0.0047
  Val mIoU: 0.7594 (Best: 0.7833)
  [Class IoU] C0: 0.7959796839532249 | C1: 0.9254 | C2: 0.8067 | C3: 0.5096
  Patience count: 32/50
Epoch 79/400 | Train Loss: 35.1993
  Seg: 0.3519 | Recon: 0.0046
  Val mIoU: 0.7248 (Best: 0.7833)
  [Class IoU] C0: 0.8008789381302622 | C1: 0.9247 | C2: 0.7494 | C3: 0.4243
  Patience count: 33/50
Epoch 80/400 | Train Loss: 34.7667
  Seg: 0.3476 | Recon: 0.0047
  Val mIoU: 0.6825 (Best: 0.7833)
  [Class IoU] C0: 0.7799120792877049 | C1: 0.9156 | C2: 0.6864 | C3: 0.3480
  Patience count: 34/50
  Saving visuals for Epoch 80...
  Visuals saved to: /zhome/d2/4/167803/Desktop/Deep_project/02456-final-project/output_big_vali_res/epoch_0080_predictions.png
Epoch 81/400 | Train Loss: 35.5116
  Seg: 0.3551 | Recon: 0.0048
  Val mIoU: 0.6979 (Best: 0.7833)
  [Class IoU] C0: 0.7667010438519462 | C1: 0.9169 | C2: 0.7319 | C3: 0.3761
  Patience count: 35/50
Epoch 82/400 | Train Loss: 34.8840
  Seg: 0.3488 | Recon: 0.0046
  Val mIoU: 0.6164 (Best: 0.7833)
  [Class IoU] C0: 0.7736209729783128 | C1: 0.9269 | C2: 0.5129 | C3: 0.2523
  Patience count: 36/50
Epoch 83/400 | Train Loss: 35.5573
  Seg: 0.3555 | Recon: 0.0046
  Val mIoU: 0.7104 (Best: 0.7833)
  [Class IoU] C0: 0.7875314409380693 | C1: 0.9217 | C2: 0.7368 | C3: 0.3956
  Patience count: 37/50
Epoch 84/400 | Train Loss: 34.0642
  Seg: 0.3406 | Recon: 0.0047
  Val mIoU: 0.7427 (Best: 0.7833)
  [Class IoU] C0: 0.7951764787120158 | C1: 0.9279 | C2: 0.7900 | C3: 0.4575
  Patience count: 38/50
Epoch 85/400 | Train Loss: 34.5146
  Seg: 0.3451 | Recon: 0.0045
  Val mIoU: 0.6865 (Best: 0.7833)
  [Class IoU] C0: 0.7714128715832558 | C1: 0.8892 | C2: 0.7088 | C3: 0.3765
  Patience count: 39/50
Epoch 86/400 | Train Loss: 35.5840
  Seg: 0.3558 | Recon: 0.0045
  Val mIoU: 0.7151 (Best: 0.7833)
  [Class IoU] C0: 0.7631071684851862 | C1: 0.9081 | C2: 0.7564 | C3: 0.4327
  Patience count: 40/50
Epoch 87/400 | Train Loss: 34.7020
  Seg: 0.3470 | Recon: 0.0047
  Val mIoU: 0.7617 (Best: 0.7833)
  [Class IoU] C0: 0.8130181159992274 | C1: 0.9264 | C2: 0.7996 | C3: 0.5077
  Patience count: 41/50
Epoch 88/400 | Train Loss: 35.7074
  Seg: 0.3570 | Recon: 0.0045
  Val mIoU: 0.7382 (Best: 0.7833)
  [Class IoU] C0: 0.7915421231855444 | C1: 0.9206 | C2: 0.7827 | C3: 0.4579
  Patience count: 42/50
Epoch 89/400 | Train Loss: 35.5673
  Seg: 0.3556 | Recon: 0.0046
  Val mIoU: 0.7138 (Best: 0.7833)
  [Class IoU] C0: 0.7791702182023337 | C1: 0.8831 | C2: 0.7594 | C3: 0.4333
  Patience count: 43/50
Epoch 90/400 | Train Loss: 34.1790
  Seg: 0.3417 | Recon: 0.0045
  Val mIoU: 0.7317 (Best: 0.7833)
  [Class IoU] C0: 0.7895195138127991 | C1: 0.9142 | C2: 0.7738 | C3: 0.4494
  Patience count: 44/50
Epoch 91/400 | Train Loss: 35.2448
  Seg: 0.3524 | Recon: 0.0045
  Val mIoU: 0.7157 (Best: 0.7833)
  [Class IoU] C0: 0.7724075015532774 | C1: 0.9233 | C2: 0.7547 | C3: 0.4123
  Patience count: 45/50
Epoch 92/400 | Train Loss: 34.8277
  Seg: 0.3482 | Recon: 0.0046
  Val mIoU: 0.7133 (Best: 0.7833)
  [Class IoU] C0: 0.7817223905562566 | C1: 0.9120 | C2: 0.7470 | C3: 0.4125
  Patience count: 46/50
Epoch 93/400 | Train Loss: 34.6526
  Seg: 0.3465 | Recon: 0.0045
  Val mIoU: 0.7278 (Best: 0.7833)
  [Class IoU] C0: 0.7891161321672614 | C1: 0.9078 | C2: 0.7686 | C3: 0.4457
  Patience count: 47/50
Epoch 94/400 | Train Loss: 34.1347
  Seg: 0.3413 | Recon: 0.0046
  Val mIoU: 0.7332 (Best: 0.7833)
  [Class IoU] C0: 0.7899801906654857 | C1: 0.9018 | C2: 0.7811 | C3: 0.4600
  Patience count: 48/50
Epoch 95/400 | Train Loss: 33.3233
  Seg: 0.3332 | Recon: 0.0046
  Val mIoU: 0.7114 (Best: 0.7833)
  [Class IoU] C0: 0.773371070207683 | C1: 0.9205 | C2: 0.7455 | C3: 0.4062
  Patience count: 49/50
Epoch 96/400 | Train Loss: 33.5511
  Seg: 0.3355 | Recon: 0.0045
  Val mIoU: 0.7377 (Best: 0.7833)
  [Class IoU] C0: 0.7722527852647642 | C1: 0.9190 | C2: 0.7914 | C3: 0.4682
  Patience count: 50/50
Epoch 97/400 | Train Loss: 33.9886
  Seg: 0.3398 | Recon: 0.0046
  Val mIoU: 0.7561 (Best: 0.7833)
  [Class IoU] C0: 0.7789599942279688 | C1: 0.8909 | C2: 0.8181 | C3: 0.5366
  Patience count: 51/50
Epoch 98/400 | Train Loss: 34.8311
  Seg: 0.3483 | Recon: 0.0046
  Val mIoU: 0.7648 (Best: 0.7833)
  [Class IoU] C0: 0.78278309672942 | C1: 0.9166 | C2: 0.8194 | C3: 0.5403
  Patience count: 52/50
Epoch 99/400 | Train Loss: 33.7713
  Seg: 0.3377 | Recon: 0.0046
  Val mIoU: 0.7551 (Best: 0.7833)
  [Class IoU] C0: 0.7970219694273001 | C1: 0.9233 | C2: 0.8055 | C3: 0.4947
  Patience count: 53/50
Epoch 100/400 | Train Loss: 34.4579
  Seg: 0.3445 | Recon: 0.0046
  Val mIoU: 0.7372 (Best: 0.7833)
  [Class IoU] C0: 0.7935360062834044 | C1: 0.9180 | C2: 0.7775 | C3: 0.4597
  Patience count: 54/50
  Saving visuals for Epoch 100...
  Visuals saved to: /zhome/d2/4/167803/Desktop/Deep_project/02456-final-project/output_big_vali_res/epoch_0100_predictions.png
Epoch 101/400 | Train Loss: 34.2400
  Seg: 0.3424 | Recon: 0.0046
  Val mIoU: 0.7583 (Best: 0.7833)
  [Class IoU] C0: 0.7869842472933245 | C1: 0.9195 | C2: 0.8095 | C3: 0.5172
  Patience count: 55/50
Epoch 102/400 | Train Loss: 34.1799
  Seg: 0.3418 | Recon: 0.0045
  Val mIoU: 0.7473 (Best: 0.7833)
  [Class IoU] C0: 0.7926609269780802 | C1: 0.9085 | C2: 0.7996 | C3: 0.4885
  Patience count: 56/50
Epoch 103/400 | Train Loss: 33.6937
  Seg: 0.3369 | Recon: 0.0045
  Val mIoU: 0.7269 (Best: 0.7833)
  [Class IoU] C0: 0.7852392633677298 | C1: 0.9141 | C2: 0.7735 | C3: 0.4349
  Patience count: 57/50
Epoch 104/400 | Train Loss: 33.8443
  Seg: 0.3384 | Recon: 0.0046
  Val mIoU: 0.7160 (Best: 0.7833)
  [Class IoU] C0: 0.7978701726183592 | C1: 0.9213 | C2: 0.7381 | C3: 0.4068
  Patience count: 58/50
Epoch 105/400 | Train Loss: 35.2773
  Seg: 0.3527 | Recon: 0.0046
  Val mIoU: 0.7278 (Best: 0.7833)
  [Class IoU] C0: 0.7784431918226038 | C1: 0.9056 | C2: 0.7762 | C3: 0.4509
  Patience count: 59/50
Epoch 106/400 | Train Loss: 34.4331
  Seg: 0.3443 | Recon: 0.0045
  Val mIoU: 0.7083 (Best: 0.7833)
  [Class IoU] C0: 0.7780635057377859 | C1: 0.9213 | C2: 0.7360 | C3: 0.3978
  Patience count: 60/50
Epoch 107/400 | Train Loss: 34.1855
  Seg: 0.3418 | Recon: 0.0045
  Val mIoU: 0.7338 (Best: 0.7833)
  [Class IoU] C0: 0.7675578328054116 | C1: 0.8928 | C2: 0.7927 | C3: 0.4821
  Patience count: 61/50
Epoch 108/400 | Train Loss: 35.2085
  Seg: 0.3520 | Recon: 0.0046
  Val mIoU: 0.7505 (Best: 0.7833)
  [Class IoU] C0: 0.7986464668219898 | C1: 0.9156 | C2: 0.7970 | C3: 0.4906
  Patience count: 62/50
Epoch 109/400 | Train Loss: 34.3330
  Seg: 0.3433 | Recon: 0.0044
  Val mIoU: 0.7151 (Best: 0.7833)
  [Class IoU] C0: 0.7896721009171072 | C1: 0.9097 | C2: 0.7438 | C3: 0.4173
  Patience count: 63/50
Epoch 110/400 | Train Loss: 34.7351
  Seg: 0.3473 | Recon: 0.0045
  Val mIoU: 0.7375 (Best: 0.7833)
  [Class IoU] C0: 0.7847900774743649 | C1: 0.8837 | C2: 0.7933 | C3: 0.4881
  Patience count: 64/50
Epoch 111/400 | Train Loss: 34.7316
  Seg: 0.3473 | Recon: 0.0045
  Val mIoU: 0.7432 (Best: 0.7833)
  [Class IoU] C0: 0.7995785591707671 | C1: 0.9119 | C2: 0.7867 | C3: 0.4748
  Patience count: 65/50
Epoch 112/400 | Train Loss: 34.3703
  Seg: 0.3437 | Recon: 0.0045
  Val mIoU: 0.7291 (Best: 0.7833)
  [Class IoU] C0: 0.7920276319569773 | C1: 0.9052 | C2: 0.7692 | C3: 0.4502
  Patience count: 66/50
Epoch 113/400 | Train Loss: 34.1320
  Seg: 0.3413 | Recon: 0.0046
  Val mIoU: 0.7325 (Best: 0.7833)
  [Class IoU] C0: 0.7950769784423899 | C1: 0.9072 | C2: 0.7723 | C3: 0.4553
  Patience count: 67/50
Epoch 114/400 | Train Loss: 34.6558
  Seg: 0.3465 | Recon: 0.0046
  Val mIoU: 0.7288 (Best: 0.7833)
  [Class IoU] C0: 0.8025287427737985 | C1: 0.9185 | C2: 0.7567 | C3: 0.4375
  Patience count: 68/50
Epoch 115/400 | Train Loss: 34.2089
  Seg: 0.3420 | Recon: 0.0045
  Val mIoU: 0.7210 (Best: 0.7833)
  [Class IoU] C0: 0.7898748996422036 | C1: 0.8964 | C2: 0.7600 | C3: 0.4377
  Patience count: 69/50
Epoch 116/400 | Train Loss: 34.4119
  Seg: 0.3441 | Recon: 0.0044
  Val mIoU: 0.7401 (Best: 0.7833)
  [Class IoU] C0: 0.8013552359565523 | C1: 0.9168 | C2: 0.7767 | C3: 0.4654
  Patience count: 70/50
Epoch 117/400 | Train Loss: 33.7626
  Seg: 0.3376 | Recon: 0.0044
  Val mIoU: 0.7174 (Best: 0.7833)
  [Class IoU] C0: 0.7907856969870269 | C1: 0.9194 | C2: 0.7471 | C3: 0.4122
  Patience count: 71/50
Epoch 118/400 | Train Loss: 34.1229
  Seg: 0.3412 | Recon: 0.0044
  Val mIoU: 0.7406 (Best: 0.7833)
  [Class IoU] C0: 0.8010699788704764 | C1: 0.9121 | C2: 0.7796 | C3: 0.4694
  Patience count: 72/50
Epoch 119/400 | Train Loss: 33.4248
  Seg: 0.3342 | Recon: 0.0045
  Val mIoU: 0.7535 (Best: 0.7833)
  [Class IoU] C0: 0.8052477188558963 | C1: 0.9226 | C2: 0.7995 | C3: 0.4867
  Patience count: 73/50
Epoch 120/400 | Train Loss: 34.1836
  Seg: 0.3418 | Recon: 0.0045
  Val mIoU: 0.7517 (Best: 0.7833)
  [Class IoU] C0: 0.8052690406917203 | C1: 0.9209 | C2: 0.7922 | C3: 0.4887
  Patience count: 74/50
  Saving visuals for Epoch 120...
  Visuals saved to: /zhome/d2/4/167803/Desktop/Deep_project/02456-final-project/output_big_vali_res/epoch_0120_predictions.png
Epoch 121/400 | Train Loss: 33.0368
  Seg: 0.3303 | Recon: 0.0045
  Val mIoU: 0.7366 (Best: 0.7833)
  [Class IoU] C0: 0.8013527439816968 | C1: 0.9231 | C2: 0.7729 | C3: 0.4492
  Patience count: 75/50
Epoch 122/400 | Train Loss: 33.5894
  Seg: 0.3359 | Recon: 0.0044
  Val mIoU: 0.7490 (Best: 0.7833)
  [Class IoU] C0: 0.798490306609536 | C1: 0.9247 | C2: 0.7882 | C3: 0.4845
  Patience count: 76/50
Epoch 123/400 | Train Loss: 34.2331
  Seg: 0.3423 | Recon: 0.0045
  Val mIoU: 0.7659 (Best: 0.7833)
  [Class IoU] C0: 0.8009736800489824 | C1: 0.9193 | C2: 0.8155 | C3: 0.5280
  Patience count: 77/50
Epoch 124/400 | Train Loss: 33.7680
  Seg: 0.3376 | Recon: 0.0044
  Val mIoU: 0.7379 (Best: 0.7833)
  [Class IoU] C0: 0.80024181160581 | C1: 0.9219 | C2: 0.7733 | C3: 0.4561
  Patience count: 78/50
Epoch 125/400 | Train Loss: 34.3932
  Seg: 0.3439 | Recon: 0.0046
  Val mIoU: 0.7363 (Best: 0.7833)
  [Class IoU] C0: 0.8001734432556149 | C1: 0.9222 | C2: 0.7726 | C3: 0.4501
  Patience count: 79/50
Epoch 126/400 | Train Loss: 33.6034
  Seg: 0.3360 | Recon: 0.0045
  Val mIoU: 0.7465 (Best: 0.7833)
  [Class IoU] C0: 0.7999161385589375 | C1: 0.9057 | C2: 0.7898 | C3: 0.4905
  Patience count: 80/50
Epoch 127/400 | Train Loss: 33.4838
  Seg: 0.3348 | Recon: 0.0045
  Val mIoU: 0.7381 (Best: 0.7833)
  [Class IoU] C0: 0.8049885256082832 | C1: 0.9252 | C2: 0.7727 | C3: 0.4493
  Patience count: 81/50
Epoch 128/400 | Train Loss: 33.7415
  Seg: 0.3374 | Recon: 0.0045
  Val mIoU: 0.7291 (Best: 0.7833)
  [Class IoU] C0: 0.8020929617830678 | C1: 0.9244 | C2: 0.7579 | C3: 0.4319
  Patience count: 82/50
Epoch 129/400 | Train Loss: 33.1279
  Seg: 0.3312 | Recon: 0.0044
  Val mIoU: 0.7415 (Best: 0.7833)
  [Class IoU] C0: 0.8045831082289268 | C1: 0.9234 | C2: 0.7746 | C3: 0.4634
  Patience count: 83/50
Epoch 130/400 | Train Loss: 33.9661
  Seg: 0.3396 | Recon: 0.0043
  Val mIoU: 0.7262 (Best: 0.7833)
  [Class IoU] C0: 0.7917413263764109 | C1: 0.9054 | C2: 0.7638 | C3: 0.4440
  Patience count: 84/50
Epoch 131/400 | Train Loss: 33.9224
  Seg: 0.3392 | Recon: 0.0046
  Val mIoU: 0.7358 (Best: 0.7833)
  [Class IoU] C0: 0.7969081287440087 | C1: 0.9175 | C2: 0.7729 | C3: 0.4561
  Patience count: 85/50
Epoch 132/400 | Train Loss: 34.3177
  Seg: 0.3431 | Recon: 0.0045
  Val mIoU: 0.7446 (Best: 0.7833)
  [Class IoU] C0: 0.7951449257121166 | C1: 0.9162 | C2: 0.7881 | C3: 0.4788
  Patience count: 86/50
Epoch 133/400 | Train Loss: 33.7021
  Seg: 0.3370 | Recon: 0.0043
  Val mIoU: 0.7481 (Best: 0.7833)
  [Class IoU] C0: 0.8070152871336578 | C1: 0.9228 | C2: 0.7827 | C3: 0.4798
  Patience count: 87/50
Epoch 134/400 | Train Loss: 33.3379
  Seg: 0.3333 | Recon: 0.0046
  Val mIoU: 0.7384 (Best: 0.7833)
  [Class IoU] C0: 0.79453049754474 | C1: 0.9136 | C2: 0.7820 | C3: 0.4636
  Patience count: 88/50
Epoch 135/400 | Train Loss: 33.7406
  Seg: 0.3374 | Recon: 0.0045
  Val mIoU: 0.7218 (Best: 0.7833)
  [Class IoU] C0: 0.7907743137495542 | C1: 0.9179 | C2: 0.7564 | C3: 0.4223
  Patience count: 89/50
Epoch 136/400 | Train Loss: 33.8546
  Seg: 0.3385 | Recon: 0.0043
  Val mIoU: 0.7322 (Best: 0.7833)
  [Class IoU] C0: 0.7994174258067749 | C1: 0.9178 | C2: 0.7651 | C3: 0.4466
  Patience count: 90/50
Epoch 137/400 | Train Loss: 34.3440
  Seg: 0.3434 | Recon: 0.0045
  Val mIoU: 0.7208 (Best: 0.7833)
  [Class IoU] C0: 0.8022443598634056 | C1: 0.9248 | C2: 0.7438 | C3: 0.4123
  Patience count: 91/50
Epoch 138/400 | Train Loss: 34.0621
  Seg: 0.3406 | Recon: 0.0045
  Val mIoU: 0.7237 (Best: 0.7833)
  [Class IoU] C0: 0.7945095130884029 | C1: 0.9049 | C2: 0.7587 | C3: 0.4368
  Patience count: 92/50
Epoch 139/400 | Train Loss: 33.7408
  Seg: 0.3374 | Recon: 0.0044
  Val mIoU: 0.7285 (Best: 0.7833)
  [Class IoU] C0: 0.7941880200332126 | C1: 0.9093 | C2: 0.7650 | C3: 0.4455
  Patience count: 93/50
Epoch 140/400 | Train Loss: 33.6600
  Seg: 0.3366 | Recon: 0.0044
  Val mIoU: 0.7298 (Best: 0.7833)
  [Class IoU] C0: 0.7985935685507137 | C1: 0.9157 | C2: 0.7626 | C3: 0.4421
  Patience count: 94/50
  Saving visuals for Epoch 140...
  Visuals saved to: /zhome/d2/4/167803/Desktop/Deep_project/02456-final-project/output_big_vali_res/epoch_0140_predictions.png
Epoch 141/400 | Train Loss: 33.2865
  Seg: 0.3328 | Recon: 0.0043
  Val mIoU: 0.7173 (Best: 0.7833)
  [Class IoU] C0: 0.793207032480754 | C1: 0.9125 | C2: 0.7474 | C3: 0.4161
  Patience count: 95/50
Epoch 142/400 | Train Loss: 33.7542
  Seg: 0.3375 | Recon: 0.0043
  Val mIoU: 0.7343 (Best: 0.7833)
  [Class IoU] C0: 0.7906009946131468 | C1: 0.8985 | C2: 0.7801 | C3: 0.4682
  Patience count: 96/50
Epoch 143/400 | Train Loss: 34.5955
  Seg: 0.3459 | Recon: 0.0044
  Val mIoU: 0.6999 (Best: 0.7833)
  [Class IoU] C0: 0.7841778040717259 | C1: 0.8911 | C2: 0.7263 | C3: 0.3979
  Patience count: 97/50
Epoch 144/400 | Train Loss: 34.3504
  Seg: 0.3435 | Recon: 0.0043
  Val mIoU: 0.7202 (Best: 0.7833)
  [Class IoU] C0: 0.7963356484220724 | C1: 0.9159 | C2: 0.7475 | C3: 0.4212
  Patience count: 98/50
Epoch 145/400 | Train Loss: 33.3577
  Seg: 0.3335 | Recon: 0.0046
  Val mIoU: 0.7309 (Best: 0.7833)
  [Class IoU] C0: 0.8059885011361363 | C1: 0.9257 | C2: 0.7574 | C3: 0.4347
  Patience count: 99/50
Epoch 146/400 | Train Loss: 33.7780
  Seg: 0.3377 | Recon: 0.0046
  Val mIoU: 0.7152 (Best: 0.7833)
  [Class IoU] C0: 0.7875999477916432 | C1: 0.9094 | C2: 0.7482 | C3: 0.4155
  Patience count: 100/50
Epoch 147/400 | Train Loss: 33.8928
  Seg: 0.3389 | Recon: 0.0045
  Val mIoU: 0.7289 (Best: 0.7833)
  [Class IoU] C0: 0.787409552276101 | C1: 0.8856 | C2: 0.7787 | C3: 0.4637
  Patience count: 101/50
Epoch 148/400 | Train Loss: 34.4388
  Seg: 0.3443 | Recon: 0.0045
  Val mIoU: 0.7266 (Best: 0.7833)
  [Class IoU] C0: 0.7905843398139722 | C1: 0.9064 | C2: 0.7661 | C3: 0.4433
  Patience count: 102/50
Epoch 149/400 | Train Loss: 34.1470
  Seg: 0.3414 | Recon: 0.0046
  Val mIoU: 0.7156 (Best: 0.7833)
  [Class IoU] C0: 0.7936709213210292 | C1: 0.9166 | C2: 0.7398 | C3: 0.4122
  Patience count: 103/50
Epoch 150/400 | Train Loss: 33.6597
  Seg: 0.3366 | Recon: 0.0046
  Val mIoU: 0.7255 (Best: 0.7833)
  [Class IoU] C0: 0.7961207442866978 | C1: 0.9138 | C2: 0.7538 | C3: 0.4383
  Patience count: 104/50
Epoch 151/400 | Train Loss: 33.3325
  Seg: 0.3333 | Recon: 0.0044
  Val mIoU: 0.7234 (Best: 0.7833)
  [Class IoU] C0: 0.79749042604535 | C1: 0.9206 | C2: 0.7535 | C3: 0.4219
  Patience count: 105/50
Epoch 152/400 | Train Loss: 33.9228
  Seg: 0.3392 | Recon: 0.0044
  Val mIoU: 0.7087 (Best: 0.7833)
  [Class IoU] C0: 0.7880917749140045 | C1: 0.9156 | C2: 0.7336 | C3: 0.3973
  Patience count: 106/50
Epoch 153/400 | Train Loss: 34.1338
  Seg: 0.3413 | Recon: 0.0047
  Val mIoU: 0.7231 (Best: 0.7833)
  [Class IoU] C0: 0.7969697056615979 | C1: 0.9200 | C2: 0.7518 | C3: 0.4237
  Patience count: 107/50
Epoch 154/400 | Train Loss: 33.7034
  Seg: 0.3370 | Recon: 0.0044
  Val mIoU: 0.7274 (Best: 0.7833)
  [Class IoU] C0: 0.7947729032164709 | C1: 0.9116 | C2: 0.7631 | C3: 0.4403
  Patience count: 108/50
Epoch 155/400 | Train Loss: 34.0468
  Seg: 0.3404 | Recon: 0.0045
  Val mIoU: 0.7451 (Best: 0.7833)
  [Class IoU] C0: 0.8061151124709903 | C1: 0.9198 | C2: 0.7825 | C3: 0.4720
  Patience count: 109/50
Epoch 156/400 | Train Loss: 34.3598
  Seg: 0.3436 | Recon: 0.0044
  Val mIoU: 0.7228 (Best: 0.7833)
  [Class IoU] C0: 0.7897291799803094 | C1: 0.9228 | C2: 0.7572 | C3: 0.4213
  Patience count: 110/50
Epoch 157/400 | Train Loss: 33.4506
  Seg: 0.3345 | Recon: 0.0045
  Val mIoU: 0.7412 (Best: 0.7833)
  [Class IoU] C0: 0.8014035715813661 | C1: 0.9121 | C2: 0.7803 | C3: 0.4712
  Patience count: 111/50
Epoch 158/400 | Train Loss: 33.5296
  Seg: 0.3353 | Recon: 0.0045
  Val mIoU: 0.7544 (Best: 0.7833)
  [Class IoU] C0: 0.8041358166089495 | C1: 0.9189 | C2: 0.7974 | C3: 0.4970
  Patience count: 112/50
Epoch 159/400 | Train Loss: 33.2695
  Seg: 0.3327 | Recon: 0.0043
  Val mIoU: 0.7301 (Best: 0.7833)
  [Class IoU] C0: 0.8002474081112502 | C1: 0.9203 | C2: 0.7628 | C3: 0.4371
  Patience count: 113/50
Epoch 160/400 | Train Loss: 33.6628
  Seg: 0.3366 | Recon: 0.0044
  Val mIoU: 0.7225 (Best: 0.7833)
  [Class IoU] C0: 0.7985944016372025 | C1: 0.9213 | C2: 0.7487 | C3: 0.4213
  Patience count: 114/50
  Saving visuals for Epoch 160...
  Visuals saved to: /zhome/d2/4/167803/Desktop/Deep_project/02456-final-project/output_big_vali_res/epoch_0160_predictions.png
Epoch 161/400 | Train Loss: 33.7474
  Seg: 0.3374 | Recon: 0.0044
  Val mIoU: 0.7327 (Best: 0.7833)
  [Class IoU] C0: 0.7957444061303834 | C1: 0.9153 | C2: 0.7716 | C3: 0.4480
  Patience count: 115/50
Epoch 162/400 | Train Loss: 33.7068
  Seg: 0.3370 | Recon: 0.0043
  Val mIoU: 0.7394 (Best: 0.7833)
  [Class IoU] C0: 0.7939364036500626 | C1: 0.9063 | C2: 0.7871 | C3: 0.4702
  Patience count: 116/50
Epoch 163/400 | Train Loss: 33.3312
  Seg: 0.3333 | Recon: 0.0045
  Val mIoU: 0.7192 (Best: 0.7833)
  [Class IoU] C0: 0.795606229240365 | C1: 0.9157 | C2: 0.7464 | C3: 0.4190
  Patience count: 117/50
Epoch 164/400 | Train Loss: 34.5179
  Seg: 0.3451 | Recon: 0.0045
  Val mIoU: 0.7279 (Best: 0.7833)
  [Class IoU] C0: 0.7987707594112932 | C1: 0.9185 | C2: 0.7590 | C3: 0.4354
  Patience count: 118/50
Epoch 165/400 | Train Loss: 33.8633
  Seg: 0.3386 | Recon: 0.0045
  Val mIoU: 0.7307 (Best: 0.7833)
  [Class IoU] C0: 0.8005812492520951 | C1: 0.9230 | C2: 0.7627 | C3: 0.4365
  Patience count: 119/50
Epoch 166/400 | Train Loss: 32.7904
  Seg: 0.3279 | Recon: 0.0044
  Val mIoU: 0.7220 (Best: 0.7833)
  [Class IoU] C0: 0.7914500623437984 | C1: 0.9086 | C2: 0.7589 | C3: 0.4292
  Patience count: 120/50
Epoch 167/400 | Train Loss: 33.3663
  Seg: 0.3336 | Recon: 0.0044
  Val mIoU: 0.7344 (Best: 0.7833)
  [Class IoU] C0: 0.7897287228618366 | C1: 0.9153 | C2: 0.7783 | C3: 0.4544
  Patience count: 121/50
Epoch 168/400 | Train Loss: 33.7087
  Seg: 0.3370 | Recon: 0.0044
  Val mIoU: 0.7290 (Best: 0.7833)
  [Class IoU] C0: 0.78968370111627 | C1: 0.9163 | C2: 0.7688 | C3: 0.4413
  Patience count: 122/50
Epoch 169/400 | Train Loss: 33.4266
  Seg: 0.3342 | Recon: 0.0044
  Val mIoU: 0.7273 (Best: 0.7833)
  [Class IoU] C0: 0.7885720952747245 | C1: 0.8964 | C2: 0.7728 | C3: 0.4514
  Patience count: 123/50
Epoch 170/400 | Train Loss: 33.3667
  Seg: 0.3336 | Recon: 0.0044
  Val mIoU: 0.7367 (Best: 0.7833)
  [Class IoU] C0: 0.7947985861688222 | C1: 0.9016 | C2: 0.7798 | C3: 0.4705
  Patience count: 124/50
Epoch 171/400 | Train Loss: 34.1358
  Seg: 0.3413 | Recon: 0.0045
  Val mIoU: 0.7623 (Best: 0.7833)
  [Class IoU] C0: 0.8115876248284664 | C1: 0.9255 | C2: 0.8040 | C3: 0.5083
  Patience count: 125/50
Epoch 172/400 | Train Loss: 34.0607
  Seg: 0.3406 | Recon: 0.0045
  Val mIoU: 0.7323 (Best: 0.7833)
  [Class IoU] C0: 0.7970545615296282 | C1: 0.9178 | C2: 0.7687 | C3: 0.4454
  Patience count: 126/50
Epoch 173/400 | Train Loss: 33.5666
  Seg: 0.3356 | Recon: 0.0045
  Val mIoU: 0.7411 (Best: 0.7833)
  [Class IoU] C0: 0.7985583572973062 | C1: 0.9063 | C2: 0.7803 | C3: 0.4791
  Patience count: 127/50
Epoch 174/400 | Train Loss: 35.0033
  Seg: 0.3500 | Recon: 0.0045
  Val mIoU: 0.7292 (Best: 0.7833)
  [Class IoU] C0: 0.7961862786337386 | C1: 0.9089 | C2: 0.7665 | C3: 0.4451
  Patience count: 128/50
Epoch 175/400 | Train Loss: 34.0328
  Seg: 0.3403 | Recon: 0.0044
  Val mIoU: 0.7267 (Best: 0.7833)
  [Class IoU] C0: 0.8017247496929573 | C1: 0.9205 | C2: 0.7544 | C3: 0.4303
  Patience count: 129/50
Epoch 176/400 | Train Loss: 34.0410
  Seg: 0.3404 | Recon: 0.0044
  Val mIoU: 0.7404 (Best: 0.7833)
  [Class IoU] C0: 0.7995312392372195 | C1: 0.9153 | C2: 0.7817 | C3: 0.4650
  Patience count: 130/50
Epoch 177/400 | Train Loss: 34.0912
  Seg: 0.3409 | Recon: 0.0043
  Val mIoU: 0.7302 (Best: 0.7833)
  [Class IoU] C0: 0.7982290699524127 | C1: 0.9210 | C2: 0.7673 | C3: 0.4344
  Patience count: 131/50
Epoch 178/400 | Train Loss: 33.8178
  Seg: 0.3381 | Recon: 0.0045
  Val mIoU: 0.7335 (Best: 0.7833)
  [Class IoU] C0: 0.7978571487141087 | C1: 0.9201 | C2: 0.7705 | C3: 0.4454
  Patience count: 132/50
Epoch 179/400 | Train Loss: 33.6361
  Seg: 0.3363 | Recon: 0.0044
  Val mIoU: 0.7461 (Best: 0.7833)
  [Class IoU] C0: 0.8010340479545772 | C1: 0.9103 | C2: 0.7907 | C3: 0.4824
  Patience count: 133/50
Epoch 180/400 | Train Loss: 34.2456
  Seg: 0.3424 | Recon: 0.0045
  Val mIoU: 0.7321 (Best: 0.7833)
  [Class IoU] C0: 0.7980921059489502 | C1: 0.9132 | C2: 0.7686 | C3: 0.4483
  Patience count: 134/50
  Saving visuals for Epoch 180...
  Visuals saved to: /zhome/d2/4/167803/Desktop/Deep_project/02456-final-project/output_big_vali_res/epoch_0180_predictions.png
Epoch 181/400 | Train Loss: 34.2982
  Seg: 0.3429 | Recon: 0.0046
  Val mIoU: 0.7204 (Best: 0.7833)
  [Class IoU] C0: 0.7878636276152456 | C1: 0.8869 | C2: 0.7642 | C3: 0.4426
  Patience count: 135/50
Epoch 182/400 | Train Loss: 33.2291
  Seg: 0.3322 | Recon: 0.0044
  Val mIoU: 0.7392 (Best: 0.7833)
  [Class IoU] C0: 0.7957865577947144 | C1: 0.9024 | C2: 0.7848 | C3: 0.4740
  Patience count: 136/50
Epoch 183/400 | Train Loss: 34.0395
  Seg: 0.3404 | Recon: 0.0044
  Val mIoU: 0.7340 (Best: 0.7833)
  [Class IoU] C0: 0.7936422926285389 | C1: 0.9002 | C2: 0.7786 | C3: 0.4636
  Patience count: 137/50
Epoch 184/400 | Train Loss: 33.8419
  Seg: 0.3384 | Recon: 0.0046
  Val mIoU: 0.7243 (Best: 0.7833)
  [Class IoU] C0: 0.7932253054641262 | C1: 0.9063 | C2: 0.7612 | C3: 0.4363
  Patience count: 138/50
Epoch 185/400 | Train Loss: 33.7975
  Seg: 0.3379 | Recon: 0.0045
  Val mIoU: 0.7134 (Best: 0.7833)
  [Class IoU] C0: 0.7918863890993157 | C1: 0.9192 | C2: 0.7377 | C3: 0.4048
  Patience count: 139/50
Epoch 186/400 | Train Loss: 33.6268
  Seg: 0.3362 | Recon: 0.0043
  Val mIoU: 0.7080 (Best: 0.7833)
  [Class IoU] C0: 0.7854225719684362 | C1: 0.9007 | C2: 0.7388 | C3: 0.4070
  Patience count: 140/50
Epoch 187/400 | Train Loss: 33.9606
  Seg: 0.3396 | Recon: 0.0045
  Val mIoU: 0.7204 (Best: 0.7833)
  [Class IoU] C0: 0.7985325904354438 | C1: 0.9224 | C2: 0.7454 | C3: 0.4152
  Patience count: 141/50
Epoch 188/400 | Train Loss: 34.2088
  Seg: 0.3420 | Recon: 0.0045
  Val mIoU: 0.7438 (Best: 0.7833)
  [Class IoU] C0: 0.8069082420100854 | C1: 0.9233 | C2: 0.7792 | C3: 0.4658
  Patience count: 142/50
Epoch 189/400 | Train Loss: 33.5509
  Seg: 0.3355 | Recon: 0.0045
  Val mIoU: 0.7521 (Best: 0.7833)
  [Class IoU] C0: 0.8103029194301637 | C1: 0.9253 | C2: 0.7884 | C3: 0.4845
  Patience count: 143/50
Epoch 190/400 | Train Loss: 33.2424
  Seg: 0.3324 | Recon: 0.0043
  Val mIoU: 0.7369 (Best: 0.7833)
  [Class IoU] C0: 0.8016346416250527 | C1: 0.9248 | C2: 0.7743 | C3: 0.4467
  Patience count: 144/50
Epoch 191/400 | Train Loss: 33.1448
  Seg: 0.3314 | Recon: 0.0044
  Val mIoU: 0.7379 (Best: 0.7833)
  [Class IoU] C0: 0.7990729196734909 | C1: 0.9109 | C2: 0.7778 | C3: 0.4637
  Patience count: 145/50
Epoch 192/400 | Train Loss: 33.4515
  Seg: 0.3345 | Recon: 0.0044
  Val mIoU: 0.7497 (Best: 0.7833)
  [Class IoU] C0: 0.8045986507031946 | C1: 0.9205 | C2: 0.7907 | C3: 0.4832
  Patience count: 146/50
Epoch 193/400 | Train Loss: 33.9240
  Seg: 0.3392 | Recon: 0.0044
  Val mIoU: 0.7513 (Best: 0.7833)
  [Class IoU] C0: 0.8060443809663488 | C1: 0.9218 | C2: 0.7889 | C3: 0.4882
  Patience count: 147/50
Epoch 194/400 | Train Loss: 34.0229
  Seg: 0.3402 | Recon: 0.0045
  Val mIoU: 0.7343 (Best: 0.7833)
  [Class IoU] C0: 0.7941429015408494 | C1: 0.9085 | C2: 0.7782 | C3: 0.4563
  Patience count: 148/50
Epoch 195/400 | Train Loss: 33.8363
  Seg: 0.3383 | Recon: 0.0046
  Val mIoU: 0.7234 (Best: 0.7833)
  [Class IoU] C0: 0.7935159022345173 | C1: 0.9198 | C2: 0.7570 | C3: 0.4232
  Patience count: 149/50
Epoch 196/400 | Train Loss: 33.9917
  Seg: 0.3399 | Recon: 0.0045
  Val mIoU: 0.7336 (Best: 0.7833)
  [Class IoU] C0: 0.8005913702795703 | C1: 0.9211 | C2: 0.7670 | C3: 0.4457
  Patience count: 150/50
Epoch 197/400 | Train Loss: 33.8804
  Seg: 0.3388 | Recon: 0.0045
  Val mIoU: 0.7463 (Best: 0.7833)
  [Class IoU] C0: 0.798535765205698 | C1: 0.9064 | C2: 0.7935 | C3: 0.4867
  Patience count: 151/50
Epoch 198/400 | Train Loss: 33.9771
  Seg: 0.3397 | Recon: 0.0044
  Val mIoU: 0.7385 (Best: 0.7833)
  [Class IoU] C0: 0.8054060082549465 | C1: 0.9244 | C2: 0.7736 | C3: 0.4504
  Patience count: 152/50
Epoch 199/400 | Train Loss: 34.5680
  Seg: 0.3456 | Recon: 0.0045
  Val mIoU: 0.7302 (Best: 0.7833)
  [Class IoU] C0: 0.7864163052323491 | C1: 0.8628 | C2: 0.7850 | C3: 0.4865
  Patience count: 153/50
Epoch 200/400 | Train Loss: 34.5514
  Seg: 0.3455 | Recon: 0.0045
  Val mIoU: 0.7250 (Best: 0.7833)
  [Class IoU] C0: 0.7873965266861443 | C1: 0.8829 | C2: 0.7726 | C3: 0.4571
  Patience count: 154/50
  Saving visuals for Epoch 200...
  Visuals saved to: /zhome/d2/4/167803/Desktop/Deep_project/02456-final-project/output_big_vali_res/epoch_0200_predictions.png
Epoch 201/400 | Train Loss: 33.8435
  Seg: 0.3384 | Recon: 0.0044
  Val mIoU: 0.7467 (Best: 0.7833)
  [Class IoU] C0: 0.8036611799157275 | C1: 0.9191 | C2: 0.7880 | C3: 0.4760
  Patience count: 155/50
Epoch 202/400 | Train Loss: 33.1472
  Seg: 0.3314 | Recon: 0.0043
  Val mIoU: 0.7509 (Best: 0.7833)
  [Class IoU] C0: 0.8068099425671738 | C1: 0.9216 | C2: 0.7888 | C3: 0.4863
  Patience count: 156/50
Epoch 203/400 | Train Loss: 33.8150
  Seg: 0.3381 | Recon: 0.0044
  Val mIoU: 0.7510 (Best: 0.7833)
  [Class IoU] C0: 0.8082977169851356 | C1: 0.9234 | C2: 0.7904 | C3: 0.4819
  Patience count: 157/50
Epoch 204/400 | Train Loss: 34.3224
  Seg: 0.3432 | Recon: 0.0044
  Val mIoU: 0.7422 (Best: 0.7833)
  [Class IoU] C0: 0.8019421374247866 | C1: 0.9142 | C2: 0.7801 | C3: 0.4727
  Patience count: 158/50
Epoch 205/400 | Train Loss: 33.7525
  Seg: 0.3375 | Recon: 0.0045
  Val mIoU: 0.7161 (Best: 0.7833)
  [Class IoU] C0: 0.7923755094239722 | C1: 0.9027 | C2: 0.7445 | C3: 0.4250
  Patience count: 159/50
Epoch 206/400 | Train Loss: 34.5194
  Seg: 0.3452 | Recon: 0.0044
  Val mIoU: 0.7252 (Best: 0.7833)
  [Class IoU] C0: 0.7941818086752273 | C1: 0.9170 | C2: 0.7592 | C3: 0.4305
  Patience count: 160/50
Epoch 207/400 | Train Loss: 33.9673
  Seg: 0.3396 | Recon: 0.0043
  Val mIoU: 0.7396 (Best: 0.7833)
  [Class IoU] C0: 0.800370543522099 | C1: 0.9111 | C2: 0.7802 | C3: 0.4666
  Patience count: 161/50
Epoch 208/400 | Train Loss: 33.9118
  Seg: 0.3391 | Recon: 0.0045
  Val mIoU: 0.7259 (Best: 0.7833)
  [Class IoU] C0: 0.7938407949978691 | C1: 0.9128 | C2: 0.7625 | C3: 0.4345
  Patience count: 162/50
Epoch 209/400 | Train Loss: 33.0990
  Seg: 0.3309 | Recon: 0.0044
  Val mIoU: 0.7313 (Best: 0.7833)
  [Class IoU] C0: 0.8022215961626494 | C1: 0.9183 | C2: 0.7625 | C3: 0.4424
  Patience count: 163/50
Epoch 210/400 | Train Loss: 33.2010
  Seg: 0.3320 | Recon: 0.0045
  Val mIoU: 0.7364 (Best: 0.7833)
  [Class IoU] C0: 0.7934644199625944 | C1: 0.8961 | C2: 0.7839 | C3: 0.4721
  Patience count: 164/50
Epoch 211/400 | Train Loss: 33.6144
  Seg: 0.3361 | Recon: 0.0044
  Val mIoU: 0.7421 (Best: 0.7833)
  [Class IoU] C0: 0.7970210853295738 | C1: 0.9034 | C2: 0.7871 | C3: 0.4807
  Patience count: 165/50
Epoch 212/400 | Train Loss: 33.3592
  Seg: 0.3335 | Recon: 0.0044
  Val mIoU: 0.7358 (Best: 0.7833)
  [Class IoU] C0: 0.792746116840481 | C1: 0.9097 | C2: 0.7805 | C3: 0.4601
  Patience count: 166/50
Epoch 213/400 | Train Loss: 33.3579
  Seg: 0.3335 | Recon: 0.0044
  Val mIoU: 0.7396 (Best: 0.7833)
  [Class IoU] C0: 0.8021720635179896 | C1: 0.9219 | C2: 0.7773 | C3: 0.4571
  Patience count: 167/50
Epoch 214/400 | Train Loss: 33.5848
  Seg: 0.3358 | Recon: 0.0044
  Val mIoU: 0.7448 (Best: 0.7833)
  [Class IoU] C0: 0.8025915263324176 | C1: 0.9231 | C2: 0.7847 | C3: 0.4687
  Patience count: 168/50
Epoch 215/400 | Train Loss: 33.6039
  Seg: 0.3360 | Recon: 0.0044
  Val mIoU: 0.7352 (Best: 0.7833)
  [Class IoU] C0: 0.797195758670934 | C1: 0.9150 | C2: 0.7735 | C3: 0.4550
  Patience count: 169/50
Epoch 216/400 | Train Loss: 33.6267
  Seg: 0.3362 | Recon: 0.0045
  Val mIoU: 0.7470 (Best: 0.7833)
  [Class IoU] C0: 0.8046453698362388 | C1: 0.9234 | C2: 0.7881 | C3: 0.4720
  Patience count: 170/50
Epoch 217/400 | Train Loss: 33.3550
  Seg: 0.3335 | Recon: 0.0045
  Val mIoU: 0.7431 (Best: 0.7833)
  [Class IoU] C0: 0.8038572493182707 | C1: 0.9206 | C2: 0.7794 | C3: 0.4684
  Patience count: 171/50
Epoch 218/400 | Train Loss: 33.9404
  Seg: 0.3394 | Recon: 0.0045
  Val mIoU: 0.7322 (Best: 0.7833)
  [Class IoU] C0: 0.7990209984792762 | C1: 0.9125 | C2: 0.7656 | C3: 0.4515
  Patience count: 172/50
Epoch 219/400 | Train Loss: 33.9156
  Seg: 0.3391 | Recon: 0.0044
  Val mIoU: 0.7457 (Best: 0.7833)
  [Class IoU] C0: 0.8035805883105128 | C1: 0.9155 | C2: 0.7865 | C3: 0.4773
  Patience count: 173/50
Epoch 220/400 | Train Loss: 33.6683
  Seg: 0.3366 | Recon: 0.0044
  Val mIoU: 0.7380 (Best: 0.7833)
  [Class IoU] C0: 0.8019643629368872 | C1: 0.9203 | C2: 0.7713 | C3: 0.4583
  Patience count: 174/50
  Saving visuals for Epoch 220...
  Visuals saved to: /zhome/d2/4/167803/Desktop/Deep_project/02456-final-project/output_big_vali_res/epoch_0220_predictions.png
Epoch 221/400 | Train Loss: 33.8602
  Seg: 0.3386 | Recon: 0.0044
  Val mIoU: 0.7327 (Best: 0.7833)
  [Class IoU] C0: 0.80029642416114 | C1: 0.9226 | C2: 0.7670 | C3: 0.4409
  Patience count: 175/50
Epoch 222/400 | Train Loss: 33.6782
  Seg: 0.3367 | Recon: 0.0045
  Val mIoU: 0.7411 (Best: 0.7833)
  [Class IoU] C0: 0.8008082494918325 | C1: 0.9135 | C2: 0.7826 | C3: 0.4675
  Patience count: 176/50
Epoch 223/400 | Train Loss: 32.6930
  Seg: 0.3269 | Recon: 0.0044
  Val mIoU: 0.7436 (Best: 0.7833)
  [Class IoU] C0: 0.7989872062854918 | C1: 0.9173 | C2: 0.7864 | C3: 0.4717
  Patience count: 177/50
Epoch 224/400 | Train Loss: 33.9599
  Seg: 0.3396 | Recon: 0.0044
  Val mIoU: 0.7426 (Best: 0.7833)
  [Class IoU] C0: 0.7996201394238078 | C1: 0.9136 | C2: 0.7856 | C3: 0.4718
  Patience count: 178/50
Epoch 225/400 | Train Loss: 33.3947
  Seg: 0.3339 | Recon: 0.0044
  Val mIoU: 0.7432 (Best: 0.7833)
  [Class IoU] C0: 0.8011835003616378 | C1: 0.9209 | C2: 0.7824 | C3: 0.4681
  Patience count: 179/50
Epoch 226/400 | Train Loss: 33.2971
  Seg: 0.3329 | Recon: 0.0045
  Val mIoU: 0.7324 (Best: 0.7833)
  [Class IoU] C0: 0.800472127770358 | C1: 0.9212 | C2: 0.7658 | C3: 0.4422
  Patience count: 180/50
Epoch 227/400 | Train Loss: 32.9061
  Seg: 0.3290 | Recon: 0.0045
  Val mIoU: 0.7303 (Best: 0.7833)
  [Class IoU] C0: 0.8020501081483301 | C1: 0.9209 | C2: 0.7604 | C3: 0.4377
  Patience count: 181/50
Epoch 228/400 | Train Loss: 33.7250
  Seg: 0.3372 | Recon: 0.0044
  Val mIoU: 0.7340 (Best: 0.7833)
  [Class IoU] C0: 0.7899227852232332 | C1: 0.8790 | C2: 0.7873 | C3: 0.4799
  Patience count: 182/50
Epoch 229/400 | Train Loss: 33.5362
  Seg: 0.3353 | Recon: 0.0045
  Val mIoU: 0.7463 (Best: 0.7833)
  [Class IoU] C0: 0.8005099479567233 | C1: 0.9082 | C2: 0.7893 | C3: 0.4871
  Patience count: 183/50
Epoch 230/400 | Train Loss: 33.1683
  Seg: 0.3316 | Recon: 0.0046
  Val mIoU: 0.7298 (Best: 0.7833)
  [Class IoU] C0: 0.8030145411257883 | C1: 0.9249 | C2: 0.7600 | C3: 0.4315
  Patience count: 184/50
Epoch 231/400 | Train Loss: 33.6106
  Seg: 0.3361 | Recon: 0.0044
  Val mIoU: 0.7408 (Best: 0.7833)
  [Class IoU] C0: 0.798930292162133 | C1: 0.9139 | C2: 0.7828 | C3: 0.4677
  Patience count: 185/50
Epoch 232/400 | Train Loss: 33.9150
  Seg: 0.3391 | Recon: 0.0044
  Val mIoU: 0.7383 (Best: 0.7833)
  [Class IoU] C0: 0.8053237116593651 | C1: 0.9251 | C2: 0.7739 | C3: 0.4488
  Patience count: 186/50
Epoch 233/400 | Train Loss: 33.2302
  Seg: 0.3323 | Recon: 0.0045
  Val mIoU: 0.7486 (Best: 0.7833)
  [Class IoU] C0: 0.8060524593187223 | C1: 0.9255 | C2: 0.7886 | C3: 0.4743
  Patience count: 187/50
Epoch 234/400 | Train Loss: 34.0543
  Seg: 0.3405 | Recon: 0.0044
  Val mIoU: 0.7521 (Best: 0.7833)
  [Class IoU] C0: 0.8040861263341711 | C1: 0.9162 | C2: 0.7951 | C3: 0.4929
  Patience count: 188/50
Epoch 235/400 | Train Loss: 33.8958
  Seg: 0.3389 | Recon: 0.0045
  Val mIoU: 0.7516 (Best: 0.7833)
  [Class IoU] C0: 0.8071273302408489 | C1: 0.9217 | C2: 0.7935 | C3: 0.4840
  Patience count: 189/50
Epoch 236/400 | Train Loss: 33.4734
  Seg: 0.3347 | Recon: 0.0044
  Val mIoU: 0.7483 (Best: 0.7833)
  [Class IoU] C0: 0.8015165896876447 | C1: 0.9128 | C2: 0.7908 | C3: 0.4882
  Patience count: 190/50
Epoch 237/400 | Train Loss: 33.9972
  Seg: 0.3399 | Recon: 0.0046
  Val mIoU: 0.7309 (Best: 0.7833)
  [Class IoU] C0: 0.7932063625620424 | C1: 0.9099 | C2: 0.7712 | C3: 0.4491
  Patience count: 191/50
Epoch 238/400 | Train Loss: 33.6936
  Seg: 0.3369 | Recon: 0.0045
  Val mIoU: 0.7401 (Best: 0.7833)
  [Class IoU] C0: 0.806458344125498 | C1: 0.9225 | C2: 0.7719 | C3: 0.4596
  Patience count: 192/50
Epoch 239/400 | Train Loss: 33.8974
  Seg: 0.3389 | Recon: 0.0046
  Val mIoU: 0.7279 (Best: 0.7833)
  [Class IoU] C0: 0.7952996659671684 | C1: 0.9235 | C2: 0.7623 | C3: 0.4303
  Patience count: 193/50
Epoch 240/400 | Train Loss: 33.7445
  Seg: 0.3374 | Recon: 0.0044
  Val mIoU: 0.7473 (Best: 0.7833)
  [Class IoU] C0: 0.8034181964725929 | C1: 0.9201 | C2: 0.7900 | C3: 0.4757
  Patience count: 194/50
  Saving visuals for Epoch 240...
  Visuals saved to: /zhome/d2/4/167803/Desktop/Deep_project/02456-final-project/output_big_vali_res/epoch_0240_predictions.png
Epoch 241/400 | Train Loss: 33.0877
  Seg: 0.3308 | Recon: 0.0044
  Val mIoU: 0.7373 (Best: 0.7833)
  [Class IoU] C0: 0.8013871557198897 | C1: 0.9179 | C2: 0.7727 | C3: 0.4572
  Patience count: 195/50
Epoch 242/400 | Train Loss: 33.3552
  Seg: 0.3335 | Recon: 0.0044
  Val mIoU: 0.7414 (Best: 0.7833)
  [Class IoU] C0: 0.8045590690330261 | C1: 0.9196 | C2: 0.7781 | C3: 0.4634
  Patience count: 196/50
Epoch 243/400 | Train Loss: 33.2766
  Seg: 0.3327 | Recon: 0.0045
  Val mIoU: 0.7535 (Best: 0.7833)
  [Class IoU] C0: 0.8058735768648403 | C1: 0.9176 | C2: 0.7937 | C3: 0.4967
  Patience count: 197/50
Epoch 244/400 | Train Loss: 33.8277
  Seg: 0.3382 | Recon: 0.0044
  Val mIoU: 0.7504 (Best: 0.7833)
  [Class IoU] C0: 0.8042241930040307 | C1: 0.9196 | C2: 0.7918 | C3: 0.4858
  Patience count: 198/50
Epoch 245/400 | Train Loss: 34.1441
  Seg: 0.3414 | Recon: 0.0045
  Val mIoU: 0.7602 (Best: 0.7833)
  [Class IoU] C0: 0.8105715188105405 | C1: 0.9237 | C2: 0.8029 | C3: 0.5035
  Patience count: 199/50
Epoch 246/400 | Train Loss: 34.2268
  Seg: 0.3422 | Recon: 0.0043
  Val mIoU: 0.7311 (Best: 0.7833)
  [Class IoU] C0: 0.7909121468898901 | C1: 0.8828 | C2: 0.7798 | C3: 0.4710
  Patience count: 200/50
Epoch 247/400 | Train Loss: 33.6307
  Seg: 0.3363 | Recon: 0.0044
  Val mIoU: 0.7499 (Best: 0.7833)
  [Class IoU] C0: 0.8029546186623732 | C1: 0.9152 | C2: 0.7907 | C3: 0.4909
  Patience count: 201/50
Epoch 248/400 | Train Loss: 33.3889
  Seg: 0.3338 | Recon: 0.0045
  Val mIoU: 0.7393 (Best: 0.7833)
  [Class IoU] C0: 0.7979280573492096 | C1: 0.9184 | C2: 0.7792 | C3: 0.4615
  Patience count: 202/50
Epoch 249/400 | Train Loss: 33.7395
  Seg: 0.3374 | Recon: 0.0044
  Val mIoU: 0.7241 (Best: 0.7833)
  [Class IoU] C0: 0.7882970123092251 | C1: 0.8747 | C2: 0.7734 | C3: 0.4602
  Patience count: 203/50
Epoch 250/400 | Train Loss: 33.6142
  Seg: 0.3361 | Recon: 0.0046
  Val mIoU: 0.7594 (Best: 0.7833)
  [Class IoU] C0: 0.8111416904599269 | C1: 0.9233 | C2: 0.8022 | C3: 0.5009
  Patience count: 204/50
Epoch 251/400 | Train Loss: 34.6579
  Seg: 0.3465 | Recon: 0.0044
  Val mIoU: 0.7142 (Best: 0.7833)
  [Class IoU] C0: 0.783888458052274 | C1: 0.8644 | C2: 0.7622 | C3: 0.4464
  Patience count: 205/50
Epoch 252/400 | Train Loss: 34.4099
  Seg: 0.3441 | Recon: 0.0046
  Val mIoU: 0.7357 (Best: 0.7833)
  [Class IoU] C0: 0.7995228162348085 | C1: 0.9165 | C2: 0.7740 | C3: 0.4527
  Patience count: 206/50
Epoch 253/400 | Train Loss: 33.0244
  Seg: 0.3302 | Recon: 0.0045
  Val mIoU: 0.7354 (Best: 0.7833)
  [Class IoU] C0: 0.8001388636407006 | C1: 0.9098 | C2: 0.7704 | C3: 0.4613
  Patience count: 207/50
Epoch 254/400 | Train Loss: 33.9315
  Seg: 0.3393 | Recon: 0.0045
  Val mIoU: 0.7308 (Best: 0.7833)
  [Class IoU] C0: 0.790947898860993 | C1: 0.8926 | C2: 0.7771 | C3: 0.4628
  Patience count: 208/50
Epoch 255/400 | Train Loss: 34.7223
  Seg: 0.3472 | Recon: 0.0045
  Val mIoU: 0.7454 (Best: 0.7833)
  [Class IoU] C0: 0.8063741291611368 | C1: 0.9247 | C2: 0.7796 | C3: 0.4710
  Patience count: 209/50
Epoch 256/400 | Train Loss: 33.3490
  Seg: 0.3334 | Recon: 0.0043
  Val mIoU: 0.7277 (Best: 0.7833)
  [Class IoU] C0: 0.8001253121072763 | C1: 0.9206 | C2: 0.7574 | C3: 0.4327
  Patience count: 210/50
Epoch 257/400 | Train Loss: 33.6204
  Seg: 0.3362 | Recon: 0.0044
  Val mIoU: 0.7312 (Best: 0.7833)
  [Class IoU] C0: 0.7924571484236835 | C1: 0.9028 | C2: 0.7757 | C3: 0.4539
  Patience count: 211/50
Epoch 258/400 | Train Loss: 34.2344
  Seg: 0.3423 | Recon: 0.0044
  Val mIoU: 0.7360 (Best: 0.7833)
  [Class IoU] C0: 0.8017959171257146 | C1: 0.9214 | C2: 0.7706 | C3: 0.4500
  Patience count: 212/50
Epoch 259/400 | Train Loss: 33.2583
  Seg: 0.3325 | Recon: 0.0045
  Val mIoU: 0.7351 (Best: 0.7833)
  [Class IoU] C0: 0.8041537736513094 | C1: 0.9245 | C2: 0.7675 | C3: 0.4443
  Patience count: 213/50
Epoch 260/400 | Train Loss: 32.8246
  Seg: 0.3282 | Recon: 0.0045
  Val mIoU: 0.7431 (Best: 0.7833)
  [Class IoU] C0: 0.8019426063931475 | C1: 0.9149 | C2: 0.7806 | C3: 0.4748
  Patience count: 214/50
  Saving visuals for Epoch 260...
  Visuals saved to: /zhome/d2/4/167803/Desktop/Deep_project/02456-final-project/output_big_vali_res/epoch_0260_predictions.png
Epoch 261/400 | Train Loss: 33.6559
  Seg: 0.3365 | Recon: 0.0044
  Val mIoU: 0.7361 (Best: 0.7833)
  [Class IoU] C0: 0.8021234758731047 | C1: 0.9173 | C2: 0.7719 | C3: 0.4531
  Patience count: 215/50
Epoch 262/400 | Train Loss: 33.5835
  Seg: 0.3358 | Recon: 0.0044
  Val mIoU: 0.7376 (Best: 0.7833)
  [Class IoU] C0: 0.7976424258796238 | C1: 0.9051 | C2: 0.7756 | C3: 0.4721
  Patience count: 216/50
Epoch 263/400 | Train Loss: 33.4905
  Seg: 0.3349 | Recon: 0.0045
  Val mIoU: 0.7373 (Best: 0.7833)
  [Class IoU] C0: 0.8011182039098125 | C1: 0.9194 | C2: 0.7766 | C3: 0.4523
  Patience count: 217/50
Epoch 264/400 | Train Loss: 32.8783
  Seg: 0.3287 | Recon: 0.0044
  Val mIoU: 0.7395 (Best: 0.7833)
  [Class IoU] C0: 0.7978827721404768 | C1: 0.9052 | C2: 0.7837 | C3: 0.4714
  Patience count: 218/50
Epoch 265/400 | Train Loss: 34.0226
  Seg: 0.3402 | Recon: 0.0043
  Val mIoU: 0.7469 (Best: 0.7833)
  [Class IoU] C0: 0.8048618569141874 | C1: 0.9218 | C2: 0.7863 | C3: 0.4747
  Patience count: 219/50
Epoch 266/400 | Train Loss: 33.7850
  Seg: 0.3378 | Recon: 0.0044
  Val mIoU: 0.7341 (Best: 0.7833)
  [Class IoU] C0: 0.7967161669558624 | C1: 0.9109 | C2: 0.7721 | C3: 0.4569
  Patience count: 220/50
Epoch 267/400 | Train Loss: 33.4892
  Seg: 0.3348 | Recon: 0.0045
  Val mIoU: 0.7414 (Best: 0.7833)
  [Class IoU] C0: 0.8008038959123999 | C1: 0.9109 | C2: 0.7809 | C3: 0.4729
  Patience count: 221/50
Epoch 268/400 | Train Loss: 33.5849
  Seg: 0.3358 | Recon: 0.0043
  Val mIoU: 0.7551 (Best: 0.7833)
  [Class IoU] C0: 0.8070541578978917 | C1: 0.9222 | C2: 0.7953 | C3: 0.4957
  Patience count: 222/50
Epoch 269/400 | Train Loss: 34.3005
  Seg: 0.3430 | Recon: 0.0044
  Val mIoU: 0.7445 (Best: 0.7833)
  [Class IoU] C0: 0.8084805468267909 | C1: 0.9245 | C2: 0.7804 | C3: 0.4645
  Patience count: 223/50
Epoch 270/400 | Train Loss: 33.4811
  Seg: 0.3348 | Recon: 0.0044
  Val mIoU: 0.7454 (Best: 0.7833)
  [Class IoU] C0: 0.7988338621920775 | C1: 0.9080 | C2: 0.7896 | C3: 0.4851
  Patience count: 224/50
Epoch 271/400 | Train Loss: 33.1622
  Seg: 0.3316 | Recon: 0.0043
  Val mIoU: 0.7394 (Best: 0.7833)
  [Class IoU] C0: 0.8047176112145407 | C1: 0.9244 | C2: 0.7740 | C3: 0.4543
  Patience count: 225/50
Epoch 272/400 | Train Loss: 33.6505
  Seg: 0.3365 | Recon: 0.0045
  Val mIoU: 0.7427 (Best: 0.7833)
  [Class IoU] C0: 0.8037091205636562 | C1: 0.9191 | C2: 0.7804 | C3: 0.4676
  Patience count: 226/50
Epoch 273/400 | Train Loss: 33.2318
  Seg: 0.3323 | Recon: 0.0044
  Val mIoU: 0.7411 (Best: 0.7833)
  [Class IoU] C0: 0.8026784222606621 | C1: 0.9215 | C2: 0.7809 | C3: 0.4594
  Patience count: 227/50
Epoch 274/400 | Train Loss: 34.0279
  Seg: 0.3402 | Recon: 0.0045
  Val mIoU: 0.7344 (Best: 0.7833)
  [Class IoU] C0: 0.7987100428185867 | C1: 0.9158 | C2: 0.7703 | C3: 0.4526
  Patience count: 228/50
Epoch 275/400 | Train Loss: 33.1117
  Seg: 0.3311 | Recon: 0.0045
  Val mIoU: 0.7429 (Best: 0.7833)
  [Class IoU] C0: 0.8040945672201855 | C1: 0.9218 | C2: 0.7761 | C3: 0.4696
  Patience count: 229/50
Epoch 276/400 | Train Loss: 33.4699
  Seg: 0.3347 | Recon: 0.0045
  Val mIoU: 0.7464 (Best: 0.7833)
  [Class IoU] C0: 0.7978597920427057 | C1: 0.9041 | C2: 0.7940 | C3: 0.4897
  Patience count: 230/50
Epoch 277/400 | Train Loss: 34.6506
  Seg: 0.3465 | Recon: 0.0044
  Val mIoU: 0.7378 (Best: 0.7833)
  [Class IoU] C0: 0.8029703910221502 | C1: 0.9235 | C2: 0.7734 | C3: 0.4513
  Patience count: 231/50
Epoch 278/400 | Train Loss: 34.3739
  Seg: 0.3437 | Recon: 0.0043
  Val mIoU: 0.7421 (Best: 0.7833)
  [Class IoU] C0: 0.8016687196635168 | C1: 0.9219 | C2: 0.7814 | C3: 0.4633
  Patience count: 232/50
Epoch 279/400 | Train Loss: 33.1570
  Seg: 0.3315 | Recon: 0.0043
  Val mIoU: 0.7439 (Best: 0.7833)
  [Class IoU] C0: 0.8044187872326057 | C1: 0.9225 | C2: 0.7810 | C3: 0.4678
  Patience count: 233/50
Epoch 280/400 | Train Loss: 33.8269
  Seg: 0.3382 | Recon: 0.0044
  Val mIoU: 0.7617 (Best: 0.7833)
  [Class IoU] C0: 0.807265601736063 | C1: 0.9178 | C2: 0.8056 | C3: 0.5161
  Patience count: 234/50
  Saving visuals for Epoch 280...
  Visuals saved to: /zhome/d2/4/167803/Desktop/Deep_project/02456-final-project/output_big_vali_res/epoch_0280_predictions.png
Epoch 281/400 | Train Loss: 34.1146
  Seg: 0.3411 | Recon: 0.0045
  Val mIoU: 0.7539 (Best: 0.7833)
  [Class IoU] C0: 0.8060860449145627 | C1: 0.9217 | C2: 0.7968 | C3: 0.4910
  Patience count: 235/50
Epoch 282/400 | Train Loss: 34.0687
  Seg: 0.3406 | Recon: 0.0044
  Val mIoU: 0.7482 (Best: 0.7833)
  [Class IoU] C0: 0.8073442127905517 | C1: 0.9215 | C2: 0.7853 | C3: 0.4788
  Patience count: 236/50
Epoch 283/400 | Train Loss: 33.9295
  Seg: 0.3392 | Recon: 0.0045
  Val mIoU: 0.7312 (Best: 0.7833)
  [Class IoU] C0: 0.7958966433762834 | C1: 0.9081 | C2: 0.7697 | C3: 0.4510
  Patience count: 237/50
Epoch 284/400 | Train Loss: 34.4504
  Seg: 0.3445 | Recon: 0.0045
  Val mIoU: 0.7434 (Best: 0.7833)
  [Class IoU] C0: 0.8056756866995676 | C1: 0.9235 | C2: 0.7787 | C3: 0.4657
  Patience count: 238/50
Epoch 285/400 | Train Loss: 33.8154
  Seg: 0.3381 | Recon: 0.0044
  Val mIoU: 0.7345 (Best: 0.7833)
  [Class IoU] C0: 0.7995338043690979 | C1: 0.9200 | C2: 0.7714 | C3: 0.4469
  Patience count: 239/50
Epoch 286/400 | Train Loss: 33.5543
  Seg: 0.3355 | Recon: 0.0044
  Val mIoU: 0.7248 (Best: 0.7833)
  [Class IoU] C0: 0.7953469577876002 | C1: 0.9096 | C2: 0.7587 | C3: 0.4354
  Patience count: 240/50
Epoch 287/400 | Train Loss: 33.5408
  Seg: 0.3354 | Recon: 0.0044
  Val mIoU: 0.7312 (Best: 0.7833)
  [Class IoU] C0: 0.7953286122944008 | C1: 0.9082 | C2: 0.7732 | C3: 0.4480
  Patience count: 241/50
Epoch 288/400 | Train Loss: 33.6166
  Seg: 0.3361 | Recon: 0.0044
  Val mIoU: 0.7269 (Best: 0.7833)
  [Class IoU] C0: 0.7918237004990519 | C1: 0.9096 | C2: 0.7662 | C3: 0.4400
  Patience count: 242/50
Epoch 289/400 | Train Loss: 33.1362
  Seg: 0.3313 | Recon: 0.0045
  Val mIoU: 0.7393 (Best: 0.7833)
  [Class IoU] C0: 0.8015365537283162 | C1: 0.9148 | C2: 0.7775 | C3: 0.4635
  Patience count: 243/50
Epoch 290/400 | Train Loss: 33.5499
  Seg: 0.3355 | Recon: 0.0043
  Val mIoU: 0.7556 (Best: 0.7833)
  [Class IoU] C0: 0.8089381807354504 | C1: 0.9252 | C2: 0.7957 | C3: 0.4925
  Patience count: 244/50
Epoch 291/400 | Train Loss: 34.1726
  Seg: 0.3417 | Recon: 0.0045
  Val mIoU: 0.7402 (Best: 0.7833)
  [Class IoU] C0: 0.8050582181520044 | C1: 0.9259 | C2: 0.7765 | C3: 0.4533
  Patience count: 245/50
Epoch 292/400 | Train Loss: 34.4898
  Seg: 0.3449 | Recon: 0.0044
  Val mIoU: 0.7565 (Best: 0.7833)
  [Class IoU] C0: 0.8094590169364968 | C1: 0.9266 | C2: 0.8008 | C3: 0.4891
  Patience count: 246/50
Epoch 293/400 | Train Loss: 33.6666
  Seg: 0.3366 | Recon: 0.0044
  Val mIoU: 0.7370 (Best: 0.7833)
  [Class IoU] C0: 0.8019614974544373 | C1: 0.9170 | C2: 0.7723 | C3: 0.4568
  Patience count: 247/50
Epoch 294/400 | Train Loss: 33.4296
  Seg: 0.3343 | Recon: 0.0044
  Val mIoU: 0.7407 (Best: 0.7833)
  [Class IoU] C0: 0.802670784981587 | C1: 0.9192 | C2: 0.7798 | C3: 0.4610
  Patience count: 248/50
Epoch 295/400 | Train Loss: 32.9451
  Seg: 0.3294 | Recon: 0.0043
  Val mIoU: 0.7431 (Best: 0.7833)
  [Class IoU] C0: 0.7993465017309013 | C1: 0.9142 | C2: 0.7871 | C3: 0.4720
  Patience count: 249/50
Epoch 296/400 | Train Loss: 33.1218
  Seg: 0.3312 | Recon: 0.0044
  Val mIoU: 0.7539 (Best: 0.7833)
  [Class IoU] C0: 0.8079581247183676 | C1: 0.9245 | C2: 0.7940 | C3: 0.4891
  Patience count: 250/50
Epoch 297/400 | Train Loss: 33.4166
  Seg: 0.3341 | Recon: 0.0044
  Val mIoU: 0.7256 (Best: 0.7833)
  [Class IoU] C0: 0.7913528231633615 | C1: 0.8921 | C2: 0.7682 | C3: 0.4508
  Patience count: 251/50
Epoch 298/400 | Train Loss: 33.6537
  Seg: 0.3365 | Recon: 0.0044
  Val mIoU: 0.7260 (Best: 0.7833)
  [Class IoU] C0: 0.7920962980394687 | C1: 0.9022 | C2: 0.7672 | C3: 0.4427
  Patience count: 252/50
Epoch 299/400 | Train Loss: 33.7344
  Seg: 0.3373 | Recon: 0.0044
  Val mIoU: 0.7435 (Best: 0.7833)
  [Class IoU] C0: 0.7988068707699197 | C1: 0.9117 | C2: 0.7849 | C3: 0.4785
  Patience count: 253/50
Epoch 300/400 | Train Loss: 33.8838
  Seg: 0.3388 | Recon: 0.0044
  Val mIoU: 0.7265 (Best: 0.7833)
  [Class IoU] C0: 0.7912275643046294 | C1: 0.8910 | C2: 0.7692 | C3: 0.4545
  Patience count: 254/50
  Saving visuals for Epoch 300...
  Visuals saved to: /zhome/d2/4/167803/Desktop/Deep_project/02456-final-project/output_big_vali_res/epoch_0300_predictions.png
Epoch 301/400 | Train Loss: 33.2305
  Seg: 0.3323 | Recon: 0.0043
  Val mIoU: 0.7361 (Best: 0.7833)
  [Class IoU] C0: 0.800408573763079 | C1: 0.9191 | C2: 0.7719 | C3: 0.4531
  Patience count: 255/50
Epoch 302/400 | Train Loss: 33.1443
  Seg: 0.3314 | Recon: 0.0044
  Val mIoU: 0.7332 (Best: 0.7833)
  [Class IoU] C0: 0.7980602759770825 | C1: 0.9076 | C2: 0.7700 | C3: 0.4572
  Patience count: 256/50
Epoch 303/400 | Train Loss: 33.8399
  Seg: 0.3384 | Recon: 0.0045
  Val mIoU: 0.7370 (Best: 0.7833)
  [Class IoU] C0: 0.8005121711248014 | C1: 0.9208 | C2: 0.7743 | C3: 0.4522
  Patience count: 257/50
Epoch 304/400 | Train Loss: 33.8448
  Seg: 0.3384 | Recon: 0.0044
  Val mIoU: 0.7245 (Best: 0.7833)
  [Class IoU] C0: 0.7926813747998429 | C1: 0.9087 | C2: 0.7621 | C3: 0.4346
  Patience count: 258/50
Epoch 305/400 | Train Loss: 34.4164
  Seg: 0.3441 | Recon: 0.0045
  Val mIoU: 0.7493 (Best: 0.7833)
  [Class IoU] C0: 0.8086743998161995 | C1: 0.9254 | C2: 0.7879 | C3: 0.4753
  Patience count: 259/50
Epoch 306/400 | Train Loss: 33.3086
  Seg: 0.3330 | Recon: 0.0045
  Val mIoU: 0.7243 (Best: 0.7833)
  [Class IoU] C0: 0.7962534345353538 | C1: 0.9190 | C2: 0.7557 | C3: 0.4264
  Patience count: 260/50
Epoch 307/400 | Train Loss: 33.3879
  Seg: 0.3338 | Recon: 0.0044
  Val mIoU: 0.7460 (Best: 0.7833)
  [Class IoU] C0: 0.8010069685908404 | C1: 0.9146 | C2: 0.7893 | C3: 0.4789
  Patience count: 261/50
Epoch 308/400 | Train Loss: 32.9594
  Seg: 0.3295 | Recon: 0.0044
  Val mIoU: 0.7470 (Best: 0.7833)
  [Class IoU] C0: 0.8058877018773921 | C1: 0.9205 | C2: 0.7865 | C3: 0.4751
  Patience count: 262/50
Epoch 309/400 | Train Loss: 33.0233
  Seg: 0.3302 | Recon: 0.0045
  Val mIoU: 0.7187 (Best: 0.7833)
  [Class IoU] C0: 0.784190304003766 | C1: 0.9069 | C2: 0.7583 | C3: 0.4253
  Patience count: 263/50
Epoch 310/400 | Train Loss: 34.1438
  Seg: 0.3414 | Recon: 0.0044
  Val mIoU: 0.7315 (Best: 0.7833)
  [Class IoU] C0: 0.80013477878155 | C1: 0.9200 | C2: 0.7641 | C3: 0.4416
  Patience count: 264/50
Epoch 311/400 | Train Loss: 34.1458
  Seg: 0.3414 | Recon: 0.0044
  Val mIoU: 0.7381 (Best: 0.7833)
  [Class IoU] C0: 0.79662639997984 | C1: 0.8985 | C2: 0.7829 | C3: 0.4745
  Patience count: 265/50
Epoch 312/400 | Train Loss: 33.0509
  Seg: 0.3305 | Recon: 0.0046
  Val mIoU: 0.7304 (Best: 0.7833)
  [Class IoU] C0: 0.7968679192995655 | C1: 0.9161 | C2: 0.7664 | C3: 0.4422
  Patience count: 266/50
Epoch 313/400 | Train Loss: 33.5804
  Seg: 0.3358 | Recon: 0.0043
  Val mIoU: 0.7481 (Best: 0.7833)
  [Class IoU] C0: 0.807827009894496 | C1: 0.9271 | C2: 0.7852 | C3: 0.4724
  Patience count: 267/50
Epoch 314/400 | Train Loss: 33.4005
  Seg: 0.3340 | Recon: 0.0045
  Val mIoU: 0.7424 (Best: 0.7833)
  [Class IoU] C0: 0.8024465573505078 | C1: 0.9198 | C2: 0.7801 | C3: 0.4674
  Patience count: 268/50
Epoch 315/400 | Train Loss: 33.5942
  Seg: 0.3359 | Recon: 0.0046
  Val mIoU: 0.7584 (Best: 0.7833)
  [Class IoU] C0: 0.8112417065136273 | C1: 0.9255 | C2: 0.8000 | C3: 0.4968
  Patience count: 269/50
Epoch 316/400 | Train Loss: 34.2285
  Seg: 0.3422 | Recon: 0.0045
  Val mIoU: 0.7648 (Best: 0.7833)
  [Class IoU] C0: 0.8113493415931421 | C1: 0.9259 | C2: 0.8107 | C3: 0.5113
  Patience count: 270/50
Epoch 317/400 | Train Loss: 34.4051
  Seg: 0.3440 | Recon: 0.0044
  Val mIoU: 0.7422 (Best: 0.7833)
  [Class IoU] C0: 0.8026284071283205 | C1: 0.9222 | C2: 0.7796 | C3: 0.4644
  Patience count: 271/50
Epoch 318/400 | Train Loss: 33.7646
  Seg: 0.3376 | Recon: 0.0044
  Val mIoU: 0.7136 (Best: 0.7833)
  [Class IoU] C0: 0.7812666564342656 | C1: 0.8743 | C2: 0.7612 | C3: 0.4378
  Patience count: 272/50
Epoch 319/400 | Train Loss: 33.4888
  Seg: 0.3348 | Recon: 0.0045
  Val mIoU: 0.7279 (Best: 0.7833)
  [Class IoU] C0: 0.798497970435925 | C1: 0.9215 | C2: 0.7598 | C3: 0.4316
  Patience count: 273/50
Epoch 320/400 | Train Loss: 33.7484
  Seg: 0.3374 | Recon: 0.0045
  Val mIoU: 0.7296 (Best: 0.7833)
  [Class IoU] C0: 0.7999816020027315 | C1: 0.9214 | C2: 0.7612 | C3: 0.4360
  Patience count: 274/50
  Saving visuals for Epoch 320...
  Visuals saved to: /zhome/d2/4/167803/Desktop/Deep_project/02456-final-project/output_big_vali_res/epoch_0320_predictions.png
Epoch 321/400 | Train Loss: 33.2487
  Seg: 0.3324 | Recon: 0.0044
  Val mIoU: 0.7438 (Best: 0.7833)
  [Class IoU] C0: 0.8008439456891283 | C1: 0.9138 | C2: 0.7842 | C3: 0.4763
  Patience count: 275/50
Epoch 322/400 | Train Loss: 33.6711
  Seg: 0.3367 | Recon: 0.0045
  Val mIoU: 0.7597 (Best: 0.7833)
  [Class IoU] C0: 0.8069769560945935 | C1: 0.9238 | C2: 0.8029 | C3: 0.5051
  Patience count: 276/50
Epoch 323/400 | Train Loss: 32.9708
  Seg: 0.3297 | Recon: 0.0045
  Val mIoU: 0.7294 (Best: 0.7833)
  [Class IoU] C0: 0.8006508454170983 | C1: 0.9250 | C2: 0.7627 | C3: 0.4293
  Patience count: 277/50
Epoch 324/400 | Train Loss: 33.7127
  Seg: 0.3371 | Recon: 0.0044
  Val mIoU: 0.7489 (Best: 0.7833)
  [Class IoU] C0: 0.8040584162524795 | C1: 0.9230 | C2: 0.7895 | C3: 0.4789
  Patience count: 278/50
Epoch 325/400 | Train Loss: 33.7267
  Seg: 0.3372 | Recon: 0.0043
  Val mIoU: 0.7439 (Best: 0.7833)
  [Class IoU] C0: 0.798291590372371 | C1: 0.9136 | C2: 0.7877 | C3: 0.4760
  Patience count: 279/50
Epoch 326/400 | Train Loss: 33.6374
  Seg: 0.3363 | Recon: 0.0046
  Val mIoU: 0.7303 (Best: 0.7833)
  [Class IoU] C0: 0.7894040670247296 | C1: 0.8850 | C2: 0.7789 | C3: 0.4678
  Patience count: 280/50
Epoch 327/400 | Train Loss: 33.8005
  Seg: 0.3380 | Recon: 0.0045
  Val mIoU: 0.7456 (Best: 0.7833)
  [Class IoU] C0: 0.8029483766801822 | C1: 0.9172 | C2: 0.7885 | C3: 0.4738
  Patience count: 281/50
Epoch 328/400 | Train Loss: 33.5704
  Seg: 0.3357 | Recon: 0.0045
  Val mIoU: 0.7431 (Best: 0.7833)
  [Class IoU] C0: 0.8019170274779787 | C1: 0.9176 | C2: 0.7795 | C3: 0.4734
  Patience count: 282/50
Epoch 329/400 | Train Loss: 33.2439
  Seg: 0.3324 | Recon: 0.0044
  Val mIoU: 0.7398 (Best: 0.7833)
  [Class IoU] C0: 0.8019317831018604 | C1: 0.9221 | C2: 0.7786 | C3: 0.4564
  Patience count: 283/50
Epoch 330/400 | Train Loss: 34.0794
  Seg: 0.3407 | Recon: 0.0046
  Val mIoU: 0.7553 (Best: 0.7833)
  [Class IoU] C0: 0.807714009631766 | C1: 0.9236 | C2: 0.7979 | C3: 0.4921
  Patience count: 284/50
Epoch 331/400 | Train Loss: 34.1098
  Seg: 0.3411 | Recon: 0.0044
  Val mIoU: 0.7398 (Best: 0.7833)
  [Class IoU] C0: 0.8060112056671066 | C1: 0.9244 | C2: 0.7763 | C3: 0.4527
  Patience count: 285/50
Epoch 332/400 | Train Loss: 34.0275
  Seg: 0.3402 | Recon: 0.0045
  Val mIoU: 0.7400 (Best: 0.7833)
  [Class IoU] C0: 0.8061502306548524 | C1: 0.9250 | C2: 0.7736 | C3: 0.4552
  Patience count: 286/50
Epoch 333/400 | Train Loss: 33.7958
  Seg: 0.3379 | Recon: 0.0045
  Val mIoU: 0.7453 (Best: 0.7833)
  [Class IoU] C0: 0.798983117377381 | C1: 0.8988 | C2: 0.7904 | C3: 0.4929
  Patience count: 287/50
Epoch 334/400 | Train Loss: 33.7142
  Seg: 0.3371 | Recon: 0.0043
  Val mIoU: 0.7247 (Best: 0.7833)
  [Class IoU] C0: 0.793943517336858 | C1: 0.9060 | C2: 0.7611 | C3: 0.4379
  Patience count: 288/50
Epoch 335/400 | Train Loss: 33.6549
  Seg: 0.3365 | Recon: 0.0044
  Val mIoU: 0.7392 (Best: 0.7833)
  [Class IoU] C0: 0.8043469888688722 | C1: 0.9231 | C2: 0.7738 | C3: 0.4557
  Patience count: 289/50
Epoch 336/400 | Train Loss: 33.8273
  Seg: 0.3382 | Recon: 0.0044
  Val mIoU: 0.7265 (Best: 0.7833)
  [Class IoU] C0: 0.795877789481444 | C1: 0.9111 | C2: 0.7602 | C3: 0.4389
  Patience count: 290/50
Epoch 337/400 | Train Loss: 33.9383
  Seg: 0.3393 | Recon: 0.0043
  Val mIoU: 0.7183 (Best: 0.7833)
  [Class IoU] C0: 0.7934798032751362 | C1: 0.9172 | C2: 0.7473 | C3: 0.4151
  Patience count: 291/50
Epoch 338/400 | Train Loss: 33.3744
  Seg: 0.3337 | Recon: 0.0045
  Val mIoU: 0.7345 (Best: 0.7833)
  [Class IoU] C0: 0.801814923250706 | C1: 0.9242 | C2: 0.7678 | C3: 0.4442
  Patience count: 292/50
Epoch 339/400 | Train Loss: 34.1880
  Seg: 0.3418 | Recon: 0.0045
  Val mIoU: 0.7455 (Best: 0.7833)
  [Class IoU] C0: 0.8055478816356352 | C1: 0.9245 | C2: 0.7841 | C3: 0.4678
  Patience count: 293/50
Epoch 340/400 | Train Loss: 33.9671
  Seg: 0.3396 | Recon: 0.0044
  Val mIoU: 0.7235 (Best: 0.7833)
  [Class IoU] C0: 0.7928202111656523 | C1: 0.9049 | C2: 0.7592 | C3: 0.4369
  Patience count: 294/50
  Saving visuals for Epoch 340...
  Visuals saved to: /zhome/d2/4/167803/Desktop/Deep_project/02456-final-project/output_big_vali_res/epoch_0340_predictions.png
Epoch 341/400 | Train Loss: 34.0500
  Seg: 0.3405 | Recon: 0.0043
  Val mIoU: 0.7322 (Best: 0.7833)
  [Class IoU] C0: 0.7937521837927043 | C1: 0.8916 | C2: 0.7757 | C3: 0.4676
  Patience count: 295/50
Epoch 342/400 | Train Loss: 33.7714
  Seg: 0.3377 | Recon: 0.0043
  Val mIoU: 0.7356 (Best: 0.7833)
  [Class IoU] C0: 0.8045505966158033 | C1: 0.9238 | C2: 0.7668 | C3: 0.4471
  Patience count: 296/50
Epoch 343/400 | Train Loss: 33.3168
  Seg: 0.3331 | Recon: 0.0044
  Val mIoU: 0.7308 (Best: 0.7833)
  [Class IoU] C0: 0.7890460778970576 | C1: 0.8959 | C2: 0.7762 | C3: 0.4620
  Patience count: 297/50
Epoch 344/400 | Train Loss: 34.0589
  Seg: 0.3405 | Recon: 0.0045
  Val mIoU: 0.7270 (Best: 0.7833)
  [Class IoU] C0: 0.7997664512200099 | C1: 0.9254 | C2: 0.7579 | C3: 0.4252
  Patience count: 298/50
Epoch 345/400 | Train Loss: 33.6607
  Seg: 0.3366 | Recon: 0.0045
  Val mIoU: 0.7407 (Best: 0.7833)
  [Class IoU] C0: 0.7961717508220812 | C1: 0.8978 | C2: 0.7882 | C3: 0.4807
  Patience count: 299/50
Epoch 346/400 | Train Loss: 33.4978
  Seg: 0.3349 | Recon: 0.0044
  Val mIoU: 0.7482 (Best: 0.7833)
  [Class IoU] C0: 0.8046849040583484 | C1: 0.9244 | C2: 0.7874 | C3: 0.4764
  Patience count: 300/50
Epoch 347/400 | Train Loss: 33.4434
  Seg: 0.3344 | Recon: 0.0045
  Val mIoU: 0.7417 (Best: 0.7833)
  [Class IoU] C0: 0.8064189354075303 | C1: 0.9259 | C2: 0.7759 | C3: 0.4584
  Patience count: 301/50
Epoch 348/400 | Train Loss: 33.6134
  Seg: 0.3361 | Recon: 0.0044
  Val mIoU: 0.7392 (Best: 0.7833)
  [Class IoU] C0: 0.8010422238894818 | C1: 0.9175 | C2: 0.7763 | C3: 0.4618
  Patience count: 302/50
Epoch 349/400 | Train Loss: 33.1171
  Seg: 0.3311 | Recon: 0.0045
  Val mIoU: 0.7332 (Best: 0.7833)
  [Class IoU] C0: 0.7988325754586321 | C1: 0.9162 | C2: 0.7668 | C3: 0.4510
  Patience count: 303/50
Epoch 350/400 | Train Loss: 33.5118
  Seg: 0.3351 | Recon: 0.0044
  Val mIoU: 0.7362 (Best: 0.7833)
  [Class IoU] C0: 0.7986845830453206 | C1: 0.9141 | C2: 0.7748 | C3: 0.4570
  Patience count: 304/50
Epoch 351/400 | Train Loss: 33.4664
  Seg: 0.3346 | Recon: 0.0044
  Val mIoU: 0.7451 (Best: 0.7833)
  [Class IoU] C0: 0.8043605216307286 | C1: 0.9213 | C2: 0.7844 | C3: 0.4702
  Patience count: 305/50
Epoch 352/400 | Train Loss: 33.2071
  Seg: 0.3320 | Recon: 0.0044
  Val mIoU: 0.7467 (Best: 0.7833)
  [Class IoU] C0: 0.8054906441874938 | C1: 0.9193 | C2: 0.7850 | C3: 0.4771
  Patience count: 306/50
Epoch 353/400 | Train Loss: 33.5730
  Seg: 0.3357 | Recon: 0.0046
  Val mIoU: 0.7425 (Best: 0.7833)
  [Class IoU] C0: 0.8034903598291451 | C1: 0.9205 | C2: 0.7780 | C3: 0.4681
  Patience count: 307/50
Epoch 354/400 | Train Loss: 33.4278
  Seg: 0.3342 | Recon: 0.0045
  Val mIoU: 0.7366 (Best: 0.7833)
  [Class IoU] C0: 0.8006139749115809 | C1: 0.9130 | C2: 0.7736 | C3: 0.4593
  Patience count: 308/50
Epoch 355/400 | Train Loss: 34.3683
  Seg: 0.3436 | Recon: 0.0044
  Val mIoU: 0.7490 (Best: 0.7833)
  [Class IoU] C0: 0.8039991824662461 | C1: 0.9137 | C2: 0.7893 | C3: 0.4889
  Patience count: 309/50
Epoch 356/400 | Train Loss: 34.7952
  Seg: 0.3479 | Recon: 0.0044
  Val mIoU: 0.7529 (Best: 0.7833)
  [Class IoU] C0: 0.802212579221685 | C1: 0.9198 | C2: 0.7969 | C3: 0.4928
  Patience count: 310/50
Epoch 357/400 | Train Loss: 33.0253
  Seg: 0.3302 | Recon: 0.0044
  Val mIoU: 0.7348 (Best: 0.7833)
  [Class IoU] C0: 0.8047021813382058 | C1: 0.9228 | C2: 0.7672 | C3: 0.4445
  Patience count: 311/50
Epoch 358/400 | Train Loss: 33.9223
  Seg: 0.3392 | Recon: 0.0043
  Val mIoU: 0.7252 (Best: 0.7833)
  [Class IoU] C0: 0.7975288917468331 | C1: 0.9185 | C2: 0.7556 | C3: 0.4291
  Patience count: 312/50
Epoch 359/400 | Train Loss: 33.4602
  Seg: 0.3346 | Recon: 0.0044
  Val mIoU: 0.7385 (Best: 0.7833)
  [Class IoU] C0: 0.8030812812805508 | C1: 0.9236 | C2: 0.7722 | C3: 0.4552
  Patience count: 313/50
Epoch 360/400 | Train Loss: 33.7998
  Seg: 0.3380 | Recon: 0.0045
  Val mIoU: 0.7443 (Best: 0.7833)
  [Class IoU] C0: 0.8014080365806514 | C1: 0.9196 | C2: 0.7834 | C3: 0.4727
  Patience count: 314/50
  Saving visuals for Epoch 360...
  Visuals saved to: /zhome/d2/4/167803/Desktop/Deep_project/02456-final-project/output_big_vali_res/epoch_0360_predictions.png
Epoch 361/400 | Train Loss: 34.1980
  Seg: 0.3419 | Recon: 0.0044
  Val mIoU: 0.7485 (Best: 0.7833)
  [Class IoU] C0: 0.799533978310052 | C1: 0.9053 | C2: 0.7958 | C3: 0.4933
  Patience count: 315/50
Epoch 362/400 | Train Loss: 34.4290
  Seg: 0.3442 | Recon: 0.0045
  Val mIoU: 0.7326 (Best: 0.7833)
  [Class IoU] C0: 0.7937982092711255 | C1: 0.9039 | C2: 0.7758 | C3: 0.4568
  Patience count: 316/50
Epoch 363/400 | Train Loss: 33.6351
  Seg: 0.3363 | Recon: 0.0044
  Val mIoU: 0.7276 (Best: 0.7833)
  [Class IoU] C0: 0.797366207929978 | C1: 0.9182 | C2: 0.7618 | C3: 0.4329
  Patience count: 317/50
Epoch 364/400 | Train Loss: 33.7000
  Seg: 0.3370 | Recon: 0.0043
  Val mIoU: 0.7276 (Best: 0.7833)
  [Class IoU] C0: 0.7894381695641829 | C1: 0.8825 | C2: 0.7719 | C3: 0.4665
  Patience count: 318/50
Epoch 365/400 | Train Loss: 33.5183
  Seg: 0.3351 | Recon: 0.0044
  Val mIoU: 0.7271 (Best: 0.7833)
  [Class IoU] C0: 0.7976988688800692 | C1: 0.9168 | C2: 0.7582 | C3: 0.4355
  Patience count: 319/50
Epoch 366/400 | Train Loss: 33.6366
  Seg: 0.3363 | Recon: 0.0044
  Val mIoU: 0.7355 (Best: 0.7833)
  [Class IoU] C0: 0.7962557734021437 | C1: 0.9143 | C2: 0.7755 | C3: 0.4559
  Patience count: 320/50
Epoch 367/400 | Train Loss: 33.1259
  Seg: 0.3312 | Recon: 0.0045
  Val mIoU: 0.7382 (Best: 0.7833)
  [Class IoU] C0: 0.7984752240015587 | C1: 0.9125 | C2: 0.7765 | C3: 0.4652
  Patience count: 321/50
Epoch 368/400 | Train Loss: 33.9982
  Seg: 0.3399 | Recon: 0.0045
  Val mIoU: 0.7149 (Best: 0.7833)
  [Class IoU] C0: 0.7816605971719621 | C1: 0.8730 | C2: 0.7638 | C3: 0.4411
  Patience count: 322/50
Epoch 369/400 | Train Loss: 34.1094
  Seg: 0.3410 | Recon: 0.0046
  Val mIoU: 0.7415 (Best: 0.7833)
  [Class IoU] C0: 0.8056011144114708 | C1: 0.9258 | C2: 0.7768 | C3: 0.4579
  Patience count: 323/50
Epoch 370/400 | Train Loss: 33.9754
  Seg: 0.3397 | Recon: 0.0045
  Val mIoU: 0.7344 (Best: 0.7833)
  [Class IoU] C0: 0.7978826221153376 | C1: 0.9152 | C2: 0.7724 | C3: 0.4522
  Patience count: 324/50
Epoch 371/400 | Train Loss: 32.7738
  Seg: 0.3277 | Recon: 0.0044
  Val mIoU: 0.7370 (Best: 0.7833)
  [Class IoU] C0: 0.805620137850188 | C1: 0.9249 | C2: 0.7685 | C3: 0.4491
  Patience count: 325/50
Epoch 372/400 | Train Loss: 33.9582
  Seg: 0.3395 | Recon: 0.0045
  Val mIoU: 0.7265 (Best: 0.7833)
  [Class IoU] C0: 0.79592814386419 | C1: 0.9134 | C2: 0.7591 | C3: 0.4378
  Patience count: 326/50
Epoch 373/400 | Train Loss: 33.2076
  Seg: 0.3320 | Recon: 0.0044
  Val mIoU: 0.7549 (Best: 0.7833)
  [Class IoU] C0: 0.8028463385414285 | C1: 0.9177 | C2: 0.8026 | C3: 0.4963
  Patience count: 327/50
Epoch 374/400 | Train Loss: 33.1260
  Seg: 0.3312 | Recon: 0.0044
  Val mIoU: 0.7466 (Best: 0.7833)
  [Class IoU] C0: 0.8055138804476235 | C1: 0.9209 | C2: 0.7831 | C3: 0.4771
  Patience count: 328/50
Epoch 375/400 | Train Loss: 34.0788
  Seg: 0.3407 | Recon: 0.0044
  Val mIoU: 0.7526 (Best: 0.7833)
  [Class IoU] C0: 0.8016381948459357 | C1: 0.9065 | C2: 0.7990 | C3: 0.5032
  Patience count: 329/50
Epoch 376/400 | Train Loss: 34.1769
  Seg: 0.3417 | Recon: 0.0044
  Val mIoU: 0.7251 (Best: 0.7833)
  [Class IoU] C0: 0.7937303041305372 | C1: 0.9026 | C2: 0.7623 | C3: 0.4418
  Patience count: 330/50
Epoch 377/400 | Train Loss: 33.5170
  Seg: 0.3351 | Recon: 0.0044
  Val mIoU: 0.7415 (Best: 0.7833)
  [Class IoU] C0: 0.8038186720980016 | C1: 0.9156 | C2: 0.7790 | C3: 0.4674
  Patience count: 331/50
Epoch 378/400 | Train Loss: 33.5360
  Seg: 0.3353 | Recon: 0.0043
  Val mIoU: 0.7310 (Best: 0.7833)
  [Class IoU] C0: 0.79954410076201 | C1: 0.9176 | C2: 0.7651 | C3: 0.4419
  Patience count: 332/50
Epoch 379/400 | Train Loss: 33.6389
  Seg: 0.3363 | Recon: 0.0045
  Val mIoU: 0.7239 (Best: 0.7833)
  [Class IoU] C0: 0.7897220523722998 | C1: 0.9101 | C2: 0.7606 | C3: 0.4350
  Patience count: 333/50
Epoch 380/400 | Train Loss: 34.1312
  Seg: 0.3413 | Recon: 0.0045
  Val mIoU: 0.7531 (Best: 0.7833)
  [Class IoU] C0: 0.8048024813943316 | C1: 0.9208 | C2: 0.7965 | C3: 0.4902
  Patience count: 334/50
  Saving visuals for Epoch 380...
  Visuals saved to: /zhome/d2/4/167803/Desktop/Deep_project/02456-final-project/output_big_vali_res/epoch_0380_predictions.png
Epoch 381/400 | Train Loss: 33.4408
  Seg: 0.3344 | Recon: 0.0045
  Val mIoU: 0.7308 (Best: 0.7833)
  [Class IoU] C0: 0.7944193002255553 | C1: 0.8993 | C2: 0.7719 | C3: 0.4574
  Patience count: 335/50
Epoch 382/400 | Train Loss: 32.8431
  Seg: 0.3284 | Recon: 0.0044
  Val mIoU: 0.7320 (Best: 0.7833)
  [Class IoU] C0: 0.7925326149869341 | C1: 0.8873 | C2: 0.7783 | C3: 0.4697
  Patience count: 336/50
Epoch 383/400 | Train Loss: 33.6408
  Seg: 0.3364 | Recon: 0.0044
  Val mIoU: 0.7456 (Best: 0.7833)
  [Class IoU] C0: 0.8029469811730839 | C1: 0.9175 | C2: 0.7850 | C3: 0.4769
  Patience count: 337/50
Epoch 384/400 | Train Loss: 34.0535
  Seg: 0.3405 | Recon: 0.0044
  Val mIoU: 0.7356 (Best: 0.7833)
  [Class IoU] C0: 0.7965636245367673 | C1: 0.9096 | C2: 0.7730 | C3: 0.4634
  Patience count: 338/50
Epoch 385/400 | Train Loss: 34.3268
  Seg: 0.3432 | Recon: 0.0044
  Val mIoU: 0.7352 (Best: 0.7833)
  [Class IoU] C0: 0.797128475195307 | C1: 0.9099 | C2: 0.7745 | C3: 0.4594
  Patience count: 339/50
Epoch 386/400 | Train Loss: 33.9167
  Seg: 0.3391 | Recon: 0.0045
  Val mIoU: 0.7330 (Best: 0.7833)
  [Class IoU] C0: 0.7953584827153667 | C1: 0.8950 | C2: 0.7759 | C3: 0.4656
  Patience count: 340/50
Epoch 387/400 | Train Loss: 33.7218
  Seg: 0.3372 | Recon: 0.0044
  Val mIoU: 0.7311 (Best: 0.7833)
  [Class IoU] C0: 0.8022230523202447 | C1: 0.9251 | C2: 0.7629 | C3: 0.4341
  Patience count: 341/50
Epoch 388/400 | Train Loss: 33.5821
  Seg: 0.3358 | Recon: 0.0044
  Val mIoU: 0.7214 (Best: 0.7833)
  [Class IoU] C0: 0.7935415721752169 | C1: 0.9132 | C2: 0.7539 | C3: 0.4251
  Patience count: 342/50
Epoch 389/400 | Train Loss: 34.2839
  Seg: 0.3428 | Recon: 0.0044
  Val mIoU: 0.7368 (Best: 0.7833)
  [Class IoU] C0: 0.8011814093096157 | C1: 0.9173 | C2: 0.7712 | C3: 0.4576
  Patience count: 343/50
Epoch 390/400 | Train Loss: 33.2066
  Seg: 0.3320 | Recon: 0.0043
  Val mIoU: 0.7430 (Best: 0.7833)
  [Class IoU] C0: 0.7995967045549442 | C1: 0.9081 | C2: 0.7869 | C3: 0.4776
  Patience count: 344/50
Epoch 391/400 | Train Loss: 34.6555
  Seg: 0.3465 | Recon: 0.0045
  Val mIoU: 0.7310 (Best: 0.7833)
  [Class IoU] C0: 0.7983959243470878 | C1: 0.9130 | C2: 0.7644 | C3: 0.4481
  Patience count: 345/50
Epoch 392/400 | Train Loss: 33.1172
  Seg: 0.3311 | Recon: 0.0046
  Val mIoU: 0.7242 (Best: 0.7833)
  [Class IoU] C0: 0.794254219376807 | C1: 0.9083 | C2: 0.7575 | C3: 0.4368
  Patience count: 346/50
Epoch 393/400 | Train Loss: 34.2751
  Seg: 0.3427 | Recon: 0.0044
  Val mIoU: 0.7574 (Best: 0.7833)
  [Class IoU] C0: 0.8083112820942734 | C1: 0.9243 | C2: 0.8015 | C3: 0.4954
  Patience count: 347/50
Epoch 394/400 | Train Loss: 33.6940
  Seg: 0.3369 | Recon: 0.0044
  Val mIoU: 0.7401 (Best: 0.7833)
  [Class IoU] C0: 0.8026476755378387 | C1: 0.9196 | C2: 0.7760 | C3: 0.4623
  Patience count: 348/50
Epoch 395/400 | Train Loss: 33.6843
  Seg: 0.3368 | Recon: 0.0042
  Val mIoU: 0.7310 (Best: 0.7833)
  [Class IoU] C0: 0.7961944085552223 | C1: 0.9090 | C2: 0.7689 | C3: 0.4500
  Patience count: 349/50
Epoch 396/400 | Train Loss: 33.9584
  Seg: 0.3395 | Recon: 0.0044
  Val mIoU: 0.7436 (Best: 0.7833)
  [Class IoU] C0: 0.8050381543489028 | C1: 0.9237 | C2: 0.7807 | C3: 0.4650
  Patience count: 350/50
Epoch 397/400 | Train Loss: 33.9631
  Seg: 0.3396 | Recon: 0.0045
  Val mIoU: 0.7319 (Best: 0.7833)
  [Class IoU] C0: 0.798989389240284 | C1: 0.9196 | C2: 0.7676 | C3: 0.4415
  Patience count: 351/50
Epoch 398/400 | Train Loss: 32.9982
  Seg: 0.3299 | Recon: 0.0043
  Val mIoU: 0.7142 (Best: 0.7833)
  [Class IoU] C0: 0.7857822971272574 | C1: 0.9160 | C2: 0.7468 | C3: 0.4082
  Patience count: 352/50
Epoch 399/400 | Train Loss: 34.4290
  Seg: 0.3442 | Recon: 0.0044
  Val mIoU: 0.7371 (Best: 0.7833)
  [Class IoU] C0: 0.7970856226487816 | C1: 0.9022 | C2: 0.7810 | C3: 0.4682
  Patience count: 353/50
Epoch 400/400 | Train Loss: 33.3838
  Seg: 0.3338 | Recon: 0.0043
  Val mIoU: 0.7347 (Best: 0.7833)
  [Class IoU] C0: 0.7931080301292583 | C1: 0.8999 | C2: 0.7805 | C3: 0.4654
  Patience count: 354/50
  Saving visuals for Epoch 400...
  Visuals saved to: /zhome/d2/4/167803/Desktop/Deep_project/02456-final-project/output_big_vali_res/epoch_0400_predictions.png
--- Training Finished ---
Best model saved /zhome/d2/4/167803/Desktop/Deep_project/02456-final-project/Trained_models/multi_big_res_best.pth
Final model saved /zhome/d2/4/167803/Desktop/Deep_project/02456-final-project/Trained_models/multi_big_res_final.pth
Done.
Job Finished.

------------------------------------------------------------
Sender: LSF System <lsfadmin@hpc.dtu.dk>
Subject: Job 27259733: <multi_big_job_gpua_4> in cluster <dcc> Done

Job <multi_big_job_gpua_4> was submitted from host <gbarlogin1> by user <s214776> in cluster <dcc> at Wed Dec  3 10:43:58 2025
Job was executed on host(s) <4*n-62-13-16>, in queue <gpul40s>, as user <s214776> in cluster <dcc> at Wed Dec  3 11:59:54 2025
</zhome/d2/4/167803> was used as the home directory.
</zhome/d2/4/167803/Desktop/Deep_project/02456-final-project> was used as the working directory.
Started at Wed Dec  3 11:59:54 2025
Terminated at Wed Dec  3 18:20:09 2025
Results reported at Wed Dec  3 18:20:09 2025

Your job looked like:

------------------------------------------------------------
# LSBATCH: User input
#!/bin/sh
### --- Job Name ---
#BSUB -J multi_big_job_gpua_4

### --- Log files ---
#BSUB -o /zhome/d2/4/167803/Desktop/Deep_project/02456-final-project/logs/multi_big_job_%J.out
#BSUB -e /zhome/d2/4/167803/Desktop/Deep_project/02456-final-project/logs/multi_big_job_%J.err
### --- Resource Requests ---
#BSUB -q gpul40s           # Request GPU queue
#BSUB -gpu "num=1:mode=exclusive_process" # Request 1 GPU, all to myself
#BSUB -n 4                 # Request 4 CPU cores
#BSUB -R "rusage[mem=16GB]"   # Request 8GB memory
#BSUB -W 15:00                # 4 hour runtime limit

### --- Setup Environment ---
echo "Loading CUDA module..."
module load cuda/11.6         # Load CUDA module

echo "Loading Conda..."
# This is the full, correct path to your environment
source /zhome/d2/4/167803/miniforge3/bin/activate MBML
echo "Environment 'MBML' activated."

### --- Run Script ---
echo "Starting Python script..."
python /zhome/d2/4/167803/Desktop/Deep_project/02456-final-project/Model/multi_big_vali.py

echo "Job Finished."
------------------------------------------------------------

Successfully completed.

Resource usage summary:

    CPU time :                                   90755.00 sec.
    Max Memory :                                 3581 MB
    Average Memory :                             2704.11 MB
    Total Requested Memory :                     65536.00 MB
    Delta Memory :                               61955.00 MB
    Max Swap :                                   -
    Max Processes :                              20
    Max Threads :                                109
    Run time :                                   22816 sec.
    Turnaround time :                            27371 sec.

The output (if any) is above this job summary.



PS:

Read file </zhome/d2/4/167803/Desktop/Deep_project/02456-final-project/logs/multi_big_job_27259733.err> for stderr output of this job.

