Loaded module: cuda/11.6
/zhome/d2/4/167803/miniforge3/envs/MBML/lib/python3.12/site-packages/torch/optim/lr_scheduler.py:60: UserWarning: The verbose parameter is deprecated. Please use get_last_lr() to access the learning rate.
  warnings.warn(
Traceback (most recent call last):
  File "/zhome/d2/4/167803/Desktop/Deep_project/02456-final-project/Model/multi_big_vali.py", line 122, in <module>
    seg_out, recon_out_labeled = model(x)
                                 ^^^^^^^^
  File "/zhome/d2/4/167803/miniforge3/envs/MBML/lib/python3.12/site-packages/torch/nn/modules/module.py", line 1553, in _wrapped_call_impl
    return self._call_impl(*args, **kwargs)
           ^^^^^^^^^^^^^^^^^^^^^^^^^^^^^^^^
  File "/zhome/d2/4/167803/miniforge3/envs/MBML/lib/python3.12/site-packages/torch/nn/modules/module.py", line 1562, in _call_impl
    return forward_call(*args, **kwargs)
           ^^^^^^^^^^^^^^^^^^^^^^^^^^^^^
  File "/zhome/d2/4/167803/Desktop/Deep_project/02456-final-project/func/Models.py", line 161, in forward
    seg_output = self.seg_decoder(b, s1, s2, s3)
                 ^^^^^^^^^^^^^^^^^^^^^^^^^^^^^^^
  File "/zhome/d2/4/167803/miniforge3/envs/MBML/lib/python3.12/site-packages/torch/nn/modules/module.py", line 1553, in _wrapped_call_impl
    return self._call_impl(*args, **kwargs)
           ^^^^^^^^^^^^^^^^^^^^^^^^^^^^^^^^
  File "/zhome/d2/4/167803/miniforge3/envs/MBML/lib/python3.12/site-packages/torch/nn/modules/module.py", line 1562, in _call_impl
    return forward_call(*args, **kwargs)
           ^^^^^^^^^^^^^^^^^^^^^^^^^^^^^
  File "/zhome/d2/4/167803/Desktop/Deep_project/02456-final-project/func/Models.py", line 97, in forward
    us4 = self.out_seg(ds3) 
          ^^^^^^^^^^^^^^^^^
  File "/zhome/d2/4/167803/miniforge3/envs/MBML/lib/python3.12/site-packages/torch/nn/modules/module.py", line 1553, in _wrapped_call_impl
    return self._call_impl(*args, **kwargs)
           ^^^^^^^^^^^^^^^^^^^^^^^^^^^^^^^^
  File "/zhome/d2/4/167803/miniforge3/envs/MBML/lib/python3.12/site-packages/torch/nn/modules/module.py", line 1562, in _call_impl
    return forward_call(*args, **kwargs)
           ^^^^^^^^^^^^^^^^^^^^^^^^^^^^^
  File "/zhome/d2/4/167803/miniforge3/envs/MBML/lib/python3.12/site-packages/torch/nn/modules/conv.py", line 608, in forward
    return self._conv_forward(input, self.weight, self.bias)
           ^^^^^^^^^^^^^^^^^^^^^^^^^^^^^^^^^^^^^^^^^^^^^^^^^
  File "/zhome/d2/4/167803/miniforge3/envs/MBML/lib/python3.12/site-packages/torch/nn/modules/conv.py", line 603, in _conv_forward
    return F.conv3d(
           ^^^^^^^^^
RuntimeError: Given groups=1, weight of size [4, 32, 1, 1, 1], expected input[3, 64, 128, 128, 128] to have 32 channels, but got 64 channels instead
