Loading CUDA module...
Loading Conda...
Environment 'MBML' activated.
Starting Python script...
Using device: cuda
Using device: cuda
/zhome/d2/4/167803/Desktop/Deep_project/02456-final-project/Task03_Liver_rs
/zhome/d2/4/167803/Desktop/Deep_project/02456-final-project/Task03_Liver_rs
Found 28 image/label pairs.
--- success ---
Found 119 unlabeled images.
--- success ---
--- Training the VAE on Liver Data ---
Job Finished.

------------------------------------------------------------
Sender: LSF System <lsfadmin@hpc.dtu.dk>
Subject: Job 27044730: <VAE_job> in cluster <dcc> Done

Job <VAE_job> was submitted from host <gbarlogin1> by user <s214776> in cluster <dcc> at Sun Nov 16 15:28:56 2025
Job was executed on host(s) <4*n-62-13-14>, in queue <gpul40s>, as user <s214776> in cluster <dcc> at Sun Nov 16 15:28:56 2025
</zhome/d2/4/167803> was used as the home directory.
</zhome/d2/4/167803/Desktop/Deep_project/02456-final-project> was used as the working directory.
Started at Sun Nov 16 15:28:56 2025
Terminated at Sun Nov 16 15:29:08 2025
Results reported at Sun Nov 16 15:29:08 2025

Your job looked like:

------------------------------------------------------------
# LSBATCH: User input
#!/bin/sh
### --- Job Name ---
#BSUB -J VAE_job

### --- Log files ---
#BSUB -o /zhome/d2/4/167803/Desktop/Deep_project/02456-final-project/logs/VAE_job_%J.out
#BSUB -e /zhome/d2/4/167803/Desktop/Deep_project/02456-final-project/logs/VAE_job_%J.err
### --- Resource Requests ---
#BSUB -q gpul40s           # Request GPU queue
#BSUB -gpu "num=1:mode=exclusive_process" # Request 1 GPU, all to myself
#BSUB -n 4                    # Request 4 CPU cores
#BSUB -R "rusage[mem=16GB]"   # Request 16GB memory
#BSUB -W 04:00                # 4 hour runtime limit

### --- Setup Environment ---
echo "Loading CUDA module..."
module load cuda/11.6         # Load CUDA module

echo "Loading Conda..."
# This is the full, correct path to your environment
source /zhome/d2/4/167803/miniforge3/bin/activate MBML
echo "Environment 'MBML' activated."

### --- Run Script ---
echo "Starting Python script..."
python /zhome/d2/4/167803/Desktop/Deep_project/02456-final-project/Model/VAE.py

echo "Job Finished."
------------------------------------------------------------

Successfully completed.

Resource usage summary:

    CPU time :                                   8.51 sec.
    Max Memory :                                 -
    Average Memory :                             -
    Total Requested Memory :                     65536.00 MB
    Delta Memory :                               -
    Max Swap :                                   -
    Max Processes :                              -
    Max Threads :                                -
    Run time :                                   23 sec.
    Turnaround time :                            12 sec.

The output (if any) is above this job summary.



PS:

Read file </zhome/d2/4/167803/Desktop/Deep_project/02456-final-project/logs/VAE_job_27044730.err> for stderr output of this job.

