Loading CUDA module...
Loading Conda...
Environment 'MBML' activated.
Starting Python script...
Using device: cuda
Using device: cuda
Found 28 image/label pairs.
--- success ---
Found 119 unlabeled images.
--- success ---
--- Training the VAE on Liver Data ---
Epoch 1/300 | Avg Train Loss: 1.1824 | KLD Beta: 0.0000
  Seg Loss: 0.6681 | Recon Loss: 0.1802 | KLD Loss: 206761.5273
  Total Loss: 33.1072
Epoch 2/300 | Avg Train Loss: 74.5929 | KLD Beta: 0.0025
  Seg Loss: 0.5669 | Recon Loss: 0.1094 | KLD Loss: 29453.2931
  Total Loss: 2088.6025
Epoch 3/300 | Avg Train Loss: 42.2399 | KLD Beta: 0.0050
  Seg Loss: 0.5301 | Recon Loss: 0.0744 | KLD Loss: 8274.0709
  Total Loss: 1182.7175
Epoch 4/300 | Avg Train Loss: 40.9576 | KLD Beta: 0.0075
  Seg Loss: 0.5020 | Recon Loss: 0.0551 | KLD Loss: 5353.2627
  Total Loss: 1146.8120
Epoch 5/300 | Avg Train Loss: 33.5293 | KLD Beta: 0.0100
  Seg Loss: 0.4837 | Recon Loss: 0.0347 | KLD Loss: 3276.9131
  Total Loss: 938.8216
Epoch 6/300 | Avg Train Loss: 27.2135 | KLD Beta: 0.0125
  Seg Loss: 0.4731 | Recon Loss: 0.0302 | KLD Loss: 2117.8879
  Total Loss: 761.9787
Epoch 7/300 | Avg Train Loss: 20.1104 | KLD Beta: 0.0150
  Seg Loss: 0.4639 | Recon Loss: 0.0233 | KLD Loss: 1292.7459
  Total Loss: 563.0907
Epoch 8/300 | Avg Train Loss: 16.7647 | KLD Beta: 0.0175
  Seg Loss: 0.4604 | Recon Loss: 0.0174 | KLD Loss: 917.5282
  Total Loss: 469.4104
Epoch 9/300 | Avg Train Loss: 14.1029 | KLD Beta: 0.0200
  Seg Loss: 0.4503 | Recon Loss: 0.0225 | KLD Loss: 670.2488
  Total Loss: 394.8818
Epoch 10/300 | Avg Train Loss: 10.2485 | KLD Beta: 0.0225
  Seg Loss: 0.4553 | Recon Loss: 0.0178 | KLD Loss: 424.3418
  Total Loss: 286.9592
Epoch 11/300 | Avg Train Loss: 7.4998 | KLD Beta: 0.0250
  Seg Loss: 0.4428 | Recon Loss: 0.0169 | KLD Loss: 272.7483
  Total Loss: 209.9955
Epoch 12/300 | Avg Train Loss: 6.1442 | KLD Beta: 0.0275
  Seg Loss: 0.4278 | Recon Loss: 0.0157 | KLD Loss: 199.5209
  Total Loss: 172.0370
Epoch 13/300 | Avg Train Loss: 4.1909 | KLD Beta: 0.0300
  Seg Loss: 0.4234 | Recon Loss: 0.0145 | KLD Loss: 118.0460
  Total Loss: 117.3463
Epoch 14/300 | Avg Train Loss: 5.2995 | KLD Beta: 0.0325
  Seg Loss: 0.4144 | Recon Loss: 0.0148 | KLD Loss: 143.4799
  Total Loss: 148.3847
Epoch 15/300 | Avg Train Loss: 4.2711 | KLD Beta: 0.0350
  Seg Loss: 0.4090 | Recon Loss: 0.0161 | KLD Loss: 104.0397
  Total Loss: 119.5903
Epoch 16/300 | Avg Train Loss: 2.9942 | KLD Beta: 0.0375
  Seg Loss: 0.4153 | Recon Loss: 0.0152 | KLD Loss: 62.8273
  Total Loss: 83.8373
Epoch 17/300 | Avg Train Loss: 2.2041 | KLD Beta: 0.0400
  Seg Loss: 0.4085 | Recon Loss: 0.0141 | KLD Loss: 39.4302
  Total Loss: 61.7142
Epoch 18/300 | Avg Train Loss: 1.8347 | KLD Beta: 0.0425
  Seg Loss: 0.4060 | Recon Loss: 0.0137 | KLD Loss: 28.5186
  Total Loss: 51.3715
Epoch 19/300 | Avg Train Loss: 1.8488 | KLD Beta: 0.0450
  Seg Loss: 0.4071 | Recon Loss: 0.0134 | KLD Loss: 27.2140
  Total Loss: 51.7651
Epoch 20/300 | Avg Train Loss: 1.3811 | KLD Beta: 0.0475
  Seg Loss: 0.3963 | Recon Loss: 0.0144 | KLD Loss: 16.2579
  Total Loss: 38.6697
Epoch 21/300 | Avg Train Loss: 1.4577 | KLD Beta: 0.0500
  Seg Loss: 0.4089 | Recon Loss: 0.0144 | KLD Loss: 16.5987
  Total Loss: 40.8156
Epoch 22/300 | Avg Train Loss: 1.3864 | KLD Beta: 0.0500
  Seg Loss: 0.4143 | Recon Loss: 0.0122 | KLD Loss: 15.0544
  Total Loss: 38.8205
Epoch 23/300 | Avg Train Loss: 1.1836 | KLD Beta: 0.0500
  Seg Loss: 0.3965 | Recon Loss: 0.0140 | KLD Loss: 11.4943
  Total Loss: 33.1398
Epoch 24/300 | Avg Train Loss: 0.9056 | KLD Beta: 0.0500
  Seg Loss: 0.3966 | Recon Loss: 0.0129 | KLD Loss: 5.9563
  Total Loss: 25.3570
Epoch 25/300 | Avg Train Loss: 0.9952 | KLD Beta: 0.0500
  Seg Loss: 0.3954 | Recon Loss: 0.0137 | KLD Loss: 7.7680
  Total Loss: 27.8647
Epoch 26/300 | Avg Train Loss: 0.9359 | KLD Beta: 0.0500
  Seg Loss: 0.4062 | Recon Loss: 0.0128 | KLD Loss: 6.2751
  Total Loss: 26.2041
Epoch 27/300 | Avg Train Loss: 0.8590 | KLD Beta: 0.0500
  Seg Loss: 0.4049 | Recon Loss: 0.0120 | KLD Loss: 4.7936
  Total Loss: 24.0507
Epoch 28/300 | Avg Train Loss: 0.7892 | KLD Beta: 0.0500
  Seg Loss: 0.3936 | Recon Loss: 0.0126 | KLD Loss: 3.7241
  Total Loss: 22.0963
Epoch 29/300 | Avg Train Loss: 0.7255 | KLD Beta: 0.0500
  Seg Loss: 0.3940 | Recon Loss: 0.0119 | KLD Loss: 2.4526
  Total Loss: 20.3133
Epoch 30/300 | Avg Train Loss: 0.8085 | KLD Beta: 0.0500
  Seg Loss: 0.3981 | Recon Loss: 0.0128 | KLD Loss: 3.9719
  Total Loss: 22.6381
Epoch 31/300 | Avg Train Loss: 0.7038 | KLD Beta: 0.0500
  Seg Loss: 0.3846 | Recon Loss: 0.0123 | KLD Loss: 2.2908
  Total Loss: 19.7051
Epoch 32/300 | Avg Train Loss: 0.6884 | KLD Beta: 0.0500
  Seg Loss: 0.3802 | Recon Loss: 0.0115 | KLD Loss: 2.1305
  Total Loss: 19.2760
Epoch 33/300 | Avg Train Loss: 0.6999 | KLD Beta: 0.0500
  Seg Loss: 0.3793 | Recon Loss: 0.0129 | KLD Loss: 2.3592
  Total Loss: 19.5968
Epoch 34/300 | Avg Train Loss: 0.7262 | KLD Beta: 0.0500
  Seg Loss: 0.3882 | Recon Loss: 0.0125 | KLD Loss: 2.6264
  Total Loss: 20.3344
Epoch 35/300 | Avg Train Loss: 0.6396 | KLD Beta: 0.0500
  Seg Loss: 0.3899 | Recon Loss: 0.0113 | KLD Loss: 0.8671
  Total Loss: 17.9092
Epoch 36/300 | Avg Train Loss: 0.6598 | KLD Beta: 0.0500
  Seg Loss: 0.3817 | Recon Loss: 0.0119 | KLD Loss: 1.5049
  Total Loss: 18.4735
Epoch 37/300 | Avg Train Loss: 0.6604 | KLD Beta: 0.0500
  Seg Loss: 0.3838 | Recon Loss: 0.0128 | KLD Loss: 1.4364
  Total Loss: 18.4903
Epoch 38/300 | Avg Train Loss: 0.6283 | KLD Beta: 0.0500
  Seg Loss: 0.3771 | Recon Loss: 0.0106 | KLD Loss: 1.0420
  Total Loss: 17.5920
Epoch 39/300 | Avg Train Loss: 0.6692 | KLD Beta: 0.0500
  Seg Loss: 0.3926 | Recon Loss: 0.0112 | KLD Loss: 1.3810
  Total Loss: 18.7389
Epoch 40/300 | Avg Train Loss: 0.6441 | KLD Beta: 0.0500
  Seg Loss: 0.3812 | Recon Loss: 0.0110 | KLD Loss: 1.2258
  Total Loss: 18.0342
Epoch 41/300 | Avg Train Loss: 0.6362 | KLD Beta: 0.0500
  Seg Loss: 0.3740 | Recon Loss: 0.0125 | KLD Loss: 1.2542
  Total Loss: 17.8146
Epoch 42/300 | Avg Train Loss: 0.6074 | KLD Beta: 0.0500
  Seg Loss: 0.3698 | Recon Loss: 0.0114 | KLD Loss: 0.8277
  Total Loss: 17.0075
Epoch 43/300 | Avg Train Loss: 0.6188 | KLD Beta: 0.0500
  Seg Loss: 0.3657 | Recon Loss: 0.0115 | KLD Loss: 1.1748
  Total Loss: 17.3263
Epoch 44/300 | Avg Train Loss: 0.6414 | KLD Beta: 0.0500
  Seg Loss: 0.3636 | Recon Loss: 0.0112 | KLD Loss: 1.6948
  Total Loss: 17.9580
Epoch 45/300 | Avg Train Loss: 0.6084 | KLD Beta: 0.0500
  Seg Loss: 0.3644 | Recon Loss: 0.0107 | KLD Loss: 1.0203
  Total Loss: 17.0340
Epoch 46/300 | Avg Train Loss: 0.6115 | KLD Beta: 0.0500
  Seg Loss: 0.3769 | Recon Loss: 0.0113 | KLD Loss: 0.6953
  Total Loss: 17.1213
Epoch 47/300 | Avg Train Loss: 0.6602 | KLD Beta: 0.0500
  Seg Loss: 0.3783 | Recon Loss: 0.0114 | KLD Loss: 1.6275
  Total Loss: 18.4863
Epoch 48/300 | Avg Train Loss: 0.6430 | KLD Beta: 0.0500
  Seg Loss: 0.3895 | Recon Loss: 0.0117 | KLD Loss: 0.9429
  Total Loss: 18.0052
Epoch 49/300 | Avg Train Loss: 0.5881 | KLD Beta: 0.0500
  Seg Loss: 0.3692 | Recon Loss: 0.0122 | KLD Loss: 0.4431
  Total Loss: 16.4663
Epoch 50/300 | Avg Train Loss: 0.6006 | KLD Beta: 0.0500
  Seg Loss: 0.3734 | Recon Loss: 0.0109 | KLD Loss: 0.5919
  Total Loss: 16.8176
Epoch 51/300 | Avg Train Loss: 0.7080 | KLD Beta: 0.0500
  Seg Loss: 0.3659 | Recon Loss: 0.0115 | KLD Loss: 2.9537
  Total Loss: 19.8241
Epoch 52/300 | Avg Train Loss: 0.7307 | KLD Beta: 0.0500
  Seg Loss: 0.3756 | Recon Loss: 0.0114 | KLD Loss: 3.1210
  Total Loss: 20.4610
Epoch 53/300 | Avg Train Loss: 0.6473 | KLD Beta: 0.0500
  Seg Loss: 0.3619 | Recon Loss: 0.0122 | KLD Loss: 1.8441
  Total Loss: 18.1235
Epoch 54/300 | Avg Train Loss: 0.5706 | KLD Beta: 0.0500
  Seg Loss: 0.3578 | Recon Loss: 0.0113 | KLD Loss: 0.4505
  Total Loss: 15.9774
Epoch 55/300 | Avg Train Loss: 0.5779 | KLD Beta: 0.0500
  Seg Loss: 0.3600 | Recon Loss: 0.0107 | KLD Loss: 0.5426
  Total Loss: 16.1809
Epoch 56/300 | Avg Train Loss: 0.5581 | KLD Beta: 0.0500
  Seg Loss: 0.3505 | Recon Loss: 0.0101 | KLD Loss: 0.4466
  Total Loss: 15.6279
Epoch 57/300 | Avg Train Loss: 0.5751 | KLD Beta: 0.0500
  Seg Loss: 0.3563 | Recon Loss: 0.0112 | KLD Loss: 0.5883
  Total Loss: 16.1026
Epoch 58/300 | Avg Train Loss: 0.5550 | KLD Beta: 0.0500
  Seg Loss: 0.3519 | Recon Loss: 0.0111 | KLD Loss: 0.3206
  Total Loss: 15.5390
Epoch 59/300 | Avg Train Loss: 0.5727 | KLD Beta: 0.0500
  Seg Loss: 0.3677 | Recon Loss: 0.0106 | KLD Loss: 0.2104
  Total Loss: 16.0354
Epoch 60/300 | Avg Train Loss: 0.5489 | KLD Beta: 0.0500
  Seg Loss: 0.3535 | Recon Loss: 0.0111 | KLD Loss: 0.1511
  Total Loss: 15.3706
Epoch 61/300 | Avg Train Loss: 0.5623 | KLD Beta: 0.0500
  Seg Loss: 0.3510 | Recon Loss: 0.0099 | KLD Loss: 0.5167
  Total Loss: 15.7444
Epoch 62/300 | Avg Train Loss: 0.5534 | KLD Beta: 0.0500
  Seg Loss: 0.3530 | Recon Loss: 0.0109 | KLD Loss: 0.2614
  Total Loss: 15.4966
Epoch 63/300 | Avg Train Loss: 0.5586 | KLD Beta: 0.0500
  Seg Loss: 0.3594 | Recon Loss: 0.0108 | KLD Loss: 0.1749
  Total Loss: 15.6403
Epoch 64/300 | Avg Train Loss: 0.5456 | KLD Beta: 0.0500
  Seg Loss: 0.3532 | Recon Loss: 0.0121 | KLD Loss: 0.0748
  Total Loss: 15.2774
Epoch 65/300 | Avg Train Loss: 0.5495 | KLD Beta: 0.0500
  Seg Loss: 0.3538 | Recon Loss: 0.0111 | KLD Loss: 0.1546
  Total Loss: 15.3869
Epoch 66/300 | Avg Train Loss: 0.5550 | KLD Beta: 0.0500
  Seg Loss: 0.3594 | Recon Loss: 0.0105 | KLD Loss: 0.1071
  Total Loss: 15.5388
Epoch 67/300 | Avg Train Loss: 0.5668 | KLD Beta: 0.0500
  Seg Loss: 0.3594 | Recon Loss: 0.0104 | KLD Loss: 0.3466
  Total Loss: 15.8703
Epoch 68/300 | Avg Train Loss: 0.5523 | KLD Beta: 0.0500
  Seg Loss: 0.3562 | Recon Loss: 0.0114 | KLD Loss: 0.1303
  Total Loss: 15.4638
Epoch 69/300 | Avg Train Loss: 0.5402 | KLD Beta: 0.0500
  Seg Loss: 0.3496 | Recon Loss: 0.0112 | KLD Loss: 0.0925
  Total Loss: 15.1263
Epoch 70/300 | Avg Train Loss: 0.5517 | KLD Beta: 0.0500
  Seg Loss: 0.3542 | Recon Loss: 0.0103 | KLD Loss: 0.2012
  Total Loss: 15.4470
Epoch 71/300 | Avg Train Loss: 0.5431 | KLD Beta: 0.0500
  Seg Loss: 0.3507 | Recon Loss: 0.0103 | KLD Loss: 0.1335
  Total Loss: 15.2069
Epoch 72/300 | Avg Train Loss: 0.5411 | KLD Beta: 0.0500
  Seg Loss: 0.3479 | Recon Loss: 0.0090 | KLD Loss: 0.2035
  Total Loss: 15.1495
Epoch 73/300 | Avg Train Loss: 0.5269 | KLD Beta: 0.0500
  Seg Loss: 0.3429 | Recon Loss: 0.0092 | KLD Loss: 0.0681
  Total Loss: 14.7538
Epoch 74/300 | Avg Train Loss: 0.5352 | KLD Beta: 0.0500
  Seg Loss: 0.3463 | Recon Loss: 0.0103 | KLD Loss: 0.1073
  Total Loss: 14.9853
Epoch 75/300 | Avg Train Loss: 0.5412 | KLD Beta: 0.0500
  Seg Loss: 0.3496 | Recon Loss: 0.0116 | KLD Loss: 0.1047
  Total Loss: 15.1533
Epoch 76/300 | Avg Train Loss: 0.5510 | KLD Beta: 0.0500
  Seg Loss: 0.3480 | Recon Loss: 0.0124 | KLD Loss: 0.3320
  Total Loss: 15.4289
Epoch 77/300 | Avg Train Loss: 0.5309 | KLD Beta: 0.0500
  Seg Loss: 0.3412 | Recon Loss: 0.0110 | KLD Loss: 0.1606
  Total Loss: 14.8656
Epoch 78/300 | Avg Train Loss: 0.5315 | KLD Beta: 0.0500
  Seg Loss: 0.3447 | Recon Loss: 0.0107 | KLD Loss: 0.0743
  Total Loss: 14.8817
Epoch 79/300 | Avg Train Loss: 0.5275 | KLD Beta: 0.0500
  Seg Loss: 0.3414 | Recon Loss: 0.0107 | KLD Loss: 0.0927
  Total Loss: 14.7704
Epoch 80/300 | Avg Train Loss: 0.5394 | KLD Beta: 0.0500
  Seg Loss: 0.3483 | Recon Loss: 0.0106 | KLD Loss: 0.1278
  Total Loss: 15.1032
Epoch 81/300 | Avg Train Loss: 0.5392 | KLD Beta: 0.0500
  Seg Loss: 0.3495 | Recon Loss: 0.0097 | KLD Loss: 0.1035
  Total Loss: 15.0964
Epoch 82/300 | Avg Train Loss: 0.5146 | KLD Beta: 0.0500
  Seg Loss: 0.3317 | Recon Loss: 0.0115 | KLD Loss: 0.1121
  Total Loss: 14.4078
Epoch 83/300 | Avg Train Loss: 0.5392 | KLD Beta: 0.0500
  Seg Loss: 0.3503 | Recon Loss: 0.0107 | KLD Loss: 0.0616
  Total Loss: 15.0989
Epoch 84/300 | Avg Train Loss: 0.6153 | KLD Beta: 0.0500
  Seg Loss: 0.3403 | Recon Loss: 0.0099 | KLD Loss: 1.8994
  Total Loss: 17.2289
Epoch 85/300 | Avg Train Loss: 0.5518 | KLD Beta: 0.0500
  Seg Loss: 0.3377 | Recon Loss: 0.0098 | KLD Loss: 0.7105
  Total Loss: 15.4496
Epoch 86/300 | Avg Train Loss: 0.5536 | KLD Beta: 0.0500
  Seg Loss: 0.3475 | Recon Loss: 0.0106 | KLD Loss: 0.4361
  Total Loss: 15.5018
Epoch 87/300 | Avg Train Loss: 0.5414 | KLD Beta: 0.0500
  Seg Loss: 0.3437 | Recon Loss: 0.0100 | KLD Loss: 0.3175
  Total Loss: 15.1590
Epoch 88/300 | Avg Train Loss: 0.5545 | KLD Beta: 0.0500
  Seg Loss: 0.3501 | Recon Loss: 0.0101 | KLD Loss: 0.3870
  Total Loss: 15.5263
Epoch 89/300 | Avg Train Loss: 0.5239 | KLD Beta: 0.0500
  Seg Loss: 0.3393 | Recon Loss: 0.0109 | KLD Loss: 0.0813
  Total Loss: 14.6695
Epoch 90/300 | Avg Train Loss: 0.5395 | KLD Beta: 0.0500
  Seg Loss: 0.3463 | Recon Loss: 0.0118 | KLD Loss: 0.1660
  Total Loss: 15.1062
Epoch 91/300 | Avg Train Loss: 0.5410 | KLD Beta: 0.0500
  Seg Loss: 0.3491 | Recon Loss: 0.0112 | KLD Loss: 0.1237
  Total Loss: 15.1484
Epoch 92/300 | Avg Train Loss: 0.5333 | KLD Beta: 0.0500
  Seg Loss: 0.3461 | Recon Loss: 0.0106 | KLD Loss: 0.0707
  Total Loss: 14.9313
Epoch 93/300 | Avg Train Loss: 0.5215 | KLD Beta: 0.0500
  Seg Loss: 0.3368 | Recon Loss: 0.0116 | KLD Loss: 0.0955
  Total Loss: 14.6030
Epoch 94/300 | Avg Train Loss: 0.5187 | KLD Beta: 0.0500
  Seg Loss: 0.3365 | Recon Loss: 0.0102 | KLD Loss: 0.0754
  Total Loss: 14.5229
Epoch 95/300 | Avg Train Loss: 0.5390 | KLD Beta: 0.0500
  Seg Loss: 0.3495 | Recon Loss: 0.0108 | KLD Loss: 0.0788
  Total Loss: 15.0906
Epoch 96/300 | Avg Train Loss: 0.5290 | KLD Beta: 0.0500
  Seg Loss: 0.3440 | Recon Loss: 0.0118 | KLD Loss: 0.0253
  Total Loss: 14.8131
Epoch 97/300 | Avg Train Loss: 0.5172 | KLD Beta: 0.0500
  Seg Loss: 0.3362 | Recon Loss: 0.0114 | KLD Loss: 0.0298
  Total Loss: 14.4816
Epoch 98/300 | Avg Train Loss: 0.5684 | KLD Beta: 0.0500
  Seg Loss: 0.3469 | Recon Loss: 0.0117 | KLD Loss: 0.7279
  Total Loss: 15.9165
Epoch 99/300 | Avg Train Loss: 0.5451 | KLD Beta: 0.0500
  Seg Loss: 0.3422 | Recon Loss: 0.0111 | KLD Loss: 0.4148
  Total Loss: 15.2621
Epoch 100/300 | Avg Train Loss: 0.5223 | KLD Beta: 0.0500
  Seg Loss: 0.3323 | Recon Loss: 0.0107 | KLD Loss: 0.2643
  Total Loss: 14.6257
Epoch 101/300 | Avg Train Loss: 0.5238 | KLD Beta: 0.0500
  Seg Loss: 0.3379 | Recon Loss: 0.0102 | KLD Loss: 0.1335
  Total Loss: 14.6662
Epoch 102/300 | Avg Train Loss: 0.5286 | KLD Beta: 0.0500
  Seg Loss: 0.3393 | Recon Loss: 0.0110 | KLD Loss: 0.1732
  Total Loss: 14.8016
Epoch 103/300 | Avg Train Loss: 0.5362 | KLD Beta: 0.0500
  Seg Loss: 0.3405 | Recon Loss: 0.0129 | KLD Loss: 0.2511
  Total Loss: 15.0146
Epoch 104/300 | Avg Train Loss: 0.5458 | KLD Beta: 0.0500
  Seg Loss: 0.3454 | Recon Loss: 0.0119 | KLD Loss: 0.3143
  Total Loss: 15.2817
Epoch 105/300 | Avg Train Loss: 0.5294 | KLD Beta: 0.0500
  Seg Loss: 0.3435 | Recon Loss: 0.0110 | KLD Loss: 0.0631
  Total Loss: 14.8227
Epoch 106/300 | Avg Train Loss: 0.5155 | KLD Beta: 0.0500
  Seg Loss: 0.3357 | Recon Loss: 0.0104 | KLD Loss: 0.0314
  Total Loss: 14.4352
Epoch 107/300 | Avg Train Loss: 0.5802 | KLD Beta: 0.0500
  Seg Loss: 0.3393 | Recon Loss: 0.0112 | KLD Loss: 1.2020
  Total Loss: 16.2452
Epoch 108/300 | Avg Train Loss: 0.5557 | KLD Beta: 0.0500
  Seg Loss: 0.3506 | Recon Loss: 0.0112 | KLD Loss: 0.3723
  Total Loss: 15.5603
Epoch 109/300 | Avg Train Loss: 0.5338 | KLD Beta: 0.0500
  Seg Loss: 0.3442 | Recon Loss: 0.0113 | KLD Loss: 0.1253
  Total Loss: 14.9473
Epoch 110/300 | Avg Train Loss: 0.5346 | KLD Beta: 0.0500
  Seg Loss: 0.3442 | Recon Loss: 0.0107 | KLD Loss: 0.1506
  Total Loss: 14.9688
Epoch 111/300 | Avg Train Loss: 0.5309 | KLD Beta: 0.0500
  Seg Loss: 0.3421 | Recon Loss: 0.0125 | KLD Loss: 0.1067
  Total Loss: 14.8655
Epoch 112/300 | Avg Train Loss: 0.5199 | KLD Beta: 0.0500
  Seg Loss: 0.3371 | Recon Loss: 0.0111 | KLD Loss: 0.0633
  Total Loss: 14.5563
Epoch 113/300 | Avg Train Loss: 0.5329 | KLD Beta: 0.0500
  Seg Loss: 0.3469 | Recon Loss: 0.0110 | KLD Loss: 0.0326
  Total Loss: 14.9216
Epoch 114/300 | Avg Train Loss: 0.5035 | KLD Beta: 0.0500
  Seg Loss: 0.3269 | Recon Loss: 0.0108 | KLD Loss: 0.0490
  Total Loss: 14.0980
Epoch 115/300 | Avg Train Loss: 0.5177 | KLD Beta: 0.0500
  Seg Loss: 0.3347 | Recon Loss: 0.0109 | KLD Loss: 0.0936
  Total Loss: 14.4958
Epoch 116/300 | Avg Train Loss: 0.5092 | KLD Beta: 0.0500
  Seg Loss: 0.3285 | Recon Loss: 0.0118 | KLD Loss: 0.0943
  Total Loss: 14.2588
Epoch 117/300 | Avg Train Loss: 0.4958 | KLD Beta: 0.0500
  Seg Loss: 0.3224 | Recon Loss: 0.0107 | KLD Loss: 0.0301
  Total Loss: 13.8830
Epoch 118/300 | Avg Train Loss: 0.5307 | KLD Beta: 0.0500
  Seg Loss: 0.3356 | Recon Loss: 0.0105 | KLD Loss: 0.3374
  Total Loss: 14.8596
Epoch 119/300 | Avg Train Loss: 0.5290 | KLD Beta: 0.0500
  Seg Loss: 0.3432 | Recon Loss: 0.0115 | KLD Loss: 0.0537
  Total Loss: 14.8125
Epoch 120/300 | Avg Train Loss: 0.5154 | KLD Beta: 0.0500
  Seg Loss: 0.3358 | Recon Loss: 0.0104 | KLD Loss: 0.0260
  Total Loss: 14.4316
Epoch 121/300 | Avg Train Loss: 0.5217 | KLD Beta: 0.0500
  Seg Loss: 0.3386 | Recon Loss: 0.0108 | KLD Loss: 0.0606
  Total Loss: 14.6072
Epoch 122/300 | Avg Train Loss: 0.5098 | KLD Beta: 0.0500
  Seg Loss: 0.3309 | Recon Loss: 0.0116 | KLD Loss: 0.0345
  Total Loss: 14.2739
Epoch 123/300 | Avg Train Loss: 0.5282 | KLD Beta: 0.0500
  Seg Loss: 0.3441 | Recon Loss: 0.0106 | KLD Loss: 0.0309
  Total Loss: 14.7891
Epoch 124/300 | Avg Train Loss: 0.5034 | KLD Beta: 0.0500
  Seg Loss: 0.3263 | Recon Loss: 0.0116 | KLD Loss: 0.0471
  Total Loss: 14.0949
Epoch 125/300 | Avg Train Loss: 0.5153 | KLD Beta: 0.0500
  Seg Loss: 0.3361 | Recon Loss: 0.0102 | KLD Loss: 0.0186
  Total Loss: 14.4295
Epoch 126/300 | Avg Train Loss: 0.5126 | KLD Beta: 0.0500
  Seg Loss: 0.3305 | Recon Loss: 0.0112 | KLD Loss: 0.1147
  Total Loss: 14.3532
Epoch 127/300 | Avg Train Loss: 0.5107 | KLD Beta: 0.0500
  Seg Loss: 0.3311 | Recon Loss: 0.0107 | KLD Loss: 0.0645
  Total Loss: 14.2985
Epoch 128/300 | Avg Train Loss: 0.5114 | KLD Beta: 0.0500
  Seg Loss: 0.3310 | Recon Loss: 0.0106 | KLD Loss: 0.0855
  Total Loss: 14.3205
Epoch 129/300 | Avg Train Loss: 0.5166 | KLD Beta: 0.0500
  Seg Loss: 0.3368 | Recon Loss: 0.0102 | KLD Loss: 0.0246
  Total Loss: 14.4659
Epoch 130/300 | Avg Train Loss: 0.5255 | KLD Beta: 0.0500
  Seg Loss: 0.3422 | Recon Loss: 0.0109 | KLD Loss: 0.0257
  Total Loss: 14.7141
Epoch 131/300 | Avg Train Loss: 0.5178 | KLD Beta: 0.0500
  Seg Loss: 0.3362 | Recon Loss: 0.0119 | KLD Loss: 0.0314
  Total Loss: 14.4982
Epoch 132/300 | Avg Train Loss: 0.5005 | KLD Beta: 0.0500
  Seg Loss: 0.3253 | Recon Loss: 0.0117 | KLD Loss: 0.0173
  Total Loss: 14.0134
Epoch 133/300 | Avg Train Loss: 0.5091 | KLD Beta: 0.0500
  Seg Loss: 0.3315 | Recon Loss: 0.0108 | KLD Loss: 0.0218
  Total Loss: 14.2557
Epoch 134/300 | Avg Train Loss: 0.5190 | KLD Beta: 0.0500
  Seg Loss: 0.3165 | Recon Loss: 0.0110 | KLD Loss: 0.6640
  Total Loss: 14.5308
Epoch 135/300 | Avg Train Loss: 0.5348 | KLD Beta: 0.0500
  Seg Loss: 0.3264 | Recon Loss: 0.0107 | KLD Loss: 0.6887
  Total Loss: 14.9730
Epoch 136/300 | Avg Train Loss: 0.5212 | KLD Beta: 0.0500
  Seg Loss: 0.3355 | Recon Loss: 0.0102 | KLD Loss: 0.1542
  Total Loss: 14.5930
Epoch 137/300 | Avg Train Loss: 0.4997 | KLD Beta: 0.0500
  Seg Loss: 0.3251 | Recon Loss: 0.0101 | KLD Loss: 0.0394
  Total Loss: 13.9928
Epoch 138/300 | Avg Train Loss: 0.5237 | KLD Beta: 0.0500
  Seg Loss: 0.3412 | Recon Loss: 0.0103 | KLD Loss: 0.0331
  Total Loss: 14.6632
Epoch 139/300 | Avg Train Loss: 0.5293 | KLD Beta: 0.0500
  Seg Loss: 0.3422 | Recon Loss: 0.0100 | KLD Loss: 0.1212
  Total Loss: 14.8216
Epoch 140/300 | Avg Train Loss: 0.5304 | KLD Beta: 0.0500
  Seg Loss: 0.3441 | Recon Loss: 0.0110 | KLD Loss: 0.0646
  Total Loss: 14.8513
Epoch 141/300 | Avg Train Loss: 0.5094 | KLD Beta: 0.0500
  Seg Loss: 0.3293 | Recon Loss: 0.0115 | KLD Loss: 0.0779
  Total Loss: 14.2623
Epoch 142/300 | Avg Train Loss: 0.4946 | KLD Beta: 0.0500
  Seg Loss: 0.3203 | Recon Loss: 0.0117 | KLD Loss: 0.0478
  Total Loss: 13.8489
Epoch 143/300 | Avg Train Loss: 0.4914 | KLD Beta: 0.0500
  Seg Loss: 0.3197 | Recon Loss: 0.0109 | KLD Loss: 0.0197
  Total Loss: 13.7598
Epoch 144/300 | Avg Train Loss: 0.4933 | KLD Beta: 0.0500
  Seg Loss: 0.3193 | Recon Loss: 0.0112 | KLD Loss: 0.0614
  Total Loss: 13.8111
Epoch 145/300 | Avg Train Loss: 0.5018 | KLD Beta: 0.0500
  Seg Loss: 0.3263 | Recon Loss: 0.0109 | KLD Loss: 0.0313
  Total Loss: 14.0514
Epoch 146/300 | Avg Train Loss: 0.4965 | KLD Beta: 0.0500
  Seg Loss: 0.3228 | Recon Loss: 0.0109 | KLD Loss: 0.0281
  Total Loss: 13.9010
Epoch 147/300 | Avg Train Loss: 0.5127 | KLD Beta: 0.0500
  Seg Loss: 0.3163 | Recon Loss: 0.0116 | KLD Loss: 0.5327
  Total Loss: 14.3549
Epoch 148/300 | Avg Train Loss: 0.5093 | KLD Beta: 0.0500
  Seg Loss: 0.3233 | Recon Loss: 0.0107 | KLD Loss: 0.2749
  Total Loss: 14.2607
Epoch 149/300 | Avg Train Loss: 0.5139 | KLD Beta: 0.0500
  Seg Loss: 0.3322 | Recon Loss: 0.0116 | KLD Loss: 0.0808
  Total Loss: 14.3902
Epoch 150/300 | Avg Train Loss: 0.5314 | KLD Beta: 0.0500
  Seg Loss: 0.3430 | Recon Loss: 0.0110 | KLD Loss: 0.1176
  Total Loss: 14.8795
Epoch 151/300 | Avg Train Loss: 0.4905 | KLD Beta: 0.0500
  Seg Loss: 0.3185 | Recon Loss: 0.0098 | KLD Loss: 0.0575
  Total Loss: 13.7343
Epoch 152/300 | Avg Train Loss: 0.5024 | KLD Beta: 0.0500
  Seg Loss: 0.3269 | Recon Loss: 0.0107 | KLD Loss: 0.0264
  Total Loss: 14.0678
Epoch 153/300 | Avg Train Loss: 0.5144 | KLD Beta: 0.0500
  Seg Loss: 0.3342 | Recon Loss: 0.0123 | KLD Loss: 0.0161
  Total Loss: 14.4039
Epoch 154/300 | Avg Train Loss: 0.5044 | KLD Beta: 0.0500
  Seg Loss: 0.3269 | Recon Loss: 0.0119 | KLD Loss: 0.0435
  Total Loss: 14.1229
Epoch 155/300 | Avg Train Loss: 0.5140 | KLD Beta: 0.0500
  Seg Loss: 0.3342 | Recon Loss: 0.0114 | KLD Loss: 0.0246
  Total Loss: 14.3924
Epoch 156/300 | Avg Train Loss: 0.5148 | KLD Beta: 0.0500
  Seg Loss: 0.3356 | Recon Loss: 0.0104 | KLD Loss: 0.0190
  Total Loss: 14.4132
Epoch 157/300 | Avg Train Loss: 0.5010 | KLD Beta: 0.0500
  Seg Loss: 0.3264 | Recon Loss: 0.0108 | KLD Loss: 0.0125
  Total Loss: 14.0289
Epoch 158/300 | Avg Train Loss: 0.4920 | KLD Beta: 0.0500
  Seg Loss: 0.3190 | Recon Loss: 0.0110 | KLD Loss: 0.0503
  Total Loss: 13.7769
Epoch 159/300 | Avg Train Loss: 0.5099 | KLD Beta: 0.0500
  Seg Loss: 0.3314 | Recon Loss: 0.0104 | KLD Loss: 0.0485
  Total Loss: 14.2768
Epoch 160/300 | Avg Train Loss: 0.5213 | KLD Beta: 0.0500
  Seg Loss: 0.3396 | Recon Loss: 0.0112 | KLD Loss: 0.0125
  Total Loss: 14.5963
Epoch 161/300 | Avg Train Loss: 0.5128 | KLD Beta: 0.0500
  Seg Loss: 0.3335 | Recon Loss: 0.0110 | KLD Loss: 0.0302
  Total Loss: 14.3577
Epoch 162/300 | Avg Train Loss: 0.4965 | KLD Beta: 0.0500
  Seg Loss: 0.3236 | Recon Loss: 0.0104 | KLD Loss: 0.0140
  Total Loss: 13.9029
Epoch 163/300 | Avg Train Loss: 0.4914 | KLD Beta: 0.0500
  Seg Loss: 0.3200 | Recon Loss: 0.0109 | KLD Loss: 0.0099
  Total Loss: 13.7603
Epoch 164/300 | Avg Train Loss: 0.4890 | KLD Beta: 0.0500
  Seg Loss: 0.3181 | Recon Loss: 0.0114 | KLD Loss: 0.0087
  Total Loss: 13.6915
Epoch 165/300 | Avg Train Loss: 0.4924 | KLD Beta: 0.0500
  Seg Loss: 0.3206 | Recon Loss: 0.0103 | KLD Loss: 0.0219
  Total Loss: 13.7859
Epoch 166/300 | Avg Train Loss: 0.5163 | KLD Beta: 0.0500
  Seg Loss: 0.3365 | Recon Loss: 0.0103 | KLD Loss: 0.0248
  Total Loss: 14.4556
Epoch 167/300 | Avg Train Loss: 0.5181 | KLD Beta: 0.0500
  Seg Loss: 0.3369 | Recon Loss: 0.0113 | KLD Loss: 0.0293
  Total Loss: 14.5072
Epoch 168/300 | Avg Train Loss: 0.4803 | KLD Beta: 0.0500
  Seg Loss: 0.3121 | Recon Loss: 0.0109 | KLD Loss: 0.0242
  Total Loss: 13.4489
Epoch 169/300 | Avg Train Loss: 0.4944 | KLD Beta: 0.0500
  Seg Loss: 0.3213 | Recon Loss: 0.0117 | KLD Loss: 0.0142
  Total Loss: 13.8424
Epoch 170/300 | Avg Train Loss: 0.4860 | KLD Beta: 0.0500
  Seg Loss: 0.3167 | Recon Loss: 0.0096 | KLD Loss: 0.0291
  Total Loss: 13.6083
Epoch 171/300 | Avg Train Loss: 0.4991 | KLD Beta: 0.0500
  Seg Loss: 0.3253 | Recon Loss: 0.0102 | KLD Loss: 0.0164
  Total Loss: 13.9738
Epoch 172/300 | Avg Train Loss: 0.5103 | KLD Beta: 0.0500
  Seg Loss: 0.3332 | Recon Loss: 0.0100 | KLD Loss: 0.0091
  Total Loss: 14.2884
Epoch 173/300 | Avg Train Loss: 0.5012 | KLD Beta: 0.0500
  Seg Loss: 0.3263 | Recon Loss: 0.0106 | KLD Loss: 0.0221
  Total Loss: 14.0334
Epoch 174/300 | Avg Train Loss: 0.5010 | KLD Beta: 0.0500
  Seg Loss: 0.3260 | Recon Loss: 0.0114 | KLD Loss: 0.0122
  Total Loss: 14.0281
Epoch 175/300 | Avg Train Loss: 0.4947 | KLD Beta: 0.0500
  Seg Loss: 0.3222 | Recon Loss: 0.0108 | KLD Loss: 0.0121
  Total Loss: 13.8513
Epoch 176/300 | Avg Train Loss: 0.4885 | KLD Beta: 0.0500
  Seg Loss: 0.3184 | Recon Loss: 0.0099 | KLD Loss: 0.0209
  Total Loss: 13.6782
Epoch 177/300 | Avg Train Loss: 0.4815 | KLD Beta: 0.0500
  Seg Loss: 0.3135 | Recon Loss: 0.0105 | KLD Loss: 0.0132
  Total Loss: 13.4822
Epoch 178/300 | Avg Train Loss: 0.4878 | KLD Beta: 0.0500
  Seg Loss: 0.3184 | Recon Loss: 0.0098 | KLD Loss: 0.0103
  Total Loss: 13.6592
Epoch 179/300 | Avg Train Loss: 0.4962 | KLD Beta: 0.0500
  Seg Loss: 0.3237 | Recon Loss: 0.0100 | KLD Loss: 0.0123
  Total Loss: 13.8930
Epoch 180/300 | Avg Train Loss: 0.4845 | KLD Beta: 0.0500
  Seg Loss: 0.3152 | Recon Loss: 0.0102 | KLD Loss: 0.0269
  Total Loss: 13.5647
Epoch 181/300 | Avg Train Loss: 0.5027 | KLD Beta: 0.0500
  Seg Loss: 0.3279 | Recon Loss: 0.0102 | KLD Loss: 0.0144
  Total Loss: 14.0751
Epoch 182/300 | Avg Train Loss: 0.5090 | KLD Beta: 0.0500
  Seg Loss: 0.3321 | Recon Loss: 0.0099 | KLD Loss: 0.0203
  Total Loss: 14.2533
Epoch 183/300 | Avg Train Loss: 0.4789 | KLD Beta: 0.0500
  Seg Loss: 0.3119 | Recon Loss: 0.0105 | KLD Loss: 0.0141
  Total Loss: 13.4102
Epoch 184/300 | Avg Train Loss: 0.4992 | KLD Beta: 0.0500
  Seg Loss: 0.3232 | Recon Loss: 0.0111 | KLD Loss: 0.0670
  Total Loss: 13.9782
Epoch 185/300 | Avg Train Loss: 0.5012 | KLD Beta: 0.0500
  Seg Loss: 0.3253 | Recon Loss: 0.0105 | KLD Loss: 0.0562
  Total Loss: 14.0343
Epoch 186/300 | Avg Train Loss: 0.5012 | KLD Beta: 0.0500
  Seg Loss: 0.3256 | Recon Loss: 0.0120 | KLD Loss: 0.0174
  Total Loss: 14.0348
Epoch 187/300 | Avg Train Loss: 0.4915 | KLD Beta: 0.0500
  Seg Loss: 0.3194 | Recon Loss: 0.0115 | KLD Loss: 0.0190
  Total Loss: 13.7614
Epoch 188/300 | Avg Train Loss: 0.4770 | KLD Beta: 0.0500
  Seg Loss: 0.3094 | Recon Loss: 0.0113 | KLD Loss: 0.0309
  Total Loss: 13.3571
Epoch 189/300 | Avg Train Loss: 0.4820 | KLD Beta: 0.0500
  Seg Loss: 0.3132 | Recon Loss: 0.0106 | KLD Loss: 0.0322
  Total Loss: 13.4966
Epoch 190/300 | Avg Train Loss: 0.4752 | KLD Beta: 0.0500
  Seg Loss: 0.3090 | Recon Loss: 0.0112 | KLD Loss: 0.0113
  Total Loss: 13.3065
Epoch 191/300 | Avg Train Loss: 0.4853 | KLD Beta: 0.0500
  Seg Loss: 0.3158 | Recon Loss: 0.0104 | KLD Loss: 0.0239
  Total Loss: 13.5882
Epoch 192/300 | Avg Train Loss: 0.5019 | KLD Beta: 0.0500
  Seg Loss: 0.3220 | Recon Loss: 0.0112 | KLD Loss: 0.1536
  Total Loss: 14.0525
Epoch 193/300 | Avg Train Loss: 0.4948 | KLD Beta: 0.0500
  Seg Loss: 0.3195 | Recon Loss: 0.0117 | KLD Loss: 0.0786
  Total Loss: 13.8548
Epoch 194/300 | Avg Train Loss: 0.4799 | KLD Beta: 0.0500
  Seg Loss: 0.3131 | Recon Loss: 0.0091 | KLD Loss: 0.0242
  Total Loss: 13.4382
Epoch 195/300 | Avg Train Loss: 0.4810 | KLD Beta: 0.0500
  Seg Loss: 0.3134 | Recon Loss: 0.0103 | KLD Loss: 0.0129
  Total Loss: 13.4671
Epoch 196/300 | Avg Train Loss: 0.5145 | KLD Beta: 0.0500
  Seg Loss: 0.3208 | Recon Loss: 0.0105 | KLD Loss: 0.4556
  Total Loss: 14.4061
Epoch 197/300 | Avg Train Loss: 0.5171 | KLD Beta: 0.0500
  Seg Loss: 0.3278 | Recon Loss: 0.0090 | KLD Loss: 0.3261
  Total Loss: 14.4783
Epoch 198/300 | Avg Train Loss: 0.4976 | KLD Beta: 0.0500
  Seg Loss: 0.3225 | Recon Loss: 0.0108 | KLD Loss: 0.0631
  Total Loss: 13.9341
Epoch 199/300 | Avg Train Loss: 0.5030 | KLD Beta: 0.0500
  Seg Loss: 0.3272 | Recon Loss: 0.0108 | KLD Loss: 0.0295
  Total Loss: 14.0851
Epoch 200/300 | Avg Train Loss: 0.4793 | KLD Beta: 0.0500
  Seg Loss: 0.3116 | Recon Loss: 0.0112 | KLD Loss: 0.0153
  Total Loss: 13.4202
Epoch 201/300 | Avg Train Loss: 0.4890 | KLD Beta: 0.0500
  Seg Loss: 0.3179 | Recon Loss: 0.0104 | KLD Loss: 0.0349
  Total Loss: 13.6928
Epoch 202/300 | Avg Train Loss: 0.4728 | KLD Beta: 0.0500
  Seg Loss: 0.3073 | Recon Loss: 0.0110 | KLD Loss: 0.0173
  Total Loss: 13.2397
Epoch 203/300 | Avg Train Loss: 0.4900 | KLD Beta: 0.0500
  Seg Loss: 0.3194 | Recon Loss: 0.0103 | KLD Loss: 0.0129
  Total Loss: 13.7211
Epoch 204/300 | Avg Train Loss: 0.4874 | KLD Beta: 0.0500
  Seg Loss: 0.3178 | Recon Loss: 0.0100 | KLD Loss: 0.0128
  Total Loss: 13.6477
Epoch 205/300 | Avg Train Loss: 0.4935 | KLD Beta: 0.0500
  Seg Loss: 0.3224 | Recon Loss: 0.0094 | KLD Loss: 0.0092
  Total Loss: 13.8169
Epoch 206/300 | Avg Train Loss: 0.4812 | KLD Beta: 0.0500
  Seg Loss: 0.3136 | Recon Loss: 0.0103 | KLD Loss: 0.0088
  Total Loss: 13.4725
Epoch 207/300 | Avg Train Loss: 0.4792 | KLD Beta: 0.0500
  Seg Loss: 0.3111 | Recon Loss: 0.0109 | KLD Loss: 0.0328
  Total Loss: 13.4169
Epoch 208/300 | Avg Train Loss: 0.4876 | KLD Beta: 0.0500
  Seg Loss: 0.3185 | Recon Loss: 0.0092 | KLD Loss: 0.0116
  Total Loss: 13.6533
Epoch 209/300 | Avg Train Loss: 0.5106 | KLD Beta: 0.0500
  Seg Loss: 0.3324 | Recon Loss: 0.0112 | KLD Loss: 0.0162
  Total Loss: 14.2972
Epoch 210/300 | Avg Train Loss: 0.4838 | KLD Beta: 0.0500
  Seg Loss: 0.3147 | Recon Loss: 0.0107 | KLD Loss: 0.0218
  Total Loss: 13.5471
Epoch 211/300 | Avg Train Loss: 0.4824 | KLD Beta: 0.0500
  Seg Loss: 0.3144 | Recon Loss: 0.0097 | KLD Loss: 0.0241
  Total Loss: 13.5068
Epoch 212/300 | Avg Train Loss: 0.4957 | KLD Beta: 0.0500
  Seg Loss: 0.3226 | Recon Loss: 0.0109 | KLD Loss: 0.0178
  Total Loss: 13.8792
Epoch 213/300 | Avg Train Loss: 0.4797 | KLD Beta: 0.0500
  Seg Loss: 0.3121 | Recon Loss: 0.0106 | KLD Loss: 0.0191
  Total Loss: 13.4312
Epoch 214/300 | Avg Train Loss: 0.4936 | KLD Beta: 0.0500
  Seg Loss: 0.3216 | Recon Loss: 0.0094 | KLD Loss: 0.0347
  Total Loss: 13.8196
Epoch 215/300 | Avg Train Loss: 0.4915 | KLD Beta: 0.0500
  Seg Loss: 0.3199 | Recon Loss: 0.0108 | KLD Loss: 0.0147
  Total Loss: 13.7608
Epoch 216/300 | Avg Train Loss: 0.4828 | KLD Beta: 0.0500
  Seg Loss: 0.3149 | Recon Loss: 0.0099 | KLD Loss: 0.0110
  Total Loss: 13.5179
Epoch 217/300 | Avg Train Loss: 0.4772 | KLD Beta: 0.0500
  Seg Loss: 0.3112 | Recon Loss: 0.0099 | KLD Loss: 0.0086
  Total Loss: 13.3619
Epoch 218/300 | Avg Train Loss: 0.4871 | KLD Beta: 0.0500
  Seg Loss: 0.3176 | Recon Loss: 0.0102 | KLD Loss: 0.0072
  Total Loss: 13.6383
Epoch 219/300 | Avg Train Loss: 0.4955 | KLD Beta: 0.0500
  Seg Loss: 0.3233 | Recon Loss: 0.0098 | KLD Loss: 0.0167
  Total Loss: 13.8751
Epoch 220/300 | Avg Train Loss: 0.4747 | KLD Beta: 0.0500
  Seg Loss: 0.3096 | Recon Loss: 0.0098 | KLD Loss: 0.0103
  Total Loss: 13.2927
Epoch 221/300 | Avg Train Loss: 0.4875 | KLD Beta: 0.0500
  Seg Loss: 0.3182 | Recon Loss: 0.0097 | KLD Loss: 0.0117
  Total Loss: 13.6505
Epoch 222/300 | Avg Train Loss: 0.4908 | KLD Beta: 0.0500
  Seg Loss: 0.3191 | Recon Loss: 0.0111 | KLD Loss: 0.0194
  Total Loss: 13.7422
Epoch 223/300 | Avg Train Loss: 0.5028 | KLD Beta: 0.0500
  Seg Loss: 0.3279 | Recon Loss: 0.0098 | KLD Loss: 0.0204
  Total Loss: 14.0771
Epoch 224/300 | Avg Train Loss: 0.4752 | KLD Beta: 0.0500
  Seg Loss: 0.3085 | Recon Loss: 0.0103 | KLD Loss: 0.0445
  Total Loss: 13.3067
Epoch 225/300 | Avg Train Loss: 0.4809 | KLD Beta: 0.0500
  Seg Loss: 0.3070 | Recon Loss: 0.0093 | KLD Loss: 0.2207
  Total Loss: 13.4653
Epoch 226/300 | Avg Train Loss: 0.4805 | KLD Beta: 0.0500
  Seg Loss: 0.3109 | Recon Loss: 0.0108 | KLD Loss: 0.0668
  Total Loss: 13.4545
Epoch 227/300 | Avg Train Loss: 0.4878 | KLD Beta: 0.0500
  Seg Loss: 0.3173 | Recon Loss: 0.0098 | KLD Loss: 0.0401
  Total Loss: 13.6575
Epoch 228/300 | Avg Train Loss: 0.4960 | KLD Beta: 0.0500
  Seg Loss: 0.3233 | Recon Loss: 0.0098 | KLD Loss: 0.0272
  Total Loss: 13.8892
Epoch 229/300 | Avg Train Loss: 0.4674 | KLD Beta: 0.0500
  Seg Loss: 0.3042 | Recon Loss: 0.0103 | KLD Loss: 0.0166
  Total Loss: 13.0877
Epoch 230/300 | Avg Train Loss: 0.4726 | KLD Beta: 0.0500
  Seg Loss: 0.3080 | Recon Loss: 0.0095 | KLD Loss: 0.0204
  Total Loss: 13.2318
Epoch 231/300 | Avg Train Loss: 0.4744 | KLD Beta: 0.0500
  Seg Loss: 0.3095 | Recon Loss: 0.0096 | KLD Loss: 0.0121
  Total Loss: 13.2838
Epoch 232/300 | Avg Train Loss: 0.4842 | KLD Beta: 0.0500
  Seg Loss: 0.3153 | Recon Loss: 0.0104 | KLD Loss: 0.0182
  Total Loss: 13.5583
Epoch 233/300 | Avg Train Loss: 0.4770 | KLD Beta: 0.0500
  Seg Loss: 0.3113 | Recon Loss: 0.0094 | KLD Loss: 0.0132
  Total Loss: 13.3563
Epoch 234/300 | Avg Train Loss: 0.4769 | KLD Beta: 0.0500
  Seg Loss: 0.3110 | Recon Loss: 0.0098 | KLD Loss: 0.0112
  Total Loss: 13.3521
Epoch 235/300 | Avg Train Loss: 0.4892 | KLD Beta: 0.0500
  Seg Loss: 0.3188 | Recon Loss: 0.0103 | KLD Loss: 0.0137
  Total Loss: 13.6968
Epoch 236/300 | Avg Train Loss: 0.4835 | KLD Beta: 0.0500
  Seg Loss: 0.3154 | Recon Loss: 0.0099 | KLD Loss: 0.0093
  Total Loss: 13.5379
Epoch 237/300 | Avg Train Loss: 0.4745 | KLD Beta: 0.0500
  Seg Loss: 0.3093 | Recon Loss: 0.0100 | KLD Loss: 0.0103
  Total Loss: 13.2862
Epoch 238/300 | Avg Train Loss: 0.4934 | KLD Beta: 0.0500
  Seg Loss: 0.3219 | Recon Loss: 0.0099 | KLD Loss: 0.0135
  Total Loss: 13.8150
Epoch 239/300 | Avg Train Loss: 0.4866 | KLD Beta: 0.0500
  Seg Loss: 0.3169 | Recon Loss: 0.0101 | KLD Loss: 0.0230
  Total Loss: 13.6248
Epoch 240/300 | Avg Train Loss: 0.4754 | KLD Beta: 0.0500
  Seg Loss: 0.3096 | Recon Loss: 0.0089 | KLD Loss: 0.0404
  Total Loss: 13.3106
Epoch 241/300 | Avg Train Loss: 0.4759 | KLD Beta: 0.0500
  Seg Loss: 0.3100 | Recon Loss: 0.0099 | KLD Loss: 0.0189
  Total Loss: 13.3241
Epoch 242/300 | Avg Train Loss: 0.4928 | KLD Beta: 0.0500
  Seg Loss: 0.3210 | Recon Loss: 0.0108 | KLD Loss: 0.0118
  Total Loss: 13.7986
Epoch 243/300 | Avg Train Loss: 0.4786 | KLD Beta: 0.0500
  Seg Loss: 0.3113 | Recon Loss: 0.0111 | KLD Loss: 0.0111
  Total Loss: 13.3996
Epoch 244/300 | Avg Train Loss: 0.4733 | KLD Beta: 0.0500
  Seg Loss: 0.3091 | Recon Loss: 0.0086 | KLD Loss: 0.0196
  Total Loss: 13.2513
Epoch 245/300 | Avg Train Loss: 0.4774 | KLD Beta: 0.0500
  Seg Loss: 0.3114 | Recon Loss: 0.0094 | KLD Loss: 0.0167
  Total Loss: 13.3679
Epoch 246/300 | Avg Train Loss: 0.4688 | KLD Beta: 0.0500
  Seg Loss: 0.3054 | Recon Loss: 0.0099 | KLD Loss: 0.0160
  Total Loss: 13.1265
Epoch 247/300 | Avg Train Loss: 0.4671 | KLD Beta: 0.0500
  Seg Loss: 0.3047 | Recon Loss: 0.0093 | KLD Loss: 0.0147
  Total Loss: 13.0779
Epoch 248/300 | Avg Train Loss: 0.4621 | KLD Beta: 0.0500
  Seg Loss: 0.3013 | Recon Loss: 0.0095 | KLD Loss: 0.0143
  Total Loss: 12.9384
Epoch 249/300 | Avg Train Loss: 0.4734 | KLD Beta: 0.0500
  Seg Loss: 0.3078 | Recon Loss: 0.0110 | KLD Loss: 0.0136
  Total Loss: 13.2548
Epoch 250/300 | Avg Train Loss: 0.4744 | KLD Beta: 0.0500
  Seg Loss: 0.3092 | Recon Loss: 0.0100 | KLD Loss: 0.0119
  Total Loss: 13.2833
Epoch 251/300 | Avg Train Loss: 0.4628 | KLD Beta: 0.0500
  Seg Loss: 0.3014 | Recon Loss: 0.0100 | KLD Loss: 0.0133
  Total Loss: 12.9575
Epoch 252/300 | Avg Train Loss: 0.4776 | KLD Beta: 0.0500
  Seg Loss: 0.3115 | Recon Loss: 0.0099 | KLD Loss: 0.0078
  Total Loss: 13.3725
Epoch 253/300 | Avg Train Loss: 0.4688 | KLD Beta: 0.0500
  Seg Loss: 0.3050 | Recon Loss: 0.0108 | KLD Loss: 0.0102
  Total Loss: 13.1262
Epoch 254/300 | Avg Train Loss: 0.4728 | KLD Beta: 0.0500
  Seg Loss: 0.3069 | Recon Loss: 0.0091 | KLD Loss: 0.0647
  Total Loss: 13.2382
Epoch 255/300 | Avg Train Loss: 0.4658 | KLD Beta: 0.0500
  Seg Loss: 0.3034 | Recon Loss: 0.0096 | KLD Loss: 0.0228
  Total Loss: 13.0436
Epoch 256/300 | Avg Train Loss: 0.4654 | KLD Beta: 0.0500
  Seg Loss: 0.3030 | Recon Loss: 0.0094 | KLD Loss: 0.0296
  Total Loss: 13.0303
Epoch 257/300 | Avg Train Loss: 0.4620 | KLD Beta: 0.0500
  Seg Loss: 0.3013 | Recon Loss: 0.0095 | KLD Loss: 0.0113
  Total Loss: 12.9348
Epoch 258/300 | Avg Train Loss: 0.4625 | KLD Beta: 0.0500
  Seg Loss: 0.3016 | Recon Loss: 0.0096 | KLD Loss: 0.0102
  Total Loss: 12.9495
Epoch 259/300 | Avg Train Loss: 0.4597 | KLD Beta: 0.0500
  Seg Loss: 0.2996 | Recon Loss: 0.0097 | KLD Loss: 0.0120
  Total Loss: 12.8706
Epoch 260/300 | Avg Train Loss: 0.4784 | KLD Beta: 0.0500
  Seg Loss: 0.3114 | Recon Loss: 0.0099 | KLD Loss: 0.0294
  Total Loss: 13.3951
Epoch 261/300 | Avg Train Loss: 0.4607 | KLD Beta: 0.0500
  Seg Loss: 0.2997 | Recon Loss: 0.0090 | KLD Loss: 0.0440
  Total Loss: 12.9005
Epoch 262/300 | Avg Train Loss: 0.4897 | KLD Beta: 0.0500
  Seg Loss: 0.3187 | Recon Loss: 0.0109 | KLD Loss: 0.0146
  Total Loss: 13.7109
Epoch 263/300 | Avg Train Loss: 0.5545 | KLD Beta: 0.0500
  Seg Loss: 0.3126 | Recon Loss: 0.0102 | KLD Loss: 1.5088
  Total Loss: 15.5269
Epoch 264/300 | Avg Train Loss: 0.4783 | KLD Beta: 0.0500
  Seg Loss: 0.3087 | Recon Loss: 0.0103 | KLD Loss: 0.0980
  Total Loss: 13.3928
Epoch 265/300 | Avg Train Loss: 0.4828 | KLD Beta: 0.0500
  Seg Loss: 0.3138 | Recon Loss: 0.0103 | KLD Loss: 0.0357
  Total Loss: 13.5188
Epoch 266/300 | Avg Train Loss: 0.4989 | KLD Beta: 0.0500
  Seg Loss: 0.3254 | Recon Loss: 0.0102 | KLD Loss: 0.0115
  Total Loss: 13.9700
Epoch 267/300 | Avg Train Loss: 0.5141 | KLD Beta: 0.0500
  Seg Loss: 0.3348 | Recon Loss: 0.0106 | KLD Loss: 0.0243
  Total Loss: 14.3939
Epoch 268/300 | Avg Train Loss: 0.4847 | KLD Beta: 0.0500
  Seg Loss: 0.3158 | Recon Loss: 0.0094 | KLD Loss: 0.0342
  Total Loss: 13.5717
Epoch 269/300 | Avg Train Loss: 0.4809 | KLD Beta: 0.0500
  Seg Loss: 0.3119 | Recon Loss: 0.0100 | KLD Loss: 0.0609
  Total Loss: 13.4644
Epoch 270/300 | Avg Train Loss: 0.4738 | KLD Beta: 0.0500
  Seg Loss: 0.3086 | Recon Loss: 0.0094 | KLD Loss: 0.0289
  Total Loss: 13.2655
Epoch 271/300 | Avg Train Loss: 0.4880 | KLD Beta: 0.0500
  Seg Loss: 0.3179 | Recon Loss: 0.0107 | KLD Loss: 0.0109
  Total Loss: 13.6649
Epoch 272/300 | Avg Train Loss: 0.4707 | KLD Beta: 0.0500
  Seg Loss: 0.3072 | Recon Loss: 0.0092 | KLD Loss: 0.0123
  Total Loss: 13.1790
Epoch 273/300 | Avg Train Loss: 0.4704 | KLD Beta: 0.0500
  Seg Loss: 0.3069 | Recon Loss: 0.0096 | KLD Loss: 0.0090
  Total Loss: 13.1701
Epoch 274/300 | Avg Train Loss: 0.4787 | KLD Beta: 0.0500
  Seg Loss: 0.3122 | Recon Loss: 0.0099 | KLD Loss: 0.0114
  Total Loss: 13.4044
Epoch 275/300 | Avg Train Loss: 0.5039 | KLD Beta: 0.0500
  Seg Loss: 0.3292 | Recon Loss: 0.0093 | KLD Loss: 0.0151
  Total Loss: 14.1091
Epoch 276/300 | Avg Train Loss: 0.4837 | KLD Beta: 0.0500
  Seg Loss: 0.3150 | Recon Loss: 0.0102 | KLD Loss: 0.0202
  Total Loss: 13.5435
Epoch 277/300 | Avg Train Loss: 0.4726 | KLD Beta: 0.0500
  Seg Loss: 0.3079 | Recon Loss: 0.0099 | KLD Loss: 0.0166
  Total Loss: 13.2314
Epoch 278/300 | Avg Train Loss: 0.4778 | KLD Beta: 0.0500
  Seg Loss: 0.3113 | Recon Loss: 0.0103 | KLD Loss: 0.0090
  Total Loss: 13.3775
Epoch 279/300 | Avg Train Loss: 0.4846 | KLD Beta: 0.0500
  Seg Loss: 0.3149 | Recon Loss: 0.0119 | KLD Loss: 0.0076
  Total Loss: 13.5684
Epoch 280/300 | Avg Train Loss: 0.4694 | KLD Beta: 0.0500
  Seg Loss: 0.3054 | Recon Loss: 0.0109 | KLD Loss: 0.0095
  Total Loss: 13.1439
Epoch 281/300 | Avg Train Loss: 0.4709 | KLD Beta: 0.0500
  Seg Loss: 0.3072 | Recon Loss: 0.0095 | KLD Loss: 0.0122
  Total Loss: 13.1855
Epoch 282/300 | Avg Train Loss: 0.4770 | KLD Beta: 0.0500
  Seg Loss: 0.3114 | Recon Loss: 0.0094 | KLD Loss: 0.0092
  Total Loss: 13.3553
Epoch 283/300 | Avg Train Loss: 0.4739 | KLD Beta: 0.0500
  Seg Loss: 0.3091 | Recon Loss: 0.0099 | KLD Loss: 0.0078
  Total Loss: 13.2684
Epoch 284/300 | Avg Train Loss: 0.4756 | KLD Beta: 0.0500
  Seg Loss: 0.3107 | Recon Loss: 0.0091 | KLD Loss: 0.0084
  Total Loss: 13.3160
Epoch 285/300 | Avg Train Loss: 0.4620 | KLD Beta: 0.0500
  Seg Loss: 0.3008 | Recon Loss: 0.0104 | KLD Loss: 0.0073
  Total Loss: 12.9357
Epoch 286/300 | Avg Train Loss: 0.4630 | KLD Beta: 0.0500
  Seg Loss: 0.3024 | Recon Loss: 0.0089 | KLD Loss: 0.0110
  Total Loss: 12.9654
Epoch 287/300 | Avg Train Loss: 0.4608 | KLD Beta: 0.0500
  Seg Loss: 0.3005 | Recon Loss: 0.0096 | KLD Loss: 0.0096
  Total Loss: 12.9015
Epoch 288/300 | Avg Train Loss: 0.4758 | KLD Beta: 0.0500
  Seg Loss: 0.3103 | Recon Loss: 0.0094 | KLD Loss: 0.0193
  Total Loss: 13.3230
Epoch 289/300 | Avg Train Loss: 0.4762 | KLD Beta: 0.0500
  Seg Loss: 0.3102 | Recon Loss: 0.0095 | KLD Loss: 0.0272
  Total Loss: 13.3335
Epoch 290/300 | Avg Train Loss: 0.4899 | KLD Beta: 0.0500
  Seg Loss: 0.3192 | Recon Loss: 0.0093 | KLD Loss: 0.0373
  Total Loss: 13.7174
Epoch 291/300 | Avg Train Loss: 0.4781 | KLD Beta: 0.0500
  Seg Loss: 0.3106 | Recon Loss: 0.0103 | KLD Loss: 0.0374
  Total Loss: 13.3856
Epoch 292/300 | Avg Train Loss: 0.4921 | KLD Beta: 0.0500
  Seg Loss: 0.3207 | Recon Loss: 0.0104 | KLD Loss: 0.0106
  Total Loss: 13.7778
Epoch 293/300 | Avg Train Loss: 0.4788 | KLD Beta: 0.0500
  Seg Loss: 0.3124 | Recon Loss: 0.0096 | KLD Loss: 0.0102
  Total Loss: 13.4052
Epoch 294/300 | Avg Train Loss: 0.4787 | KLD Beta: 0.0500
  Seg Loss: 0.3124 | Recon Loss: 0.0093 | KLD Loss: 0.0150
  Total Loss: 13.4024
Epoch 295/300 | Avg Train Loss: 0.4690 | KLD Beta: 0.0500
  Seg Loss: 0.3061 | Recon Loss: 0.0094 | KLD Loss: 0.0089
  Total Loss: 13.1332
Epoch 296/300 | Avg Train Loss: 0.4665 | KLD Beta: 0.0500
  Seg Loss: 0.3037 | Recon Loss: 0.0106 | KLD Loss: 0.0072
  Total Loss: 13.0607
Epoch 297/300 | Avg Train Loss: 0.4690 | KLD Beta: 0.0500
  Seg Loss: 0.3030 | Recon Loss: 0.0100 | KLD Loss: 0.0892
  Total Loss: 13.1312
Epoch 298/300 | Avg Train Loss: 0.4607 | KLD Beta: 0.0500
  Seg Loss: 0.3003 | Recon Loss: 0.0094 | KLD Loss: 0.0164
  Total Loss: 12.8984
Epoch 299/300 | Avg Train Loss: 0.4911 | KLD Beta: 0.0500
  Seg Loss: 0.3207 | Recon Loss: 0.0092 | KLD Loss: 0.0156
  Total Loss: 13.7501
Epoch 300/300 | Avg Train Loss: 0.4672 | KLD Beta: 0.0500
  Seg Loss: 0.3038 | Recon Loss: 0.0102 | KLD Loss: 0.0263
  Total Loss: 13.0819
Training complete.
Saved trained model to /zhome/d2/4/167803/Desktop/Deep_project/02456-final-project/Trained_models/VAE.pth
Job Finished.

------------------------------------------------------------
Sender: LSF System <lsfadmin@hpc.dtu.dk>
Subject: Job 27051664: <VAE_job> in cluster <dcc> Done

Job <VAE_job> was submitted from host <gbarlogin1> by user <s214776> in cluster <dcc> at Mon Nov 17 12:12:58 2025
Job was executed on host(s) <4*n-62-13-19>, in queue <gpul40s>, as user <s214776> in cluster <dcc> at Mon Nov 17 15:56:11 2025
</zhome/d2/4/167803> was used as the home directory.
</zhome/d2/4/167803/Desktop/Deep_project/02456-final-project> was used as the working directory.
Started at Mon Nov 17 15:56:11 2025
Terminated at Mon Nov 17 16:56:57 2025
Results reported at Mon Nov 17 16:56:57 2025

Your job looked like:

------------------------------------------------------------
# LSBATCH: User input
#!/bin/sh
### --- Job Name ---
#BSUB -J VAE_job

### --- Log files ---
#BSUB -o /zhome/d2/4/167803/Desktop/Deep_project/02456-final-project/logs/VAE_job_%J.out
#BSUB -e /zhome/d2/4/167803/Desktop/Deep_project/02456-final-project/logs/VAE_job_%J.err
### --- Resource Requests ---
#BSUB -q gpul40s           # Request GPU queue
#BSUB -gpu "num=1:mode=exclusive_process" # Request 1 GPU, all to myself
#BSUB -n 4                    # Request 4 CPU cores
#BSUB -R "rusage[mem=16GB]"   # Request 16GB memory
#BSUB -W 04:00                # 4 hour runtime limit

### --- Setup Environment ---
echo "Loading CUDA module..."
module load cuda/11.6         # Load CUDA module

echo "Loading Conda..."
# This is the full, correct path to your environment
source /zhome/d2/4/167803/miniforge3/bin/activate MBML
echo "Environment 'MBML' activated."

### --- Run Script ---
echo "Starting Python script..."
python /zhome/d2/4/167803/Desktop/Deep_project/02456-final-project/Model/VAE.py

echo "Job Finished."
------------------------------------------------------------

Successfully completed.

Resource usage summary:

    CPU time :                                   3785.00 sec.
    Max Memory :                                 1765 MB
    Average Memory :                             1546.56 MB
    Total Requested Memory :                     65536.00 MB
    Delta Memory :                               63771.00 MB
    Max Swap :                                   -
    Max Processes :                              4
    Max Threads :                                10
    Run time :                                   3647 sec.
    Turnaround time :                            17039 sec.

The output (if any) is above this job summary.



PS:

Read file </zhome/d2/4/167803/Desktop/Deep_project/02456-final-project/logs/VAE_job_27051664.err> for stderr output of this job.

