Loading CUDA module...
Loading Conda...
Environment 'MBML' activated.
Starting Python script...
Using device: cuda
Using device: cuda
Using Class Weights: tensor([1., 1., 1., 5.], device='cuda:0')
--- Data Splits ---
Test (Reserved): [1, 2, 33, 34]
Validation: [27, 28, 29, 30]
Labeled Train: [3, 4, 5, 6, 7, 8, 35, 36, 36, 37, 38]
Unlabeled Train: [9, 10, 11, 12, 13, 14, 15, 16, 17, 18, 19, 20, 21, 22, 23, 24, 25, 26]
--- Loaders Ready ---
Train Batches: 59
Val Batches: 16
--- Starting Training ---
Epoch 1/800 | Train Loss: 2.6422
 Avg Train Loss: 2.6422 | Seg Loss: 0.5217 | Recon Loss: 0.0339
  Val mIoU: 0.7257 (Best: 0.0000)
  [Class IoU]  C1: 0.9100 | C2: 0.8003 | C3: 0.4668
  --> New Best Model Saved!
Epoch 2/800 | Train Loss: 4.6884
 Avg Train Loss: 4.6884 | Seg Loss: 0.4049 | Recon Loss: 0.0093
  Val mIoU: 0.5839 (Best: 0.7257)
  [Class IoU]  C1: 0.9057 | C2: 0.7037 | C3: 0.1423
Epoch 3/800 | Train Loss: 3.0535
 Avg Train Loss: 3.0535 | Seg Loss: 0.3849 | Recon Loss: 0.0086
  Val mIoU: 0.6150 (Best: 0.7257)
  [Class IoU]  C1: 0.9207 | C2: 0.7737 | C3: 0.1506
Epoch 4/800 | Train Loss: 2.4851
 Avg Train Loss: 2.4851 | Seg Loss: 0.3724 | Recon Loss: 0.0076
  Val mIoU: 0.5614 (Best: 0.7257)
  [Class IoU]  C1: 0.9202 | C2: 0.7000 | C3: 0.0639

------------------------------------------------------------
Sender: LSF System <lsfadmin@hpc.dtu.dk>
Subject: Job 27163764: <VAE_job> in cluster <dcc> Exited

Job <VAE_job> was submitted from host <gbarlogin1> by user <s214776> in cluster <dcc> at Mon Nov 24 22:13:40 2025
Job was executed on host(s) <8*n-62-13-16>, in queue <gpul40s>, as user <s214776> in cluster <dcc> at Mon Nov 24 22:17:13 2025
</zhome/d2/4/167803> was used as the home directory.
</zhome/d2/4/167803/Desktop/Deep_project/02456-final-project> was used as the working directory.
Started at Mon Nov 24 22:17:13 2025
Terminated at Mon Nov 24 22:21:26 2025
Results reported at Mon Nov 24 22:21:26 2025

Your job looked like:

------------------------------------------------------------
# LSBATCH: User input
#!/bin/sh
### --- Job Name ---
#BSUB -J VAE_job

### --- Log files ---
#BSUB -o /zhome/d2/4/167803/Desktop/Deep_project/02456-final-project/logs/VAE_job_%J.out
#BSUB -e /zhome/d2/4/167803/Desktop/Deep_project/02456-final-project/logs/VAE_job_%J.err
### --- Resource Requests ---
#BSUB -q gpul40s           # Request GPU queue
#BSUB -gpu "num=1:mode=exclusive_process" # Request 1 GPU, all to myself
#BSUB -n 8                    # Request 4 CPU cores
#BSUB -R "rusage[mem=16GB]"   # Request 16GB memory
#BSUB -W 15:00                # 4 hour runtime limit

### --- Setup Environment ---
echo "Loading CUDA module..."
module load cuda/11.6         # Load CUDA module

echo "Loading Conda..."
# This is the full, correct path to your environment
source /zhome/d2/4/167803/miniforge3/bin/activate MBML
echo "Environment 'MBML' activated."

### --- Run Script ---
echo "Starting Python script..."
python /zhome/d2/4/167803/Desktop/Deep_project/02456-final-project/Model/VAE_vali.py

echo "Job Finished."
------------------------------------------------------------

TERM_OWNER: job killed by owner.
Exited with exit code 130.

Resource usage summary:

    CPU time :                                   1196.00 sec.
    Max Memory :                                 2203 MB
    Average Memory :                             1249.25 MB
    Total Requested Memory :                     131072.00 MB
    Delta Memory :                               128869.00 MB
    Max Swap :                                   -
    Max Processes :                              12
    Max Threads :                                42
    Run time :                                   254 sec.
    Turnaround time :                            466 sec.

The output (if any) is above this job summary.



PS:

Read file </zhome/d2/4/167803/Desktop/Deep_project/02456-final-project/logs/VAE_job_27163764.err> for stderr output of this job.

