Loaded module: cuda/11.6
Traceback (most recent call last):
  File "/zhome/d2/4/167803/Desktop/Deep_project/02456-final-project/Model/VAE.py", line 143, in <module>
    loss_seg = loss_fn_seg(seg_out, y_target)
               ^^^^^^^^^^^^^^^^^^^^^^^^^^^^^^
  File "/zhome/d2/4/167803/miniforge3/envs/MBML/lib/python3.12/site-packages/torch/nn/modules/module.py", line 1553, in _wrapped_call_impl
    return self._call_impl(*args, **kwargs)
           ^^^^^^^^^^^^^^^^^^^^^^^^^^^^^^^^
  File "/zhome/d2/4/167803/miniforge3/envs/MBML/lib/python3.12/site-packages/torch/nn/modules/module.py", line 1562, in _call_impl
    return forward_call(*args, **kwargs)
           ^^^^^^^^^^^^^^^^^^^^^^^^^^^^^
  File "/zhome/d2/4/167803/Desktop/Deep_project/02456-final-project/func/loss.py", line 104, in forward
    loss_dice = self.dice_loss_fn(inputs, targets) 
                ^^^^^^^^^^^^^^^^^^^^^^^^^^^^^^^^^^
  File "/zhome/d2/4/167803/miniforge3/envs/MBML/lib/python3.12/site-packages/torch/nn/modules/module.py", line 1553, in _wrapped_call_impl
    return self._call_impl(*args, **kwargs)
           ^^^^^^^^^^^^^^^^^^^^^^^^^^^^^^^^
  File "/zhome/d2/4/167803/miniforge3/envs/MBML/lib/python3.12/site-packages/torch/nn/modules/module.py", line 1562, in _call_impl
    return forward_call(*args, **kwargs)
           ^^^^^^^^^^^^^^^^^^^^^^^^^^^^^
  File "/zhome/d2/4/167803/Desktop/Deep_project/02456-final-project/func/loss.py", line 326, in forward
    true_pos = (y_pred_flat * y_true_flat).sum(dim=2)
                ~~~~~~~~~~~~^~~~~~~~~~~~~
RuntimeError: Expected all tensors to be on the same device, but found at least two devices, cuda:0 and cpu!
