Loading CUDA module...
Loading Conda...
Environment 'MBML' activated.
Starting Python script...
Using device: cuda
Using device: cuda
Found 28 image/label pairs.
--- Data Split ---
Total labeled samples: 28
Training samples: 23 (Augmentation: False)
Validation samples: 5 (Augmentation: False)
--- Labeled data success ---
Found 119 unlabeled images.
--- Unlabeled data success ---
--- Training the VAE on Liver Data ---

--- Epoch 1/300 | KLD Beta: 0.000000 ---
  TRAIN | Total Loss: 4.0628
          Seg: 0.7637 | Recon: 0.2443 | KLD: 0.1780
  VALID | Epoch Mean IoU (mIoU): 0.0419
    --> New best mIoU: 0.0419

--- Epoch 2/300 | KLD Beta: 0.000020 ---
  TRAIN | Total Loss: 3.8587
          Seg: 0.7300 | Recon: 0.2085 | KLD: 0.1993
  VALID | Epoch Mean IoU (mIoU): 0.0407
    No improvement for 1 epochs.

--- Epoch 3/300 | KLD Beta: 0.000040 ---
  TRAIN | Total Loss: 3.6852
          Seg: 0.6983 | Recon: 0.1936 | KLD: 0.2172
  VALID | Epoch Mean IoU (mIoU): 0.0389
    No improvement for 2 epochs.

--- Epoch 4/300 | KLD Beta: 0.000060 ---
  TRAIN | Total Loss: 3.5425
          Seg: 0.6753 | Recon: 0.1662 | KLD: 0.1941
  VALID | Epoch Mean IoU (mIoU): 0.0367
    No improvement for 3 epochs.

--- Epoch 5/300 | KLD Beta: 0.000080 ---
  TRAIN | Total Loss: 3.4196
          Seg: 0.6512 | Recon: 0.1634 | KLD: 0.1746
  VALID | Epoch Mean IoU (mIoU): 0.0361
    No improvement for 4 epochs.

--- Epoch 6/300 | KLD Beta: 0.000100 ---
  TRAIN | Total Loss: 3.3305
          Seg: 0.6375 | Recon: 0.1430 | KLD: 0.1704
  VALID | Epoch Mean IoU (mIoU): 0.0351
    No improvement for 5 epochs.

--- Epoch 7/300 | KLD Beta: 0.000120 ---
  TRAIN | Total Loss: 3.2373
          Seg: 0.6197 | Recon: 0.1386 | KLD: 0.1694
  VALID | Epoch Mean IoU (mIoU): 0.0325
    No improvement for 6 epochs.

--- Epoch 8/300 | KLD Beta: 0.000140 ---
  TRAIN | Total Loss: 3.1302
          Seg: 0.5990 | Recon: 0.1349 | KLD: 0.1732
  VALID | Epoch Mean IoU (mIoU): 0.0351
    No improvement for 7 epochs.

--- Epoch 9/300 | KLD Beta: 0.000160 ---
  TRAIN | Total Loss: 2.9956
          Seg: 0.5760 | Recon: 0.1155 | KLD: 0.1809
  VALID | Epoch Mean IoU (mIoU): 0.0358
    No improvement for 8 epochs.

--- Epoch 10/300 | KLD Beta: 0.000180 ---
  TRAIN | Total Loss: 3.0776
          Seg: 0.5923 | Recon: 0.1158 | KLD: 0.1790
  VALID | Epoch Mean IoU (mIoU): 0.0654
    --> New best mIoU: 0.0654

--- Epoch 11/300 | KLD Beta: 0.000200 ---
  TRAIN | Total Loss: 2.9724
          Seg: 0.5736 | Recon: 0.1046 | KLD: 0.1787
  VALID | Epoch Mean IoU (mIoU): 0.0441
    No improvement for 1 epochs.

--- Epoch 12/300 | KLD Beta: 0.000220 ---
  TRAIN | Total Loss: 2.8979
          Seg: 0.5583 | Recon: 0.1066 | KLD: 0.1799
  VALID | Epoch Mean IoU (mIoU): 0.0574
    No improvement for 2 epochs.

--- Epoch 13/300 | KLD Beta: 0.000240 ---
  TRAIN | Total Loss: 2.8856
          Seg: 0.5558 | Recon: 0.1064 | KLD: 0.1862
  VALID | Epoch Mean IoU (mIoU): 0.0835
    --> New best mIoU: 0.0835

--- Epoch 14/300 | KLD Beta: 0.000260 ---
  TRAIN | Total Loss: 2.8267
          Seg: 0.5469 | Recon: 0.0920 | KLD: 0.1878
  VALID | Epoch Mean IoU (mIoU): 0.0535
    No improvement for 1 epochs.

--- Epoch 15/300 | KLD Beta: 0.000280 ---
  TRAIN | Total Loss: 2.8438
          Seg: 0.5515 | Recon: 0.0863 | KLD: 0.1934
  VALID | Epoch Mean IoU (mIoU): 0.0524
    No improvement for 2 epochs.

--- Epoch 16/300 | KLD Beta: 0.000300 ---
  TRAIN | Total Loss: 2.7956
          Seg: 0.5405 | Recon: 0.0930 | KLD: 0.1966
  VALID | Epoch Mean IoU (mIoU): 0.0461
    No improvement for 3 epochs.

--- Epoch 17/300 | KLD Beta: 0.000320 ---
  TRAIN | Total Loss: 2.7313
          Seg: 0.5309 | Recon: 0.0767 | KLD: 0.2096
  VALID | Epoch Mean IoU (mIoU): 0.0474
    No improvement for 4 epochs.

--- Epoch 18/300 | KLD Beta: 0.000340 ---
  TRAIN | Total Loss: 2.7271
          Seg: 0.5288 | Recon: 0.0831 | KLD: 0.2053
  VALID | Epoch Mean IoU (mIoU): 0.0453
    No improvement for 5 epochs.

--- Epoch 19/300 | KLD Beta: 0.000360 ---
  TRAIN | Total Loss: 2.6740
          Seg: 0.5193 | Recon: 0.0774 | KLD: 0.2076
  VALID | Epoch Mean IoU (mIoU): 0.0402
    No improvement for 6 epochs.

--- Epoch 20/300 | KLD Beta: 0.000380 ---
  TRAIN | Total Loss: 2.6309
          Seg: 0.5116 | Recon: 0.0730 | KLD: 0.2161
  VALID | Epoch Mean IoU (mIoU): 0.0413
    No improvement for 7 epochs.

--- Epoch 21/300 | KLD Beta: 0.000400 ---
  TRAIN | Total Loss: 2.6697
          Seg: 0.5187 | Recon: 0.0760 | KLD: 0.2218
  VALID | Epoch Mean IoU (mIoU): 0.0547
    No improvement for 8 epochs.

--- Epoch 22/300 | KLD Beta: 0.000420 ---
  TRAIN | Total Loss: 2.6413
          Seg: 0.5133 | Recon: 0.0745 | KLD: 0.2225
  VALID | Epoch Mean IoU (mIoU): 0.0563
    No improvement for 9 epochs.

--- Epoch 23/300 | KLD Beta: 0.000440 ---
  TRAIN | Total Loss: 2.5542
          Seg: 0.4981 | Recon: 0.0638 | KLD: 0.2179
  VALID | Epoch Mean IoU (mIoU): 0.0746
    No improvement for 10 epochs.

--- Epoch 24/300 | KLD Beta: 0.000460 ---
  TRAIN | Total Loss: 2.6300
          Seg: 0.5113 | Recon: 0.0733 | KLD: 0.2259
  VALID | Epoch Mean IoU (mIoU): 0.0418
    No improvement for 11 epochs.

--- Epoch 25/300 | KLD Beta: 0.000480 ---
  TRAIN | Total Loss: 2.5665
          Seg: 0.5008 | Recon: 0.0625 | KLD: 0.2218
  VALID | Epoch Mean IoU (mIoU): 0.0338
    No improvement for 12 epochs.

--- Epoch 26/300 | KLD Beta: 0.000500 ---
  TRAIN | Total Loss: 2.5290
          Seg: 0.4939 | Recon: 0.0592 | KLD: 0.2227
  VALID | Epoch Mean IoU (mIoU): 0.0591
    No improvement for 13 epochs.

--- Epoch 27/300 | KLD Beta: 0.000520 ---
  TRAIN | Total Loss: 2.6043
          Seg: 0.5085 | Recon: 0.0616 | KLD: 0.2304
  VALID | Epoch Mean IoU (mIoU): 0.0487
    No improvement for 14 epochs.

--- Epoch 28/300 | KLD Beta: 0.000540 ---
  TRAIN | Total Loss: 2.5570
          Seg: 0.4985 | Recon: 0.0646 | KLD: 0.2251
  VALID | Epoch Mean IoU (mIoU): 0.0874
    --> New best mIoU: 0.0874

--- Epoch 29/300 | KLD Beta: 0.000560 ---
  TRAIN | Total Loss: 2.4940
          Seg: 0.4882 | Recon: 0.0531 | KLD: 0.2343
  VALID | Epoch Mean IoU (mIoU): 0.0693
    No improvement for 1 epochs.

--- Epoch 30/300 | KLD Beta: 0.000580 ---
  TRAIN | Total Loss: 2.4953
          Seg: 0.4882 | Recon: 0.0540 | KLD: 0.2364
  VALID | Epoch Mean IoU (mIoU): 0.0639
    No improvement for 2 epochs.

--- Epoch 31/300 | KLD Beta: 0.000600 ---
  TRAIN | Total Loss: 2.4567
          Seg: 0.4804 | Recon: 0.0547 | KLD: 0.2407
  VALID | Epoch Mean IoU (mIoU): 0.1059
    --> New best mIoU: 0.1059

--- Epoch 32/300 | KLD Beta: 0.000620 ---
  TRAIN | Total Loss: 2.4683
          Seg: 0.4843 | Recon: 0.0469 | KLD: 0.2497
  VALID | Epoch Mean IoU (mIoU): 0.0534
    No improvement for 1 epochs.

--- Epoch 33/300 | KLD Beta: 0.000640 ---
  TRAIN | Total Loss: 2.4228
          Seg: 0.4743 | Recon: 0.0510 | KLD: 0.2426
  VALID | Epoch Mean IoU (mIoU): 0.0604
    No improvement for 2 epochs.

--- Epoch 34/300 | KLD Beta: 0.000660 ---
  TRAIN | Total Loss: 2.4608
          Seg: 0.4824 | Recon: 0.0488 | KLD: 0.2363
  VALID | Epoch Mean IoU (mIoU): 0.0638
    No improvement for 3 epochs.

--- Epoch 35/300 | KLD Beta: 0.000680 ---
  TRAIN | Total Loss: 2.4274
          Seg: 0.4756 | Recon: 0.0490 | KLD: 0.2440
  VALID | Epoch Mean IoU (mIoU): 0.1099
    --> New best mIoU: 0.1099

--- Epoch 36/300 | KLD Beta: 0.000700 ---
  TRAIN | Total Loss: 2.4337
          Seg: 0.4773 | Recon: 0.0469 | KLD: 0.2412
  VALID | Epoch Mean IoU (mIoU): 0.0866
    No improvement for 1 epochs.

--- Epoch 37/300 | KLD Beta: 0.000720 ---
  TRAIN | Total Loss: 2.4000
          Seg: 0.4706 | Recon: 0.0469 | KLD: 0.2431
  VALID | Epoch Mean IoU (mIoU): 0.1158
    --> New best mIoU: 0.1158

--- Epoch 38/300 | KLD Beta: 0.000740 ---
  TRAIN | Total Loss: 2.3609
          Seg: 0.4643 | Recon: 0.0390 | KLD: 0.2496
  VALID | Epoch Mean IoU (mIoU): 0.0938
    No improvement for 1 epochs.

--- Epoch 39/300 | KLD Beta: 0.000760 ---
  TRAIN | Total Loss: 2.3903
          Seg: 0.4697 | Recon: 0.0418 | KLD: 0.2479
  VALID | Epoch Mean IoU (mIoU): 0.0746
    No improvement for 2 epochs.

--- Epoch 40/300 | KLD Beta: 0.000780 ---
  TRAIN | Total Loss: 2.3817
          Seg: 0.4687 | Recon: 0.0380 | KLD: 0.2526
  VALID | Epoch Mean IoU (mIoU): 0.1238
    --> New best mIoU: 0.1238

--- Epoch 41/300 | KLD Beta: 0.000800 ---
  TRAIN | Total Loss: 2.4163
          Seg: 0.4749 | Recon: 0.0416 | KLD: 0.2580
  VALID | Epoch Mean IoU (mIoU): 0.0721
    No improvement for 1 epochs.

--- Epoch 42/300 | KLD Beta: 0.000820 ---
  TRAIN | Total Loss: 2.3526
          Seg: 0.4619 | Recon: 0.0430 | KLD: 0.2544
  VALID | Epoch Mean IoU (mIoU): 0.1351
    --> New best mIoU: 0.1351

--- Epoch 43/300 | KLD Beta: 0.000840 ---
  TRAIN | Total Loss: 2.3290
          Seg: 0.4584 | Recon: 0.0366 | KLD: 0.2548
  VALID | Epoch Mean IoU (mIoU): 0.0915
    No improvement for 1 epochs.

--- Epoch 44/300 | KLD Beta: 0.000860 ---
  TRAIN | Total Loss: 2.2843
          Seg: 0.4492 | Recon: 0.0379 | KLD: 0.2633
  VALID | Epoch Mean IoU (mIoU): 0.0952
    No improvement for 2 epochs.

--- Epoch 45/300 | KLD Beta: 0.000880 ---
  TRAIN | Total Loss: 2.2845
          Seg: 0.4498 | Recon: 0.0351 | KLD: 0.2581
  VALID | Epoch Mean IoU (mIoU): 0.0763
    No improvement for 3 epochs.

--- Epoch 46/300 | KLD Beta: 0.000900 ---
  TRAIN | Total Loss: 2.3362
          Seg: 0.4601 | Recon: 0.0352 | KLD: 0.2647
  VALID | Epoch Mean IoU (mIoU): 0.1166
    No improvement for 4 epochs.

--- Epoch 47/300 | KLD Beta: 0.000920 ---
  TRAIN | Total Loss: 2.3210
          Seg: 0.4560 | Recon: 0.0409 | KLD: 0.2627
  VALID | Epoch Mean IoU (mIoU): 0.2725
    --> New best mIoU: 0.2725

--- Epoch 48/300 | KLD Beta: 0.000940 ---
  TRAIN | Total Loss: 2.2793
          Seg: 0.4497 | Recon: 0.0303 | KLD: 0.2664
  VALID | Epoch Mean IoU (mIoU): 0.2301
    No improvement for 1 epochs.

--- Epoch 49/300 | KLD Beta: 0.000960 ---
  TRAIN | Total Loss: 2.2365
          Seg: 0.4409 | Recon: 0.0319 | KLD: 0.2674
  VALID | Epoch Mean IoU (mIoU): 0.1562
    No improvement for 2 epochs.

--- Epoch 50/300 | KLD Beta: 0.000980 ---
  TRAIN | Total Loss: 2.2351
          Seg: 0.4413 | Recon: 0.0282 | KLD: 0.2676
  VALID | Epoch Mean IoU (mIoU): 0.1439
    No improvement for 3 epochs.

--- Epoch 51/300 | KLD Beta: 0.001000 ---
  TRAIN | Total Loss: 2.2463
          Seg: 0.4427 | Recon: 0.0325 | KLD: 0.2719
  VALID | Epoch Mean IoU (mIoU): 0.0607
    No improvement for 4 epochs.

--- Epoch 52/300 | KLD Beta: 0.001000 ---
  TRAIN | Total Loss: 2.2133
          Seg: 0.4375 | Recon: 0.0258 | KLD: 0.2720
  VALID | Epoch Mean IoU (mIoU): 0.1149
    No improvement for 5 epochs.

--- Epoch 53/300 | KLD Beta: 0.001000 ---
  TRAIN | Total Loss: 2.2031
          Seg: 0.4348 | Recon: 0.0291 | KLD: 0.2714
  VALID | Epoch Mean IoU (mIoU): 0.1386
    No improvement for 6 epochs.

--- Epoch 54/300 | KLD Beta: 0.001000 ---
  TRAIN | Total Loss: 2.1731
          Seg: 0.4300 | Recon: 0.0228 | KLD: 0.2747
  VALID | Epoch Mean IoU (mIoU): 0.1688
    No improvement for 7 epochs.

--- Epoch 55/300 | KLD Beta: 0.001000 ---
  TRAIN | Total Loss: 2.1541
          Seg: 0.4253 | Recon: 0.0273 | KLD: 0.2758
  VALID | Epoch Mean IoU (mIoU): 0.0701
    No improvement for 8 epochs.

--- Epoch 56/300 | KLD Beta: 0.001000 ---
  TRAIN | Total Loss: 2.1335
          Seg: 0.4216 | Recon: 0.0253 | KLD: 0.2838
  VALID | Epoch Mean IoU (mIoU): 0.0883
    No improvement for 9 epochs.

--- Epoch 57/300 | KLD Beta: 0.001000 ---
  TRAIN | Total Loss: 2.1089
          Seg: 0.4159 | Recon: 0.0293 | KLD: 0.2744
  VALID | Epoch Mean IoU (mIoU): 0.0899
    No improvement for 10 epochs.

--- Epoch 58/300 | KLD Beta: 0.001000 ---
  TRAIN | Total Loss: 2.1228
          Seg: 0.4195 | Recon: 0.0248 | KLD: 0.2772
  VALID | Epoch Mean IoU (mIoU): 0.1305
    No improvement for 11 epochs.

--- Epoch 59/300 | KLD Beta: 0.001000 ---
  TRAIN | Total Loss: 2.1107
          Seg: 0.4176 | Recon: 0.0223 | KLD: 0.2833
  VALID | Epoch Mean IoU (mIoU): 0.1746
    No improvement for 12 epochs.

--- Epoch 60/300 | KLD Beta: 0.001000 ---
  TRAIN | Total Loss: 2.0967
          Seg: 0.4148 | Recon: 0.0223 | KLD: 0.2788
  VALID | Epoch Mean IoU (mIoU): 0.2771
    --> New best mIoU: 0.2771

--- Epoch 61/300 | KLD Beta: 0.001000 ---
  TRAIN | Total Loss: 2.0694
          Seg: 0.4096 | Recon: 0.0211 | KLD: 0.2828
  VALID | Epoch Mean IoU (mIoU): 0.3361
    --> New best mIoU: 0.3361

--- Epoch 62/300 | KLD Beta: 0.001000 ---
  TRAIN | Total Loss: 2.1005
          Seg: 0.4164 | Recon: 0.0179 | KLD: 0.2837
  VALID | Epoch Mean IoU (mIoU): 0.1308
    No improvement for 1 epochs.

--- Epoch 63/300 | KLD Beta: 0.001000 ---
  TRAIN | Total Loss: 1.9793
          Seg: 0.3922 | Recon: 0.0180 | KLD: 0.2968
  VALID | Epoch Mean IoU (mIoU): 0.2290
    No improvement for 2 epochs.

--- Epoch 64/300 | KLD Beta: 0.001000 ---
  TRAIN | Total Loss: 1.9858
          Seg: 0.3925 | Recon: 0.0230 | KLD: 0.2853
  VALID | Epoch Mean IoU (mIoU): 0.2216
    No improvement for 3 epochs.

--- Epoch 65/300 | KLD Beta: 0.001000 ---
  TRAIN | Total Loss: 2.0245
          Seg: 0.4009 | Recon: 0.0199 | KLD: 0.2918
  VALID | Epoch Mean IoU (mIoU): 0.1640
    No improvement for 4 epochs.

--- Epoch 66/300 | KLD Beta: 0.001000 ---
  TRAIN | Total Loss: 2.0069
          Seg: 0.3972 | Recon: 0.0208 | KLD: 0.2921
  VALID | Epoch Mean IoU (mIoU): 0.1016
    No improvement for 5 epochs.

--- Epoch 67/300 | KLD Beta: 0.001000 ---
  TRAIN | Total Loss: 1.9821
          Seg: 0.3925 | Recon: 0.0192 | KLD: 0.2964
  VALID | Epoch Mean IoU (mIoU): 0.2876
    No improvement for 6 epochs.

--- Epoch 68/300 | KLD Beta: 0.001000 ---
  TRAIN | Total Loss: 1.9615
          Seg: 0.3880 | Recon: 0.0212 | KLD: 0.3019
  VALID | Epoch Mean IoU (mIoU): 0.1250
    No improvement for 7 epochs.

--- Epoch 69/300 | KLD Beta: 0.001000 ---
  TRAIN | Total Loss: 1.9201
          Seg: 0.3806 | Recon: 0.0169 | KLD: 0.2946
  VALID | Epoch Mean IoU (mIoU): 0.0850
    No improvement for 8 epochs.

--- Epoch 70/300 | KLD Beta: 0.001000 ---
  TRAIN | Total Loss: 1.9214
          Seg: 0.3789 | Recon: 0.0267 | KLD: 0.3061
  VALID | Epoch Mean IoU (mIoU): 0.1149
    No improvement for 9 epochs.

--- Epoch 71/300 | KLD Beta: 0.001000 ---
  TRAIN | Total Loss: 1.9245
          Seg: 0.3816 | Recon: 0.0161 | KLD: 0.3083
  VALID | Epoch Mean IoU (mIoU): 0.1852
    No improvement for 10 epochs.

--- Epoch 72/300 | KLD Beta: 0.001000 ---
  TRAIN | Total Loss: 1.9218
          Seg: 0.3804 | Recon: 0.0194 | KLD: 0.3025
  VALID | Epoch Mean IoU (mIoU): 0.1984
    No improvement for 11 epochs.

--- Epoch 73/300 | KLD Beta: 0.001000 ---
  TRAIN | Total Loss: 1.8388
          Seg: 0.3641 | Recon: 0.0180 | KLD: 0.3108
  VALID | Epoch Mean IoU (mIoU): 0.2056
    No improvement for 12 epochs.

--- Epoch 74/300 | KLD Beta: 0.001000 ---
  TRAIN | Total Loss: 1.8506
          Seg: 0.3662 | Recon: 0.0195 | KLD: 0.3099
  VALID | Epoch Mean IoU (mIoU): 0.0838
    No improvement for 13 epochs.

--- Epoch 75/300 | KLD Beta: 0.001000 ---
  TRAIN | Total Loss: 1.8587
          Seg: 0.3684 | Recon: 0.0164 | KLD: 0.3103
  VALID | Epoch Mean IoU (mIoU): 0.1897
    No improvement for 14 epochs.

--- Epoch 76/300 | KLD Beta: 0.001000 ---
  TRAIN | Total Loss: 1.9000
          Seg: 0.3765 | Recon: 0.0173 | KLD: 0.3146
  VALID | Epoch Mean IoU (mIoU): 0.1079
    No improvement for 15 epochs.

--- Epoch 77/300 | KLD Beta: 0.001000 ---
  TRAIN | Total Loss: 1.8458
          Seg: 0.3649 | Recon: 0.0208 | KLD: 0.3168
  VALID | Epoch Mean IoU (mIoU): 0.1687
    No improvement for 16 epochs.

--- Epoch 78/300 | KLD Beta: 0.001000 ---
  TRAIN | Total Loss: 1.7936
          Seg: 0.3550 | Recon: 0.0180 | KLD: 0.3117
  VALID | Epoch Mean IoU (mIoU): 0.1659
    No improvement for 17 epochs.

--- Epoch 79/300 | KLD Beta: 0.001000 ---
  TRAIN | Total Loss: 1.8167
          Seg: 0.3600 | Recon: 0.0162 | KLD: 0.3172
  VALID | Epoch Mean IoU (mIoU): 0.2528
    No improvement for 18 epochs.

--- Epoch 80/300 | KLD Beta: 0.001000 ---
  TRAIN | Total Loss: 1.7810
          Seg: 0.3523 | Recon: 0.0192 | KLD: 0.3256
  VALID | Epoch Mean IoU (mIoU): 0.1481
    No improvement for 19 epochs.

--- Epoch 81/300 | KLD Beta: 0.001000 ---
  TRAIN | Total Loss: 1.7627
          Seg: 0.3494 | Recon: 0.0154 | KLD: 0.3194
  VALID | Epoch Mean IoU (mIoU): 0.2589
    No improvement for 20 epochs.

--- Epoch 82/300 | KLD Beta: 0.001000 ---
  TRAIN | Total Loss: 1.7541
          Seg: 0.3474 | Recon: 0.0171 | KLD: 0.3265
  VALID | Epoch Mean IoU (mIoU): 0.2752
    No improvement for 21 epochs.

--- Epoch 83/300 | KLD Beta: 0.001000 ---
  TRAIN | Total Loss: 1.7465
          Seg: 0.3462 | Recon: 0.0152 | KLD: 0.3226
  VALID | Epoch Mean IoU (mIoU): 0.2894
    No improvement for 22 epochs.

--- Epoch 84/300 | KLD Beta: 0.001000 ---
  TRAIN | Total Loss: 1.7516
          Seg: 0.3466 | Recon: 0.0185 | KLD: 0.3252
  VALID | Epoch Mean IoU (mIoU): 0.1875
    No improvement for 23 epochs.

--- Epoch 85/300 | KLD Beta: 0.001000 ---
  TRAIN | Total Loss: 1.7566
          Seg: 0.3477 | Recon: 0.0179 | KLD: 0.3214
  VALID | Epoch Mean IoU (mIoU): 0.2060
    No improvement for 24 epochs.

--- Epoch 86/300 | KLD Beta: 0.001000 ---
  TRAIN | Total Loss: 1.7367
          Seg: 0.3443 | Recon: 0.0147 | KLD: 0.3228
  VALID | Epoch Mean IoU (mIoU): 0.1948
    No improvement for 25 epochs.

--- Epoch 87/300 | KLD Beta: 0.001000 ---
  TRAIN | Total Loss: 1.7976
          Seg: 0.3571 | Recon: 0.0119 | KLD: 0.3286
  VALID | Epoch Mean IoU (mIoU): 0.1559
    No improvement for 26 epochs.

--- Epoch 88/300 | KLD Beta: 0.001000 ---
  TRAIN | Total Loss: 1.6908
          Seg: 0.3351 | Recon: 0.0150 | KLD: 0.3277
  VALID | Epoch Mean IoU (mIoU): 0.1941
    No improvement for 27 epochs.

--- Epoch 89/300 | KLD Beta: 0.001000 ---
  TRAIN | Total Loss: 1.7312
          Seg: 0.3428 | Recon: 0.0170 | KLD: 0.3196
  VALID | Epoch Mean IoU (mIoU): 0.1534
    No improvement for 28 epochs.

--- Epoch 90/300 | KLD Beta: 0.001000 ---
  TRAIN | Total Loss: 1.7133
          Seg: 0.3392 | Recon: 0.0169 | KLD: 0.3267
  VALID | Epoch Mean IoU (mIoU): 0.1350
    No improvement for 29 epochs.

--- Epoch 91/300 | KLD Beta: 0.001000 ---
  TRAIN | Total Loss: 1.7407
          Seg: 0.3452 | Recon: 0.0143 | KLD: 0.3138
  VALID | Epoch Mean IoU (mIoU): 0.1566
    No improvement for 30 epochs.

--- Epoch 92/300 | KLD Beta: 0.001000 ---
  TRAIN | Total Loss: 1.7186
          Seg: 0.3403 | Recon: 0.0169 | KLD: 0.3343
  VALID | Epoch Mean IoU (mIoU): 0.1410
    No improvement for 31 epochs.

--- Epoch 93/300 | KLD Beta: 0.001000 ---
  TRAIN | Total Loss: 1.7501
          Seg: 0.3469 | Recon: 0.0151 | KLD: 0.3326
  VALID | Epoch Mean IoU (mIoU): 0.1555
    No improvement for 32 epochs.

--- Epoch 94/300 | KLD Beta: 0.001000 ---
  TRAIN | Total Loss: 1.7834
          Seg: 0.3537 | Recon: 0.0147 | KLD: 0.3298
  VALID | Epoch Mean IoU (mIoU): 0.1456
    No improvement for 33 epochs.

--- Epoch 95/300 | KLD Beta: 0.001000 ---
  TRAIN | Total Loss: 1.7194
          Seg: 0.3402 | Recon: 0.0180 | KLD: 0.3247
  VALID | Epoch Mean IoU (mIoU): 0.2561
    No improvement for 34 epochs.

--- Epoch 96/300 | KLD Beta: 0.001000 ---
  TRAIN | Total Loss: 1.7442
          Seg: 0.3452 | Recon: 0.0179 | KLD: 0.3246
  VALID | Epoch Mean IoU (mIoU): 0.2235
    No improvement for 35 epochs.

--- Epoch 97/300 | KLD Beta: 0.001000 ---
  TRAIN | Total Loss: 1.7919
          Seg: 0.3547 | Recon: 0.0180 | KLD: 0.3270
  VALID | Epoch Mean IoU (mIoU): 0.2547
    No improvement for 36 epochs.

--- Epoch 98/300 | KLD Beta: 0.001000 ---
  TRAIN | Total Loss: 1.6543
          Seg: 0.3284 | Recon: 0.0118 | KLD: 0.3221
  VALID | Epoch Mean IoU (mIoU): 0.1971
    No improvement for 37 epochs.

--- Epoch 99/300 | KLD Beta: 0.001000 ---
  TRAIN | Total Loss: 1.7986
          Seg: 0.3562 | Recon: 0.0174 | KLD: 0.3285
  VALID | Epoch Mean IoU (mIoU): 0.2148
    No improvement for 38 epochs.

--- Epoch 100/300 | KLD Beta: 0.001000 ---
  TRAIN | Total Loss: 1.6890
          Seg: 0.3341 | Recon: 0.0184 | KLD: 0.3300
  VALID | Epoch Mean IoU (mIoU): 0.2355
    No improvement for 39 epochs.

--- Epoch 101/300 | KLD Beta: 0.001000 ---
  TRAIN | Total Loss: 1.7187
          Seg: 0.3403 | Recon: 0.0168 | KLD: 0.3345
  VALID | Epoch Mean IoU (mIoU): 0.1706
    No improvement for 40 epochs.

--- Epoch 102/300 | KLD Beta: 0.001000 ---
  TRAIN | Total Loss: 1.7299
          Seg: 0.3431 | Recon: 0.0141 | KLD: 0.3299
  VALID | Epoch Mean IoU (mIoU): 0.0963
    No improvement for 41 epochs.

--- Epoch 103/300 | KLD Beta: 0.001000 ---
  TRAIN | Total Loss: 1.7022
          Seg: 0.3365 | Recon: 0.0192 | KLD: 0.3319
  VALID | Epoch Mean IoU (mIoU): 0.1286
    No improvement for 42 epochs.

--- Epoch 104/300 | KLD Beta: 0.001000 ---
  TRAIN | Total Loss: 1.6774
          Seg: 0.3326 | Recon: 0.0143 | KLD: 0.3370
  VALID | Epoch Mean IoU (mIoU): 0.2145
    No improvement for 43 epochs.

--- Epoch 105/300 | KLD Beta: 0.001000 ---
  TRAIN | Total Loss: 1.7352
          Seg: 0.3441 | Recon: 0.0142 | KLD: 0.3325
  VALID | Epoch Mean IoU (mIoU): 0.1953
    No improvement for 44 epochs.

--- Epoch 106/300 | KLD Beta: 0.001000 ---
  TRAIN | Total Loss: 1.7214
          Seg: 0.3406 | Recon: 0.0179 | KLD: 0.3289
  VALID | Epoch Mean IoU (mIoU): 0.1785
    No improvement for 45 epochs.

--- Epoch 107/300 | KLD Beta: 0.001000 ---
  TRAIN | Total Loss: 1.7231
          Seg: 0.3415 | Recon: 0.0154 | KLD: 0.3253
  VALID | Epoch Mean IoU (mIoU): 0.2344
    No improvement for 46 epochs.

--- Epoch 108/300 | KLD Beta: 0.001000 ---
  TRAIN | Total Loss: 1.7061
          Seg: 0.3381 | Recon: 0.0151 | KLD: 0.3299
  VALID | Epoch Mean IoU (mIoU): 0.2349
    No improvement for 47 epochs.

--- Epoch 109/300 | KLD Beta: 0.001000 ---
  TRAIN | Total Loss: 1.7076
          Seg: 0.3387 | Recon: 0.0139 | KLD: 0.3230
  VALID | Epoch Mean IoU (mIoU): 0.2497
    No improvement for 48 epochs.

--- Epoch 110/300 | KLD Beta: 0.001000 ---
  TRAIN | Total Loss: 1.6894
          Seg: 0.3347 | Recon: 0.0155 | KLD: 0.3341
  VALID | Epoch Mean IoU (mIoU): 0.1323
    No improvement for 49 epochs.

--- Epoch 111/300 | KLD Beta: 0.001000 ---
  TRAIN | Total Loss: 1.6660
          Seg: 0.3298 | Recon: 0.0165 | KLD: 0.3344
  VALID | Epoch Mean IoU (mIoU): 0.1693
    No improvement for 50 epochs.
--- Early stopping triggered after 111 epochs. ---
--- Training Finished ---
Job Finished.

------------------------------------------------------------
Sender: LSF System <lsfadmin@hpc.dtu.dk>
Subject: Job 27046327: <VAE_job> in cluster <dcc> Done

Job <VAE_job> was submitted from host <gbarlogin1> by user <s214776> in cluster <dcc> at Mon Nov 17 02:18:19 2025
Job was executed on host(s) <4*n-62-13-16>, in queue <gpul40s>, as user <s214776> in cluster <dcc> at Mon Nov 17 02:18:20 2025
</zhome/d2/4/167803> was used as the home directory.
</zhome/d2/4/167803/Desktop/Deep_project/02456-final-project> was used as the working directory.
Started at Mon Nov 17 02:18:20 2025
Terminated at Mon Nov 17 04:22:27 2025
Results reported at Mon Nov 17 04:22:27 2025

Your job looked like:

------------------------------------------------------------
# LSBATCH: User input
#!/bin/sh
### --- Job Name ---
#BSUB -J VAE_job

### --- Log files ---
#BSUB -o /zhome/d2/4/167803/Desktop/Deep_project/02456-final-project/logs/VAE_job_%J.out
#BSUB -e /zhome/d2/4/167803/Desktop/Deep_project/02456-final-project/logs/VAE_job_%J.err
### --- Resource Requests ---
#BSUB -q gpul40s           # Request GPU queue
#BSUB -gpu "num=1:mode=exclusive_process" # Request 1 GPU, all to myself
#BSUB -n 4                    # Request 4 CPU cores
#BSUB -R "rusage[mem=16GB]"   # Request 16GB memory
#BSUB -W 04:00                # 4 hour runtime limit

### --- Setup Environment ---
echo "Loading CUDA module..."
module load cuda/11.6         # Load CUDA module

echo "Loading Conda..."
# This is the full, correct path to your environment
source /zhome/d2/4/167803/miniforge3/bin/activate MBML
echo "Environment 'MBML' activated."

### --- Run Script ---
echo "Starting Python script..."
python /zhome/d2/4/167803/Desktop/Deep_project/02456-final-project/Model/VAE_test.py

echo "Job Finished."
------------------------------------------------------------

Successfully completed.

Resource usage summary:

    CPU time :                                   19291.00 sec.
    Max Memory :                                 2696 MB
    Average Memory :                             2285.60 MB
    Total Requested Memory :                     65536.00 MB
    Delta Memory :                               62840.00 MB
    Max Swap :                                   -
    Max Processes :                              4
    Max Threads :                                14
    Run time :                                   7459 sec.
    Turnaround time :                            7448 sec.

The output (if any) is above this job summary.



PS:

Read file </zhome/d2/4/167803/Desktop/Deep_project/02456-final-project/logs/VAE_job_27046327.err> for stderr output of this job.

