Loading CUDA module...
Loading Conda...
Environment 'MBML' activated.
Starting Python script...
Using device: cuda
Using device: cuda
Using Class Weights: tensor([0.5000, 1.0000, 2.0000, 5.0000], device='cuda:0')
--- Data Splits ---
Test (Reserved): [1, 2, 33, 34]
Validation: [27, 28, 29, 30]
Labeled Train: [3, 4, 5, 6, 7, 8, 35, 36, 36, 37, 38]
Unlabeled Train: [9, 10, 11, 12, 13, 14, 15, 16, 17, 18, 19, 20, 21, 22, 23, 24, 25, 26]
--- Loaders Ready ---
Train Batches: 59
Val Batches: 16
--- Starting Training ---
Epoch 1/800 | Train Loss: 2.3821
 Avg Train Loss: 2.3821 | Seg Loss: 0.4720 | Recon Loss: 0.0221
  Val mIoU: 0.7118 (Best: 0.0000)
  [Class IoU]  C1: 0.9040 | C2: 0.7991 | C3: 0.4322
  --> New Best Model Saved!
Epoch 2/800 | Train Loss: 3.2356
 Avg Train Loss: 3.2356 | Seg Loss: 0.3884 | Recon Loss: 0.0094
  Val mIoU: 0.6386 (Best: 0.7118)
  [Class IoU]  C1: 0.9125 | C2: 0.7838 | C3: 0.2197
Epoch 3/800 | Train Loss: 2.2797
 Avg Train Loss: 2.2797 | Seg Loss: 0.3742 | Recon Loss: 0.0080
  Val mIoU: 0.6147 (Best: 0.7118)
  [Class IoU]  C1: 0.9237 | C2: 0.7734 | C3: 0.1471
Epoch 4/800 | Train Loss: 2.0248
 Avg Train Loss: 2.0248 | Seg Loss: 0.3637 | Recon Loss: 0.0075
  Val mIoU: 0.6334 (Best: 0.7118)
  [Class IoU]  C1: 0.9231 | C2: 0.7757 | C3: 0.2014
Epoch 5/800 | Train Loss: 1.9121
 Avg Train Loss: 1.9121 | Seg Loss: 0.3607 | Recon Loss: 0.0071
  Val mIoU: 0.6330 (Best: 0.7118)
  [Class IoU]  C1: 0.9117 | C2: 0.7813 | C3: 0.2061

------------------------------------------------------------
Sender: LSF System <lsfadmin@hpc.dtu.dk>
Subject: Job 27163732: <VAE_job> in cluster <dcc> Exited

Job <VAE_job> was submitted from host <gbarlogin1> by user <s214776> in cluster <dcc> at Mon Nov 24 21:58:45 2025
Job was executed on host(s) <8*n-62-13-16>, in queue <gpul40s>, as user <s214776> in cluster <dcc> at Mon Nov 24 22:08:31 2025
</zhome/d2/4/167803> was used as the home directory.
</zhome/d2/4/167803/Desktop/Deep_project/02456-final-project> was used as the working directory.
Started at Mon Nov 24 22:08:31 2025
Terminated at Mon Nov 24 22:13:16 2025
Results reported at Mon Nov 24 22:13:16 2025

Your job looked like:

------------------------------------------------------------
# LSBATCH: User input
#!/bin/sh
### --- Job Name ---
#BSUB -J VAE_job

### --- Log files ---
#BSUB -o /zhome/d2/4/167803/Desktop/Deep_project/02456-final-project/logs/VAE_job_%J.out
#BSUB -e /zhome/d2/4/167803/Desktop/Deep_project/02456-final-project/logs/VAE_job_%J.err
### --- Resource Requests ---
#BSUB -q gpul40s           # Request GPU queue
#BSUB -gpu "num=1:mode=exclusive_process" # Request 1 GPU, all to myself
#BSUB -n 8                    # Request 4 CPU cores
#BSUB -R "rusage[mem=16GB]"   # Request 16GB memory
#BSUB -W 15:00                # 4 hour runtime limit

### --- Setup Environment ---
echo "Loading CUDA module..."
module load cuda/11.6         # Load CUDA module

echo "Loading Conda..."
# This is the full, correct path to your environment
source /zhome/d2/4/167803/miniforge3/bin/activate MBML
echo "Environment 'MBML' activated."

### --- Run Script ---
echo "Starting Python script..."
python /zhome/d2/4/167803/Desktop/Deep_project/02456-final-project/Model/VAE_vali.py

echo "Job Finished."
------------------------------------------------------------

TERM_OWNER: job killed by owner.
Exited with exit code 130.

Resource usage summary:

    CPU time :                                   1363.00 sec.
    Max Memory :                                 2114 MB
    Average Memory :                             1646.75 MB
    Total Requested Memory :                     131072.00 MB
    Delta Memory :                               128958.00 MB
    Max Swap :                                   -
    Max Processes :                              12
    Max Threads :                                42
    Run time :                                   287 sec.
    Turnaround time :                            871 sec.

The output (if any) is above this job summary.



PS:

Read file </zhome/d2/4/167803/Desktop/Deep_project/02456-final-project/logs/VAE_job_27163732.err> for stderr output of this job.

