Loading CUDA module...
Loading Conda...
Environment 'MBML' activated.
Starting Python script...
Using device: cuda
Using device: cuda
Saving visualizations to: /zhome/d2/4/167803/Desktop/Deep_project/02456-final-project/outputs_VAE
Dataset initialized with 512 total patches.
--- Labeled DataLoader success (using patched data) ---
Dataset initialized with 512 total patches.
--- Unlabeled DataLoader success (using patched data) ---
--- Training the VAE on Patched Volumetric Data ---
Epoch 1/400 | Avg Train Loss: 0.8881 | KLD Beta: 0.0000
  Seg Loss: 0.4389 | Recon Loss: 0.0104 | KLD Loss: 13942.1050
Epoch 2/400 | Avg Train Loss: 0.8479 | KLD Beta: 0.0025
  Seg Loss: 0.3795 | Recon Loss: 0.0071 | KLD Loss: 32.7086
Epoch 3/400 | Avg Train Loss: 0.7643 | KLD Beta: 0.0050
  Seg Loss: 0.3743 | Recon Loss: 0.0068 | KLD Loss: 1.7958
Epoch 4/400 | Avg Train Loss: 0.7534 | KLD Beta: 0.0075
  Seg Loss: 0.3667 | Recon Loss: 0.0067 | KLD Loss: 1.7637
Epoch 5/400 | Avg Train Loss: 0.7429 | KLD Beta: 0.0100
  Seg Loss: 0.3667 | Recon Loss: 0.0066 | KLD Loss: 0.2836
Epoch 6/400 | Avg Train Loss: 0.7375 | KLD Beta: 0.0125
  Seg Loss: 0.3650 | Recon Loss: 0.0067 | KLD Loss: 0.0576
Epoch 7/400 | Avg Train Loss: 0.7380 | KLD Beta: 0.0150
  Seg Loss: 0.3656 | Recon Loss: 0.0067 | KLD Loss: 0.0010
Epoch 8/400 | Avg Train Loss: 0.7305 | KLD Beta: 0.0175
  Seg Loss: 0.3619 | Recon Loss: 0.0066 | KLD Loss: 0.0001
Epoch 9/400 | Avg Train Loss: 0.7254 | KLD Beta: 0.0200
  Seg Loss: 0.3594 | Recon Loss: 0.0067 | KLD Loss: 0.0001
Epoch 10/400 | Avg Train Loss: 0.7271 | KLD Beta: 0.0225
  Seg Loss: 0.3602 | Recon Loss: 0.0067 | KLD Loss: 0.0001
Epoch 11/400 | Avg Train Loss: 0.7266 | KLD Beta: 0.0250
  Seg Loss: 0.3599 | Recon Loss: 0.0068 | KLD Loss: 0.0000
Epoch 12/400 | Avg Train Loss: 0.7245 | KLD Beta: 0.0275
  Seg Loss: 0.3589 | Recon Loss: 0.0068 | KLD Loss: 0.0000
Epoch 13/400 | Avg Train Loss: 0.7215 | KLD Beta: 0.0300
  Seg Loss: 0.3574 | Recon Loss: 0.0068 | KLD Loss: 0.0003
Epoch 14/400 | Avg Train Loss: 0.7250 | KLD Beta: 0.0325
  Seg Loss: 0.3592 | Recon Loss: 0.0066 | KLD Loss: 0.0012
Epoch 15/400 | Avg Train Loss: 0.7129 | KLD Beta: 0.0350
  Seg Loss: 0.3531 | Recon Loss: 0.0066 | KLD Loss: 0.0004
Epoch 16/400 | Avg Train Loss: 0.7136 | KLD Beta: 0.0375
  Seg Loss: 0.3534 | Recon Loss: 0.0067 | KLD Loss: 0.0005
Epoch 17/400 | Avg Train Loss: 0.7198 | KLD Beta: 0.0400
  Seg Loss: 0.3565 | Recon Loss: 0.0068 | KLD Loss: 0.0003
Epoch 18/400 | Avg Train Loss: 0.7126 | KLD Beta: 0.0425
  Seg Loss: 0.3529 | Recon Loss: 0.0067 | KLD Loss: 0.0004
Epoch 19/400 | Avg Train Loss: 0.7090 | KLD Beta: 0.0450
  Seg Loss: 0.3512 | Recon Loss: 0.0066 | KLD Loss: 0.0004
Epoch 20/400 | Avg Train Loss: 0.7075 | KLD Beta: 0.0475
  Seg Loss: 0.3504 | Recon Loss: 0.0067 | KLD Loss: 0.0004
Epoch 21/400 | Avg Train Loss: 0.7146 | KLD Beta: 0.0500
  Seg Loss: 0.3539 | Recon Loss: 0.0068 | KLD Loss: 0.0004
Epoch 22/400 | Avg Train Loss: 0.7038 | KLD Beta: 0.0500
  Seg Loss: 0.3486 | Recon Loss: 0.0067 | KLD Loss: 0.0003
Epoch 23/400 | Avg Train Loss: 0.7139 | KLD Beta: 0.0500
  Seg Loss: 0.3535 | Recon Loss: 0.0068 | KLD Loss: 0.0003
Epoch 24/400 | Avg Train Loss: 0.6966 | KLD Beta: 0.0500
  Seg Loss: 0.3449 | Recon Loss: 0.0067 | KLD Loss: 0.0003
Epoch 25/400 | Avg Train Loss: 0.7022 | KLD Beta: 0.0500
  Seg Loss: 0.3478 | Recon Loss: 0.0067 | KLD Loss: 0.0003
Epoch 26/400 | Avg Train Loss: 0.7029 | KLD Beta: 0.0500
  Seg Loss: 0.3481 | Recon Loss: 0.0067 | KLD Loss: 0.0003
Epoch 27/400 | Avg Train Loss: 0.7046 | KLD Beta: 0.0500
  Seg Loss: 0.3489 | Recon Loss: 0.0067 | KLD Loss: 0.0003
Epoch 28/400 | Avg Train Loss: 0.6996 | KLD Beta: 0.0500
  Seg Loss: 0.3465 | Recon Loss: 0.0066 | KLD Loss: 0.0003
Epoch 29/400 | Avg Train Loss: 0.7047 | KLD Beta: 0.0500
  Seg Loss: 0.3489 | Recon Loss: 0.0068 | KLD Loss: 0.0003
Epoch 30/400 | Avg Train Loss: 0.7084 | KLD Beta: 0.0500
  Seg Loss: 0.3508 | Recon Loss: 0.0068 | KLD Loss: 0.0003
Epoch 31/400 | Avg Train Loss: 0.7030 | KLD Beta: 0.0500
  Seg Loss: 0.3481 | Recon Loss: 0.0068 | KLD Loss: 0.0003
Epoch 32/400 | Avg Train Loss: 0.7008 | KLD Beta: 0.0500
  Seg Loss: 0.3470 | Recon Loss: 0.0067 | KLD Loss: 0.0038
Epoch 33/400 | Avg Train Loss: 0.6929 | KLD Beta: 0.0500
  Seg Loss: 0.3431 | Recon Loss: 0.0068 | KLD Loss: -0.0001
Epoch 34/400 | Avg Train Loss: 0.6951 | KLD Beta: 0.0500
  Seg Loss: 0.3441 | Recon Loss: 0.0069 | KLD Loss: 0.0005
Epoch 35/400 | Avg Train Loss: 0.7004 | KLD Beta: 0.0500
  Seg Loss: 0.3468 | Recon Loss: 0.0067 | KLD Loss: 0.0002
Epoch 36/400 | Avg Train Loss: 0.6881 | KLD Beta: 0.0500
  Seg Loss: 0.3406 | Recon Loss: 0.0068 | KLD Loss: 0.0003
Epoch 37/400 | Avg Train Loss: 0.6965 | KLD Beta: 0.0500
  Seg Loss: 0.3449 | Recon Loss: 0.0068 | KLD Loss: 0.0004
Epoch 38/400 | Avg Train Loss: 0.6931 | KLD Beta: 0.0500
  Seg Loss: 0.3431 | Recon Loss: 0.0068 | KLD Loss: 0.0006
Epoch 39/400 | Avg Train Loss: 0.6899 | KLD Beta: 0.0500
  Seg Loss: 0.3410 | Recon Loss: 0.0068 | KLD Loss: 0.0236
Epoch 40/400 | Avg Train Loss: 0.6909 | KLD Beta: 0.0500
  Seg Loss: 0.3420 | Recon Loss: 0.0069 | KLD Loss: 0.0016
Epoch 41/400 | Avg Train Loss: 0.6883 | KLD Beta: 0.0500
  Seg Loss: 0.3407 | Recon Loss: 0.0069 | KLD Loss: 0.0024
Epoch 42/400 | Avg Train Loss: 0.6799 | KLD Beta: 0.0500
  Seg Loss: 0.3364 | Recon Loss: 0.0069 | KLD Loss: 0.0028
Epoch 43/400 | Avg Train Loss: 0.6821 | KLD Beta: 0.0500
  Seg Loss: 0.3376 | Recon Loss: 0.0068 | KLD Loss: 0.0034
Epoch 44/400 | Avg Train Loss: 0.6860 | KLD Beta: 0.0500
  Seg Loss: 0.3395 | Recon Loss: 0.0069 | KLD Loss: 0.0035
Epoch 45/400 | Avg Train Loss: 0.6935 | KLD Beta: 0.0500
  Seg Loss: 0.3432 | Recon Loss: 0.0070 | KLD Loss: 0.0040
Epoch 46/400 | Avg Train Loss: 0.6815 | KLD Beta: 0.0500
  Seg Loss: 0.3372 | Recon Loss: 0.0070 | KLD Loss: 0.0038
Epoch 47/400 | Avg Train Loss: 0.6835 | KLD Beta: 0.0500
  Seg Loss: 0.3382 | Recon Loss: 0.0068 | KLD Loss: 0.0040
Epoch 48/400 | Avg Train Loss: 0.6898 | KLD Beta: 0.0500
  Seg Loss: 0.3413 | Recon Loss: 0.0069 | KLD Loss: 0.0042
Epoch 49/400 | Avg Train Loss: 0.6820 | KLD Beta: 0.0500
  Seg Loss: 0.3375 | Recon Loss: 0.0068 | KLD Loss: 0.0045
Epoch 50/400 | Avg Train Loss: 0.6759 | KLD Beta: 0.0500
  Seg Loss: 0.3344 | Recon Loss: 0.0069 | KLD Loss: 0.0049
Epoch 51/400 | Avg Train Loss: 0.6794 | KLD Beta: 0.0500
  Seg Loss: 0.3362 | Recon Loss: 0.0068 | KLD Loss: 0.0049
Epoch 52/400 | Avg Train Loss: 0.6704 | KLD Beta: 0.0500
  Seg Loss: 0.3317 | Recon Loss: 0.0068 | KLD Loss: 0.0050
Epoch 53/400 | Avg Train Loss: 0.6735 | KLD Beta: 0.0500
  Seg Loss: 0.3333 | Recon Loss: 0.0068 | KLD Loss: 0.0037
Epoch 54/400 | Avg Train Loss: 0.6790 | KLD Beta: 0.0500
  Seg Loss: 0.3359 | Recon Loss: 0.0069 | KLD Loss: 0.0050
Epoch 55/400 | Avg Train Loss: 0.6814 | KLD Beta: 0.0500
  Seg Loss: 0.3371 | Recon Loss: 0.0068 | KLD Loss: 0.0049
Epoch 56/400 | Avg Train Loss: 0.6670 | KLD Beta: 0.0500
  Seg Loss: 0.3300 | Recon Loss: 0.0067 | KLD Loss: 0.0047
Epoch 57/400 | Avg Train Loss: 0.6683 | KLD Beta: 0.0500
  Seg Loss: 0.3306 | Recon Loss: 0.0068 | KLD Loss: 0.0045
Epoch 58/400 | Avg Train Loss: 0.6673 | KLD Beta: 0.0500
  Seg Loss: 0.3301 | Recon Loss: 0.0069 | KLD Loss: 0.0047
Epoch 59/400 | Avg Train Loss: 0.6726 | KLD Beta: 0.0500
  Seg Loss: 0.3328 | Recon Loss: 0.0068 | KLD Loss: 0.0049
Epoch 60/400 | Avg Train Loss: 0.6649 | KLD Beta: 0.0500
  Seg Loss: 0.3289 | Recon Loss: 0.0068 | KLD Loss: 0.0051
Epoch 61/400 | Avg Train Loss: 0.6631 | KLD Beta: 0.0500
  Seg Loss: 0.3281 | Recon Loss: 0.0068 | KLD Loss: 0.0026
Epoch 62/400 | Avg Train Loss: 0.6597 | KLD Beta: 0.0500
  Seg Loss: 0.3263 | Recon Loss: 0.0069 | KLD Loss: 0.0041
Epoch 63/400 | Avg Train Loss: 0.6644 | KLD Beta: 0.0500
  Seg Loss: 0.3286 | Recon Loss: 0.0069 | KLD Loss: 0.0047
Epoch 64/400 | Avg Train Loss: 0.6655 | KLD Beta: 0.0500
  Seg Loss: 0.3292 | Recon Loss: 0.0068 | KLD Loss: 0.0045
Epoch 65/400 | Avg Train Loss: 0.6563 | KLD Beta: 0.0500
  Seg Loss: 0.3246 | Recon Loss: 0.0067 | KLD Loss: 0.0050
Epoch 66/400 | Avg Train Loss: 0.6719 | KLD Beta: 0.0500
  Seg Loss: 0.3324 | Recon Loss: 0.0069 | KLD Loss: 0.0059
Epoch 67/400 | Avg Train Loss: 0.6625 | KLD Beta: 0.0500
  Seg Loss: 0.3277 | Recon Loss: 0.0069 | KLD Loss: 0.0026
Epoch 68/400 | Avg Train Loss: 0.6693 | KLD Beta: 0.0500
  Seg Loss: 0.3311 | Recon Loss: 0.0069 | KLD Loss: 0.0044
Epoch 69/400 | Avg Train Loss: 0.6673 | KLD Beta: 0.0500
  Seg Loss: 0.3301 | Recon Loss: 0.0070 | KLD Loss: 0.0046
Epoch 70/400 | Avg Train Loss: 0.6590 | KLD Beta: 0.0500
  Seg Loss: 0.3260 | Recon Loss: 0.0068 | KLD Loss: 0.0045
Epoch 71/400 | Avg Train Loss: 0.6571 | KLD Beta: 0.0500
  Seg Loss: 0.3250 | Recon Loss: 0.0068 | KLD Loss: 0.0041
Epoch 72/400 | Avg Train Loss: 0.6585 | KLD Beta: 0.0500
  Seg Loss: 0.3257 | Recon Loss: 0.0069 | KLD Loss: 0.0041
Epoch 73/400 | Avg Train Loss: 0.6581 | KLD Beta: 0.0500
  Seg Loss: 0.3255 | Recon Loss: 0.0069 | KLD Loss: 0.0046
Epoch 74/400 | Avg Train Loss: 0.6533 | KLD Beta: 0.0500
  Seg Loss: 0.3231 | Recon Loss: 0.0069 | KLD Loss: 0.0047
Epoch 75/400 | Avg Train Loss: 0.6596 | KLD Beta: 0.0500
  Seg Loss: 0.3263 | Recon Loss: 0.0068 | KLD Loss: 0.0047
Epoch 76/400 | Avg Train Loss: 0.6663 | KLD Beta: 0.0500
  Seg Loss: 0.3295 | Recon Loss: 0.0070 | KLD Loss: 0.0039
Epoch 77/400 | Avg Train Loss: 0.6624 | KLD Beta: 0.0500
  Seg Loss: 0.3277 | Recon Loss: 0.0068 | KLD Loss: 0.0037
Epoch 78/400 | Avg Train Loss: 0.6546 | KLD Beta: 0.0500
  Seg Loss: 0.3237 | Recon Loss: 0.0070 | KLD Loss: 0.0036
Epoch 79/400 | Avg Train Loss: 0.6532 | KLD Beta: 0.0500
  Seg Loss: 0.3230 | Recon Loss: 0.0070 | KLD Loss: 0.0040
Epoch 80/400 | Avg Train Loss: 0.6481 | KLD Beta: 0.0500
  Seg Loss: 0.3205 | Recon Loss: 0.0069 | KLD Loss: 0.0045
Epoch 81/400 | Avg Train Loss: 0.6556 | KLD Beta: 0.0500
  Seg Loss: 0.3243 | Recon Loss: 0.0068 | KLD Loss: 0.0046
Epoch 82/400 | Avg Train Loss: 0.6547 | KLD Beta: 0.0500
  Seg Loss: 0.3239 | Recon Loss: 0.0067 | KLD Loss: 0.0037
Epoch 83/400 | Avg Train Loss: 0.6545 | KLD Beta: 0.0500
  Seg Loss: 0.3237 | Recon Loss: 0.0068 | KLD Loss: 0.0046
Epoch 84/400 | Avg Train Loss: 0.6520 | KLD Beta: 0.0500
  Seg Loss: 0.3225 | Recon Loss: 0.0067 | KLD Loss: 0.0046
Epoch 85/400 | Avg Train Loss: 0.6616 | KLD Beta: 0.0500
  Seg Loss: 0.3272 | Recon Loss: 0.0070 | KLD Loss: 0.0047
Epoch 86/400 | Avg Train Loss: 0.6576 | KLD Beta: 0.0500
  Seg Loss: 0.3253 | Recon Loss: 0.0067 | KLD Loss: 0.0046
Epoch 87/400 | Avg Train Loss: 0.6512 | KLD Beta: 0.0500
  Seg Loss: 0.3221 | Recon Loss: 0.0069 | KLD Loss: 0.0044
Epoch 88/400 | Avg Train Loss: 0.6527 | KLD Beta: 0.0500
  Seg Loss: 0.3227 | Recon Loss: 0.0071 | KLD Loss: 0.0044
Epoch 89/400 | Avg Train Loss: 0.6654 | KLD Beta: 0.0500
  Seg Loss: 0.3291 | Recon Loss: 0.0069 | KLD Loss: 0.0038
Epoch 90/400 | Avg Train Loss: 0.6612 | KLD Beta: 0.0500
  Seg Loss: 0.3271 | Recon Loss: 0.0068 | KLD Loss: 0.0046
Epoch 91/400 | Avg Train Loss: 0.6529 | KLD Beta: 0.0500
  Seg Loss: 0.3231 | Recon Loss: 0.0067 | KLD Loss: 0.0019
Epoch 92/400 | Avg Train Loss: 0.6549 | KLD Beta: 0.0500
  Seg Loss: 0.3239 | Recon Loss: 0.0068 | KLD Loss: 0.0037
Epoch 93/400 | Avg Train Loss: 0.6519 | KLD Beta: 0.0500
  Seg Loss: 0.3225 | Recon Loss: 0.0066 | KLD Loss: 0.0044
Epoch 94/400 | Avg Train Loss: 0.6490 | KLD Beta: 0.0500
  Seg Loss: 0.3209 | Recon Loss: 0.0069 | KLD Loss: 0.0043
Epoch 95/400 | Avg Train Loss: 0.6559 | KLD Beta: 0.0500
  Seg Loss: 0.3245 | Recon Loss: 0.0067 | KLD Loss: 0.0039
Epoch 96/400 | Avg Train Loss: 0.6544 | KLD Beta: 0.0500
  Seg Loss: 0.3238 | Recon Loss: 0.0067 | KLD Loss: 0.0027
Epoch 97/400 | Avg Train Loss: 0.6648 | KLD Beta: 0.0500
  Seg Loss: 0.3289 | Recon Loss: 0.0067 | KLD Loss: 0.0045
Epoch 98/400 | Avg Train Loss: 0.6537 | KLD Beta: 0.0500
  Seg Loss: 0.3234 | Recon Loss: 0.0067 | KLD Loss: 0.0047
Epoch 99/400 | Avg Train Loss: 0.6546 | KLD Beta: 0.0500
  Seg Loss: 0.3238 | Recon Loss: 0.0068 | KLD Loss: 0.0047
Epoch 100/400 | Avg Train Loss: 0.6449 | KLD Beta: 0.0500
  Seg Loss: 0.3189 | Recon Loss: 0.0068 | KLD Loss: 0.0045
Epoch 101/400 | Avg Train Loss: 0.6606 | KLD Beta: 0.0500
  Seg Loss: 0.3266 | Recon Loss: 0.0070 | KLD Loss: 0.0057
Epoch 102/400 | Avg Train Loss: 0.6674 | KLD Beta: 0.0500
  Seg Loss: 0.3302 | Recon Loss: 0.0069 | KLD Loss: 0.0020
Epoch 103/400 | Avg Train Loss: 0.6603 | KLD Beta: 0.0500
  Seg Loss: 0.3267 | Recon Loss: 0.0068 | KLD Loss: 0.0042
Epoch 104/400 | Avg Train Loss: 0.6457 | KLD Beta: 0.0500
  Seg Loss: 0.3194 | Recon Loss: 0.0067 | KLD Loss: 0.0046
Epoch 105/400 | Avg Train Loss: 0.6566 | KLD Beta: 0.0500
  Seg Loss: 0.3248 | Recon Loss: 0.0068 | KLD Loss: 0.0046
Epoch 106/400 | Avg Train Loss: 0.6494 | KLD Beta: 0.0500
  Seg Loss: 0.3212 | Recon Loss: 0.0067 | KLD Loss: 0.0047
Epoch 107/400 | Avg Train Loss: 0.6546 | KLD Beta: 0.0500
  Seg Loss: 0.3238 | Recon Loss: 0.0067 | KLD Loss: 0.0046
Epoch 108/400 | Avg Train Loss: 0.6408 | KLD Beta: 0.0500
  Seg Loss: 0.3169 | Recon Loss: 0.0067 | KLD Loss: 0.0046
Epoch 109/400 | Avg Train Loss: 0.6476 | KLD Beta: 0.0500
  Seg Loss: 0.3203 | Recon Loss: 0.0068 | KLD Loss: 0.0048
Epoch 110/400 | Avg Train Loss: 0.6569 | KLD Beta: 0.0500
  Seg Loss: 0.3250 | Recon Loss: 0.0066 | KLD Loss: 0.0049
Epoch 111/400 | Avg Train Loss: 0.6491 | KLD Beta: 0.0500
  Seg Loss: 0.3210 | Recon Loss: 0.0069 | KLD Loss: 0.0047
Epoch 112/400 | Avg Train Loss: 0.6659 | KLD Beta: 0.0500
  Seg Loss: 0.3294 | Recon Loss: 0.0069 | KLD Loss: 0.0045
Epoch 113/400 | Avg Train Loss: 0.6402 | KLD Beta: 0.0500
  Seg Loss: 0.3165 | Recon Loss: 0.0069 | KLD Loss: 0.0047
Epoch 114/400 | Avg Train Loss: 0.6408 | KLD Beta: 0.0500
  Seg Loss: 0.3168 | Recon Loss: 0.0070 | KLD Loss: 0.0047
Epoch 115/400 | Avg Train Loss: 0.6650 | KLD Beta: 0.0500
  Seg Loss: 0.3290 | Recon Loss: 0.0067 | KLD Loss: 0.0047
Epoch 116/400 | Avg Train Loss: 0.6492 | KLD Beta: 0.0500
  Seg Loss: 0.3212 | Recon Loss: 0.0067 | KLD Loss: 0.0048
Epoch 117/400 | Avg Train Loss: 0.6479 | KLD Beta: 0.0500
  Seg Loss: 0.3205 | Recon Loss: 0.0066 | KLD Loss: 0.0036
Epoch 118/400 | Avg Train Loss: 0.6519 | KLD Beta: 0.0500
  Seg Loss: 0.3224 | Recon Loss: 0.0068 | KLD Loss: 0.0046
Epoch 119/400 | Avg Train Loss: 0.6544 | KLD Beta: 0.0500
  Seg Loss: 0.3237 | Recon Loss: 0.0068 | KLD Loss: 0.0046
Epoch 120/400 | Avg Train Loss: 0.6573 | KLD Beta: 0.0500
  Seg Loss: 0.3252 | Recon Loss: 0.0067 | KLD Loss: 0.0042
Epoch 121/400 | Avg Train Loss: 0.6550 | KLD Beta: 0.0500
  Seg Loss: 0.3241 | Recon Loss: 0.0067 | KLD Loss: 0.0033
Epoch 122/400 | Avg Train Loss: 0.6505 | KLD Beta: 0.0500
  Seg Loss: 0.3217 | Recon Loss: 0.0068 | KLD Loss: 0.0045
Epoch 123/400 | Avg Train Loss: 0.6457 | KLD Beta: 0.0500
  Seg Loss: 0.3193 | Recon Loss: 0.0067 | KLD Loss: 0.0050
Epoch 124/400 | Avg Train Loss: 0.6451 | KLD Beta: 0.0500
  Seg Loss: 0.3191 | Recon Loss: 0.0067 | KLD Loss: 0.0048
Epoch 125/400 | Avg Train Loss: 0.6457 | KLD Beta: 0.0500
  Seg Loss: 0.3193 | Recon Loss: 0.0068 | KLD Loss: 0.0048
Epoch 126/400 | Avg Train Loss: 0.6512 | KLD Beta: 0.0500
  Seg Loss: 0.3221 | Recon Loss: 0.0067 | KLD Loss: 0.0047
Epoch 127/400 | Avg Train Loss: 0.6536 | KLD Beta: 0.0500
  Seg Loss: 0.3233 | Recon Loss: 0.0068 | KLD Loss: 0.0046
Epoch 128/400 | Avg Train Loss: 0.6510 | KLD Beta: 0.0500
  Seg Loss: 0.3219 | Recon Loss: 0.0068 | KLD Loss: 0.0047
Epoch 129/400 | Avg Train Loss: 0.6507 | KLD Beta: 0.0500
  Seg Loss: 0.3218 | Recon Loss: 0.0069 | KLD Loss: 0.0042
Epoch 130/400 | Avg Train Loss: 0.6481 | KLD Beta: 0.0500
  Seg Loss: 0.3205 | Recon Loss: 0.0068 | KLD Loss: 0.0044
Epoch 131/400 | Avg Train Loss: 0.6345 | KLD Beta: 0.0500
  Seg Loss: 0.3137 | Recon Loss: 0.0069 | KLD Loss: 0.0048
Epoch 132/400 | Avg Train Loss: 0.6503 | KLD Beta: 0.0500
  Seg Loss: 0.3216 | Recon Loss: 0.0069 | KLD Loss: 0.0049
Epoch 133/400 | Avg Train Loss: 0.6515 | KLD Beta: 0.0500
  Seg Loss: 0.3221 | Recon Loss: 0.0071 | KLD Loss: 0.0049
Epoch 134/400 | Avg Train Loss: 0.6481 | KLD Beta: 0.0500
  Seg Loss: 0.3205 | Recon Loss: 0.0069 | KLD Loss: 0.0049
Epoch 135/400 | Avg Train Loss: 0.6533 | KLD Beta: 0.0500
  Seg Loss: 0.3231 | Recon Loss: 0.0069 | KLD Loss: 0.0046
Epoch 136/400 | Avg Train Loss: 0.6548 | KLD Beta: 0.0500
  Seg Loss: 0.3239 | Recon Loss: 0.0068 | KLD Loss: 0.0048
Epoch 137/400 | Avg Train Loss: 0.6568 | KLD Beta: 0.0500
  Seg Loss: 0.3248 | Recon Loss: 0.0069 | KLD Loss: 0.0042
Epoch 138/400 | Avg Train Loss: 0.6436 | KLD Beta: 0.0500
  Seg Loss: 0.3183 | Recon Loss: 0.0067 | KLD Loss: 0.0048
Epoch 139/400 | Avg Train Loss: 0.6570 | KLD Beta: 0.0500
  Seg Loss: 0.3250 | Recon Loss: 0.0068 | KLD Loss: 0.0042
Epoch 140/400 | Avg Train Loss: 0.6450 | KLD Beta: 0.0500
  Seg Loss: 0.3190 | Recon Loss: 0.0067 | KLD Loss: 0.0064
Epoch 141/400 | Avg Train Loss: 0.6513 | KLD Beta: 0.0500
  Seg Loss: 0.3222 | Recon Loss: 0.0068 | KLD Loss: 0.0028
Epoch 142/400 | Avg Train Loss: 0.6530 | KLD Beta: 0.0500
  Seg Loss: 0.3230 | Recon Loss: 0.0068 | KLD Loss: 0.0027
Epoch 143/400 | Avg Train Loss: 0.6557 | KLD Beta: 0.0500
  Seg Loss: 0.3243 | Recon Loss: 0.0068 | KLD Loss: 0.0046
Epoch 144/400 | Avg Train Loss: 0.6399 | KLD Beta: 0.0500
  Seg Loss: 0.3164 | Recon Loss: 0.0067 | KLD Loss: 0.0046
Epoch 145/400 | Avg Train Loss: 0.6524 | KLD Beta: 0.0500
  Seg Loss: 0.3227 | Recon Loss: 0.0068 | KLD Loss: 0.0041
Epoch 146/400 | Avg Train Loss: 0.6527 | KLD Beta: 0.0500
  Seg Loss: 0.3229 | Recon Loss: 0.0067 | KLD Loss: 0.0042
Epoch 147/400 | Avg Train Loss: 0.6460 | KLD Beta: 0.0500
  Seg Loss: 0.3195 | Recon Loss: 0.0067 | KLD Loss: 0.0044
Epoch 148/400 | Avg Train Loss: 0.6440 | KLD Beta: 0.0500
  Seg Loss: 0.3186 | Recon Loss: 0.0067 | KLD Loss: 0.0043
Epoch 149/400 | Avg Train Loss: 0.6529 | KLD Beta: 0.0500
  Seg Loss: 0.3229 | Recon Loss: 0.0069 | KLD Loss: 0.0045
Epoch 150/400 | Avg Train Loss: 0.6435 | KLD Beta: 0.0500
  Seg Loss: 0.3182 | Recon Loss: 0.0069 | KLD Loss: 0.0043
Epoch 151/400 | Avg Train Loss: 0.6477 | KLD Beta: 0.0500
  Seg Loss: 0.3203 | Recon Loss: 0.0069 | KLD Loss: 0.0043
Epoch 152/400 | Avg Train Loss: 0.6455 | KLD Beta: 0.0500
  Seg Loss: 0.3193 | Recon Loss: 0.0068 | KLD Loss: 0.0042
Epoch 153/400 | Avg Train Loss: 0.6603 | KLD Beta: 0.0500
  Seg Loss: 0.3267 | Recon Loss: 0.0066 | KLD Loss: 0.0045
Epoch 154/400 | Avg Train Loss: 0.6441 | KLD Beta: 0.0500
  Seg Loss: 0.3185 | Recon Loss: 0.0068 | KLD Loss: 0.0049
Epoch 155/400 | Avg Train Loss: 0.6559 | KLD Beta: 0.0500
  Seg Loss: 0.3245 | Recon Loss: 0.0068 | KLD Loss: 0.0045
Epoch 156/400 | Avg Train Loss: 0.6520 | KLD Beta: 0.0500
  Seg Loss: 0.3226 | Recon Loss: 0.0067 | KLD Loss: 0.0041
Epoch 157/400 | Avg Train Loss: 0.6427 | KLD Beta: 0.0500
  Seg Loss: 0.3179 | Recon Loss: 0.0067 | KLD Loss: 0.0044
Epoch 158/400 | Avg Train Loss: 0.6544 | KLD Beta: 0.0500
  Seg Loss: 0.3237 | Recon Loss: 0.0068 | KLD Loss: 0.0046
Epoch 159/400 | Avg Train Loss: 0.6555 | KLD Beta: 0.0500
  Seg Loss: 0.3242 | Recon Loss: 0.0068 | KLD Loss: 0.0048
Epoch 160/400 | Avg Train Loss: 0.6564 | KLD Beta: 0.0500
  Seg Loss: 0.3247 | Recon Loss: 0.0068 | KLD Loss: 0.0049
Epoch 161/400 | Avg Train Loss: 0.6367 | KLD Beta: 0.0500
  Seg Loss: 0.3149 | Recon Loss: 0.0066 | KLD Loss: 0.0046
Epoch 162/400 | Avg Train Loss: 0.6408 | KLD Beta: 0.0500
  Seg Loss: 0.3169 | Recon Loss: 0.0068 | KLD Loss: 0.0046
Epoch 163/400 | Avg Train Loss: 0.6614 | KLD Beta: 0.0500
  Seg Loss: 0.3272 | Recon Loss: 0.0068 | KLD Loss: 0.0045
Epoch 164/400 | Avg Train Loss: 0.6465 | KLD Beta: 0.0500
  Seg Loss: 0.3198 | Recon Loss: 0.0067 | KLD Loss: 0.0046
Epoch 165/400 | Avg Train Loss: 0.6468 | KLD Beta: 0.0500
  Seg Loss: 0.3199 | Recon Loss: 0.0067 | KLD Loss: 0.0048
Epoch 166/400 | Avg Train Loss: 0.6446 | KLD Beta: 0.0500
  Seg Loss: 0.3189 | Recon Loss: 0.0067 | KLD Loss: 0.0043
Epoch 167/400 | Avg Train Loss: 0.6564 | KLD Beta: 0.0500
  Seg Loss: 0.3247 | Recon Loss: 0.0067 | KLD Loss: 0.0044
Epoch 168/400 | Avg Train Loss: 0.6613 | KLD Beta: 0.0500
  Seg Loss: 0.3271 | Recon Loss: 0.0068 | KLD Loss: 0.0045
Epoch 169/400 | Avg Train Loss: 0.6427 | KLD Beta: 0.0500
  Seg Loss: 0.3179 | Recon Loss: 0.0067 | KLD Loss: 0.0044
Epoch 170/400 | Avg Train Loss: 0.6451 | KLD Beta: 0.0500
  Seg Loss: 0.3190 | Recon Loss: 0.0068 | KLD Loss: 0.0047
Epoch 171/400 | Avg Train Loss: 0.6418 | KLD Beta: 0.0500
  Seg Loss: 0.3173 | Recon Loss: 0.0069 | KLD Loss: 0.0050
Epoch 172/400 | Avg Train Loss: 0.6578 | KLD Beta: 0.0500
  Seg Loss: 0.3255 | Recon Loss: 0.0068 | KLD Loss: 0.0029
Epoch 173/400 | Avg Train Loss: 0.6519 | KLD Beta: 0.0500
  Seg Loss: 0.3224 | Recon Loss: 0.0068 | KLD Loss: 0.0047
Epoch 174/400 | Avg Train Loss: 0.6536 | KLD Beta: 0.0500
  Seg Loss: 0.3233 | Recon Loss: 0.0068 | KLD Loss: 0.0046
Epoch 175/400 | Avg Train Loss: 0.6532 | KLD Beta: 0.0500
  Seg Loss: 0.3230 | Recon Loss: 0.0069 | KLD Loss: 0.0047
Epoch 176/400 | Avg Train Loss: 0.6499 | KLD Beta: 0.0500
  Seg Loss: 0.3214 | Recon Loss: 0.0070 | KLD Loss: 0.0045
Epoch 177/400 | Avg Train Loss: 0.6478 | KLD Beta: 0.0500
  Seg Loss: 0.3203 | Recon Loss: 0.0070 | KLD Loss: 0.0047
Epoch 178/400 | Avg Train Loss: 0.6536 | KLD Beta: 0.0500
  Seg Loss: 0.3232 | Recon Loss: 0.0069 | KLD Loss: 0.0046
Epoch 179/400 | Avg Train Loss: 0.6504 | KLD Beta: 0.0500
  Seg Loss: 0.3218 | Recon Loss: 0.0067 | KLD Loss: 0.0048
Epoch 180/400 | Avg Train Loss: 0.6486 | KLD Beta: 0.0500
  Seg Loss: 0.3208 | Recon Loss: 0.0068 | KLD Loss: 0.0047
Epoch 181/400 | Avg Train Loss: 0.6505 | KLD Beta: 0.0500
  Seg Loss: 0.3218 | Recon Loss: 0.0067 | KLD Loss: 0.0041
Epoch 182/400 | Avg Train Loss: 0.6472 | KLD Beta: 0.0500
  Seg Loss: 0.3201 | Recon Loss: 0.0067 | KLD Loss: 0.0047
Epoch 183/400 | Avg Train Loss: 0.6623 | KLD Beta: 0.0500
  Seg Loss: 0.3277 | Recon Loss: 0.0067 | KLD Loss: 0.0043
Epoch 184/400 | Avg Train Loss: 0.6508 | KLD Beta: 0.0500
  Seg Loss: 0.3219 | Recon Loss: 0.0068 | KLD Loss: 0.0037
Epoch 185/400 | Avg Train Loss: 0.6529 | KLD Beta: 0.0500
  Seg Loss: 0.3230 | Recon Loss: 0.0066 | KLD Loss: 0.0043
Epoch 186/400 | Avg Train Loss: 0.6573 | KLD Beta: 0.0500
  Seg Loss: 0.3252 | Recon Loss: 0.0067 | KLD Loss: 0.0045
Epoch 187/400 | Avg Train Loss: 0.6603 | KLD Beta: 0.0500
  Seg Loss: 0.3266 | Recon Loss: 0.0068 | KLD Loss: 0.0037
Epoch 188/400 | Avg Train Loss: 0.6434 | KLD Beta: 0.0500
  Seg Loss: 0.3183 | Recon Loss: 0.0066 | KLD Loss: 0.0039
Epoch 189/400 | Avg Train Loss: 0.6518 | KLD Beta: 0.0500
  Seg Loss: 0.3224 | Recon Loss: 0.0068 | KLD Loss: 0.0047
Epoch 190/400 | Avg Train Loss: 0.6499 | KLD Beta: 0.0500
  Seg Loss: 0.3214 | Recon Loss: 0.0069 | KLD Loss: 0.0047
Epoch 191/400 | Avg Train Loss: 0.6583 | KLD Beta: 0.0500
  Seg Loss: 0.3256 | Recon Loss: 0.0069 | KLD Loss: 0.0044
Epoch 192/400 | Avg Train Loss: 0.6393 | KLD Beta: 0.0500
  Seg Loss: 0.3162 | Recon Loss: 0.0067 | KLD Loss: 0.0046
Epoch 193/400 | Avg Train Loss: 0.6599 | KLD Beta: 0.0500
  Seg Loss: 0.3264 | Recon Loss: 0.0068 | KLD Loss: 0.0048
Epoch 194/400 | Avg Train Loss: 0.6492 | KLD Beta: 0.0500
  Seg Loss: 0.3212 | Recon Loss: 0.0067 | KLD Loss: 0.0046
Epoch 195/400 | Avg Train Loss: 0.6501 | KLD Beta: 0.0500
  Seg Loss: 0.3216 | Recon Loss: 0.0067 | KLD Loss: 0.0047
Epoch 196/400 | Avg Train Loss: 0.6563 | KLD Beta: 0.0500
  Seg Loss: 0.3247 | Recon Loss: 0.0067 | KLD Loss: 0.0047
Epoch 197/400 | Avg Train Loss: 0.6519 | KLD Beta: 0.0500
  Seg Loss: 0.3225 | Recon Loss: 0.0067 | KLD Loss: 0.0049
Epoch 198/400 | Avg Train Loss: 0.6500 | KLD Beta: 0.0500
  Seg Loss: 0.3215 | Recon Loss: 0.0067 | KLD Loss: 0.0042
Epoch 199/400 | Avg Train Loss: 0.6454 | KLD Beta: 0.0500
  Seg Loss: 0.3192 | Recon Loss: 0.0068 | KLD Loss: 0.0041
Epoch 200/400 | Avg Train Loss: 0.6430 | KLD Beta: 0.0500
  Seg Loss: 0.3181 | Recon Loss: 0.0066 | KLD Loss: 0.0050
Epoch 201/400 | Avg Train Loss: 0.6451 | KLD Beta: 0.0500
  Seg Loss: 0.3191 | Recon Loss: 0.0066 | KLD Loss: 0.0050
Epoch 202/400 | Avg Train Loss: 0.6480 | KLD Beta: 0.0500
  Seg Loss: 0.3206 | Recon Loss: 0.0066 | KLD Loss: 0.0049
Epoch 203/400 | Avg Train Loss: 0.6509 | KLD Beta: 0.0500
  Seg Loss: 0.3220 | Recon Loss: 0.0067 | KLD Loss: 0.0049
Epoch 204/400 | Avg Train Loss: 0.6505 | KLD Beta: 0.0500
  Seg Loss: 0.3218 | Recon Loss: 0.0067 | KLD Loss: 0.0034
Epoch 205/400 | Avg Train Loss: 0.6501 | KLD Beta: 0.0500
  Seg Loss: 0.3216 | Recon Loss: 0.0068 | KLD Loss: 0.0044
Epoch 206/400 | Avg Train Loss: 0.6442 | KLD Beta: 0.0500
  Seg Loss: 0.3187 | Recon Loss: 0.0066 | KLD Loss: 0.0050
Epoch 207/400 | Avg Train Loss: 0.6552 | KLD Beta: 0.0500
  Seg Loss: 0.3241 | Recon Loss: 0.0067 | KLD Loss: 0.0064
Epoch 208/400 | Avg Train Loss: 0.6515 | KLD Beta: 0.0500
  Seg Loss: 0.3223 | Recon Loss: 0.0067 | KLD Loss: 0.0031
Epoch 209/400 | Avg Train Loss: 0.6473 | KLD Beta: 0.0500
  Seg Loss: 0.3203 | Recon Loss: 0.0066 | KLD Loss: 0.0030
Epoch 210/400 | Avg Train Loss: 0.6570 | KLD Beta: 0.0500
  Seg Loss: 0.3250 | Recon Loss: 0.0067 | KLD Loss: 0.0051
Epoch 211/400 | Avg Train Loss: 0.6497 | KLD Beta: 0.0500
  Seg Loss: 0.3214 | Recon Loss: 0.0066 | KLD Loss: 0.0050
Epoch 212/400 | Avg Train Loss: 0.6558 | KLD Beta: 0.0500
  Seg Loss: 0.3244 | Recon Loss: 0.0068 | KLD Loss: 0.0043
Epoch 213/400 | Avg Train Loss: 0.6612 | KLD Beta: 0.0500
  Seg Loss: 0.3271 | Recon Loss: 0.0068 | KLD Loss: 0.0050
Epoch 214/400 | Avg Train Loss: 0.6613 | KLD Beta: 0.0500
  Seg Loss: 0.3272 | Recon Loss: 0.0067 | KLD Loss: 0.0047
Epoch 215/400 | Avg Train Loss: 0.6533 | KLD Beta: 0.0500
  Seg Loss: 0.3231 | Recon Loss: 0.0069 | KLD Loss: 0.0046
Epoch 216/400 | Avg Train Loss: 0.6465 | KLD Beta: 0.0500
  Seg Loss: 0.3197 | Recon Loss: 0.0068 | KLD Loss: 0.0045
Epoch 217/400 | Avg Train Loss: 0.6544 | KLD Beta: 0.0500
  Seg Loss: 0.3237 | Recon Loss: 0.0068 | KLD Loss: 0.0044
Epoch 218/400 | Avg Train Loss: 0.6563 | KLD Beta: 0.0500
  Seg Loss: 0.3247 | Recon Loss: 0.0067 | KLD Loss: 0.0022
Epoch 219/400 | Avg Train Loss: 0.6488 | KLD Beta: 0.0500
  Seg Loss: 0.3209 | Recon Loss: 0.0068 | KLD Loss: 0.0053
Epoch 220/400 | Avg Train Loss: 0.6506 | KLD Beta: 0.0500
  Seg Loss: 0.3218 | Recon Loss: 0.0069 | KLD Loss: 0.0031
Epoch 221/400 | Avg Train Loss: 0.6570 | KLD Beta: 0.0500
  Seg Loss: 0.3250 | Recon Loss: 0.0068 | KLD Loss: 0.0040
Epoch 222/400 | Avg Train Loss: 0.6484 | KLD Beta: 0.0500
  Seg Loss: 0.3206 | Recon Loss: 0.0070 | KLD Loss: 0.0042
Epoch 223/400 | Avg Train Loss: 0.6540 | KLD Beta: 0.0500
  Seg Loss: 0.3235 | Recon Loss: 0.0068 | KLD Loss: 0.0043
Epoch 224/400 | Avg Train Loss: 0.6450 | KLD Beta: 0.0500
  Seg Loss: 0.3191 | Recon Loss: 0.0067 | KLD Loss: 0.0037
Epoch 225/400 | Avg Train Loss: 0.6473 | KLD Beta: 0.0500
  Seg Loss: 0.3201 | Recon Loss: 0.0068 | KLD Loss: 0.0043
Epoch 226/400 | Avg Train Loss: 0.6507 | KLD Beta: 0.0500
  Seg Loss: 0.3218 | Recon Loss: 0.0069 | KLD Loss: 0.0045
Epoch 227/400 | Avg Train Loss: 0.6516 | KLD Beta: 0.0500
  Seg Loss: 0.3222 | Recon Loss: 0.0069 | KLD Loss: 0.0045
Epoch 228/400 | Avg Train Loss: 0.6557 | KLD Beta: 0.0500
  Seg Loss: 0.3244 | Recon Loss: 0.0068 | KLD Loss: 0.0046
Epoch 229/400 | Avg Train Loss: 0.6461 | KLD Beta: 0.0500
  Seg Loss: 0.3195 | Recon Loss: 0.0068 | KLD Loss: 0.0065
Epoch 230/400 | Avg Train Loss: 0.6439 | KLD Beta: 0.0500
  Seg Loss: 0.3186 | Recon Loss: 0.0066 | KLD Loss: 0.0032
Epoch 231/400 | Avg Train Loss: 0.6435 | KLD Beta: 0.0500
  Seg Loss: 0.3183 | Recon Loss: 0.0067 | KLD Loss: 0.0033
Epoch 232/400 | Avg Train Loss: 0.6468 | KLD Beta: 0.0500
  Seg Loss: 0.3198 | Recon Loss: 0.0069 | KLD Loss: 0.0045
Epoch 233/400 | Avg Train Loss: 0.6470 | KLD Beta: 0.0500
  Seg Loss: 0.3200 | Recon Loss: 0.0068 | KLD Loss: 0.0047
Epoch 234/400 | Avg Train Loss: 0.6405 | KLD Beta: 0.0500
  Seg Loss: 0.3168 | Recon Loss: 0.0067 | KLD Loss: 0.0043
Epoch 235/400 | Avg Train Loss: 0.6509 | KLD Beta: 0.0500
  Seg Loss: 0.3219 | Recon Loss: 0.0069 | KLD Loss: 0.0045
Epoch 236/400 | Avg Train Loss: 0.6421 | KLD Beta: 0.0500
  Seg Loss: 0.3175 | Recon Loss: 0.0068 | KLD Loss: 0.0049
Epoch 237/400 | Avg Train Loss: 0.6396 | KLD Beta: 0.0500
  Seg Loss: 0.3163 | Recon Loss: 0.0068 | KLD Loss: 0.0048
Epoch 238/400 | Avg Train Loss: 0.6522 | KLD Beta: 0.0500
  Seg Loss: 0.3226 | Recon Loss: 0.0068 | KLD Loss: 0.0046
Epoch 239/400 | Avg Train Loss: 0.6446 | KLD Beta: 0.0500
  Seg Loss: 0.3188 | Recon Loss: 0.0067 | KLD Loss: 0.0049
Epoch 240/400 | Avg Train Loss: 0.6453 | KLD Beta: 0.0500
  Seg Loss: 0.3192 | Recon Loss: 0.0067 | KLD Loss: 0.0047
Epoch 241/400 | Avg Train Loss: 0.6538 | KLD Beta: 0.0500
  Seg Loss: 0.3233 | Recon Loss: 0.0070 | KLD Loss: 0.0046
Epoch 242/400 | Avg Train Loss: 0.6438 | KLD Beta: 0.0500
  Seg Loss: 0.3184 | Recon Loss: 0.0068 | KLD Loss: 0.0048
Epoch 243/400 | Avg Train Loss: 0.6508 | KLD Beta: 0.0500
  Seg Loss: 0.3219 | Recon Loss: 0.0067 | KLD Loss: 0.0049
Epoch 244/400 | Avg Train Loss: 0.6545 | KLD Beta: 0.0500
  Seg Loss: 0.3237 | Recon Loss: 0.0068 | KLD Loss: 0.0046
Epoch 245/400 | Avg Train Loss: 0.6487 | KLD Beta: 0.0500
  Seg Loss: 0.3209 | Recon Loss: 0.0067 | KLD Loss: 0.0047
Epoch 246/400 | Avg Train Loss: 0.6587 | KLD Beta: 0.0500
  Seg Loss: 0.3258 | Recon Loss: 0.0068 | KLD Loss: 0.0046
Epoch 247/400 | Avg Train Loss: 0.6604 | KLD Beta: 0.0500
  Seg Loss: 0.3267 | Recon Loss: 0.0068 | KLD Loss: 0.0046
Epoch 248/400 | Avg Train Loss: 0.6428 | KLD Beta: 0.0500
  Seg Loss: 0.3179 | Recon Loss: 0.0068 | KLD Loss: 0.0046
Epoch 249/400 | Avg Train Loss: 0.6583 | KLD Beta: 0.0500
  Seg Loss: 0.3256 | Recon Loss: 0.0069 | KLD Loss: 0.0047
Epoch 250/400 | Avg Train Loss: 0.6552 | KLD Beta: 0.0500
  Seg Loss: 0.3241 | Recon Loss: 0.0069 | KLD Loss: 0.0048
Epoch 251/400 | Avg Train Loss: 0.6493 | KLD Beta: 0.0500
  Seg Loss: 0.3212 | Recon Loss: 0.0068 | KLD Loss: 0.0047
Epoch 252/400 | Avg Train Loss: 0.6433 | KLD Beta: 0.0500
  Seg Loss: 0.3181 | Recon Loss: 0.0069 | KLD Loss: 0.0045
Epoch 253/400 | Avg Train Loss: 0.6442 | KLD Beta: 0.0500
  Seg Loss: 0.3186 | Recon Loss: 0.0068 | KLD Loss: 0.0034
Epoch 254/400 | Avg Train Loss: 0.6481 | KLD Beta: 0.0500
  Seg Loss: 0.3206 | Recon Loss: 0.0067 | KLD Loss: 0.0052
Epoch 255/400 | Avg Train Loss: 0.6530 | KLD Beta: 0.0500
  Seg Loss: 0.3230 | Recon Loss: 0.0068 | KLD Loss: 0.0044
Epoch 256/400 | Avg Train Loss: 0.6537 | KLD Beta: 0.0500
  Seg Loss: 0.3234 | Recon Loss: 0.0067 | KLD Loss: 0.0038
Epoch 257/400 | Avg Train Loss: 0.6503 | KLD Beta: 0.0500
  Seg Loss: 0.3217 | Recon Loss: 0.0067 | KLD Loss: 0.0046
Epoch 258/400 | Avg Train Loss: 0.6540 | KLD Beta: 0.0500
  Seg Loss: 0.3235 | Recon Loss: 0.0067 | KLD Loss: 0.0048
Epoch 259/400 | Avg Train Loss: 0.6448 | KLD Beta: 0.0500
  Seg Loss: 0.3189 | Recon Loss: 0.0067 | KLD Loss: 0.0043
Epoch 260/400 | Avg Train Loss: 0.6512 | KLD Beta: 0.0500
  Seg Loss: 0.3221 | Recon Loss: 0.0068 | KLD Loss: 0.0046
Epoch 261/400 | Avg Train Loss: 0.6515 | KLD Beta: 0.0500
  Seg Loss: 0.3223 | Recon Loss: 0.0067 | KLD Loss: 0.0046
Epoch 262/400 | Avg Train Loss: 0.6424 | KLD Beta: 0.0500
  Seg Loss: 0.3177 | Recon Loss: 0.0069 | KLD Loss: 0.0031
Epoch 263/400 | Avg Train Loss: 0.6477 | KLD Beta: 0.0500
  Seg Loss: 0.3204 | Recon Loss: 0.0068 | KLD Loss: 0.0043
Epoch 264/400 | Avg Train Loss: 0.6508 | KLD Beta: 0.0500
  Seg Loss: 0.3220 | Recon Loss: 0.0067 | KLD Loss: 0.0041
Epoch 265/400 | Avg Train Loss: 0.6495 | KLD Beta: 0.0500
  Seg Loss: 0.3212 | Recon Loss: 0.0068 | KLD Loss: 0.0047
Epoch 266/400 | Avg Train Loss: 0.6540 | KLD Beta: 0.0500
  Seg Loss: 0.3235 | Recon Loss: 0.0068 | KLD Loss: 0.0046
Epoch 267/400 | Avg Train Loss: 0.6473 | KLD Beta: 0.0500
  Seg Loss: 0.3201 | Recon Loss: 0.0068 | KLD Loss: 0.0046
Epoch 268/400 | Avg Train Loss: 0.6448 | KLD Beta: 0.0500
  Seg Loss: 0.3189 | Recon Loss: 0.0067 | KLD Loss: 0.0046
Epoch 269/400 | Avg Train Loss: 0.6625 | KLD Beta: 0.0500
  Seg Loss: 0.3278 | Recon Loss: 0.0067 | KLD Loss: 0.0056
Epoch 270/400 | Avg Train Loss: 0.6452 | KLD Beta: 0.0500
  Seg Loss: 0.3191 | Recon Loss: 0.0068 | KLD Loss: 0.0031
Epoch 271/400 | Avg Train Loss: 0.6500 | KLD Beta: 0.0500
  Seg Loss: 0.3215 | Recon Loss: 0.0067 | KLD Loss: 0.0047
Epoch 272/400 | Avg Train Loss: 0.6628 | KLD Beta: 0.0500
  Seg Loss: 0.3279 | Recon Loss: 0.0068 | KLD Loss: 0.0043
Epoch 273/400 | Avg Train Loss: 0.6483 | KLD Beta: 0.0500
  Seg Loss: 0.3206 | Recon Loss: 0.0068 | KLD Loss: 0.0047
Epoch 274/400 | Avg Train Loss: 0.6540 | KLD Beta: 0.0500
  Seg Loss: 0.3236 | Recon Loss: 0.0067 | KLD Loss: 0.0034
Epoch 275/400 | Avg Train Loss: 0.6544 | KLD Beta: 0.0500
  Seg Loss: 0.3236 | Recon Loss: 0.0070 | KLD Loss: 0.0048
Epoch 276/400 | Avg Train Loss: 0.6608 | KLD Beta: 0.0500
  Seg Loss: 0.3268 | Recon Loss: 0.0069 | KLD Loss: 0.0047
Epoch 277/400 | Avg Train Loss: 0.6502 | KLD Beta: 0.0500
  Seg Loss: 0.3216 | Recon Loss: 0.0067 | KLD Loss: 0.0044
Epoch 278/400 | Avg Train Loss: 0.6540 | KLD Beta: 0.0500
  Seg Loss: 0.3235 | Recon Loss: 0.0068 | KLD Loss: 0.0046
Epoch 279/400 | Avg Train Loss: 0.6538 | KLD Beta: 0.0500
  Seg Loss: 0.3234 | Recon Loss: 0.0069 | KLD Loss: 0.0045
Epoch 280/400 | Avg Train Loss: 0.6515 | KLD Beta: 0.0500
  Seg Loss: 0.3222 | Recon Loss: 0.0069 | KLD Loss: 0.0047
Epoch 281/400 | Avg Train Loss: 0.6514 | KLD Beta: 0.0500
  Seg Loss: 0.3222 | Recon Loss: 0.0068 | KLD Loss: 0.0046
Epoch 282/400 | Avg Train Loss: 0.6599 | KLD Beta: 0.0500
  Seg Loss: 0.3264 | Recon Loss: 0.0069 | KLD Loss: 0.0039
Epoch 283/400 | Avg Train Loss: 0.6413 | KLD Beta: 0.0500
  Seg Loss: 0.3171 | Recon Loss: 0.0069 | KLD Loss: 0.0040
Epoch 284/400 | Avg Train Loss: 0.6573 | KLD Beta: 0.0500
  Seg Loss: 0.3251 | Recon Loss: 0.0069 | KLD Loss: 0.0049
Epoch 285/400 | Avg Train Loss: 0.6473 | KLD Beta: 0.0500
  Seg Loss: 0.3201 | Recon Loss: 0.0069 | KLD Loss: 0.0035
Epoch 286/400 | Avg Train Loss: 0.6558 | KLD Beta: 0.0500
  Seg Loss: 0.3244 | Recon Loss: 0.0068 | KLD Loss: 0.0040
Epoch 287/400 | Avg Train Loss: 0.6607 | KLD Beta: 0.0500
  Seg Loss: 0.3268 | Recon Loss: 0.0068 | KLD Loss: 0.0047
Epoch 288/400 | Avg Train Loss: 0.6537 | KLD Beta: 0.0500
  Seg Loss: 0.3233 | Recon Loss: 0.0069 | KLD Loss: 0.0045
Epoch 289/400 | Avg Train Loss: 0.6577 | KLD Beta: 0.0500
  Seg Loss: 0.3254 | Recon Loss: 0.0068 | KLD Loss: 0.0047
Epoch 290/400 | Avg Train Loss: 0.6550 | KLD Beta: 0.0500
  Seg Loss: 0.3240 | Recon Loss: 0.0069 | KLD Loss: 0.0034
Epoch 291/400 | Avg Train Loss: 0.6591 | KLD Beta: 0.0500
  Seg Loss: 0.3261 | Recon Loss: 0.0066 | KLD Loss: 0.0045
Epoch 292/400 | Avg Train Loss: 0.6526 | KLD Beta: 0.0500
  Seg Loss: 0.3227 | Recon Loss: 0.0069 | KLD Loss: 0.0044
Epoch 293/400 | Avg Train Loss: 0.6450 | KLD Beta: 0.0500
  Seg Loss: 0.3190 | Recon Loss: 0.0067 | KLD Loss: 0.0045
Epoch 294/400 | Avg Train Loss: 0.6483 | KLD Beta: 0.0500
  Seg Loss: 0.3207 | Recon Loss: 0.0067 | KLD Loss: 0.0031
Epoch 295/400 | Avg Train Loss: 0.6513 | KLD Beta: 0.0500
  Seg Loss: 0.3222 | Recon Loss: 0.0067 | KLD Loss: 0.0044
Epoch 296/400 | Avg Train Loss: 0.6379 | KLD Beta: 0.0500
  Seg Loss: 0.3155 | Recon Loss: 0.0067 | KLD Loss: 0.0050
Epoch 297/400 | Avg Train Loss: 0.6550 | KLD Beta: 0.0500
  Seg Loss: 0.3240 | Recon Loss: 0.0068 | KLD Loss: 0.0051
Epoch 298/400 | Avg Train Loss: 0.6688 | KLD Beta: 0.0500
  Seg Loss: 0.3309 | Recon Loss: 0.0068 | KLD Loss: 0.0042
Epoch 299/400 | Avg Train Loss: 0.6534 | KLD Beta: 0.0500
  Seg Loss: 0.3232 | Recon Loss: 0.0067 | KLD Loss: 0.0044
Epoch 300/400 | Avg Train Loss: 0.6546 | KLD Beta: 0.0500
  Seg Loss: 0.3238 | Recon Loss: 0.0067 | KLD Loss: 0.0048
Epoch 301/400 | Avg Train Loss: 0.6467 | KLD Beta: 0.0500
  Seg Loss: 0.3198 | Recon Loss: 0.0068 | KLD Loss: 0.0042
Epoch 302/400 | Avg Train Loss: 0.6467 | KLD Beta: 0.0500
  Seg Loss: 0.3198 | Recon Loss: 0.0069 | KLD Loss: 0.0051
Epoch 303/400 | Avg Train Loss: 0.6515 | KLD Beta: 0.0500
  Seg Loss: 0.3222 | Recon Loss: 0.0068 | KLD Loss: 0.0049
Epoch 304/400 | Avg Train Loss: 0.6495 | KLD Beta: 0.0500
  Seg Loss: 0.3213 | Recon Loss: 0.0067 | KLD Loss: 0.0048
Epoch 305/400 | Avg Train Loss: 0.6604 | KLD Beta: 0.0500
  Seg Loss: 0.3266 | Recon Loss: 0.0069 | KLD Loss: 0.0047
Epoch 306/400 | Avg Train Loss: 0.6457 | KLD Beta: 0.0500
  Seg Loss: 0.3193 | Recon Loss: 0.0069 | KLD Loss: 0.0047
Epoch 307/400 | Avg Train Loss: 0.6501 | KLD Beta: 0.0500
  Seg Loss: 0.3216 | Recon Loss: 0.0068 | KLD Loss: 0.0042
Epoch 308/400 | Avg Train Loss: 0.6471 | KLD Beta: 0.0500
  Seg Loss: 0.3201 | Recon Loss: 0.0067 | KLD Loss: 0.0051
Epoch 309/400 | Avg Train Loss: 0.6498 | KLD Beta: 0.0500
  Seg Loss: 0.3214 | Recon Loss: 0.0069 | KLD Loss: 0.0022
Epoch 310/400 | Avg Train Loss: 0.6445 | KLD Beta: 0.0500
  Seg Loss: 0.3187 | Recon Loss: 0.0067 | KLD Loss: 0.0044
Epoch 311/400 | Avg Train Loss: 0.6573 | KLD Beta: 0.0500
  Seg Loss: 0.3252 | Recon Loss: 0.0066 | KLD Loss: 0.0048
Epoch 312/400 | Avg Train Loss: 0.6604 | KLD Beta: 0.0500
  Seg Loss: 0.3267 | Recon Loss: 0.0068 | KLD Loss: 0.0036
Epoch 313/400 | Avg Train Loss: 0.6508 | KLD Beta: 0.0500
  Seg Loss: 0.3219 | Recon Loss: 0.0068 | KLD Loss: 0.0043
Epoch 314/400 | Avg Train Loss: 0.6493 | KLD Beta: 0.0500
  Seg Loss: 0.3211 | Recon Loss: 0.0068 | KLD Loss: 0.0046
Epoch 315/400 | Avg Train Loss: 0.6485 | KLD Beta: 0.0500
  Seg Loss: 0.3207 | Recon Loss: 0.0069 | KLD Loss: 0.0046
Epoch 316/400 | Avg Train Loss: 0.6482 | KLD Beta: 0.0500
  Seg Loss: 0.3206 | Recon Loss: 0.0067 | KLD Loss: 0.0046
Epoch 317/400 | Avg Train Loss: 0.6443 | KLD Beta: 0.0500
  Seg Loss: 0.3187 | Recon Loss: 0.0067 | KLD Loss: 0.0043
Epoch 318/400 | Avg Train Loss: 0.6573 | KLD Beta: 0.0500
  Seg Loss: 0.3252 | Recon Loss: 0.0067 | KLD Loss: 0.0045
Epoch 319/400 | Avg Train Loss: 0.6507 | KLD Beta: 0.0500
  Seg Loss: 0.3219 | Recon Loss: 0.0067 | KLD Loss: 0.0044
Epoch 320/400 | Avg Train Loss: 0.6565 | KLD Beta: 0.0500
  Seg Loss: 0.3248 | Recon Loss: 0.0067 | KLD Loss: 0.0047
Epoch 321/400 | Avg Train Loss: 0.6510 | KLD Beta: 0.0500
  Seg Loss: 0.3220 | Recon Loss: 0.0068 | KLD Loss: 0.0041
Epoch 322/400 | Avg Train Loss: 0.6605 | KLD Beta: 0.0500
  Seg Loss: 0.3267 | Recon Loss: 0.0069 | KLD Loss: 0.0031
Epoch 323/400 | Avg Train Loss: 0.6544 | KLD Beta: 0.0500
  Seg Loss: 0.3237 | Recon Loss: 0.0068 | KLD Loss: 0.0043
Epoch 324/400 | Avg Train Loss: 0.6530 | KLD Beta: 0.0500
  Seg Loss: 0.3230 | Recon Loss: 0.0067 | KLD Loss: 0.0053
Epoch 325/400 | Avg Train Loss: 0.6617 | KLD Beta: 0.0500
  Seg Loss: 0.3273 | Recon Loss: 0.0068 | KLD Loss: 0.0041
Epoch 326/400 | Avg Train Loss: 0.6521 | KLD Beta: 0.0500
  Seg Loss: 0.3226 | Recon Loss: 0.0068 | KLD Loss: 0.0039
Epoch 327/400 | Avg Train Loss: 0.6604 | KLD Beta: 0.0500
  Seg Loss: 0.3266 | Recon Loss: 0.0070 | KLD Loss: 0.0042
Epoch 328/400 | Avg Train Loss: 0.6474 | KLD Beta: 0.0500
  Seg Loss: 0.3201 | Recon Loss: 0.0070 | KLD Loss: 0.0045
Epoch 329/400 | Avg Train Loss: 0.6545 | KLD Beta: 0.0500
  Seg Loss: 0.3237 | Recon Loss: 0.0068 | KLD Loss: 0.0034
Epoch 330/400 | Avg Train Loss: 0.6517 | KLD Beta: 0.0500
  Seg Loss: 0.3223 | Recon Loss: 0.0068 | KLD Loss: 0.0046
Epoch 331/400 | Avg Train Loss: 0.6519 | KLD Beta: 0.0500
  Seg Loss: 0.3224 | Recon Loss: 0.0068 | KLD Loss: 0.0047
Epoch 332/400 | Avg Train Loss: 0.6473 | KLD Beta: 0.0500
  Seg Loss: 0.3201 | Recon Loss: 0.0069 | KLD Loss: 0.0047
Epoch 333/400 | Avg Train Loss: 0.6404 | KLD Beta: 0.0500
  Seg Loss: 0.3166 | Recon Loss: 0.0068 | KLD Loss: 0.0048
Epoch 334/400 | Avg Train Loss: 0.6555 | KLD Beta: 0.0500
  Seg Loss: 0.3242 | Recon Loss: 0.0069 | KLD Loss: 0.0030
Epoch 335/400 | Avg Train Loss: 0.6479 | KLD Beta: 0.0500
  Seg Loss: 0.3204 | Recon Loss: 0.0069 | KLD Loss: 0.0047
Epoch 336/400 | Avg Train Loss: 0.6543 | KLD Beta: 0.0500
  Seg Loss: 0.3236 | Recon Loss: 0.0069 | KLD Loss: 0.0046
Epoch 337/400 | Avg Train Loss: 0.6389 | KLD Beta: 0.0500
  Seg Loss: 0.3159 | Recon Loss: 0.0070 | KLD Loss: 0.0051
Epoch 338/400 | Avg Train Loss: 0.6490 | KLD Beta: 0.0500
  Seg Loss: 0.3209 | Recon Loss: 0.0070 | KLD Loss: 0.0035
Epoch 339/400 | Avg Train Loss: 0.6599 | KLD Beta: 0.0500
  Seg Loss: 0.3264 | Recon Loss: 0.0068 | KLD Loss: 0.0046
Epoch 340/400 | Avg Train Loss: 0.6495 | KLD Beta: 0.0500
  Seg Loss: 0.3211 | Recon Loss: 0.0069 | KLD Loss: 0.0051
Epoch 341/400 | Avg Train Loss: 0.6561 | KLD Beta: 0.0500
  Seg Loss: 0.3244 | Recon Loss: 0.0071 | KLD Loss: 0.0051
Epoch 342/400 | Avg Train Loss: 0.6639 | KLD Beta: 0.0500
  Seg Loss: 0.3284 | Recon Loss: 0.0069 | KLD Loss: 0.0042
Epoch 343/400 | Avg Train Loss: 0.6497 | KLD Beta: 0.0500
  Seg Loss: 0.3212 | Recon Loss: 0.0069 | KLD Loss: 0.0049
Epoch 344/400 | Avg Train Loss: 0.6616 | KLD Beta: 0.0500
  Seg Loss: 0.3272 | Recon Loss: 0.0070 | KLD Loss: 0.0048
Epoch 345/400 | Avg Train Loss: 0.6488 | KLD Beta: 0.0500
  Seg Loss: 0.3208 | Recon Loss: 0.0069 | KLD Loss: 0.0042
Epoch 346/400 | Avg Train Loss: 0.6602 | KLD Beta: 0.0500
  Seg Loss: 0.3265 | Recon Loss: 0.0069 | KLD Loss: 0.0047
Epoch 347/400 | Avg Train Loss: 0.6467 | KLD Beta: 0.0500
  Seg Loss: 0.3197 | Recon Loss: 0.0071 | KLD Loss: 0.0046
Epoch 348/400 | Avg Train Loss: 0.6467 | KLD Beta: 0.0500
  Seg Loss: 0.3198 | Recon Loss: 0.0070 | KLD Loss: 0.0046
Epoch 349/400 | Avg Train Loss: 0.6524 | KLD Beta: 0.0500
  Seg Loss: 0.3226 | Recon Loss: 0.0070 | KLD Loss: 0.0045
Epoch 350/400 | Avg Train Loss: 0.6533 | KLD Beta: 0.0500
  Seg Loss: 0.3230 | Recon Loss: 0.0071 | KLD Loss: 0.0046
Epoch 351/400 | Avg Train Loss: 0.6554 | KLD Beta: 0.0500
  Seg Loss: 0.3241 | Recon Loss: 0.0068 | KLD Loss: 0.0047
Epoch 352/400 | Avg Train Loss: 0.6384 | KLD Beta: 0.0500
  Seg Loss: 0.3156 | Recon Loss: 0.0069 | KLD Loss: 0.0049
Epoch 353/400 | Avg Train Loss: 0.6401 | KLD Beta: 0.0500
  Seg Loss: 0.3164 | Recon Loss: 0.0070 | KLD Loss: 0.0032
Epoch 354/400 | Avg Train Loss: 0.6515 | KLD Beta: 0.0500
  Seg Loss: 0.3221 | Recon Loss: 0.0071 | KLD Loss: 0.0044
Epoch 355/400 | Avg Train Loss: 0.6606 | KLD Beta: 0.0500
  Seg Loss: 0.3266 | Recon Loss: 0.0072 | KLD Loss: 0.0050
Epoch 356/400 | Avg Train Loss: 0.6530 | KLD Beta: 0.0500
  Seg Loss: 0.3228 | Recon Loss: 0.0071 | KLD Loss: 0.0048
Epoch 357/400 | Avg Train Loss: 0.6579 | KLD Beta: 0.0500
  Seg Loss: 0.3253 | Recon Loss: 0.0070 | KLD Loss: 0.0049
Epoch 358/400 | Avg Train Loss: 0.6559 | KLD Beta: 0.0500
  Seg Loss: 0.3243 | Recon Loss: 0.0070 | KLD Loss: 0.0048
Epoch 359/400 | Avg Train Loss: 0.6341 | KLD Beta: 0.0500
  Seg Loss: 0.3135 | Recon Loss: 0.0068 | KLD Loss: 0.0048
Epoch 360/400 | Avg Train Loss: 0.6511 | KLD Beta: 0.0500
  Seg Loss: 0.3220 | Recon Loss: 0.0070 | KLD Loss: 0.0050
Epoch 361/400 | Avg Train Loss: 0.6569 | KLD Beta: 0.0500
  Seg Loss: 0.3247 | Recon Loss: 0.0072 | KLD Loss: 0.0048
Epoch 362/400 | Avg Train Loss: 0.6565 | KLD Beta: 0.0500
  Seg Loss: 0.3245 | Recon Loss: 0.0071 | KLD Loss: 0.0047
Epoch 363/400 | Avg Train Loss: 0.6473 | KLD Beta: 0.0500
  Seg Loss: 0.3200 | Recon Loss: 0.0071 | KLD Loss: 0.0046
Epoch 364/400 | Avg Train Loss: 0.6557 | KLD Beta: 0.0500
  Seg Loss: 0.3242 | Recon Loss: 0.0071 | KLD Loss: 0.0041
Epoch 365/400 | Avg Train Loss: 0.6569 | KLD Beta: 0.0500
  Seg Loss: 0.3248 | Recon Loss: 0.0072 | KLD Loss: 0.0043
Epoch 366/400 | Avg Train Loss: 0.6500 | KLD Beta: 0.0500
  Seg Loss: 0.3213 | Recon Loss: 0.0071 | KLD Loss: 0.0046
Epoch 367/400 | Avg Train Loss: 0.6504 | KLD Beta: 0.0500
  Seg Loss: 0.3216 | Recon Loss: 0.0070 | KLD Loss: 0.0046
Epoch 368/400 | Avg Train Loss: 0.6553 | KLD Beta: 0.0500
  Seg Loss: 0.3239 | Recon Loss: 0.0072 | KLD Loss: 0.0045
Epoch 369/400 | Avg Train Loss: 0.6566 | KLD Beta: 0.0500
  Seg Loss: 0.3246 | Recon Loss: 0.0071 | KLD Loss: 0.0044
Epoch 370/400 | Avg Train Loss: 0.6624 | KLD Beta: 0.0500
  Seg Loss: 0.3274 | Recon Loss: 0.0073 | KLD Loss: 0.0045
Epoch 371/400 | Avg Train Loss: 0.6473 | KLD Beta: 0.0500
  Seg Loss: 0.3200 | Recon Loss: 0.0071 | KLD Loss: 0.0055
Epoch 372/400 | Avg Train Loss: 0.6458 | KLD Beta: 0.0500
  Seg Loss: 0.3192 | Recon Loss: 0.0071 | KLD Loss: 0.0031
Epoch 373/400 | Avg Train Loss: 0.6595 | KLD Beta: 0.0500
  Seg Loss: 0.3261 | Recon Loss: 0.0071 | KLD Loss: 0.0034
Epoch 374/400 | Avg Train Loss: 0.6441 | KLD Beta: 0.0500
  Seg Loss: 0.3183 | Recon Loss: 0.0072 | KLD Loss: 0.0038
Epoch 375/400 | Avg Train Loss: 0.6633 | KLD Beta: 0.0500
  Seg Loss: 0.3279 | Recon Loss: 0.0073 | KLD Loss: 0.0043
Epoch 376/400 | Avg Train Loss: 0.6608 | KLD Beta: 0.0500
  Seg Loss: 0.3267 | Recon Loss: 0.0072 | KLD Loss: 0.0045
Epoch 377/400 | Avg Train Loss: 0.6599 | KLD Beta: 0.0500
  Seg Loss: 0.3263 | Recon Loss: 0.0071 | KLD Loss: 0.0045
Epoch 378/400 | Avg Train Loss: 0.6515 | KLD Beta: 0.0500
  Seg Loss: 0.3221 | Recon Loss: 0.0071 | KLD Loss: 0.0039
Epoch 379/400 | Avg Train Loss: 0.6483 | KLD Beta: 0.0500
  Seg Loss: 0.3205 | Recon Loss: 0.0071 | KLD Loss: 0.0032
Epoch 380/400 | Avg Train Loss: 0.6423 | KLD Beta: 0.0500
  Seg Loss: 0.3176 | Recon Loss: 0.0069 | KLD Loss: 0.0045
Epoch 381/400 | Avg Train Loss: 0.6506 | KLD Beta: 0.0500
  Seg Loss: 0.3217 | Recon Loss: 0.0070 | KLD Loss: 0.0048
Epoch 382/400 | Avg Train Loss: 0.6578 | KLD Beta: 0.0500
  Seg Loss: 0.3253 | Recon Loss: 0.0070 | KLD Loss: 0.0049
Epoch 383/400 | Avg Train Loss: 0.6534 | KLD Beta: 0.0500
  Seg Loss: 0.3231 | Recon Loss: 0.0070 | KLD Loss: 0.0048
Epoch 384/400 | Avg Train Loss: 0.6574 | KLD Beta: 0.0500
  Seg Loss: 0.3251 | Recon Loss: 0.0070 | KLD Loss: 0.0048
Epoch 385/400 | Avg Train Loss: 0.6723 | KLD Beta: 0.0500
  Seg Loss: 0.3325 | Recon Loss: 0.0070 | KLD Loss: 0.0045
Epoch 386/400 | Avg Train Loss: 0.6516 | KLD Beta: 0.0500
  Seg Loss: 0.3222 | Recon Loss: 0.0070 | KLD Loss: 0.0044
Epoch 387/400 | Avg Train Loss: 0.6565 | KLD Beta: 0.0500
  Seg Loss: 0.3246 | Recon Loss: 0.0071 | KLD Loss: 0.0045
Epoch 388/400 | Avg Train Loss: 0.6524 | KLD Beta: 0.0500
  Seg Loss: 0.3225 | Recon Loss: 0.0071 | KLD Loss: 0.0061
Epoch 389/400 | Avg Train Loss: 0.6498 | KLD Beta: 0.0500
  Seg Loss: 0.3213 | Recon Loss: 0.0070 | KLD Loss: 0.0022
Epoch 390/400 | Avg Train Loss: 0.6504 | KLD Beta: 0.0500
  Seg Loss: 0.3216 | Recon Loss: 0.0071 | KLD Loss: 0.0041
Epoch 391/400 | Avg Train Loss: 0.6651 | KLD Beta: 0.0500
  Seg Loss: 0.3289 | Recon Loss: 0.0071 | KLD Loss: 0.0045
Epoch 392/400 | Avg Train Loss: 0.6502 | KLD Beta: 0.0500
  Seg Loss: 0.3214 | Recon Loss: 0.0070 | KLD Loss: 0.0046
Epoch 393/400 | Avg Train Loss: 0.6541 | KLD Beta: 0.0500
  Seg Loss: 0.3234 | Recon Loss: 0.0070 | KLD Loss: 0.0048
Epoch 394/400 | Avg Train Loss: 0.6475 | KLD Beta: 0.0500
  Seg Loss: 0.3201 | Recon Loss: 0.0070 | KLD Loss: 0.0047
Epoch 395/400 | Avg Train Loss: 0.6524 | KLD Beta: 0.0500
  Seg Loss: 0.3226 | Recon Loss: 0.0070 | KLD Loss: 0.0045
Epoch 396/400 | Avg Train Loss: 0.6514 | KLD Beta: 0.0500
  Seg Loss: 0.3220 | Recon Loss: 0.0071 | KLD Loss: 0.0045
Epoch 397/400 | Avg Train Loss: 0.6506 | KLD Beta: 0.0500
  Seg Loss: 0.3216 | Recon Loss: 0.0071 | KLD Loss: 0.0042
Epoch 398/400 | Avg Train Loss: 0.6637 | KLD Beta: 0.0500
  Seg Loss: 0.3282 | Recon Loss: 0.0071 | KLD Loss: 0.0042
Epoch 399/400 | Avg Train Loss: 0.6483 | KLD Beta: 0.0500
  Seg Loss: 0.3205 | Recon Loss: 0.0071 | KLD Loss: 0.0041
Epoch 400/400 | Avg Train Loss: 0.6526 | KLD Beta: 0.0500
  Seg Loss: 0.3227 | Recon Loss: 0.0070 | KLD Loss: 0.0046
Training complete.
Saved trained model to /zhome/d2/4/167803/Desktop/Deep_project/02456-final-project/Trained_models/VAE.pth
Job Finished.

------------------------------------------------------------
Sender: LSF System <lsfadmin@hpc.dtu.dk>
Subject: Job 27084435: <VAE_job> in cluster <dcc> Done

Job <VAE_job> was submitted from host <gbarlogin1> by user <s214776> in cluster <dcc> at Wed Nov 19 00:22:59 2025
Job was executed on host(s) <8*n-62-13-14>, in queue <gpul40s>, as user <s214776> in cluster <dcc> at Wed Nov 19 00:23:00 2025
</zhome/d2/4/167803> was used as the home directory.
</zhome/d2/4/167803/Desktop/Deep_project/02456-final-project> was used as the working directory.
Started at Wed Nov 19 00:23:00 2025
Terminated at Wed Nov 19 13:12:23 2025
Results reported at Wed Nov 19 13:12:23 2025

Your job looked like:

------------------------------------------------------------
# LSBATCH: User input
#!/bin/sh
### --- Job Name ---
#BSUB -J VAE_job

### --- Log files ---
#BSUB -o /zhome/d2/4/167803/Desktop/Deep_project/02456-final-project/logs/VAE_job_%J.out
#BSUB -e /zhome/d2/4/167803/Desktop/Deep_project/02456-final-project/logs/VAE_job_%J.err
### --- Resource Requests ---
#BSUB -q gpul40s           # Request GPU queue
#BSUB -gpu "num=1:mode=exclusive_process" # Request 1 GPU, all to myself
#BSUB -n 8                    # Request 4 CPU cores
#BSUB -R "rusage[mem=16GB]"   # Request 16GB memory
#BSUB -W 15:00                # 4 hour runtime limit

### --- Setup Environment ---
echo "Loading CUDA module..."
module load cuda/11.6         # Load CUDA module

echo "Loading Conda..."
# This is the full, correct path to your environment
source /zhome/d2/4/167803/miniforge3/bin/activate MBML
echo "Environment 'MBML' activated."

### --- Run Script ---
echo "Starting Python script..."
python /zhome/d2/4/167803/Desktop/Deep_project/02456-final-project/Model/VAE.py

echo "Job Finished."
------------------------------------------------------------

Successfully completed.

Resource usage summary:

    CPU time :                                   232923.00 sec.
    Max Memory :                                 1453 MB
    Average Memory :                             1199.78 MB
    Total Requested Memory :                     131072.00 MB
    Delta Memory :                               129619.00 MB
    Max Swap :                                   -
    Max Processes :                              8
    Max Threads :                                77
    Run time :                                   46182 sec.
    Turnaround time :                            46164 sec.

The output (if any) is above this job summary.



PS:

Read file </zhome/d2/4/167803/Desktop/Deep_project/02456-final-project/logs/VAE_job_27084435.err> for stderr output of this job.

