Loading CUDA module...
Loading Conda...
Environment 'MBML' activated.
Starting Python script...
Using device: cuda
Using device: cuda
Found 28 image/label pairs.
--- Data Split ---
Total labeled samples: 28
Training samples: 23 (Augmentation: False)
Validation samples: 5 (Augmentation: False)
--- Labeled data success ---
Found 119 unlabeled images.
--- Unlabeled data success ---
--- Training the VAE on Liver Data ---

--- Epoch 1/300 | KLD Beta: 0.000000 ---
  TRAIN | Total Loss: 3.3142
          Seg: 0.7650 | Recon: 0.2543 | KLD: 0.2030
  VALID | Epoch Mean IoU (mIoU): 0.0647
    --> New best mIoU: 0.0647

--- Epoch 2/300 | KLD Beta: 0.002500 ---
  TRAIN | Total Loss: 3.0345
          Seg: 0.7055 | Recon: 0.2120 | KLD: 0.2081
  VALID | Epoch Mean IoU (mIoU): 0.0560
    No improvement for 1 epochs.

--- Epoch 3/300 | KLD Beta: 0.005000 ---
  TRAIN | Total Loss: 2.7750
          Seg: 0.6471 | Recon: 0.1857 | KLD: 0.1663
  VALID | Epoch Mean IoU (mIoU): 0.0508
    No improvement for 2 epochs.

--- Epoch 4/300 | KLD Beta: 0.007500 ---
  TRAIN | Total Loss: 2.6153
          Seg: 0.6116 | Recon: 0.1679 | KLD: 0.1451
  VALID | Epoch Mean IoU (mIoU): 0.0687
    --> New best mIoU: 0.0687

--- Epoch 5/300 | KLD Beta: 0.010000 ---
  TRAIN | Total Loss: 2.4662
          Seg: 0.5764 | Recon: 0.1591 | KLD: 0.1437
  VALID | Epoch Mean IoU (mIoU): 0.0916
    --> New best mIoU: 0.0916

--- Epoch 6/300 | KLD Beta: 0.012500 ---
  TRAIN | Total Loss: 2.3926
          Seg: 0.5610 | Recon: 0.1466 | KLD: 0.1479
  VALID | Epoch Mean IoU (mIoU): 0.1174
    --> New best mIoU: 0.1174

--- Epoch 7/300 | KLD Beta: 0.015000 ---
  TRAIN | Total Loss: 2.3921
          Seg: 0.5649 | Recon: 0.1304 | KLD: 0.1385
  VALID | Epoch Mean IoU (mIoU): 0.0876
    No improvement for 1 epochs.

--- Epoch 8/300 | KLD Beta: 0.017500 ---
  TRAIN | Total Loss: 2.2857
          Seg: 0.5362 | Recon: 0.1386 | KLD: 0.1370
  VALID | Epoch Mean IoU (mIoU): 0.0706
    No improvement for 2 epochs.

--- Epoch 9/300 | KLD Beta: 0.020000 ---
  TRAIN | Total Loss: 2.2801
          Seg: 0.5366 | Recon: 0.1311 | KLD: 0.1334
  VALID | Epoch Mean IoU (mIoU): 0.1386
    --> New best mIoU: 0.1386

--- Epoch 10/300 | KLD Beta: 0.022500 ---
  TRAIN | Total Loss: 2.2235
          Seg: 0.5225 | Recon: 0.1304 | KLD: 0.1341
  VALID | Epoch Mean IoU (mIoU): 0.0906
    No improvement for 1 epochs.

--- Epoch 11/300 | KLD Beta: 0.025000 ---
  TRAIN | Total Loss: 2.1811
          Seg: 0.5142 | Recon: 0.1210 | KLD: 0.1359
  VALID | Epoch Mean IoU (mIoU): 0.2176
    --> New best mIoU: 0.2176

--- Epoch 12/300 | KLD Beta: 0.027500 ---
  TRAIN | Total Loss: 2.1966
          Seg: 0.5184 | Recon: 0.1194 | KLD: 0.1294
  VALID | Epoch Mean IoU (mIoU): 0.1378
    No improvement for 1 epochs.

--- Epoch 13/300 | KLD Beta: 0.030000 ---
  TRAIN | Total Loss: 2.1585
          Seg: 0.5109 | Recon: 0.1112 | KLD: 0.1260
  VALID | Epoch Mean IoU (mIoU): 0.1132
    No improvement for 2 epochs.

--- Epoch 14/300 | KLD Beta: 0.032500 ---
  TRAIN | Total Loss: 2.1532
          Seg: 0.5089 | Recon: 0.1135 | KLD: 0.1212
  VALID | Epoch Mean IoU (mIoU): 0.1285
    No improvement for 3 epochs.

--- Epoch 15/300 | KLD Beta: 0.035000 ---
  TRAIN | Total Loss: 2.1206
          Seg: 0.5024 | Recon: 0.1071 | KLD: 0.1173
  VALID | Epoch Mean IoU (mIoU): 0.1053
    No improvement for 4 epochs.

--- Epoch 16/300 | KLD Beta: 0.037500 ---
  TRAIN | Total Loss: 2.0520
          Seg: 0.4882 | Recon: 0.0949 | KLD: 0.1172
  VALID | Epoch Mean IoU (mIoU): 0.1508
    No improvement for 5 epochs.

--- Epoch 17/300 | KLD Beta: 0.040000 ---
  TRAIN | Total Loss: 2.1200
          Seg: 0.5042 | Recon: 0.0986 | KLD: 0.1165
  VALID | Epoch Mean IoU (mIoU): 0.1372
    No improvement for 6 epochs.

--- Epoch 18/300 | KLD Beta: 0.042500 ---
  TRAIN | Total Loss: 2.0675
          Seg: 0.4908 | Recon: 0.0993 | KLD: 0.1141
  VALID | Epoch Mean IoU (mIoU): 0.1234
    No improvement for 7 epochs.

--- Epoch 19/300 | KLD Beta: 0.045000 ---
  TRAIN | Total Loss: 2.0185
          Seg: 0.4817 | Recon: 0.0868 | KLD: 0.1103
  VALID | Epoch Mean IoU (mIoU): 0.1152
    No improvement for 8 epochs.

--- Epoch 20/300 | KLD Beta: 0.047500 ---
  TRAIN | Total Loss: 2.0040
          Seg: 0.4771 | Recon: 0.0905 | KLD: 0.1084
  VALID | Epoch Mean IoU (mIoU): 0.1821
    No improvement for 9 epochs.

--- Epoch 21/300 | KLD Beta: 0.050000 ---
  TRAIN | Total Loss: 2.0315
          Seg: 0.4845 | Recon: 0.0884 | KLD: 0.1044
  VALID | Epoch Mean IoU (mIoU): 0.0931
    No improvement for 10 epochs.

--- Epoch 22/300 | KLD Beta: 0.050000 ---
  TRAIN | Total Loss: 1.9517
          Seg: 0.4675 | Recon: 0.0764 | KLD: 0.1035
  VALID | Epoch Mean IoU (mIoU): 0.2624
    --> New best mIoU: 0.2624

--- Epoch 23/300 | KLD Beta: 0.050000 ---
  TRAIN | Total Loss: 1.9228
          Seg: 0.4597 | Recon: 0.0786 | KLD: 0.1046
  VALID | Epoch Mean IoU (mIoU): 0.2013
    No improvement for 1 epochs.

--- Epoch 24/300 | KLD Beta: 0.050000 ---
  TRAIN | Total Loss: 1.9188
          Seg: 0.4606 | Recon: 0.0711 | KLD: 0.1051
  VALID | Epoch Mean IoU (mIoU): 0.2610
    No improvement for 2 epochs.

--- Epoch 25/300 | KLD Beta: 0.050000 ---
  TRAIN | Total Loss: 1.8864
          Seg: 0.4504 | Recon: 0.0797 | KLD: 0.1014
  VALID | Epoch Mean IoU (mIoU): 0.2019
    No improvement for 3 epochs.

--- Epoch 26/300 | KLD Beta: 0.050000 ---
  TRAIN | Total Loss: 1.9391
          Seg: 0.4674 | Recon: 0.0644 | KLD: 0.0978
  VALID | Epoch Mean IoU (mIoU): 0.1765
    No improvement for 4 epochs.

--- Epoch 27/300 | KLD Beta: 0.050000 ---
  TRAIN | Total Loss: 1.8829
          Seg: 0.4541 | Recon: 0.0619 | KLD: 0.0967
  VALID | Epoch Mean IoU (mIoU): 0.2160
    No improvement for 5 epochs.

--- Epoch 28/300 | KLD Beta: 0.050000 ---
  TRAIN | Total Loss: 1.9051
          Seg: 0.4585 | Recon: 0.0665 | KLD: 0.0938
  VALID | Epoch Mean IoU (mIoU): 0.1117
    No improvement for 6 epochs.

--- Epoch 29/300 | KLD Beta: 0.050000 ---
  TRAIN | Total Loss: 1.8327
          Seg: 0.4434 | Recon: 0.0541 | KLD: 0.0953
  VALID | Epoch Mean IoU (mIoU): 0.2644
    --> New best mIoU: 0.2644

--- Epoch 30/300 | KLD Beta: 0.050000 ---
  TRAIN | Total Loss: 1.8291
          Seg: 0.4411 | Recon: 0.0600 | KLD: 0.0948
  VALID | Epoch Mean IoU (mIoU): 0.1234
    No improvement for 1 epochs.

--- Epoch 31/300 | KLD Beta: 0.050000 ---
  TRAIN | Total Loss: 1.8288
          Seg: 0.4423 | Recon: 0.0551 | KLD: 0.0937
  VALID | Epoch Mean IoU (mIoU): 0.2310
    No improvement for 2 epochs.

--- Epoch 32/300 | KLD Beta: 0.050000 ---
  TRAIN | Total Loss: 1.8173
          Seg: 0.4395 | Recon: 0.0546 | KLD: 0.0921
  VALID | Epoch Mean IoU (mIoU): 0.1442
    No improvement for 3 epochs.

--- Epoch 33/300 | KLD Beta: 0.050000 ---
  TRAIN | Total Loss: 1.8102
          Seg: 0.4365 | Recon: 0.0598 | KLD: 0.0901
  VALID | Epoch Mean IoU (mIoU): 0.1186
    No improvement for 4 epochs.

--- Epoch 34/300 | KLD Beta: 0.050000 ---
  TRAIN | Total Loss: 1.8100
          Seg: 0.4393 | Recon: 0.0485 | KLD: 0.0902
  VALID | Epoch Mean IoU (mIoU): 0.2734
    --> New best mIoU: 0.2734

--- Epoch 35/300 | KLD Beta: 0.050000 ---
  TRAIN | Total Loss: 1.7707
          Seg: 0.4286 | Recon: 0.0515 | KLD: 0.0917
  VALID | Epoch Mean IoU (mIoU): 0.2465
    No improvement for 1 epochs.

--- Epoch 36/300 | KLD Beta: 0.050000 ---
  TRAIN | Total Loss: 1.7727
          Seg: 0.4314 | Recon: 0.0426 | KLD: 0.0894
  VALID | Epoch Mean IoU (mIoU): 0.2760
    --> New best mIoU: 0.2760

--- Epoch 37/300 | KLD Beta: 0.050000 ---
  TRAIN | Total Loss: 1.7751
          Seg: 0.4317 | Recon: 0.0439 | KLD: 0.0884
  VALID | Epoch Mean IoU (mIoU): 0.2727
    No improvement for 1 epochs.

--- Epoch 38/300 | KLD Beta: 0.050000 ---
  TRAIN | Total Loss: 1.7480
          Seg: 0.4247 | Recon: 0.0446 | KLD: 0.0871
  VALID | Epoch Mean IoU (mIoU): 0.2665
    No improvement for 2 epochs.

--- Epoch 39/300 | KLD Beta: 0.050000 ---
  TRAIN | Total Loss: 1.6995
          Seg: 0.4133 | Recon: 0.0420 | KLD: 0.0871
  VALID | Epoch Mean IoU (mIoU): 0.3074
    --> New best mIoU: 0.3074

--- Epoch 40/300 | KLD Beta: 0.050000 ---
  TRAIN | Total Loss: 1.6879
          Seg: 0.4110 | Recon: 0.0395 | KLD: 0.0869
  VALID | Epoch Mean IoU (mIoU): 0.2086
    No improvement for 1 epochs.

--- Epoch 41/300 | KLD Beta: 0.050000 ---
  TRAIN | Total Loss: 1.6771
          Seg: 0.4088 | Recon: 0.0374 | KLD: 0.0871
  VALID | Epoch Mean IoU (mIoU): 0.2518
    No improvement for 2 epochs.

--- Epoch 42/300 | KLD Beta: 0.050000 ---
  TRAIN | Total Loss: 1.6727
          Seg: 0.4074 | Recon: 0.0387 | KLD: 0.0855
  VALID | Epoch Mean IoU (mIoU): 0.2928
    No improvement for 3 epochs.

--- Epoch 43/300 | KLD Beta: 0.050000 ---
  TRAIN | Total Loss: 1.6824
          Seg: 0.4095 | Recon: 0.0401 | KLD: 0.0833
  VALID | Epoch Mean IoU (mIoU): 0.2950
    No improvement for 4 epochs.

--- Epoch 44/300 | KLD Beta: 0.050000 ---
  TRAIN | Total Loss: 1.6810
          Seg: 0.4082 | Recon: 0.0439 | KLD: 0.0860
  VALID | Epoch Mean IoU (mIoU): 0.2273
    No improvement for 5 epochs.

--- Epoch 45/300 | KLD Beta: 0.050000 ---
  TRAIN | Total Loss: 1.6597
          Seg: 0.4049 | Recon: 0.0360 | KLD: 0.0835
  VALID | Epoch Mean IoU (mIoU): 0.1763
    No improvement for 6 epochs.

--- Epoch 46/300 | KLD Beta: 0.050000 ---
  TRAIN | Total Loss: 1.6591
          Seg: 0.4039 | Recon: 0.0394 | KLD: 0.0844
  VALID | Epoch Mean IoU (mIoU): 0.2697
    No improvement for 7 epochs.

--- Epoch 47/300 | KLD Beta: 0.050000 ---
  TRAIN | Total Loss: 1.6338
          Seg: 0.3982 | Recon: 0.0371 | KLD: 0.0820
  VALID | Epoch Mean IoU (mIoU): 0.2305
    No improvement for 8 epochs.

--- Epoch 48/300 | KLD Beta: 0.050000 ---
  TRAIN | Total Loss: 1.5982
          Seg: 0.3898 | Recon: 0.0351 | KLD: 0.0795
  VALID | Epoch Mean IoU (mIoU): 0.2504
    No improvement for 9 epochs.

--- Epoch 49/300 | KLD Beta: 0.050000 ---
  TRAIN | Total Loss: 1.6052
          Seg: 0.3921 | Recon: 0.0325 | KLD: 0.0837
  VALID | Epoch Mean IoU (mIoU): 0.2705
    No improvement for 10 epochs.

--- Epoch 50/300 | KLD Beta: 0.050000 ---
  TRAIN | Total Loss: 1.5837
          Seg: 0.3872 | Recon: 0.0310 | KLD: 0.0797
  VALID | Epoch Mean IoU (mIoU): 0.2260
    No improvement for 11 epochs.

--- Epoch 51/300 | KLD Beta: 0.050000 ---
  TRAIN | Total Loss: 1.5860
          Seg: 0.3878 | Recon: 0.0306 | KLD: 0.0823
  VALID | Epoch Mean IoU (mIoU): 0.1970
    No improvement for 12 epochs.

--- Epoch 52/300 | KLD Beta: 0.050000 ---
  TRAIN | Total Loss: 1.6129
          Seg: 0.3955 | Recon: 0.0270 | KLD: 0.0815
  VALID | Epoch Mean IoU (mIoU): 0.2785
    No improvement for 13 epochs.

--- Epoch 53/300 | KLD Beta: 0.050000 ---
  TRAIN | Total Loss: 1.5926
          Seg: 0.3897 | Recon: 0.0300 | KLD: 0.0807
  VALID | Epoch Mean IoU (mIoU): 0.2310
    No improvement for 14 epochs.

--- Epoch 54/300 | KLD Beta: 0.050000 ---
  TRAIN | Total Loss: 1.5930
          Seg: 0.3895 | Recon: 0.0309 | KLD: 0.0795
  VALID | Epoch Mean IoU (mIoU): 0.3081
    --> New best mIoU: 0.3081

--- Epoch 55/300 | KLD Beta: 0.050000 ---
  TRAIN | Total Loss: 1.6045
          Seg: 0.3931 | Recon: 0.0283 | KLD: 0.0796
  VALID | Epoch Mean IoU (mIoU): 0.3060
    No improvement for 1 epochs.

--- Epoch 56/300 | KLD Beta: 0.050000 ---
  TRAIN | Total Loss: 1.6037
          Seg: 0.3919 | Recon: 0.0320 | KLD: 0.0812
  VALID | Epoch Mean IoU (mIoU): 0.3190
    --> New best mIoU: 0.3190

--- Epoch 57/300 | KLD Beta: 0.050000 ---
  TRAIN | Total Loss: 1.5868
          Seg: 0.3888 | Recon: 0.0276 | KLD: 0.0796
  VALID | Epoch Mean IoU (mIoU): 0.3213
    --> New best mIoU: 0.3213

--- Epoch 58/300 | KLD Beta: 0.050000 ---
  TRAIN | Total Loss: 1.5603
          Seg: 0.3817 | Recon: 0.0294 | KLD: 0.0793
  VALID | Epoch Mean IoU (mIoU): 0.2871
    No improvement for 1 epochs.

--- Epoch 59/300 | KLD Beta: 0.050000 ---
  TRAIN | Total Loss: 1.5623
          Seg: 0.3832 | Recon: 0.0256 | KLD: 0.0796
  VALID | Epoch Mean IoU (mIoU): 0.2401
    No improvement for 2 epochs.

--- Epoch 60/300 | KLD Beta: 0.050000 ---
  TRAIN | Total Loss: 1.5828
          Seg: 0.3867 | Recon: 0.0322 | KLD: 0.0790
  VALID | Epoch Mean IoU (mIoU): 0.2472
    No improvement for 3 epochs.

--- Epoch 61/300 | KLD Beta: 0.050000 ---
  TRAIN | Total Loss: 1.5294
          Seg: 0.3732 | Recon: 0.0326 | KLD: 0.0784
  VALID | Epoch Mean IoU (mIoU): 0.2298
    No improvement for 4 epochs.

--- Epoch 62/300 | KLD Beta: 0.050000 ---
  TRAIN | Total Loss: 1.5533
          Seg: 0.3798 | Recon: 0.0301 | KLD: 0.0805
  VALID | Epoch Mean IoU (mIoU): 0.2875
    No improvement for 5 epochs.

--- Epoch 63/300 | KLD Beta: 0.050000 ---
  TRAIN | Total Loss: 1.5765
          Seg: 0.3853 | Recon: 0.0316 | KLD: 0.0770
  VALID | Epoch Mean IoU (mIoU): 0.2753
    No improvement for 6 epochs.

--- Epoch 64/300 | KLD Beta: 0.050000 ---
  TRAIN | Total Loss: 1.5876
          Seg: 0.3881 | Recon: 0.0313 | KLD: 0.0775
  VALID | Epoch Mean IoU (mIoU): 0.2834
    No improvement for 7 epochs.

--- Epoch 65/300 | KLD Beta: 0.050000 ---
  TRAIN | Total Loss: 1.5678
          Seg: 0.3827 | Recon: 0.0328 | KLD: 0.0801
  VALID | Epoch Mean IoU (mIoU): 0.2781
    No improvement for 8 epochs.

--- Epoch 66/300 | KLD Beta: 0.050000 ---
  TRAIN | Total Loss: 1.5870
          Seg: 0.3896 | Recon: 0.0246 | KLD: 0.0783
  VALID | Epoch Mean IoU (mIoU): 0.2785
    No improvement for 9 epochs.

--- Epoch 67/300 | KLD Beta: 0.050000 ---
  TRAIN | Total Loss: 1.5688
          Seg: 0.3831 | Recon: 0.0326 | KLD: 0.0788
  VALID | Epoch Mean IoU (mIoU): 0.2535
    No improvement for 10 epochs.

--- Epoch 68/300 | KLD Beta: 0.050000 ---
  TRAIN | Total Loss: 1.6125
          Seg: 0.3944 | Recon: 0.0309 | KLD: 0.0792
  VALID | Epoch Mean IoU (mIoU): 0.2924
    No improvement for 11 epochs.

--- Epoch 69/300 | KLD Beta: 0.050000 ---
  TRAIN | Total Loss: 1.5254
          Seg: 0.3743 | Recon: 0.0243 | KLD: 0.0799
  VALID | Epoch Mean IoU (mIoU): 0.2780
    No improvement for 12 epochs.

--- Epoch 70/300 | KLD Beta: 0.050000 ---
  TRAIN | Total Loss: 1.5460
          Seg: 0.3775 | Recon: 0.0320 | KLD: 0.0794
  VALID | Epoch Mean IoU (mIoU): 0.3156
    No improvement for 13 epochs.

--- Epoch 71/300 | KLD Beta: 0.050000 ---
  TRAIN | Total Loss: 1.5354
          Seg: 0.3747 | Recon: 0.0325 | KLD: 0.0782
  VALID | Epoch Mean IoU (mIoU): 0.2613
    No improvement for 14 epochs.

--- Epoch 72/300 | KLD Beta: 0.050000 ---
  TRAIN | Total Loss: 1.5566
          Seg: 0.3816 | Recon: 0.0260 | KLD: 0.0796
  VALID | Epoch Mean IoU (mIoU): 0.2016
    No improvement for 15 epochs.

--- Epoch 73/300 | KLD Beta: 0.050000 ---
  TRAIN | Total Loss: 1.5388
          Seg: 0.3765 | Recon: 0.0288 | KLD: 0.0787
  VALID | Epoch Mean IoU (mIoU): 0.3138
    No improvement for 16 epochs.

--- Epoch 74/300 | KLD Beta: 0.050000 ---
  TRAIN | Total Loss: 1.5940
          Seg: 0.3898 | Recon: 0.0309 | KLD: 0.0791
  VALID | Epoch Mean IoU (mIoU): 0.2881
    No improvement for 17 epochs.

--- Epoch 75/300 | KLD Beta: 0.050000 ---
  TRAIN | Total Loss: 1.5451
          Seg: 0.3774 | Recon: 0.0317 | KLD: 0.0789
  VALID | Epoch Mean IoU (mIoU): 0.2734
    No improvement for 18 epochs.

--- Epoch 76/300 | KLD Beta: 0.050000 ---
  TRAIN | Total Loss: 1.5956
          Seg: 0.3913 | Recon: 0.0263 | KLD: 0.0799
  VALID | Epoch Mean IoU (mIoU): 0.2540
    No improvement for 19 epochs.

--- Epoch 77/300 | KLD Beta: 0.050000 ---
  TRAIN | Total Loss: 1.5860
          Seg: 0.3873 | Recon: 0.0330 | KLD: 0.0786
  VALID | Epoch Mean IoU (mIoU): 0.2281
    No improvement for 20 epochs.

--- Epoch 78/300 | KLD Beta: 0.050000 ---
  TRAIN | Total Loss: 1.5876
          Seg: 0.3886 | Recon: 0.0292 | KLD: 0.0784
  VALID | Epoch Mean IoU (mIoU): 0.3477
    --> New best mIoU: 0.3477

--- Epoch 79/300 | KLD Beta: 0.050000 ---
  TRAIN | Total Loss: 1.5550
          Seg: 0.3808 | Recon: 0.0279 | KLD: 0.0779
  VALID | Epoch Mean IoU (mIoU): 0.2640
    No improvement for 1 epochs.

--- Epoch 80/300 | KLD Beta: 0.050000 ---
  TRAIN | Total Loss: 1.5604
          Seg: 0.3819 | Recon: 0.0289 | KLD: 0.0795
  VALID | Epoch Mean IoU (mIoU): 0.2413
    No improvement for 2 epochs.

--- Epoch 81/300 | KLD Beta: 0.050000 ---
  TRAIN | Total Loss: 1.5794
          Seg: 0.3846 | Recon: 0.0370 | KLD: 0.0782
  VALID | Epoch Mean IoU (mIoU): 0.3071
    No improvement for 3 epochs.

--- Epoch 82/300 | KLD Beta: 0.050000 ---
  TRAIN | Total Loss: 1.5447
          Seg: 0.3782 | Recon: 0.0279 | KLD: 0.0797
  VALID | Epoch Mean IoU (mIoU): 0.2699
    No improvement for 4 epochs.

--- Epoch 83/300 | KLD Beta: 0.050000 ---
  TRAIN | Total Loss: 1.5659
          Seg: 0.3832 | Recon: 0.0294 | KLD: 0.0782
  VALID | Epoch Mean IoU (mIoU): 0.3145
    No improvement for 5 epochs.

--- Epoch 84/300 | KLD Beta: 0.050000 ---
  TRAIN | Total Loss: 1.5855
          Seg: 0.3898 | Recon: 0.0223 | KLD: 0.0787
  VALID | Epoch Mean IoU (mIoU): 0.3064
    No improvement for 6 epochs.

--- Epoch 85/300 | KLD Beta: 0.050000 ---
  TRAIN | Total Loss: 1.5713
          Seg: 0.3852 | Recon: 0.0266 | KLD: 0.0798
  VALID | Epoch Mean IoU (mIoU): 0.3068
    No improvement for 7 epochs.

--- Epoch 86/300 | KLD Beta: 0.050000 ---
  TRAIN | Total Loss: 1.5938
          Seg: 0.3903 | Recon: 0.0287 | KLD: 0.0794
  VALID | Epoch Mean IoU (mIoU): 0.3300
    No improvement for 8 epochs.

--- Epoch 87/300 | KLD Beta: 0.050000 ---
  TRAIN | Total Loss: 1.5568
          Seg: 0.3812 | Recon: 0.0280 | KLD: 0.0781
  VALID | Epoch Mean IoU (mIoU): 0.3002
    No improvement for 9 epochs.

--- Epoch 88/300 | KLD Beta: 0.050000 ---
  TRAIN | Total Loss: 1.5546
          Seg: 0.3816 | Recon: 0.0242 | KLD: 0.0800
  VALID | Epoch Mean IoU (mIoU): 0.3125
    No improvement for 10 epochs.

--- Epoch 89/300 | KLD Beta: 0.050000 ---
  TRAIN | Total Loss: 1.5750
          Seg: 0.3851 | Recon: 0.0307 | KLD: 0.0780
  VALID | Epoch Mean IoU (mIoU): 0.3070
    No improvement for 11 epochs.

--- Epoch 90/300 | KLD Beta: 0.050000 ---
  TRAIN | Total Loss: 1.5049
          Seg: 0.3679 | Recon: 0.0292 | KLD: 0.0780
  VALID | Epoch Mean IoU (mIoU): 0.3024
    No improvement for 12 epochs.

--- Epoch 91/300 | KLD Beta: 0.050000 ---
  TRAIN | Total Loss: 1.6182
          Seg: 0.3940 | Recon: 0.0381 | KLD: 0.0782
  VALID | Epoch Mean IoU (mIoU): 0.3289
    No improvement for 13 epochs.

--- Epoch 92/300 | KLD Beta: 0.050000 ---
  TRAIN | Total Loss: 1.5747
          Seg: 0.3846 | Recon: 0.0322 | KLD: 0.0789
  VALID | Epoch Mean IoU (mIoU): 0.2963
    No improvement for 14 epochs.

--- Epoch 93/300 | KLD Beta: 0.050000 ---
  TRAIN | Total Loss: 1.5410
          Seg: 0.3768 | Recon: 0.0300 | KLD: 0.0771
  VALID | Epoch Mean IoU (mIoU): 0.2939
    No improvement for 15 epochs.

--- Epoch 94/300 | KLD Beta: 0.050000 ---
  TRAIN | Total Loss: 1.6030
          Seg: 0.3934 | Recon: 0.0254 | KLD: 0.0796
  VALID | Epoch Mean IoU (mIoU): 0.2355
    No improvement for 16 epochs.

--- Epoch 95/300 | KLD Beta: 0.050000 ---
  TRAIN | Total Loss: 1.5905
          Seg: 0.3898 | Recon: 0.0276 | KLD: 0.0779
  VALID | Epoch Mean IoU (mIoU): 0.3065
    No improvement for 17 epochs.

--- Epoch 96/300 | KLD Beta: 0.050000 ---
  TRAIN | Total Loss: 1.6000
          Seg: 0.3900 | Recon: 0.0360 | KLD: 0.0775
  VALID | Epoch Mean IoU (mIoU): 0.3407
    No improvement for 18 epochs.

--- Epoch 97/300 | KLD Beta: 0.050000 ---
  TRAIN | Total Loss: 1.5855
          Seg: 0.3878 | Recon: 0.0302 | KLD: 0.0786
  VALID | Epoch Mean IoU (mIoU): 0.3316
    No improvement for 19 epochs.

--- Epoch 98/300 | KLD Beta: 0.050000 ---
  TRAIN | Total Loss: 1.5926
          Seg: 0.3914 | Recon: 0.0232 | KLD: 0.0785
  VALID | Epoch Mean IoU (mIoU): 0.3169
    No improvement for 20 epochs.

--- Epoch 99/300 | KLD Beta: 0.050000 ---
  TRAIN | Total Loss: 1.5530
          Seg: 0.3802 | Recon: 0.0285 | KLD: 0.0774
  VALID | Epoch Mean IoU (mIoU): 0.2559
    No improvement for 21 epochs.

--- Epoch 100/300 | KLD Beta: 0.050000 ---
  TRAIN | Total Loss: 1.6151
          Seg: 0.3940 | Recon: 0.0353 | KLD: 0.0788
  VALID | Epoch Mean IoU (mIoU): 0.2464
    No improvement for 22 epochs.

--- Epoch 101/300 | KLD Beta: 0.050000 ---
  TRAIN | Total Loss: 1.5366
          Seg: 0.3747 | Recon: 0.0341 | KLD: 0.0790
  VALID | Epoch Mean IoU (mIoU): 0.2922
    No improvement for 23 epochs.

--- Epoch 102/300 | KLD Beta: 0.050000 ---
  TRAIN | Total Loss: 1.5552
          Seg: 0.3816 | Recon: 0.0249 | KLD: 0.0793
  VALID | Epoch Mean IoU (mIoU): 0.2908
    No improvement for 24 epochs.

--- Epoch 103/300 | KLD Beta: 0.050000 ---
  TRAIN | Total Loss: 1.5693
          Seg: 0.3812 | Recon: 0.0406 | KLD: 0.0778
  VALID | Epoch Mean IoU (mIoU): 0.2771
    No improvement for 25 epochs.

--- Epoch 104/300 | KLD Beta: 0.050000 ---
  TRAIN | Total Loss: 1.5493
          Seg: 0.3782 | Recon: 0.0326 | KLD: 0.0785
  VALID | Epoch Mean IoU (mIoU): 0.2548
    No improvement for 26 epochs.

--- Epoch 105/300 | KLD Beta: 0.050000 ---
  TRAIN | Total Loss: 1.5475
          Seg: 0.3779 | Recon: 0.0321 | KLD: 0.0786
  VALID | Epoch Mean IoU (mIoU): 0.2892
    No improvement for 27 epochs.

--- Epoch 106/300 | KLD Beta: 0.050000 ---
  TRAIN | Total Loss: 1.5682
          Seg: 0.3821 | Recon: 0.0361 | KLD: 0.0773
  VALID | Epoch Mean IoU (mIoU): 0.2549
    No improvement for 28 epochs.

--- Epoch 107/300 | KLD Beta: 0.050000 ---
  TRAIN | Total Loss: 1.5637
          Seg: 0.3832 | Recon: 0.0270 | KLD: 0.0780
  VALID | Epoch Mean IoU (mIoU): 0.3256
    No improvement for 29 epochs.

--- Epoch 108/300 | KLD Beta: 0.050000 ---
  TRAIN | Total Loss: 1.5603
          Seg: 0.3819 | Recon: 0.0289 | KLD: 0.0790
  VALID | Epoch Mean IoU (mIoU): 0.2749
    No improvement for 30 epochs.

--- Epoch 109/300 | KLD Beta: 0.050000 ---
  TRAIN | Total Loss: 1.5796
          Seg: 0.3858 | Recon: 0.0325 | KLD: 0.0782
  VALID | Epoch Mean IoU (mIoU): 0.2931
    No improvement for 31 epochs.

--- Epoch 110/300 | KLD Beta: 0.050000 ---
  TRAIN | Total Loss: 1.5711
          Seg: 0.3837 | Recon: 0.0324 | KLD: 0.0778
  VALID | Epoch Mean IoU (mIoU): 0.2838
    No improvement for 32 epochs.

--- Epoch 111/300 | KLD Beta: 0.050000 ---
  TRAIN | Total Loss: 1.5838
          Seg: 0.3881 | Recon: 0.0276 | KLD: 0.0790
  VALID | Epoch Mean IoU (mIoU): 0.2491
    No improvement for 33 epochs.

--- Epoch 112/300 | KLD Beta: 0.050000 ---
  TRAIN | Total Loss: 1.5290
          Seg: 0.3750 | Recon: 0.0249 | KLD: 0.0789
  VALID | Epoch Mean IoU (mIoU): 0.2787
    No improvement for 34 epochs.

--- Epoch 113/300 | KLD Beta: 0.050000 ---
  TRAIN | Total Loss: 1.5357
          Seg: 0.3751 | Recon: 0.0314 | KLD: 0.0774
  VALID | Epoch Mean IoU (mIoU): 0.2889
    No improvement for 35 epochs.

--- Epoch 114/300 | KLD Beta: 0.050000 ---
  TRAIN | Total Loss: 1.5704
          Seg: 0.3852 | Recon: 0.0258 | KLD: 0.0792
  VALID | Epoch Mean IoU (mIoU): 0.2724
    No improvement for 36 epochs.

--- Epoch 115/300 | KLD Beta: 0.050000 ---
  TRAIN | Total Loss: 1.5357
          Seg: 0.3763 | Recon: 0.0266 | KLD: 0.0784
  VALID | Epoch Mean IoU (mIoU): 0.2989
    No improvement for 37 epochs.

--- Epoch 116/300 | KLD Beta: 0.050000 ---
  TRAIN | Total Loss: 1.5629
          Seg: 0.3808 | Recon: 0.0359 | KLD: 0.0771
  VALID | Epoch Mean IoU (mIoU): 0.2213
    No improvement for 38 epochs.

--- Epoch 117/300 | KLD Beta: 0.050000 ---
  TRAIN | Total Loss: 1.5655
          Seg: 0.3824 | Recon: 0.0319 | KLD: 0.0789
  VALID | Epoch Mean IoU (mIoU): 0.2780
    No improvement for 39 epochs.

--- Epoch 118/300 | KLD Beta: 0.050000 ---
  TRAIN | Total Loss: 1.5487
          Seg: 0.3780 | Recon: 0.0329 | KLD: 0.0777
  VALID | Epoch Mean IoU (mIoU): 0.3045
    No improvement for 40 epochs.

--- Epoch 119/300 | KLD Beta: 0.050000 ---
  TRAIN | Total Loss: 1.5745
          Seg: 0.3862 | Recon: 0.0258 | KLD: 0.0794
  VALID | Epoch Mean IoU (mIoU): 0.2828
    No improvement for 41 epochs.

--- Epoch 120/300 | KLD Beta: 0.050000 ---
  TRAIN | Total Loss: 1.5740
          Seg: 0.3854 | Recon: 0.0283 | KLD: 0.0788
  VALID | Epoch Mean IoU (mIoU): 0.2935
    No improvement for 42 epochs.

--- Epoch 121/300 | KLD Beta: 0.050000 ---
  TRAIN | Total Loss: 1.6109
          Seg: 0.3951 | Recon: 0.0265 | KLD: 0.0777
  VALID | Epoch Mean IoU (mIoU): 0.2728
    No improvement for 43 epochs.

--- Epoch 122/300 | KLD Beta: 0.050000 ---
  TRAIN | Total Loss: 1.5367
          Seg: 0.3757 | Recon: 0.0301 | KLD: 0.0778
  VALID | Epoch Mean IoU (mIoU): 0.3003
    No improvement for 44 epochs.

--- Epoch 123/300 | KLD Beta: 0.050000 ---
  TRAIN | Total Loss: 1.5506
          Seg: 0.3790 | Recon: 0.0306 | KLD: 0.0785
  VALID | Epoch Mean IoU (mIoU): 0.2416
    No improvement for 45 epochs.

--- Epoch 124/300 | KLD Beta: 0.050000 ---
  TRAIN | Total Loss: 1.6060
          Seg: 0.3931 | Recon: 0.0297 | KLD: 0.0773
  VALID | Epoch Mean IoU (mIoU): 0.2672
    No improvement for 46 epochs.

--- Epoch 125/300 | KLD Beta: 0.050000 ---
  TRAIN | Total Loss: 1.5821
          Seg: 0.3859 | Recon: 0.0344 | KLD: 0.0779
  VALID | Epoch Mean IoU (mIoU): 0.3048
    No improvement for 47 epochs.

--- Epoch 126/300 | KLD Beta: 0.050000 ---
  TRAIN | Total Loss: 1.5687
          Seg: 0.3833 | Recon: 0.0317 | KLD: 0.0780
  VALID | Epoch Mean IoU (mIoU): 0.2514
    No improvement for 48 epochs.

--- Epoch 127/300 | KLD Beta: 0.050000 ---
  TRAIN | Total Loss: 1.5356
          Seg: 0.3755 | Recon: 0.0296 | KLD: 0.0785
  VALID | Epoch Mean IoU (mIoU): 0.3142
    No improvement for 49 epochs.

--- Epoch 128/300 | KLD Beta: 0.050000 ---
  TRAIN | Total Loss: 1.5648
          Seg: 0.3808 | Recon: 0.0376 | KLD: 0.0794
  VALID | Epoch Mean IoU (mIoU): 0.2240
    No improvement for 50 epochs.

--- Epoch 129/300 | KLD Beta: 0.050000 ---
  TRAIN | Total Loss: 1.5928
          Seg: 0.3892 | Recon: 0.0322 | KLD: 0.0784
  VALID | Epoch Mean IoU (mIoU): 0.2891
    No improvement for 51 epochs.

--- Epoch 130/300 | KLD Beta: 0.050000 ---
  TRAIN | Total Loss: 1.5812
          Seg: 0.3852 | Recon: 0.0366 | KLD: 0.0780
  VALID | Epoch Mean IoU (mIoU): 0.2628
    No improvement for 52 epochs.

--- Epoch 131/300 | KLD Beta: 0.050000 ---
  TRAIN | Total Loss: 1.5472
          Seg: 0.3777 | Recon: 0.0325 | KLD: 0.0782
  VALID | Epoch Mean IoU (mIoU): 0.3170
    No improvement for 53 epochs.

--- Epoch 132/300 | KLD Beta: 0.050000 ---
  TRAIN | Total Loss: 1.5805
          Seg: 0.3872 | Recon: 0.0277 | KLD: 0.0783
  VALID | Epoch Mean IoU (mIoU): 0.2991
    No improvement for 54 epochs.

--- Epoch 133/300 | KLD Beta: 0.050000 ---
  TRAIN | Total Loss: 1.5595
          Seg: 0.3813 | Recon: 0.0305 | KLD: 0.0796
  VALID | Epoch Mean IoU (mIoU): 0.3381
    No improvement for 55 epochs.

--- Epoch 134/300 | KLD Beta: 0.050000 ---
  TRAIN | Total Loss: 1.5387
          Seg: 0.3755 | Recon: 0.0330 | KLD: 0.0776
  VALID | Epoch Mean IoU (mIoU): 0.2339
    No improvement for 56 epochs.

--- Epoch 135/300 | KLD Beta: 0.050000 ---
  TRAIN | Total Loss: 1.5891
          Seg: 0.3891 | Recon: 0.0286 | KLD: 0.0782
  VALID | Epoch Mean IoU (mIoU): 0.2554
    No improvement for 57 epochs.

--- Epoch 136/300 | KLD Beta: 0.050000 ---
  TRAIN | Total Loss: 1.5666
          Seg: 0.3823 | Recon: 0.0335 | KLD: 0.0780
  VALID | Epoch Mean IoU (mIoU): 0.2521
    No improvement for 58 epochs.

--- Epoch 137/300 | KLD Beta: 0.050000 ---
  TRAIN | Total Loss: 1.5559
          Seg: 0.3808 | Recon: 0.0287 | KLD: 0.0794
  VALID | Epoch Mean IoU (mIoU): 0.3023
    No improvement for 59 epochs.

--- Epoch 138/300 | KLD Beta: 0.050000 ---
  TRAIN | Total Loss: 1.5474
          Seg: 0.3796 | Recon: 0.0251 | KLD: 0.0789
  VALID | Epoch Mean IoU (mIoU): 0.3323
    No improvement for 60 epochs.

--- Epoch 139/300 | KLD Beta: 0.050000 ---
  TRAIN | Total Loss: 1.5341
          Seg: 0.3761 | Recon: 0.0257 | KLD: 0.0788
  VALID | Epoch Mean IoU (mIoU): 0.3266
    No improvement for 61 epochs.

--- Epoch 140/300 | KLD Beta: 0.050000 ---
  TRAIN | Total Loss: 1.5834
          Seg: 0.3882 | Recon: 0.0266 | KLD: 0.0777
  VALID | Epoch Mean IoU (mIoU): 0.2783
    No improvement for 62 epochs.

--- Epoch 141/300 | KLD Beta: 0.050000 ---
  TRAIN | Total Loss: 1.5650
          Seg: 0.3812 | Recon: 0.0362 | KLD: 0.0783
  VALID | Epoch Mean IoU (mIoU): 0.3201
    No improvement for 63 epochs.

--- Epoch 142/300 | KLD Beta: 0.050000 ---
  TRAIN | Total Loss: 1.5813
          Seg: 0.3871 | Recon: 0.0289 | KLD: 0.0787
  VALID | Epoch Mean IoU (mIoU): 0.2876
    No improvement for 64 epochs.

--- Epoch 143/300 | KLD Beta: 0.050000 ---
  TRAIN | Total Loss: 1.5638
          Seg: 0.3829 | Recon: 0.0285 | KLD: 0.0775
  VALID | Epoch Mean IoU (mIoU): 0.3251
    No improvement for 65 epochs.

--- Epoch 144/300 | KLD Beta: 0.050000 ---
  TRAIN | Total Loss: 1.5548
          Seg: 0.3796 | Recon: 0.0323 | KLD: 0.0778
  VALID | Epoch Mean IoU (mIoU): 0.3035
    No improvement for 66 epochs.

--- Epoch 145/300 | KLD Beta: 0.050000 ---
  TRAIN | Total Loss: 1.5990
          Seg: 0.3893 | Recon: 0.0378 | KLD: 0.0796
  VALID | Epoch Mean IoU (mIoU): 0.2606
    No improvement for 67 epochs.

--- Epoch 146/300 | KLD Beta: 0.050000 ---
  TRAIN | Total Loss: 1.5744
          Seg: 0.3849 | Recon: 0.0309 | KLD: 0.0773
  VALID | Epoch Mean IoU (mIoU): 0.2255
    No improvement for 68 epochs.

--- Epoch 147/300 | KLD Beta: 0.050000 ---
  TRAIN | Total Loss: 1.5361
          Seg: 0.3761 | Recon: 0.0277 | KLD: 0.0777
  VALID | Epoch Mean IoU (mIoU): 0.2966
    No improvement for 69 epochs.

--- Epoch 148/300 | KLD Beta: 0.050000 ---
  TRAIN | Total Loss: 1.5534
          Seg: 0.3807 | Recon: 0.0267 | KLD: 0.0781
  VALID | Epoch Mean IoU (mIoU): 0.3449
    No improvement for 70 epochs.
--- Early stopping triggered after 148 epochs. ---
--- Training Finished ---
Job Finished.

------------------------------------------------------------
Sender: LSF System <lsfadmin@hpc.dtu.dk>
Subject: Job 27051688: <VAE_job> in cluster <dcc> Done

Job <VAE_job> was submitted from host <gbarlogin1> by user <s214776> in cluster <dcc> at Mon Nov 17 12:16:05 2025
Job was executed on host(s) <4*n-62-13-17>, in queue <gpul40s>, as user <s214776> in cluster <dcc> at Mon Nov 17 16:22:24 2025
</zhome/d2/4/167803> was used as the home directory.
</zhome/d2/4/167803/Desktop/Deep_project/02456-final-project> was used as the working directory.
Started at Mon Nov 17 16:22:24 2025
Terminated at Mon Nov 17 17:47:07 2025
Results reported at Mon Nov 17 17:47:07 2025

Your job looked like:

------------------------------------------------------------
# LSBATCH: User input
#!/bin/sh
### --- Job Name ---
#BSUB -J VAE_job

### --- Log files ---
#BSUB -o /zhome/d2/4/167803/Desktop/Deep_project/02456-final-project/logs/VAE_job_%J.out
#BSUB -e /zhome/d2/4/167803/Desktop/Deep_project/02456-final-project/logs/VAE_job_%J.err
### --- Resource Requests ---
#BSUB -q gpul40s           # Request GPU queue
#BSUB -gpu "num=1:mode=exclusive_process" # Request 1 GPU, all to myself
#BSUB -n 4                    # Request 4 CPU cores
#BSUB -R "rusage[mem=16GB]"   # Request 16GB memory
#BSUB -W 04:00                # 4 hour runtime limit

### --- Setup Environment ---
echo "Loading CUDA module..."
module load cuda/11.6         # Load CUDA module

echo "Loading Conda..."
# This is the full, correct path to your environment
source /zhome/d2/4/167803/miniforge3/bin/activate MBML
echo "Environment 'MBML' activated."

### --- Run Script ---
echo "Starting Python script..."
python /zhome/d2/4/167803/Desktop/Deep_project/02456-final-project/Model/VAE_test.py

echo "Job Finished."
------------------------------------------------------------

Successfully completed.

Resource usage summary:

    CPU time :                                   12686.00 sec.
    Max Memory :                                 1862 MB
    Average Memory :                             1611.85 MB
    Total Requested Memory :                     65536.00 MB
    Delta Memory :                               63674.00 MB
    Max Swap :                                   -
    Max Processes :                              4
    Max Threads :                                14
    Run time :                                   5083 sec.
    Turnaround time :                            19862 sec.

The output (if any) is above this job summary.



PS:

Read file </zhome/d2/4/167803/Desktop/Deep_project/02456-final-project/logs/VAE_job_27051688.err> for stderr output of this job.

